mode: set
github.com/convision/api/cmd/api/main.go:53.13,62.16 5 0
github.com/convision/api/cmd/api/main.go:62.16,64.3 1 0
github.com/convision/api/cmd/api/main.go:66.2,66.37 1 0
github.com/convision/api/cmd/api/main.go:66.37,67.54 1 0
github.com/convision/api/cmd/api/main.go:67.54,69.4 1 0
github.com/convision/api/cmd/api/main.go:70.3,70.70 1 0
github.com/convision/api/cmd/api/main.go:70.70,72.4 1 0
github.com/convision/api/cmd/api/main.go:73.3,73.74 1 0
github.com/convision/api/cmd/api/main.go:73.74,75.4 1 0
github.com/convision/api/cmd/api/main.go:76.3,76.81 1 0
github.com/convision/api/cmd/api/main.go:76.81,78.4 1 0
github.com/convision/api/cmd/api/main.go:79.3,79.76 1 0
github.com/convision/api/cmd/api/main.go:79.76,81.4 1 0
github.com/convision/api/cmd/api/main.go:82.3,82.81 1 0
github.com/convision/api/cmd/api/main.go:82.81,84.4 1 0
github.com/convision/api/cmd/api/main.go:85.8,85.43 1 0
github.com/convision/api/cmd/api/main.go:85.43,86.74 1 0
github.com/convision/api/cmd/api/main.go:86.74,88.4 1 0
github.com/convision/api/cmd/api/main.go:92.2,93.47 2 0
github.com/convision/api/cmd/api/main.go:93.47,95.3 1 0
github.com/convision/api/cmd/api/main.go:96.2,180.80 58 0
github.com/convision/api/cmd/api/main.go:180.80,182.3 1 0
github.com/convision/api/cmd/api/main.go:185.2,216.71 29 0
github.com/convision/api/cmd/api/main.go:216.71,218.3 1 0
github.com/convision/api/cmd/api/main.go:219.2,227.33 4 0
github.com/convision/api/cmd/api/main.go:227.33,227.96 1 0
github.com/convision/api/cmd/api/main.go:229.2,232.37 2 0
github.com/convision/api/cmd/api/main.go:232.37,234.3 1 0
github.com/convision/api/cmd/api/main.go:236.2,242.45 5 0
github.com/convision/api/cmd/api/main.go:242.45,244.3 1 0
github.com/convision/api/cmd/api/main.go:247.2,248.22 2 0
github.com/convision/api/cmd/api/main.go:248.22,250.3 1 0
github.com/convision/api/cmd/api/main.go:251.2,251.54 1 0
github.com/convision/api/cmd/api/main.go:251.54,253.3 1 0
github.com/convision/api/cmd/api/main.go:254.2,263.16 6 0
github.com/convision/api/cmd/api/main.go:263.16,265.3 1 0
github.com/convision/api/cmd/api/main.go:267.2,277.76 3 0
github.com/convision/api/cmd/api/main.go:277.76,279.3 1 0
github.com/convision/api/cmd/api/main.go:282.32,284.39 2 0
github.com/convision/api/cmd/api/main.go:284.39,286.3 1 0
github.com/convision/api/cmd/api/main.go:288.2,310.16 3 0
github.com/convision/api/cmd/api/main.go:310.16,311.55 1 0
github.com/convision/api/cmd/api/main.go:313.2,313.15 1 0
github.com/convision/api/cmd/api/main.go:316.39,323.30 3 0
github.com/convision/api/cmd/api/main.go:323.30,326.74 3 0
github.com/convision/api/cmd/api/main.go:326.74,327.48 1 0
github.com/convision/api/cmd/api/main.go:327.48,328.39 1 0
github.com/convision/api/cmd/api/main.go:328.39,330.11 2 0
github.com/convision/api/cmd/api/main.go:334.3,334.14 1 0
github.com/convision/api/cmd/api/main.go:334.14,339.28 5 0
github.com/convision/api/cmd/api/main.go:339.28,341.5 1 0
github.com/convision/api/cmd/api/main.go:341.10,343.5 1 0
github.com/convision/api/cmd/api/main.go:344.4,344.47 1 0
github.com/convision/api/cmd/api/main.go:346.3,346.45 1 0
github.com/convision/api/cmd/api/main.go:346.45,349.4 2 0
github.com/convision/api/cmd/api/main.go:350.3,350.11 1 0
github.com/convision/api/cmd/api/main.go:354.42,357.2 2 0
github.com/convision/api/cmd/migrate/main.go:45.13,57.20 9 0
github.com/convision/api/cmd/migrate/main.go:57.20,60.3 2 0
github.com/convision/api/cmd/migrate/main.go:62.2,64.16 3 0
github.com/convision/api/cmd/migrate/main.go:64.16,66.3 1 0
github.com/convision/api/cmd/migrate/main.go:67.2,69.34 2 0
github.com/convision/api/cmd/migrate/main.go:69.34,71.3 1 0
github.com/convision/api/cmd/migrate/main.go:73.2,74.15 2 0
github.com/convision/api/cmd/migrate/main.go:74.15,76.3 1 0
github.com/convision/api/cmd/migrate/main.go:78.2,78.15 1 0
github.com/convision/api/cmd/migrate/main.go:78.15,79.24 1 0
github.com/convision/api/cmd/migrate/main.go:79.24,81.4 1 0
github.com/convision/api/cmd/migrate/main.go:81.9,83.4 1 0
github.com/convision/api/cmd/migrate/main.go:84.3,84.9 1 0
github.com/convision/api/cmd/migrate/main.go:88.2,91.14 3 0
github.com/convision/api/cmd/migrate/main.go:91.14,93.29 2 0
github.com/convision/api/cmd/migrate/main.go:93.29,97.4 3 0
github.com/convision/api/cmd/migrate/main.go:98.3,98.9 1 0
github.com/convision/api/cmd/migrate/main.go:101.2,101.23 1 0
github.com/convision/api/cmd/migrate/main.go:101.23,105.3 3 0
github.com/convision/api/cmd/migrate/main.go:112.100,120.26 6 0
github.com/convision/api/cmd/migrate/main.go:120.26,123.44 2 0
github.com/convision/api/cmd/migrate/main.go:123.44,124.12 1 0
github.com/convision/api/cmd/migrate/main.go:126.3,126.47 1 0
github.com/convision/api/cmd/migrate/main.go:126.47,127.12 1 0
github.com/convision/api/cmd/migrate/main.go:129.3,129.34 1 0
github.com/convision/api/cmd/migrate/main.go:129.34,130.9 1 0
github.com/convision/api/cmd/migrate/main.go:133.3,134.17 2 0
github.com/convision/api/cmd/migrate/main.go:134.17,136.4 1 0
github.com/convision/api/cmd/migrate/main.go:138.3,139.17 2 0
github.com/convision/api/cmd/migrate/main.go:139.17,141.4 1 0
github.com/convision/api/cmd/migrate/main.go:143.3,143.91 1 0
github.com/convision/api/cmd/migrate/main.go:143.91,146.4 2 0
github.com/convision/api/cmd/migrate/main.go:148.3,148.53 1 0
github.com/convision/api/cmd/migrate/main.go:148.53,151.4 2 0
github.com/convision/api/cmd/migrate/main.go:153.3,153.24 1 0
github.com/convision/api/cmd/migrate/main.go:153.24,157.18 1 0
github.com/convision/api/cmd/migrate/main.go:157.18,160.5 2 0
github.com/convision/api/cmd/migrate/main.go:161.9,165.18 1 0
github.com/convision/api/cmd/migrate/main.go:165.18,168.5 2 0
github.com/convision/api/cmd/migrate/main.go:171.3,171.37 1 0
github.com/convision/api/cmd/migrate/main.go:171.37,173.4 1 0
github.com/convision/api/cmd/migrate/main.go:175.3,176.10 2 0
github.com/convision/api/cmd/migrate/main.go:179.2,179.16 1 0
github.com/convision/api/cmd/migrate/main.go:179.16,181.3 1 0
github.com/convision/api/cmd/migrate/main.go:188.46,190.16 2 0
github.com/convision/api/cmd/migrate/main.go:190.16,192.3 1 0
github.com/convision/api/cmd/migrate/main.go:195.55,202.38 2 0
github.com/convision/api/cmd/migrate/main.go:202.38,204.3 1 0
github.com/convision/api/cmd/migrate/main.go:207.67,209.16 2 0
github.com/convision/api/cmd/migrate/main.go:209.16,211.3 1 0
github.com/convision/api/cmd/migrate/main.go:212.2,215.18 3 0
github.com/convision/api/cmd/migrate/main.go:215.18,219.3 3 0
github.com/convision/api/cmd/migrate/main.go:220.2,220.15 1 0
github.com/convision/api/cmd/migrate/main.go:223.65,225.16 2 0
github.com/convision/api/cmd/migrate/main.go:225.16,227.3 1 0
github.com/convision/api/cmd/migrate/main.go:229.2,230.25 2 0
github.com/convision/api/cmd/migrate/main.go:230.25,232.3 1 0
github.com/convision/api/cmd/migrate/main.go:234.2,235.28 2 0
github.com/convision/api/cmd/migrate/main.go:235.28,236.56 1 0
github.com/convision/api/cmd/migrate/main.go:236.56,238.4 1 0
github.com/convision/api/cmd/migrate/main.go:241.2,241.40 1 0
github.com/convision/api/cmd/migrate/main.go:241.40,242.26 1 0
github.com/convision/api/cmd/migrate/main.go:242.26,244.4 1 0
github.com/convision/api/cmd/migrate/main.go:245.3,245.59 1 0
github.com/convision/api/cmd/migrate/main.go:247.2,247.14 1 0
github.com/convision/api/cmd/migrate/main.go:252.57,254.14 2 0
github.com/convision/api/cmd/migrate/main.go:254.14,256.3 1 0
github.com/convision/api/cmd/migrate/main.go:257.2,257.19 1 0
github.com/convision/api/cmd/migrate/main.go:260.45,262.16 2 0
github.com/convision/api/cmd/migrate/main.go:262.16,264.3 1 0
github.com/convision/api/cmd/migrate/main.go:265.2,267.18 3 0
github.com/convision/api/cmd/migrate/main.go:267.18,271.3 3 0
github.com/convision/api/cmd/migrate/main.go:272.2,272.16 1 0
github.com/convision/api/cmd/migrate/main.go:275.72,281.26 6 0
github.com/convision/api/cmd/migrate/main.go:281.26,284.17 3 0
github.com/convision/api/cmd/migrate/main.go:284.17,286.4 1 0
github.com/convision/api/cmd/migrate/main.go:287.3,287.52 1 0
github.com/convision/api/cmd/migrate/main.go:289.2,289.15 1 0
github.com/convision/api/cmd/migrate/main.go:292.60,294.19 2 0
github.com/convision/api/cmd/migrate/main.go:294.19,296.3 1 0
github.com/convision/api/cmd/migrate/main.go:297.2,302.28 4 0
github.com/convision/api/cmd/migrate/main.go:302.28,303.66 1 0
github.com/convision/api/cmd/migrate/main.go:303.66,304.62 1 0
github.com/convision/api/cmd/migrate/main.go:304.62,306.5 1 0
github.com/convision/api/cmd/migrate/main.go:309.2,313.45 4 0
github.com/convision/api/cmd/migrate/main.go:313.45,316.68 3 0
github.com/convision/api/cmd/migrate/main.go:316.68,318.4 1 0
github.com/convision/api/cmd/migrate/main.go:319.3,319.37 1 0
github.com/convision/api/cmd/migrate/main.go:324.34,326.71 1 0
github.com/convision/api/cmd/migrate/main.go:326.71,328.3 1 0
github.com/convision/api/cmd/migrate/main.go:329.2,329.25 1 0
github.com/convision/api/cmd/migrate/main.go:332.28,334.2 1 0
github.com/convision/api/cmd/migrate/main.go:336.24,344.2 7 0
github.com/convision/api/cmd/migrate/main.go:346.42,347.34 1 0
github.com/convision/api/cmd/migrate/main.go:347.34,349.3 1 0
github.com/convision/api/cmd/migrate/main.go:350.2,350.17 1 0
github.com/convision/api/cmd/migrate/main.go:353.28,354.50 1 0
github.com/convision/api/cmd/migrate/main.go:354.50,356.3 1 0
github.com/convision/api/internal/bulkimport/importer_doctors.go:21.81,23.2 1 0
github.com/convision/api/internal/bulkimport/importer_doctors.go:25.45,25.75 1 0
github.com/convision/api/internal/bulkimport/importer_doctors.go:27.99,31.26 3 0
github.com/convision/api/internal/bulkimport/importer_doctors.go:31.26,35.3 3 0
github.com/convision/api/internal/bulkimport/importer_doctors.go:37.2,38.21 2 0
github.com/convision/api/internal/bulkimport/importer_doctors.go:38.21,42.3 3 0
github.com/convision/api/internal/bulkimport/importer_doctors.go:44.2,45.17 2 0
github.com/convision/api/internal/bulkimport/importer_doctors.go:45.17,49.3 3 0
github.com/convision/api/internal/bulkimport/importer_doctors.go:51.2,51.56 1 0
github.com/convision/api/internal/bulkimport/importer_doctors.go:51.56,55.3 3 0
github.com/convision/api/internal/bulkimport/importer_doctors.go:57.2,59.20 3 0
github.com/convision/api/internal/bulkimport/importer_doctors.go:59.20,61.3 1 0
github.com/convision/api/internal/bulkimport/importer_doctors.go:63.2,74.45 2 0
github.com/convision/api/internal/bulkimport/importer_doctors.go:74.45,83.3 4 0
github.com/convision/api/internal/bulkimport/importer_doctors.go:85.2,86.12 2 0
github.com/convision/api/internal/bulkimport/importer_inventory.go:40.12,49.2 1 0
github.com/convision/api/internal/bulkimport/importer_inventory.go:51.48,51.81 1 0
github.com/convision/api/internal/bulkimport/importer_inventory.go:56.102,58.2 1 0
github.com/convision/api/internal/bulkimport/importer_inventory.go:62.47,69.2 1 0
github.com/convision/api/internal/bulkimport/importer_inventory.go:74.97,85.30 4 0
github.com/convision/api/internal/bulkimport/importer_inventory.go:85.30,86.58 1 0
github.com/convision/api/internal/bulkimport/importer_inventory.go:86.58,88.4 1 0
github.com/convision/api/internal/bulkimport/importer_inventory.go:89.3,89.51 1 0
github.com/convision/api/internal/bulkimport/importer_inventory.go:89.51,90.64 1 0
github.com/convision/api/internal/bulkimport/importer_inventory.go:90.64,92.5 1 0
github.com/convision/api/internal/bulkimport/importer_inventory.go:97.2,97.25 1 0
github.com/convision/api/internal/bulkimport/importer_inventory.go:97.25,99.29 2 0
github.com/convision/api/internal/bulkimport/importer_inventory.go:99.29,101.4 1 0
github.com/convision/api/internal/bulkimport/importer_inventory.go:102.3,104.27 3 0
github.com/convision/api/internal/bulkimport/importer_inventory.go:104.27,107.4 2 0
github.com/convision/api/internal/bulkimport/importer_inventory.go:108.3,111.4 1 0
github.com/convision/api/internal/bulkimport/importer_inventory.go:115.2,115.24 1 0
github.com/convision/api/internal/bulkimport/importer_inventory.go:115.24,117.29 2 0
github.com/convision/api/internal/bulkimport/importer_inventory.go:117.29,119.4 1 0
github.com/convision/api/internal/bulkimport/importer_inventory.go:120.3,122.31 3 0
github.com/convision/api/internal/bulkimport/importer_inventory.go:122.31,124.4 1 0
github.com/convision/api/internal/bulkimport/importer_inventory.go:125.3,128.4 1 0
github.com/convision/api/internal/bulkimport/importer_inventory.go:131.2,131.17 1 0
github.com/convision/api/internal/bulkimport/importer_inventory.go:151.49,151.89 1 0
github.com/convision/api/internal/bulkimport/importer_inventory.go:157.56,159.33 2 0
github.com/convision/api/internal/bulkimport/importer_inventory.go:159.33,161.3 1 0
github.com/convision/api/internal/bulkimport/importer_inventory.go:162.2,163.37 2 0
github.com/convision/api/internal/bulkimport/importer_inventory.go:163.37,165.3 1 0
github.com/convision/api/internal/bulkimport/importer_inventory.go:166.2,167.35 2 0
github.com/convision/api/internal/bulkimport/importer_inventory.go:167.35,169.3 1 0
github.com/convision/api/internal/bulkimport/importer_inventory.go:170.2,175.3 1 0
github.com/convision/api/internal/bulkimport/importer_inventory.go:178.103,182.24 3 0
github.com/convision/api/internal/bulkimport/importer_inventory.go:182.24,186.3 3 0
github.com/convision/api/internal/bulkimport/importer_inventory.go:188.2,190.38 3 0
github.com/convision/api/internal/bulkimport/importer_inventory.go:190.38,194.3 3 0
github.com/convision/api/internal/bulkimport/importer_inventory.go:195.2,199.34 4 0
github.com/convision/api/internal/bulkimport/importer_inventory.go:199.34,203.3 3 0
github.com/convision/api/internal/bulkimport/importer_inventory.go:204.2,207.23 3 0
github.com/convision/api/internal/bulkimport/importer_inventory.go:207.23,209.3 1 0
github.com/convision/api/internal/bulkimport/importer_inventory.go:210.2,214.78 4 0
github.com/convision/api/internal/bulkimport/importer_inventory.go:214.78,216.3 1 0
github.com/convision/api/internal/bulkimport/importer_inventory.go:217.2,217.79 1 0
github.com/convision/api/internal/bulkimport/importer_inventory.go:217.79,219.3 1 0
github.com/convision/api/internal/bulkimport/importer_inventory.go:221.2,227.16 6 0
github.com/convision/api/internal/bulkimport/importer_inventory.go:227.16,231.3 3 0
github.com/convision/api/internal/bulkimport/importer_inventory.go:233.2,234.16 2 0
github.com/convision/api/internal/bulkimport/importer_inventory.go:234.16,238.3 3 0
github.com/convision/api/internal/bulkimport/importer_inventory.go:240.2,241.16 2 0
github.com/convision/api/internal/bulkimport/importer_inventory.go:241.16,245.3 3 0
github.com/convision/api/internal/bulkimport/importer_inventory.go:247.2,247.35 1 0
github.com/convision/api/internal/bulkimport/importer_inventory.go:247.35,249.3 1 0
github.com/convision/api/internal/bulkimport/importer_inventory.go:249.8,251.3 1 0
github.com/convision/api/internal/bulkimport/importer_inventory.go:252.2,252.12 1 0
github.com/convision/api/internal/bulkimport/importer_inventory.go:255.74,256.31 1 0
github.com/convision/api/internal/bulkimport/importer_inventory.go:256.31,258.3 1 0
github.com/convision/api/internal/bulkimport/importer_inventory.go:259.2,259.36 1 0
github.com/convision/api/internal/bulkimport/importer_inventory.go:268.34,269.47 1 0
github.com/convision/api/internal/bulkimport/importer_inventory.go:269.47,271.3 1 0
github.com/convision/api/internal/bulkimport/importer_inventory.go:273.2,278.37 2 0
github.com/convision/api/internal/bulkimport/importer_inventory.go:278.37,281.3 2 0
github.com/convision/api/internal/bulkimport/importer_inventory.go:283.2,294.44 3 0
github.com/convision/api/internal/bulkimport/importer_inventory.go:294.44,299.3 1 0
github.com/convision/api/internal/bulkimport/importer_inventory.go:300.2,300.52 1 0
github.com/convision/api/internal/bulkimport/importer_inventory.go:300.52,302.3 1 0
github.com/convision/api/internal/bulkimport/importer_inventory.go:303.2,308.21 2 0
github.com/convision/api/internal/bulkimport/importer_inventory.go:315.122,316.45 1 0
github.com/convision/api/internal/bulkimport/importer_inventory.go:316.45,318.3 1 0
github.com/convision/api/internal/bulkimport/importer_inventory.go:320.2,326.39 3 0
github.com/convision/api/internal/bulkimport/importer_inventory.go:326.39,329.3 2 0
github.com/convision/api/internal/bulkimport/importer_inventory.go:331.2,343.66 4 0
github.com/convision/api/internal/bulkimport/importer_inventory.go:343.66,346.35 3 0
github.com/convision/api/internal/bulkimport/importer_inventory.go:346.35,353.43 3 0
github.com/convision/api/internal/bulkimport/importer_inventory.go:353.43,356.5 2 0
github.com/convision/api/internal/bulkimport/importer_inventory.go:358.3,358.79 1 0
github.com/convision/api/internal/bulkimport/importer_inventory.go:360.2,368.15 3 0
github.com/convision/api/internal/bulkimport/importer_inventory.go:371.142,381.16 5 0
github.com/convision/api/internal/bulkimport/importer_inventory.go:381.16,383.3 1 0
github.com/convision/api/internal/bulkimport/importer_inventory.go:385.2,387.20 2 0
github.com/convision/api/internal/bulkimport/importer_inventory.go:387.20,391.57 4 0
github.com/convision/api/internal/bulkimport/importer_inventory.go:391.57,393.4 1 0
github.com/convision/api/internal/bulkimport/importer_inventory.go:394.3,404.61 2 0
github.com/convision/api/internal/bulkimport/importer_inventory.go:404.61,407.4 1 0
github.com/convision/api/internal/bulkimport/importer_inventory.go:408.3,408.20 1 0
github.com/convision/api/internal/bulkimport/importer_inventory.go:411.2,419.52 2 0
github.com/convision/api/internal/bulkimport/importer_inventory.go:419.52,421.3 1 0
github.com/convision/api/internal/bulkimport/importer_inventory.go:422.2,432.60 2 0
github.com/convision/api/internal/bulkimport/importer_inventory.go:432.60,435.3 1 0
github.com/convision/api/internal/bulkimport/importer_inventory.go:436.2,436.18 1 0
github.com/convision/api/internal/bulkimport/importer_inventory.go:443.95,444.16 1 0
github.com/convision/api/internal/bulkimport/importer_inventory.go:444.16,446.3 1 0
github.com/convision/api/internal/bulkimport/importer_inventory.go:447.2,447.38 1 0
github.com/convision/api/internal/bulkimport/importer_inventory.go:447.38,449.3 1 0
github.com/convision/api/internal/bulkimport/importer_inventory.go:451.2,452.16 2 0
github.com/convision/api/internal/bulkimport/importer_inventory.go:452.16,456.3 3 0
github.com/convision/api/internal/bulkimport/importer_inventory.go:458.2,461.69 4 0
github.com/convision/api/internal/bulkimport/importer_inventory.go:461.69,464.35 3 0
github.com/convision/api/internal/bulkimport/importer_inventory.go:464.35,465.64 1 0
github.com/convision/api/internal/bulkimport/importer_inventory.go:465.64,469.5 3 0
github.com/convision/api/internal/bulkimport/importer_inventory.go:471.3,473.13 2 0
github.com/convision/api/internal/bulkimport/importer_inventory.go:475.2,481.21 2 0
github.com/convision/api/internal/bulkimport/importer_inventory.go:486.40,487.16 1 0
github.com/convision/api/internal/bulkimport/importer_inventory.go:487.16,489.3 1 0
github.com/convision/api/internal/bulkimport/importer_inventory.go:490.2,491.81 2 0
github.com/convision/api/internal/bulkimport/importer_lenses.go:43.12,55.2 1 0
github.com/convision/api/internal/bulkimport/importer_lenses.go:57.43,57.71 1 0
github.com/convision/api/internal/bulkimport/importer_lenses.go:59.97,63.24 3 0
github.com/convision/api/internal/bulkimport/importer_lenses.go:63.24,67.3 3 0
github.com/convision/api/internal/bulkimport/importer_lenses.go:70.2,75.37 2 0
github.com/convision/api/internal/bulkimport/importer_lenses.go:75.37,79.3 3 0
github.com/convision/api/internal/bulkimport/importer_lenses.go:81.2,82.20 2 0
github.com/convision/api/internal/bulkimport/importer_lenses.go:82.20,86.3 3 0
github.com/convision/api/internal/bulkimport/importer_lenses.go:87.2,88.16 2 0
github.com/convision/api/internal/bulkimport/importer_lenses.go:88.16,92.3 3 0
github.com/convision/api/internal/bulkimport/importer_lenses.go:94.2,104.64 2 0
github.com/convision/api/internal/bulkimport/importer_lenses.go:104.64,105.51 1 0
github.com/convision/api/internal/bulkimport/importer_lenses.go:105.51,107.4 1 0
github.com/convision/api/internal/bulkimport/importer_lenses.go:110.2,127.52 9 0
github.com/convision/api/internal/bulkimport/importer_lenses.go:127.52,136.3 4 0
github.com/convision/api/internal/bulkimport/importer_lenses.go:138.2,139.12 2 0
github.com/convision/api/internal/bulkimport/importer_lenses.go:142.92,143.16 1 0
github.com/convision/api/internal/bulkimport/importer_lenses.go:143.16,145.3 1 0
github.com/convision/api/internal/bulkimport/importer_lenses.go:146.2,147.16 2 0
github.com/convision/api/internal/bulkimport/importer_lenses.go:147.16,150.3 2 0
github.com/convision/api/internal/bulkimport/importer_lenses.go:151.2,152.60 2 0
github.com/convision/api/internal/bulkimport/importer_lenses.go:152.60,156.3 2 0
github.com/convision/api/internal/bulkimport/importer_lenses.go:157.2,158.12 2 0
github.com/convision/api/internal/bulkimport/importer_lenses.go:161.89,162.16 1 0
github.com/convision/api/internal/bulkimport/importer_lenses.go:162.16,164.3 1 0
github.com/convision/api/internal/bulkimport/importer_lenses.go:165.2,166.16 2 0
github.com/convision/api/internal/bulkimport/importer_lenses.go:166.16,169.3 2 0
github.com/convision/api/internal/bulkimport/importer_lenses.go:170.2,171.57 2 0
github.com/convision/api/internal/bulkimport/importer_lenses.go:171.57,175.3 2 0
github.com/convision/api/internal/bulkimport/importer_lenses.go:176.2,177.12 2 0
github.com/convision/api/internal/bulkimport/importer_lenses.go:180.92,181.16 1 0
github.com/convision/api/internal/bulkimport/importer_lenses.go:181.16,183.3 1 0
github.com/convision/api/internal/bulkimport/importer_lenses.go:184.2,185.16 2 0
github.com/convision/api/internal/bulkimport/importer_lenses.go:185.16,188.3 2 0
github.com/convision/api/internal/bulkimport/importer_lenses.go:189.2,190.60 2 0
github.com/convision/api/internal/bulkimport/importer_lenses.go:190.60,194.3 2 0
github.com/convision/api/internal/bulkimport/importer_lenses.go:195.2,196.12 2 0
github.com/convision/api/internal/bulkimport/importer_lenses.go:199.93,200.16 1 0
github.com/convision/api/internal/bulkimport/importer_lenses.go:200.16,202.3 1 0
github.com/convision/api/internal/bulkimport/importer_lenses.go:203.2,204.16 2 0
github.com/convision/api/internal/bulkimport/importer_lenses.go:204.16,207.3 2 0
github.com/convision/api/internal/bulkimport/importer_lenses.go:208.2,209.61 2 0
github.com/convision/api/internal/bulkimport/importer_lenses.go:209.61,213.3 2 0
github.com/convision/api/internal/bulkimport/importer_lenses.go:214.2,215.12 2 0
github.com/convision/api/internal/bulkimport/importer_lenses.go:218.93,219.16 1 0
github.com/convision/api/internal/bulkimport/importer_lenses.go:219.16,221.3 1 0
github.com/convision/api/internal/bulkimport/importer_lenses.go:222.2,223.16 2 0
github.com/convision/api/internal/bulkimport/importer_lenses.go:223.16,226.3 2 0
github.com/convision/api/internal/bulkimport/importer_lenses.go:227.2,228.61 2 0
github.com/convision/api/internal/bulkimport/importer_lenses.go:228.61,232.3 2 0
github.com/convision/api/internal/bulkimport/importer_lenses.go:233.2,234.12 2 0
github.com/convision/api/internal/bulkimport/importer_lenses.go:237.96,238.16 1 0
github.com/convision/api/internal/bulkimport/importer_lenses.go:238.16,240.3 1 0
github.com/convision/api/internal/bulkimport/importer_lenses.go:241.2,242.16 2 0
github.com/convision/api/internal/bulkimport/importer_lenses.go:242.16,245.3 2 0
github.com/convision/api/internal/bulkimport/importer_lenses.go:246.2,247.64 2 0
github.com/convision/api/internal/bulkimport/importer_lenses.go:247.64,251.3 2 0
github.com/convision/api/internal/bulkimport/importer_lenses.go:252.2,253.12 2 0
github.com/convision/api/internal/bulkimport/importer_lenses.go:256.92,257.16 1 0
github.com/convision/api/internal/bulkimport/importer_lenses.go:257.16,259.3 1 0
github.com/convision/api/internal/bulkimport/importer_lenses.go:260.2,264.38 2 0
github.com/convision/api/internal/bulkimport/importer_lenses.go:264.38,267.3 2 0
github.com/convision/api/internal/bulkimport/importer_lenses.go:268.2,269.60 2 0
github.com/convision/api/internal/bulkimport/importer_lenses.go:269.60,273.3 2 0
github.com/convision/api/internal/bulkimport/importer_lenses.go:274.2,275.12 2 0
github.com/convision/api/internal/bulkimport/importer_lenses.go:280.44,284.2 3 0
github.com/convision/api/internal/bulkimport/importer_patients.go:21.85,23.2 1 0
github.com/convision/api/internal/bulkimport/importer_patients.go:25.46,25.77 1 0
github.com/convision/api/internal/bulkimport/importer_patients.go:27.100,31.26 3 0
github.com/convision/api/internal/bulkimport/importer_patients.go:31.26,35.3 3 0
github.com/convision/api/internal/bulkimport/importer_patients.go:37.2,38.20 2 0
github.com/convision/api/internal/bulkimport/importer_patients.go:38.20,42.3 3 0
github.com/convision/api/internal/bulkimport/importer_patients.go:44.2,44.74 1 0
github.com/convision/api/internal/bulkimport/importer_patients.go:44.74,48.3 3 0
github.com/convision/api/internal/bulkimport/importer_patients.go:50.2,60.66 3 0
github.com/convision/api/internal/bulkimport/importer_patients.go:60.66,61.36 1 0
github.com/convision/api/internal/bulkimport/importer_patients.go:61.36,63.4 1 0
github.com/convision/api/internal/bulkimport/importer_patients.go:66.2,66.45 1 0
github.com/convision/api/internal/bulkimport/importer_patients.go:66.45,75.3 4 0
github.com/convision/api/internal/bulkimport/importer_patients.go:77.2,78.12 2 0
github.com/convision/api/internal/bulkimport/importer_scheduled_appointments.go:32.12,39.2 1 0
github.com/convision/api/internal/bulkimport/importer_scheduled_appointments.go:41.60,41.99 1 0
github.com/convision/api/internal/bulkimport/importer_scheduled_appointments.go:43.114,47.28 3 0
github.com/convision/api/internal/bulkimport/importer_scheduled_appointments.go:47.28,51.3 3 0
github.com/convision/api/internal/bulkimport/importer_scheduled_appointments.go:53.2,54.26 2 0
github.com/convision/api/internal/bulkimport/importer_scheduled_appointments.go:54.26,58.3 3 0
github.com/convision/api/internal/bulkimport/importer_scheduled_appointments.go:60.2,61.16 2 0
github.com/convision/api/internal/bulkimport/importer_scheduled_appointments.go:61.16,65.3 3 0
github.com/convision/api/internal/bulkimport/importer_scheduled_appointments.go:67.2,71.26 4 0
github.com/convision/api/internal/bulkimport/importer_scheduled_appointments.go:71.26,75.3 3 0
github.com/convision/api/internal/bulkimport/importer_scheduled_appointments.go:77.2,85.59 2 0
github.com/convision/api/internal/bulkimport/importer_scheduled_appointments.go:85.59,94.3 4 0
github.com/convision/api/internal/bulkimport/importer_scheduled_appointments.go:96.2,97.12 2 0
github.com/convision/api/internal/bulkimport/importer_scheduled_appointments.go:100.158,101.81 1 0
github.com/convision/api/internal/bulkimport/importer_scheduled_appointments.go:101.81,103.3 1 0
github.com/convision/api/internal/bulkimport/importer_scheduled_appointments.go:105.2,115.66 3 0
github.com/convision/api/internal/bulkimport/importer_scheduled_appointments.go:115.66,116.36 1 0
github.com/convision/api/internal/bulkimport/importer_scheduled_appointments.go:116.36,118.4 1 0
github.com/convision/api/internal/bulkimport/importer_scheduled_appointments.go:121.2,121.52 1 0
github.com/convision/api/internal/bulkimport/importer_scheduled_appointments.go:121.52,123.3 1 0
github.com/convision/api/internal/bulkimport/importer_scheduled_appointments.go:124.2,124.15 1 0
github.com/convision/api/internal/bulkimport/importer_scheduled_appointments.go:129.38,131.2 1 0
github.com/convision/api/internal/bulkimport/importer_scheduled_appointments.go:133.119,136.29 2 0
github.com/convision/api/internal/bulkimport/importer_scheduled_appointments.go:136.29,138.3 1 0
github.com/convision/api/internal/bulkimport/importer_scheduled_appointments.go:139.2,141.16 3 0
github.com/convision/api/internal/bulkimport/importer_scheduled_appointments.go:141.16,145.3 2 0
github.com/convision/api/internal/bulkimport/importer_scheduled_appointments.go:146.2,147.12 2 0
github.com/convision/api/internal/bulkimport/importer_scheduled_appointments.go:150.121,152.15 2 0
github.com/convision/api/internal/bulkimport/importer_scheduled_appointments.go:152.15,154.3 1 0
github.com/convision/api/internal/bulkimport/importer_scheduled_appointments.go:155.2,157.16 3 0
github.com/convision/api/internal/bulkimport/importer_scheduled_appointments.go:157.16,161.3 2 0
github.com/convision/api/internal/bulkimport/importer_scheduled_appointments.go:162.2,163.12 2 0
github.com/convision/api/internal/bulkimport/importer_scheduled_appointments.go:172.25,178.34 3 0
github.com/convision/api/internal/bulkimport/importer_scheduled_appointments.go:178.34,180.3 1 0
github.com/convision/api/internal/bulkimport/importer_scheduled_appointments.go:182.2,193.49 3 0
github.com/convision/api/internal/bulkimport/importer_scheduled_appointments.go:193.49,196.37 2 0
github.com/convision/api/internal/bulkimport/importer_scheduled_appointments.go:196.37,198.4 1 0
github.com/convision/api/internal/bulkimport/importer_scheduled_appointments.go:199.3,199.53 1 0
github.com/convision/api/internal/bulkimport/importer_scheduled_appointments.go:201.2,201.15 1 0
github.com/convision/api/internal/bulkimport/importer_staff_users.go:32.124,34.2 1 0
github.com/convision/api/internal/bulkimport/importer_staff_users.go:36.48,36.81 1 0
github.com/convision/api/internal/bulkimport/importer_staff_users.go:38.102,42.17 3 0
github.com/convision/api/internal/bulkimport/importer_staff_users.go:42.17,46.3 3 0
github.com/convision/api/internal/bulkimport/importer_staff_users.go:47.2,50.20 3 0
github.com/convision/api/internal/bulkimport/importer_staff_users.go:50.20,54.3 3 0
github.com/convision/api/internal/bulkimport/importer_staff_users.go:56.2,58.9 3 0
github.com/convision/api/internal/bulkimport/importer_staff_users.go:58.9,62.3 3 0
github.com/convision/api/internal/bulkimport/importer_staff_users.go:64.2,65.22 2 0
github.com/convision/api/internal/bulkimport/importer_staff_users.go:65.22,69.3 3 0
github.com/convision/api/internal/bulkimport/importer_staff_users.go:72.2,72.78 1 0
github.com/convision/api/internal/bulkimport/importer_staff_users.go:72.78,76.3 3 0
github.com/convision/api/internal/bulkimport/importer_staff_users.go:79.2,79.69 1 0
github.com/convision/api/internal/bulkimport/importer_staff_users.go:79.69,83.3 3 0
github.com/convision/api/internal/bulkimport/importer_staff_users.go:85.2,88.16 3 0
github.com/convision/api/internal/bulkimport/importer_staff_users.go:88.16,90.33 2 0
github.com/convision/api/internal/bulkimport/importer_staff_users.go:90.33,99.4 4 0
github.com/convision/api/internal/bulkimport/importer_staff_users.go:100.3,101.57 2 0
github.com/convision/api/internal/bulkimport/importer_staff_users.go:101.57,110.4 4 0
github.com/convision/api/internal/bulkimport/importer_staff_users.go:113.2,114.16 2 0
github.com/convision/api/internal/bulkimport/importer_staff_users.go:114.16,118.3 3 0
github.com/convision/api/internal/bulkimport/importer_staff_users.go:120.2,131.49 2 0
github.com/convision/api/internal/bulkimport/importer_staff_users.go:131.49,140.3 4 0
github.com/convision/api/internal/bulkimport/importer_staff_users.go:142.2,143.45 2 0
github.com/convision/api/internal/bulkimport/importer_staff_users.go:143.45,150.3 1 0
github.com/convision/api/internal/bulkimport/importer_staff_users.go:152.2,153.12 2 0
github.com/convision/api/internal/bulkimport/importer_staff_users.go:157.47,159.22 2 0
github.com/convision/api/internal/bulkimport/importer_staff_users.go:159.22,160.48 1 0
github.com/convision/api/internal/bulkimport/importer_staff_users.go:160.48,162.4 1 0
github.com/convision/api/internal/bulkimport/importer_staff_users.go:164.2,164.19 1 0
github.com/convision/api/internal/bulkimport/importer_staff_users.go:169.51,171.20 2 0
github.com/convision/api/internal/bulkimport/importer_staff_users.go:172.9,173.18 1 0
github.com/convision/api/internal/bulkimport/importer_staff_users.go:174.9,175.22 1 0
github.com/convision/api/internal/bulkimport/importer_staff_users.go:176.9,177.28 1 0
github.com/convision/api/internal/bulkimport/importer_staff_users.go:178.9,179.48 1 0
github.com/convision/api/internal/bulkimport/importer_staff_users.go:180.10,182.72 2 0
github.com/convision/api/internal/bulkimport/service.go:97.12,110.2 1 0
github.com/convision/api/internal/bulkimport/service.go:116.136,118.9 2 0
github.com/convision/api/internal/bulkimport/service.go:118.9,120.3 1 0
github.com/convision/api/internal/bulkimport/service.go:122.2,123.16 2 0
github.com/convision/api/internal/bulkimport/service.go:123.16,125.3 1 0
github.com/convision/api/internal/bulkimport/service.go:126.2,129.16 3 0
github.com/convision/api/internal/bulkimport/service.go:129.16,131.3 1 0
github.com/convision/api/internal/bulkimport/service.go:132.2,135.22 3 0
github.com/convision/api/internal/bulkimport/service.go:135.22,137.3 1 0
github.com/convision/api/internal/bulkimport/service.go:139.2,140.16 2 0
github.com/convision/api/internal/bulkimport/service.go:140.16,142.3 1 0
github.com/convision/api/internal/bulkimport/service.go:143.2,143.19 1 0
github.com/convision/api/internal/bulkimport/service.go:143.19,145.3 1 0
github.com/convision/api/internal/bulkimport/service.go:147.2,152.31 4 0
github.com/convision/api/internal/bulkimport/service.go:152.31,154.3 1 0
github.com/convision/api/internal/bulkimport/service.go:156.2,160.74 2 0
github.com/convision/api/internal/bulkimport/service.go:160.74,161.43 1 0
github.com/convision/api/internal/bulkimport/service.go:161.43,163.4 1 0
github.com/convision/api/internal/bulkimport/service.go:167.2,168.41 2 0
github.com/convision/api/internal/bulkimport/service.go:168.41,170.3 1 0
github.com/convision/api/internal/bulkimport/service.go:172.2,172.37 1 0
github.com/convision/api/internal/bulkimport/service.go:172.37,178.38 5 0
github.com/convision/api/internal/bulkimport/service.go:178.38,180.4 1 0
github.com/convision/api/internal/bulkimport/service.go:180.9,182.4 1 0
github.com/convision/api/internal/bulkimport/service.go:184.3,185.21 2 0
github.com/convision/api/internal/bulkimport/service.go:186.28,187.20 1 0
github.com/convision/api/internal/bulkimport/service.go:188.28,189.20 1 0
github.com/convision/api/internal/bulkimport/service.go:190.28,191.20 1 0
github.com/convision/api/internal/bulkimport/service.go:192.26,193.19 1 0
github.com/convision/api/internal/bulkimport/service.go:197.2,205.20 2 0
github.com/convision/api/internal/bulkimport/service.go:229.26,233.16 2 0
github.com/convision/api/internal/bulkimport/service.go:233.16,235.3 1 0
github.com/convision/api/internal/bulkimport/service.go:236.2,237.9 2 0
github.com/convision/api/internal/bulkimport/service.go:237.9,239.3 1 0
github.com/convision/api/internal/bulkimport/service.go:242.2,246.35 4 0
github.com/convision/api/internal/bulkimport/service.go:246.35,248.13 2 0
github.com/convision/api/internal/bulkimport/service.go:248.13,252.18 3 0
github.com/convision/api/internal/bulkimport/service.go:252.18,256.5 2 0
github.com/convision/api/internal/bulkimport/service.go:257.4,260.23 3 0
github.com/convision/api/internal/bulkimport/service.go:260.23,263.5 2 0
github.com/convision/api/internal/bulkimport/service.go:267.4,270.24 3 0
github.com/convision/api/internal/bulkimport/service.go:270.24,274.40 4 0
github.com/convision/api/internal/bulkimport/service.go:274.40,276.6 1 0
github.com/convision/api/internal/bulkimport/service.go:276.11,278.6 1 0
github.com/convision/api/internal/bulkimport/service.go:279.5,279.69 1 0
github.com/convision/api/internal/bulkimport/service.go:282.4,282.44 1 0
github.com/convision/api/internal/bulkimport/service.go:282.44,284.36 2 0
github.com/convision/api/internal/bulkimport/service.go:284.36,285.43 1 0
github.com/convision/api/internal/bulkimport/service.go:285.43,288.7 2 0
github.com/convision/api/internal/bulkimport/service.go:289.6,289.18 1 0
github.com/convision/api/internal/bulkimport/service.go:291.5,291.11 1 0
github.com/convision/api/internal/bulkimport/service.go:294.4,294.35 1 0
github.com/convision/api/internal/bulkimport/service.go:294.35,296.5 1 0
github.com/convision/api/internal/bulkimport/service.go:301.2,301.37 1 0
github.com/convision/api/internal/bulkimport/service.go:301.37,303.3 1 0
github.com/convision/api/internal/bulkimport/service.go:304.2,307.12 2 0
github.com/convision/api/internal/bulkimport/service.go:307.12,310.3 2 0
github.com/convision/api/internal/bulkimport/service.go:313.2,314.25 2 0
github.com/convision/api/internal/bulkimport/service.go:314.25,316.3 1 0
github.com/convision/api/internal/bulkimport/service.go:317.2,317.44 1 0
github.com/convision/api/internal/bulkimport/service.go:317.44,319.3 1 0
github.com/convision/api/internal/bulkimport/service.go:321.2,322.30 2 0
github.com/convision/api/internal/bulkimport/service.go:322.30,324.23 2 0
github.com/convision/api/internal/bulkimport/service.go:325.28,326.20 1 0
github.com/convision/api/internal/bulkimport/service.go:327.28,328.20 1 0
github.com/convision/api/internal/bulkimport/service.go:329.28,330.20 1 0
github.com/convision/api/internal/bulkimport/service.go:331.26,332.19 1 0
github.com/convision/api/internal/bulkimport/service.go:336.2,345.20 2 0
github.com/convision/api/internal/bulkimport/service.go:349.50,351.28 2 0
github.com/convision/api/internal/bulkimport/service.go:351.28,353.3 1 0
github.com/convision/api/internal/bulkimport/service.go:354.2,354.14 1 0
github.com/convision/api/internal/bulkimport/service.go:358.46,360.24 2 0
github.com/convision/api/internal/bulkimport/service.go:360.24,362.3 1 0
github.com/convision/api/internal/bulkimport/service.go:363.2,363.12 1 0
github.com/convision/api/internal/bulkimport/service.go:367.72,369.28 2 0
github.com/convision/api/internal/bulkimport/service.go:369.28,370.19 1 0
github.com/convision/api/internal/bulkimport/service.go:370.19,372.4 1 0
github.com/convision/api/internal/bulkimport/service.go:372.9,374.4 1 0
github.com/convision/api/internal/bulkimport/service.go:376.2,376.10 1 0
github.com/convision/api/internal/bulkimport/service.go:380.46,382.21 2 0
github.com/convision/api/internal/bulkimport/service.go:382.21,384.3 1 0
github.com/convision/api/internal/bulkimport/service.go:385.2,385.21 1 0
github.com/convision/api/internal/bulkimport/service.go:385.21,387.3 1 0
github.com/convision/api/internal/bulkimport/service.go:388.2,389.71 2 0
github.com/convision/api/internal/bulkimport/service.go:393.35,395.26 2 0
github.com/convision/api/internal/bulkimport/service.go:395.26,397.18 2 0
github.com/convision/api/internal/bulkimport/service.go:397.18,398.12 1 0
github.com/convision/api/internal/bulkimport/service.go:400.3,400.24 1 0
github.com/convision/api/internal/bulkimport/service.go:400.24,401.14 1 0
github.com/convision/api/internal/bulkimport/service.go:401.14,403.5 1 0
github.com/convision/api/internal/bulkimport/service.go:403.10,405.5 1 0
github.com/convision/api/internal/bulkimport/service.go:407.3,407.23 1 0
github.com/convision/api/internal/bulkimport/service.go:409.2,409.33 1 0
github.com/convision/api/internal/bulkimport/service.go:415.37,417.28 2 0
github.com/convision/api/internal/bulkimport/service.go:417.28,418.73 1 0
github.com/convision/api/internal/bulkimport/service.go:418.73,420.4 1 0
github.com/convision/api/internal/bulkimport/service.go:422.2,422.12 1 0
github.com/convision/api/internal/bulkimport/service.go:426.35,428.2 1 0
github.com/convision/api/internal/clinicalrecord/service.go:64.84,66.2 1 0
github.com/convision/api/internal/clinicalrecord/service.go:69.103,71.2 1 0
github.com/convision/api/internal/clinicalrecord/service.go:76.106,78.2 1 0
github.com/convision/api/internal/clinicalrecord/service.go:81.93,82.25 1 0
github.com/convision/api/internal/clinicalrecord/service.go:82.25,84.3 1 0
github.com/convision/api/internal/clinicalrecord/service.go:85.2,93.47 2 0
github.com/convision/api/internal/clinicalrecord/service.go:93.47,99.3 2 0
github.com/convision/api/internal/clinicalrecord/service.go:100.2,100.17 1 0
github.com/convision/api/internal/clinicalrecord/service.go:190.111,192.34 2 0
github.com/convision/api/internal/clinicalrecord/service.go:192.34,194.3 1 0
github.com/convision/api/internal/clinicalrecord/service.go:195.2,212.30 2 0
github.com/convision/api/internal/clinicalrecord/service.go:212.30,214.17 2 0
github.com/convision/api/internal/clinicalrecord/service.go:214.17,216.4 1 0
github.com/convision/api/internal/clinicalrecord/service.go:218.2,218.82 1 0
github.com/convision/api/internal/clinicalrecord/service.go:218.82,224.3 2 0
github.com/convision/api/internal/clinicalrecord/service.go:225.2,225.12 1 0
github.com/convision/api/internal/clinicalrecord/service.go:229.113,285.83 2 0
github.com/convision/api/internal/clinicalrecord/service.go:285.83,291.3 2 0
github.com/convision/api/internal/clinicalrecord/service.go:292.2,292.12 1 0
github.com/convision/api/internal/clinicalrecord/service.go:321.117,323.25 2 0
github.com/convision/api/internal/clinicalrecord/service.go:323.25,325.3 1 0
github.com/convision/api/internal/clinicalrecord/service.go:326.2,347.85 2 0
github.com/convision/api/internal/clinicalrecord/service.go:347.85,353.3 2 0
github.com/convision/api/internal/clinicalrecord/service.go:354.2,354.12 1 0
github.com/convision/api/internal/clinicalrecord/service.go:358.95,359.88 1 0
github.com/convision/api/internal/clinicalrecord/service.go:359.88,365.3 2 0
github.com/convision/api/internal/clinicalrecord/service.go:366.2,366.12 1 0
github.com/convision/api/internal/clinicalrecord/service.go:370.111,401.82 2 0
github.com/convision/api/internal/clinicalrecord/service.go:401.82,407.3 2 0
github.com/convision/api/internal/clinicalrecord/service.go:408.2,408.12 1 0
github.com/convision/api/internal/cash/service.go:21.82,23.2 1 0
github.com/convision/api/internal/cash/service.go:75.79,77.2 1 0
github.com/convision/api/internal/cash/service.go:80.63,82.16 2 0
github.com/convision/api/internal/cash/service.go:82.16,84.3 1 0
github.com/convision/api/internal/cash/service.go:85.2,86.25 2 0
github.com/convision/api/internal/cash/service.go:86.25,87.19 1 0
github.com/convision/api/internal/cash/service.go:88.18,89.17 1 0
github.com/convision/api/internal/cash/service.go:90.19,91.18 1 0
github.com/convision/api/internal/cash/service.go:92.20,93.19 1 0
github.com/convision/api/internal/cash/service.go:95.3,95.30 1 0
github.com/convision/api/internal/cash/service.go:97.2,97.17 1 0
github.com/convision/api/internal/cash/service.go:101.87,104.16 3 0
github.com/convision/api/internal/cash/service.go:104.16,106.3 1 0
github.com/convision/api/internal/cash/service.go:107.2,108.15 2 0
github.com/convision/api/internal/cash/service.go:108.15,110.3 1 0
github.com/convision/api/internal/cash/service.go:111.2,111.112 1 0
github.com/convision/api/internal/cash/service.go:115.111,137.45 5 0
github.com/convision/api/internal/cash/service.go:137.45,139.3 1 0
github.com/convision/api/internal/cash/service.go:140.2,141.33 2 0
github.com/convision/api/internal/cash/service.go:145.97,147.16 2 0
github.com/convision/api/internal/cash/service.go:147.16,149.3 1 0
github.com/convision/api/internal/cash/service.go:150.2,150.25 1 0
github.com/convision/api/internal/cash/service.go:150.25,152.3 1 0
github.com/convision/api/internal/cash/service.go:153.2,153.24 1 0
github.com/convision/api/internal/cash/service.go:153.24,155.3 1 0
github.com/convision/api/internal/cash/service.go:156.2,156.23 1 0
github.com/convision/api/internal/cash/service.go:156.23,158.3 1 0
github.com/convision/api/internal/cash/service.go:159.2,159.45 1 0
github.com/convision/api/internal/cash/service.go:159.45,161.3 1 0
github.com/convision/api/internal/cash/service.go:162.2,162.33 1 0
github.com/convision/api/internal/cash/service.go:166.123,168.16 2 0
github.com/convision/api/internal/cash/service.go:168.16,170.3 1 0
github.com/convision/api/internal/cash/service.go:171.2,175.23 5 0
github.com/convision/api/internal/cash/service.go:175.23,177.3 1 0
github.com/convision/api/internal/cash/service.go:178.2,178.45 1 0
github.com/convision/api/internal/cash/service.go:178.45,180.3 1 0
github.com/convision/api/internal/cash/service.go:181.2,181.33 1 0
github.com/convision/api/internal/cash/service.go:185.97,187.16 2 0
github.com/convision/api/internal/cash/service.go:187.16,189.3 1 0
github.com/convision/api/internal/cash/service.go:190.2,191.23 2 0
github.com/convision/api/internal/cash/service.go:191.23,193.3 1 0
github.com/convision/api/internal/cash/service.go:194.2,194.45 1 0
github.com/convision/api/internal/cash/service.go:194.45,196.3 1 0
github.com/convision/api/internal/cash/service.go:197.2,197.33 1 0
github.com/convision/api/internal/cash/service.go:201.54,202.50 1 0
github.com/convision/api/internal/cash/service.go:202.50,204.3 1 0
github.com/convision/api/internal/cash/service.go:205.2,205.30 1 0
github.com/convision/api/internal/appointment/service.go:22.81,24.2 1 0
github.com/convision/api/internal/appointment/service.go:83.69,84.23 1 0
github.com/convision/api/internal/appointment/service.go:84.23,85.61 1 0
github.com/convision/api/internal/appointment/service.go:85.61,87.4 1 0
github.com/convision/api/internal/appointment/service.go:89.2,89.33 1 0
github.com/convision/api/internal/appointment/service.go:89.33,90.65 1 0
github.com/convision/api/internal/appointment/service.go:90.65,92.4 1 0
github.com/convision/api/internal/appointment/service.go:94.2,94.12 1 0
github.com/convision/api/internal/appointment/service.go:98.86,102.16 3 0
github.com/convision/api/internal/appointment/service.go:102.16,104.3 1 0
github.com/convision/api/internal/appointment/service.go:106.2,107.15 2 0
github.com/convision/api/internal/appointment/service.go:107.15,109.3 1 0
github.com/convision/api/internal/appointment/service.go:111.2,117.8 1 0
github.com/convision/api/internal/appointment/service.go:121.78,123.2 1 0
github.com/convision/api/internal/appointment/service.go:128.108,129.56 1 0
github.com/convision/api/internal/appointment/service.go:129.56,131.3 1 0
github.com/convision/api/internal/appointment/service.go:132.2,134.53 2 0
github.com/convision/api/internal/appointment/service.go:134.53,136.17 2 0
github.com/convision/api/internal/appointment/service.go:136.17,138.4 1 0
github.com/convision/api/internal/appointment/service.go:139.3,139.15 1 0
github.com/convision/api/internal/appointment/service.go:139.15,144.4 1 0
github.com/convision/api/internal/appointment/service.go:147.2,160.45 2 0
github.com/convision/api/internal/appointment/service.go:160.45,162.3 1 0
github.com/convision/api/internal/appointment/service.go:164.2,165.33 2 0
github.com/convision/api/internal/appointment/service.go:169.96,171.16 2 0
github.com/convision/api/internal/appointment/service.go:171.16,173.3 1 0
github.com/convision/api/internal/appointment/service.go:175.2,175.28 1 0
github.com/convision/api/internal/appointment/service.go:175.28,177.3 1 0
github.com/convision/api/internal/appointment/service.go:178.2,178.31 1 0
github.com/convision/api/internal/appointment/service.go:178.31,180.3 1 0
github.com/convision/api/internal/appointment/service.go:181.2,181.82 1 0
github.com/convision/api/internal/appointment/service.go:181.82,183.3 1 0
github.com/convision/api/internal/appointment/service.go:184.2,184.23 1 0
github.com/convision/api/internal/appointment/service.go:184.23,186.3 1 0
github.com/convision/api/internal/appointment/service.go:187.2,187.24 1 0
github.com/convision/api/internal/appointment/service.go:187.24,189.3 1 0
github.com/convision/api/internal/appointment/service.go:190.2,190.24 1 0
github.com/convision/api/internal/appointment/service.go:190.24,192.3 1 0
github.com/convision/api/internal/appointment/service.go:194.2,195.73 2 0
github.com/convision/api/internal/appointment/service.go:195.73,197.18 2 0
github.com/convision/api/internal/appointment/service.go:197.18,199.4 1 0
github.com/convision/api/internal/appointment/service.go:200.3,200.15 1 0
github.com/convision/api/internal/appointment/service.go:200.15,205.4 1 0
github.com/convision/api/internal/appointment/service.go:208.2,208.45 1 0
github.com/convision/api/internal/appointment/service.go:208.45,210.3 1 0
github.com/convision/api/internal/appointment/service.go:211.2,211.33 1 0
github.com/convision/api/internal/appointment/service.go:215.100,217.2 1 0
github.com/convision/api/internal/appointment/service.go:220.54,221.50 1 0
github.com/convision/api/internal/appointment/service.go:221.50,223.3 1 0
github.com/convision/api/internal/appointment/service.go:224.2,224.30 1 0
github.com/convision/api/internal/appointment/service.go:231.94,233.16 2 0
github.com/convision/api/internal/appointment/service.go:233.16,235.3 1 0
github.com/convision/api/internal/appointment/service.go:237.2,238.16 2 0
github.com/convision/api/internal/appointment/service.go:238.16,239.46 1 0
github.com/convision/api/internal/appointment/service.go:239.46,241.4 1 0
github.com/convision/api/internal/appointment/service.go:242.8,242.45 1 0
github.com/convision/api/internal/appointment/service.go:242.45,247.3 1 0
github.com/convision/api/internal/appointment/service.go:249.2,252.45 3 0
github.com/convision/api/internal/appointment/service.go:252.45,254.3 1 0
github.com/convision/api/internal/appointment/service.go:255.2,255.33 1 0
github.com/convision/api/internal/appointment/service.go:259.76,261.16 2 0
github.com/convision/api/internal/appointment/service.go:261.16,263.3 1 0
github.com/convision/api/internal/appointment/service.go:264.2,264.52 1 0
github.com/convision/api/internal/appointment/service.go:264.52,266.3 1 0
github.com/convision/api/internal/appointment/service.go:268.2,269.45 2 0
github.com/convision/api/internal/appointment/service.go:269.45,271.3 1 0
github.com/convision/api/internal/appointment/service.go:272.2,272.33 1 0
github.com/convision/api/internal/appointment/service.go:276.77,278.16 2 0
github.com/convision/api/internal/appointment/service.go:278.16,280.3 1 0
github.com/convision/api/internal/appointment/service.go:281.2,281.48 1 0
github.com/convision/api/internal/appointment/service.go:281.48,283.3 1 0
github.com/convision/api/internal/appointment/service.go:285.2,286.45 2 0
github.com/convision/api/internal/appointment/service.go:286.45,288.3 1 0
github.com/convision/api/internal/appointment/service.go:289.2,289.33 1 0
github.com/convision/api/internal/appointment/service.go:303.24,313.23 2 0
github.com/convision/api/internal/appointment/service.go:313.23,316.3 2 0
github.com/convision/api/internal/appointment/service.go:317.2,317.39 1 0
github.com/convision/api/internal/appointment/service.go:317.39,320.3 2 0
github.com/convision/api/internal/appointment/service.go:321.2,321.22 1 0
github.com/convision/api/internal/appointment/service.go:326.152,328.2 1 0
github.com/convision/api/internal/appointment/service.go:332.120,333.61 1 0
github.com/convision/api/internal/appointment/service.go:333.61,338.3 1 0
github.com/convision/api/internal/appointment/service.go:339.2,339.50 1 0
github.com/convision/api/internal/appointment/service.go:339.50,341.3 1 0
github.com/convision/api/internal/appointment/service.go:342.2,342.103 1 0
github.com/convision/api/internal/appointment/service.go:342.103,344.3 1 0
github.com/convision/api/internal/appointment/service.go:345.2,349.31 2 0
github.com/convision/api/internal/appointment/service.go:353.110,355.16 2 0
github.com/convision/api/internal/appointment/service.go:355.16,357.3 1 0
github.com/convision/api/internal/appointment/service.go:359.2,359.23 1 0
github.com/convision/api/internal/appointment/service.go:359.23,361.3 1 0
github.com/convision/api/internal/appointment/service.go:362.2,362.43 1 0
github.com/convision/api/internal/appointment/service.go:362.43,364.3 1 0
github.com/convision/api/internal/appointment/service.go:365.2,365.44 1 0
github.com/convision/api/internal/appointment/service.go:365.44,367.3 1 0
github.com/convision/api/internal/appointment/service.go:369.2,369.45 1 0
github.com/convision/api/internal/appointment/service.go:369.45,371.3 1 0
github.com/convision/api/internal/appointment/service.go:372.2,372.33 1 0
github.com/convision/api/internal/appointment/service.go:375.116,377.16 2 0
github.com/convision/api/internal/appointment/service.go:377.16,379.3 1 0
github.com/convision/api/internal/appointment/service.go:381.2,381.37 1 0
github.com/convision/api/internal/appointment/service.go:381.37,383.3 1 0
github.com/convision/api/internal/appointment/service.go:384.2,384.40 1 0
github.com/convision/api/internal/appointment/service.go:384.40,386.3 1 0
github.com/convision/api/internal/appointment/service.go:388.2,388.45 1 0
github.com/convision/api/internal/appointment/service.go:388.45,390.3 1 0
github.com/convision/api/internal/appointment/service.go:392.2,395.33 2 0
github.com/convision/api/internal/catalog/service.go:32.12,43.2 1 0
github.com/convision/api/internal/catalog/service.go:47.49,48.16 1 0
github.com/convision/api/internal/catalog/service.go:48.16,50.3 1 0
github.com/convision/api/internal/catalog/service.go:51.2,52.29 2 0
github.com/convision/api/internal/catalog/service.go:52.29,54.3 1 0
github.com/convision/api/internal/catalog/service.go:55.2,55.11 1 0
github.com/convision/api/internal/catalog/service.go:58.46,59.14 1 0
github.com/convision/api/internal/catalog/service.go:59.14,61.3 1 0
github.com/convision/api/internal/catalog/service.go:62.2,62.34 1 0
github.com/convision/api/internal/catalog/service.go:62.34,64.3 1 0
github.com/convision/api/internal/catalog/service.go:65.2,65.22 1 0
github.com/convision/api/internal/catalog/service.go:85.88,88.16 3 0
github.com/convision/api/internal/catalog/service.go:88.16,90.3 1 0
github.com/convision/api/internal/catalog/service.go:91.2,97.8 1 0
github.com/convision/api/internal/catalog/service.go:100.73,102.2 1 0
github.com/convision/api/internal/catalog/service.go:104.85,106.50 2 0
github.com/convision/api/internal/catalog/service.go:106.50,108.3 1 0
github.com/convision/api/internal/catalog/service.go:109.2,109.15 1 0
github.com/convision/api/internal/catalog/service.go:112.94,114.16 2 0
github.com/convision/api/internal/catalog/service.go:114.16,116.3 1 0
github.com/convision/api/internal/catalog/service.go:117.2,119.50 3 0
github.com/convision/api/internal/catalog/service.go:119.50,121.3 1 0
github.com/convision/api/internal/catalog/service.go:122.2,122.36 1 0
github.com/convision/api/internal/catalog/service.go:125.59,126.55 1 0
github.com/convision/api/internal/catalog/service.go:126.55,128.3 1 0
github.com/convision/api/internal/catalog/service.go:129.2,129.35 1 0
github.com/convision/api/internal/catalog/service.go:147.94,150.16 3 0
github.com/convision/api/internal/catalog/service.go:150.16,152.3 1 0
github.com/convision/api/internal/catalog/service.go:153.2,156.8 1 0
github.com/convision/api/internal/catalog/service.go:159.79,161.2 1 0
github.com/convision/api/internal/catalog/service.go:163.94,165.53 2 0
github.com/convision/api/internal/catalog/service.go:165.53,167.3 1 0
github.com/convision/api/internal/catalog/service.go:168.2,168.15 1 0
github.com/convision/api/internal/catalog/service.go:171.103,173.16 2 0
github.com/convision/api/internal/catalog/service.go:173.16,175.3 1 0
github.com/convision/api/internal/catalog/service.go:176.2,178.53 3 0
github.com/convision/api/internal/catalog/service.go:178.53,180.3 1 0
github.com/convision/api/internal/catalog/service.go:181.2,181.39 1 0
github.com/convision/api/internal/catalog/service.go:184.62,185.58 1 0
github.com/convision/api/internal/catalog/service.go:185.58,187.3 1 0
github.com/convision/api/internal/catalog/service.go:188.2,188.38 1 0
github.com/convision/api/internal/catalog/service.go:206.94,209.16 3 0
github.com/convision/api/internal/catalog/service.go:209.16,211.3 1 0
github.com/convision/api/internal/catalog/service.go:212.2,215.8 1 0
github.com/convision/api/internal/catalog/service.go:218.79,220.2 1 0
github.com/convision/api/internal/catalog/service.go:222.94,224.53 2 0
github.com/convision/api/internal/catalog/service.go:224.53,226.3 1 0
github.com/convision/api/internal/catalog/service.go:227.2,227.15 1 0
github.com/convision/api/internal/catalog/service.go:230.103,232.16 2 0
github.com/convision/api/internal/catalog/service.go:232.16,234.3 1 0
github.com/convision/api/internal/catalog/service.go:235.2,237.53 3 0
github.com/convision/api/internal/catalog/service.go:237.53,239.3 1 0
github.com/convision/api/internal/catalog/service.go:240.2,240.39 1 0
github.com/convision/api/internal/catalog/service.go:243.62,244.58 1 0
github.com/convision/api/internal/catalog/service.go:244.58,246.3 1 0
github.com/convision/api/internal/catalog/service.go:247.2,247.38 1 0
github.com/convision/api/internal/catalog/service.go:265.97,268.16 3 0
github.com/convision/api/internal/catalog/service.go:268.16,270.3 1 0
github.com/convision/api/internal/catalog/service.go:271.2,274.8 1 0
github.com/convision/api/internal/catalog/service.go:277.81,279.2 1 0
github.com/convision/api/internal/catalog/service.go:281.97,283.54 2 0
github.com/convision/api/internal/catalog/service.go:283.54,285.3 1 0
github.com/convision/api/internal/catalog/service.go:286.2,286.15 1 0
github.com/convision/api/internal/catalog/service.go:289.106,291.16 2 0
github.com/convision/api/internal/catalog/service.go:291.16,293.3 1 0
github.com/convision/api/internal/catalog/service.go:294.2,296.54 3 0
github.com/convision/api/internal/catalog/service.go:296.54,298.3 1 0
github.com/convision/api/internal/catalog/service.go:299.2,299.40 1 0
github.com/convision/api/internal/catalog/service.go:302.63,303.59 1 0
github.com/convision/api/internal/catalog/service.go:303.59,305.3 1 0
github.com/convision/api/internal/catalog/service.go:306.2,306.39 1 0
github.com/convision/api/internal/catalog/service.go:324.96,327.16 3 0
github.com/convision/api/internal/catalog/service.go:327.16,329.3 1 0
github.com/convision/api/internal/catalog/service.go:330.2,333.8 1 0
github.com/convision/api/internal/catalog/service.go:336.81,338.2 1 0
github.com/convision/api/internal/catalog/service.go:340.97,342.54 2 0
github.com/convision/api/internal/catalog/service.go:342.54,344.3 1 0
github.com/convision/api/internal/catalog/service.go:345.2,345.15 1 0
github.com/convision/api/internal/catalog/service.go:348.106,350.16 2 0
github.com/convision/api/internal/catalog/service.go:350.16,352.3 1 0
github.com/convision/api/internal/catalog/service.go:353.2,355.54 3 0
github.com/convision/api/internal/catalog/service.go:355.54,357.3 1 0
github.com/convision/api/internal/catalog/service.go:358.2,358.40 1 0
github.com/convision/api/internal/catalog/service.go:361.63,362.59 1 0
github.com/convision/api/internal/catalog/service.go:362.59,364.3 1 0
github.com/convision/api/internal/catalog/service.go:365.2,365.39 1 0
github.com/convision/api/internal/catalog/service.go:383.102,386.16 3 0
github.com/convision/api/internal/catalog/service.go:386.16,388.3 1 0
github.com/convision/api/internal/catalog/service.go:389.2,392.8 1 0
github.com/convision/api/internal/catalog/service.go:395.87,397.2 1 0
github.com/convision/api/internal/catalog/service.go:399.106,401.57 2 0
github.com/convision/api/internal/catalog/service.go:401.57,403.3 1 0
github.com/convision/api/internal/catalog/service.go:404.2,404.15 1 0
github.com/convision/api/internal/catalog/service.go:407.115,409.16 2 0
github.com/convision/api/internal/catalog/service.go:409.16,411.3 1 0
github.com/convision/api/internal/catalog/service.go:412.2,414.57 3 0
github.com/convision/api/internal/catalog/service.go:414.57,416.3 1 0
github.com/convision/api/internal/catalog/service.go:417.2,417.43 1 0
github.com/convision/api/internal/catalog/service.go:420.66,421.62 1 0
github.com/convision/api/internal/catalog/service.go:421.62,423.3 1 0
github.com/convision/api/internal/catalog/service.go:424.2,424.42 1 0
github.com/convision/api/internal/catalog/service.go:446.104,449.16 3 0
github.com/convision/api/internal/catalog/service.go:449.16,451.3 1 0
github.com/convision/api/internal/catalog/service.go:452.2,455.8 1 0
github.com/convision/api/internal/catalog/service.go:459.90,461.2 1 0
github.com/convision/api/internal/catalog/service.go:463.89,465.2 1 0
github.com/convision/api/internal/catalog/service.go:467.109,469.27 2 0
github.com/convision/api/internal/catalog/service.go:469.27,471.3 1 0
github.com/convision/api/internal/catalog/service.go:472.2,473.36 2 0
github.com/convision/api/internal/catalog/service.go:473.36,475.3 1 0
github.com/convision/api/internal/catalog/service.go:476.2,481.58 2 0
github.com/convision/api/internal/catalog/service.go:481.58,483.3 1 0
github.com/convision/api/internal/catalog/service.go:484.2,484.15 1 0
github.com/convision/api/internal/catalog/service.go:487.118,489.16 2 0
github.com/convision/api/internal/catalog/service.go:489.16,491.3 1 0
github.com/convision/api/internal/catalog/service.go:492.2,492.22 1 0
github.com/convision/api/internal/catalog/service.go:492.22,494.3 1 0
github.com/convision/api/internal/catalog/service.go:495.2,495.22 1 0
github.com/convision/api/internal/catalog/service.go:495.22,497.3 1 0
github.com/convision/api/internal/catalog/service.go:498.2,500.27 3 0
github.com/convision/api/internal/catalog/service.go:500.27,502.3 1 0
github.com/convision/api/internal/catalog/service.go:503.2,503.36 1 0
github.com/convision/api/internal/catalog/service.go:503.36,505.3 1 0
github.com/convision/api/internal/catalog/service.go:506.2,506.58 1 0
github.com/convision/api/internal/catalog/service.go:506.58,508.3 1 0
github.com/convision/api/internal/catalog/service.go:509.2,509.44 1 0
github.com/convision/api/internal/catalog/service.go:512.67,513.63 1 0
github.com/convision/api/internal/catalog/service.go:513.63,515.3 1 0
github.com/convision/api/internal/catalog/service.go:516.2,516.43 1 0
github.com/convision/api/internal/clinic/service.go:27.12,29.2 1 0
github.com/convision/api/internal/clinic/service.go:211.46,212.14 1 0
github.com/convision/api/internal/clinic/service.go:212.14,214.3 1 0
github.com/convision/api/internal/clinic/service.go:215.2,215.34 1 0
github.com/convision/api/internal/clinic/service.go:215.34,217.3 1 0
github.com/convision/api/internal/clinic/service.go:218.2,218.22 1 0
github.com/convision/api/internal/clinic/service.go:222.82,224.2 1 0
github.com/convision/api/internal/clinic/service.go:227.102,229.2 1 0
github.com/convision/api/internal/clinic/service.go:232.90,235.16 3 0
github.com/convision/api/internal/clinic/service.go:235.16,237.3 1 0
github.com/convision/api/internal/clinic/service.go:238.2,239.18 2 0
github.com/convision/api/internal/clinic/service.go:239.18,241.3 1 0
github.com/convision/api/internal/clinic/service.go:242.2,242.112 1 0
github.com/convision/api/internal/clinic/service.go:246.123,249.2 2 0
github.com/convision/api/internal/clinic/service.go:252.91,253.67 1 0
github.com/convision/api/internal/clinic/service.go:253.67,255.3 1 0
github.com/convision/api/internal/clinic/service.go:257.2,313.50 2 0
github.com/convision/api/internal/clinic/service.go:313.50,315.3 1 0
github.com/convision/api/internal/clinic/service.go:317.2,321.38 2 0
github.com/convision/api/internal/clinic/service.go:325.100,327.16 2 0
github.com/convision/api/internal/clinic/service.go:327.16,329.3 1 0
github.com/convision/api/internal/clinic/service.go:331.2,332.39 2 0
github.com/convision/api/internal/clinic/service.go:332.39,334.3 1 0
github.com/convision/api/internal/clinic/service.go:335.2,335.32 1 0
github.com/convision/api/internal/clinic/service.go:335.32,337.3 1 0
github.com/convision/api/internal/clinic/service.go:338.2,338.33 1 0
github.com/convision/api/internal/clinic/service.go:338.33,340.3 1 0
github.com/convision/api/internal/clinic/service.go:341.2,341.31 1 0
github.com/convision/api/internal/clinic/service.go:341.31,343.3 1 0
github.com/convision/api/internal/clinic/service.go:344.2,344.37 1 0
github.com/convision/api/internal/clinic/service.go:344.37,346.3 1 0
github.com/convision/api/internal/clinic/service.go:347.2,347.40 1 0
github.com/convision/api/internal/clinic/service.go:347.40,349.3 1 0
github.com/convision/api/internal/clinic/service.go:350.2,350.39 1 0
github.com/convision/api/internal/clinic/service.go:350.39,352.3 1 0
github.com/convision/api/internal/clinic/service.go:353.2,353.35 1 0
github.com/convision/api/internal/clinic/service.go:353.35,355.3 1 0
github.com/convision/api/internal/clinic/service.go:356.2,356.43 1 0
github.com/convision/api/internal/clinic/service.go:356.43,358.3 1 0
github.com/convision/api/internal/clinic/service.go:359.2,359.28 1 0
github.com/convision/api/internal/clinic/service.go:359.28,361.3 1 0
github.com/convision/api/internal/clinic/service.go:362.2,362.37 1 0
github.com/convision/api/internal/clinic/service.go:362.37,364.3 1 0
github.com/convision/api/internal/clinic/service.go:365.2,365.39 1 0
github.com/convision/api/internal/clinic/service.go:365.39,367.3 1 0
github.com/convision/api/internal/clinic/service.go:368.2,368.29 1 0
github.com/convision/api/internal/clinic/service.go:368.29,370.3 1 0
github.com/convision/api/internal/clinic/service.go:371.2,371.27 1 0
github.com/convision/api/internal/clinic/service.go:371.27,373.3 1 0
github.com/convision/api/internal/clinic/service.go:374.2,407.28 34 0
github.com/convision/api/internal/clinic/service.go:407.28,409.3 1 0
github.com/convision/api/internal/clinic/service.go:410.2,410.31 1 0
github.com/convision/api/internal/clinic/service.go:410.31,412.3 1 0
github.com/convision/api/internal/clinic/service.go:413.2,413.30 1 0
github.com/convision/api/internal/clinic/service.go:413.30,415.3 1 0
github.com/convision/api/internal/clinic/service.go:417.2,417.50 1 0
github.com/convision/api/internal/clinic/service.go:417.50,419.3 1 0
github.com/convision/api/internal/clinic/service.go:421.2,422.38 2 0
github.com/convision/api/internal/clinic/service.go:426.93,428.2 1 0
github.com/convision/api/internal/clinic/service.go:431.112,434.16 3 0
github.com/convision/api/internal/clinic/service.go:434.16,436.3 1 0
github.com/convision/api/internal/clinic/service.go:437.2,438.18 2 0
github.com/convision/api/internal/clinic/service.go:438.18,440.3 1 0
github.com/convision/api/internal/clinic/service.go:441.2,441.117 1 0
github.com/convision/api/internal/clinic/service.go:445.111,446.76 1 0
github.com/convision/api/internal/clinic/service.go:446.76,448.3 1 0
github.com/convision/api/internal/clinic/service.go:450.2,474.31 2 0
github.com/convision/api/internal/clinic/service.go:474.31,476.17 2 0
github.com/convision/api/internal/clinic/service.go:476.17,478.4 1 0
github.com/convision/api/internal/clinic/service.go:481.2,481.51 1 0
github.com/convision/api/internal/clinic/service.go:481.51,483.3 1 0
github.com/convision/api/internal/clinic/service.go:485.2,486.39 2 0
github.com/convision/api/internal/clinic/service.go:490.120,492.16 2 0
github.com/convision/api/internal/clinic/service.go:492.16,494.3 1 0
github.com/convision/api/internal/clinic/service.go:496.2,497.32 2 0
github.com/convision/api/internal/clinic/service.go:497.32,499.3 1 0
github.com/convision/api/internal/clinic/service.go:500.2,500.31 1 0
github.com/convision/api/internal/clinic/service.go:500.31,502.22 2 0
github.com/convision/api/internal/clinic/service.go:502.22,504.4 1 0
github.com/convision/api/internal/clinic/service.go:506.2,524.51 18 0
github.com/convision/api/internal/clinic/service.go:524.51,526.3 1 0
github.com/convision/api/internal/clinic/service.go:528.2,529.39 2 0
github.com/convision/api/internal/clinic/service.go:533.63,534.56 1 0
github.com/convision/api/internal/clinic/service.go:534.56,536.3 1 0
github.com/convision/api/internal/clinic/service.go:537.2,537.36 1 0
github.com/convision/api/internal/branch/service.go:15.76,17.2 1 0
github.com/convision/api/internal/branch/service.go:48.73,50.16 2 0
github.com/convision/api/internal/branch/service.go:50.16,52.3 1 0
github.com/convision/api/internal/branch/service.go:53.2,53.15 1 0
github.com/convision/api/internal/branch/service.go:56.66,58.2 1 0
github.com/convision/api/internal/branch/service.go:60.83,62.2 1 0
github.com/convision/api/internal/branch/service.go:64.103,66.16 2 0
github.com/convision/api/internal/branch/service.go:66.16,68.3 1 0
github.com/convision/api/internal/branch/service.go:69.2,70.27 2 0
github.com/convision/api/internal/branch/service.go:70.27,72.24 2 0
github.com/convision/api/internal/branch/service.go:72.24,74.4 1 0
github.com/convision/api/internal/branch/service.go:75.3,79.5 1 0
github.com/convision/api/internal/branch/service.go:81.2,81.17 1 0
github.com/convision/api/internal/branch/service.go:84.82,93.45 2 0
github.com/convision/api/internal/branch/service.go:93.45,95.3 1 0
github.com/convision/api/internal/branch/service.go:96.2,97.15 2 0
github.com/convision/api/internal/branch/service.go:100.91,102.16 2 0
github.com/convision/api/internal/branch/service.go:102.16,104.3 1 0
github.com/convision/api/internal/branch/service.go:105.2,105.23 1 0
github.com/convision/api/internal/branch/service.go:105.23,107.3 1 0
github.com/convision/api/internal/branch/service.go:108.2,108.26 1 0
github.com/convision/api/internal/branch/service.go:108.26,110.3 1 0
github.com/convision/api/internal/branch/service.go:111.2,111.23 1 0
github.com/convision/api/internal/branch/service.go:111.23,113.3 1 0
github.com/convision/api/internal/branch/service.go:114.2,114.24 1 0
github.com/convision/api/internal/branch/service.go:114.24,116.3 1 0
github.com/convision/api/internal/branch/service.go:117.2,117.24 1 0
github.com/convision/api/internal/branch/service.go:117.24,119.3 1 0
github.com/convision/api/internal/branch/service.go:120.2,120.27 1 0
github.com/convision/api/internal/branch/service.go:120.27,122.3 1 0
github.com/convision/api/internal/branch/service.go:123.2,123.37 1 0
github.com/convision/api/internal/branch/service.go:123.37,125.3 1 0
github.com/convision/api/internal/branch/service.go:126.2,126.45 1 0
github.com/convision/api/internal/branch/service.go:126.45,128.3 1 0
github.com/convision/api/internal/branch/service.go:129.2,130.15 2 0
github.com/convision/api/internal/branch/service.go:133.89,135.2 1 0
github.com/convision/api/internal/expense/service.go:21.77,23.2 1 0
github.com/convision/api/internal/expense/service.go:73.74,75.2 1 0
github.com/convision/api/internal/expense/service.go:78.63,80.16 2 0
github.com/convision/api/internal/expense/service.go:80.16,82.3 1 0
github.com/convision/api/internal/expense/service.go:83.2,84.25 2 0
github.com/convision/api/internal/expense/service.go:84.25,86.25 2 0
github.com/convision/api/internal/expense/service.go:86.25,88.4 1 0
github.com/convision/api/internal/expense/service.go:88.9,90.4 1 0
github.com/convision/api/internal/expense/service.go:92.2,92.17 1 0
github.com/convision/api/internal/expense/service.go:96.82,99.16 3 0
github.com/convision/api/internal/expense/service.go:99.16,101.3 1 0
github.com/convision/api/internal/expense/service.go:102.2,103.15 2 0
github.com/convision/api/internal/expense/service.go:103.15,105.3 1 0
github.com/convision/api/internal/expense/service.go:106.2,106.112 1 0
github.com/convision/api/internal/expense/service.go:110.106,112.29 2 0
github.com/convision/api/internal/expense/service.go:112.29,114.17 2 0
github.com/convision/api/internal/expense/service.go:114.17,116.4 1 0
github.com/convision/api/internal/expense/service.go:117.3,117.19 1 0
github.com/convision/api/internal/expense/service.go:120.2,124.35 4 0
github.com/convision/api/internal/expense/service.go:124.35,127.3 2 0
github.com/convision/api/internal/expense/service.go:127.8,127.30 1 0
github.com/convision/api/internal/expense/service.go:127.30,129.3 1 0
github.com/convision/api/internal/expense/service.go:131.2,148.45 2 0
github.com/convision/api/internal/expense/service.go:148.45,150.3 1 0
github.com/convision/api/internal/expense/service.go:151.2,152.33 2 0
github.com/convision/api/internal/expense/service.go:156.92,158.16 2 0
github.com/convision/api/internal/expense/service.go:158.16,160.3 1 0
github.com/convision/api/internal/expense/service.go:161.2,161.29 1 0
github.com/convision/api/internal/expense/service.go:161.29,163.3 1 0
github.com/convision/api/internal/expense/service.go:164.2,164.31 1 0
github.com/convision/api/internal/expense/service.go:164.31,166.3 1 0
github.com/convision/api/internal/expense/service.go:167.2,167.25 1 0
github.com/convision/api/internal/expense/service.go:167.25,169.3 1 0
github.com/convision/api/internal/expense/service.go:170.2,170.29 1 0
github.com/convision/api/internal/expense/service.go:170.29,172.3 1 0
github.com/convision/api/internal/expense/service.go:173.2,173.29 1 0
github.com/convision/api/internal/expense/service.go:173.29,175.17 2 0
github.com/convision/api/internal/expense/service.go:175.17,177.4 1 0
github.com/convision/api/internal/expense/service.go:178.3,178.21 1 0
github.com/convision/api/internal/expense/service.go:180.2,180.25 1 0
github.com/convision/api/internal/expense/service.go:180.25,182.3 1 0
github.com/convision/api/internal/expense/service.go:183.2,183.32 1 0
github.com/convision/api/internal/expense/service.go:183.32,185.3 1 0
github.com/convision/api/internal/expense/service.go:186.2,186.30 1 0
github.com/convision/api/internal/expense/service.go:186.30,188.3 1 0
github.com/convision/api/internal/expense/service.go:189.2,189.34 1 0
github.com/convision/api/internal/expense/service.go:189.34,191.3 1 0
github.com/convision/api/internal/expense/service.go:192.2,192.27 1 0
github.com/convision/api/internal/expense/service.go:192.27,194.3 1 0
github.com/convision/api/internal/expense/service.go:195.2,195.23 1 0
github.com/convision/api/internal/expense/service.go:195.23,197.3 1 0
github.com/convision/api/internal/expense/service.go:200.2,201.33 2 0
github.com/convision/api/internal/expense/service.go:201.33,204.3 2 0
github.com/convision/api/internal/expense/service.go:204.8,204.32 1 0
github.com/convision/api/internal/expense/service.go:204.32,206.3 1 0
github.com/convision/api/internal/expense/service.go:206.8,208.3 1 0
github.com/convision/api/internal/expense/service.go:210.2,210.45 1 0
github.com/convision/api/internal/expense/service.go:210.45,212.3 1 0
github.com/convision/api/internal/expense/service.go:213.2,213.31 1 0
github.com/convision/api/internal/expense/service.go:217.54,218.50 1 0
github.com/convision/api/internal/expense/service.go:218.50,220.3 1 0
github.com/convision/api/internal/expense/service.go:221.2,221.30 1 0
github.com/convision/api/internal/dailyactivity/clinic_date.go:7.38,9.16 2 0
github.com/convision/api/internal/dailyactivity/clinic_date.go:9.16,11.3 1 0
github.com/convision/api/internal/dailyactivity/clinic_date.go:12.2,12.12 1 0
github.com/convision/api/internal/dailyactivity/clinic_date.go:15.30,18.2 2 0
github.com/convision/api/internal/dailyactivity/clinic_date.go:20.43,24.2 3 0
github.com/convision/api/internal/dailyactivity/service.go:22.132,24.2 1 0
github.com/convision/api/internal/dailyactivity/service.go:97.88,100.16 3 0
github.com/convision/api/internal/dailyactivity/service.go:100.16,102.3 1 0
github.com/convision/api/internal/dailyactivity/service.go:103.2,103.85 1 0
github.com/convision/api/internal/dailyactivity/service.go:107.86,109.2 1 0
github.com/convision/api/internal/dailyactivity/service.go:112.108,115.19 3 0
github.com/convision/api/internal/dailyactivity/service.go:115.19,118.3 2 0
github.com/convision/api/internal/dailyactivity/service.go:118.8,121.17 3 0
github.com/convision/api/internal/dailyactivity/service.go:121.17,123.4 1 0
github.com/convision/api/internal/dailyactivity/service.go:124.3,124.28 1 0
github.com/convision/api/internal/dailyactivity/service.go:127.2,128.16 2 0
github.com/convision/api/internal/dailyactivity/service.go:128.16,130.3 1 0
github.com/convision/api/internal/dailyactivity/service.go:131.2,131.45 1 0
github.com/convision/api/internal/dailyactivity/service.go:131.45,133.3 1 0
github.com/convision/api/internal/dailyactivity/service.go:135.2,137.38 3 0
github.com/convision/api/internal/dailyactivity/service.go:137.38,140.3 2 0
github.com/convision/api/internal/dailyactivity/service.go:141.2,141.45 1 0
github.com/convision/api/internal/dailyactivity/service.go:141.45,143.3 1 0
github.com/convision/api/internal/dailyactivity/service.go:144.2,150.33 2 0
github.com/convision/api/internal/dailyactivity/service.go:154.141,156.16 2 0
github.com/convision/api/internal/dailyactivity/service.go:156.16,158.3 1 0
github.com/convision/api/internal/dailyactivity/service.go:159.2,159.14 1 0
github.com/convision/api/internal/dailyactivity/service.go:159.14,160.42 1 0
github.com/convision/api/internal/dailyactivity/service.go:160.42,162.4 1 0
github.com/convision/api/internal/dailyactivity/service.go:163.3,163.56 1 0
github.com/convision/api/internal/dailyactivity/service.go:163.56,165.4 1 0
github.com/convision/api/internal/dailyactivity/service.go:168.2,169.32 2 0
github.com/convision/api/internal/dailyactivity/service.go:169.32,171.3 1 0
github.com/convision/api/internal/dailyactivity/service.go:173.2,178.38 6 0
github.com/convision/api/internal/dailyactivity/service.go:178.38,181.3 2 0
github.com/convision/api/internal/dailyactivity/service.go:181.8,183.3 1 0
github.com/convision/api/internal/dailyactivity/service.go:184.2,184.51 1 0
github.com/convision/api/internal/dailyactivity/service.go:184.51,186.3 1 0
github.com/convision/api/internal/dailyactivity/service.go:187.2,193.31 2 0
github.com/convision/api/internal/dailyactivity/service.go:198.121,200.16 2 0
github.com/convision/api/internal/dailyactivity/service.go:200.16,202.3 1 0
github.com/convision/api/internal/dailyactivity/service.go:203.2,203.51 1 0
github.com/convision/api/internal/dailyactivity/service.go:203.51,205.3 1 0
github.com/convision/api/internal/dailyactivity/service.go:206.2,206.53 1 0
github.com/convision/api/internal/dailyactivity/service.go:206.53,208.3 1 0
github.com/convision/api/internal/dailyactivity/service.go:209.2,210.50 2 0
github.com/convision/api/internal/dailyactivity/service.go:210.50,212.3 1 0
github.com/convision/api/internal/dailyactivity/service.go:213.2,219.31 2 0
github.com/convision/api/internal/dailyactivity/service.go:224.109,226.16 2 0
github.com/convision/api/internal/dailyactivity/service.go:226.16,228.3 1 0
github.com/convision/api/internal/dailyactivity/service.go:229.2,229.53 1 0
github.com/convision/api/internal/dailyactivity/service.go:229.53,231.3 1 0
github.com/convision/api/internal/dailyactivity/service.go:232.2,233.50 2 0
github.com/convision/api/internal/dailyactivity/service.go:233.50,235.3 1 0
github.com/convision/api/internal/dailyactivity/service.go:236.2,242.31 2 0
github.com/convision/api/internal/dailyactivity/service.go:246.97,248.2 1 0
github.com/convision/api/internal/dailyactivity/service.go:251.124,254.19 3 0
github.com/convision/api/internal/dailyactivity/service.go:254.19,257.3 2 0
github.com/convision/api/internal/dailyactivity/service.go:257.8,260.17 3 0
github.com/convision/api/internal/dailyactivity/service.go:260.17,262.4 1 0
github.com/convision/api/internal/dailyactivity/service.go:263.3,263.28 1 0
github.com/convision/api/internal/dailyactivity/service.go:266.2,267.16 2 0
github.com/convision/api/internal/dailyactivity/service.go:267.16,268.46 1 0
github.com/convision/api/internal/dailyactivity/service.go:268.46,270.4 1 0
github.com/convision/api/internal/dailyactivity/service.go:271.3,278.51 2 0
github.com/convision/api/internal/dailyactivity/service.go:278.51,280.4 1 0
github.com/convision/api/internal/dailyactivity/service.go:281.3,286.5 1 0
github.com/convision/api/internal/dailyactivity/service.go:289.2,289.53 1 0
[...]
github.com/convision/api/internal/auth/service.go:253.2,263.8 2 0
github.com/convision/api/internal/auth/service.go:266.88,267.88 1 0
github.com/convision/api/internal/auth/service.go:267.88,269.3 1 0
github.com/convision/api/internal/auth/service.go:270.2,271.16 2 0
github.com/convision/api/internal/auth/service.go:271.16,274.3 2 0
github.com/convision/api/internal/auth/service.go:275.2,275.24 1 0
github.com/convision/api/internal/auth/service.go:275.24,278.3 2 0
github.com/convision/api/internal/auth/service.go:279.2,279.12 1 0
github.com/convision/api/internal/auth/service.go:282.77,283.39 1 0
github.com/convision/api/internal/auth/service.go:283.39,285.17 2 0
github.com/convision/api/internal/auth/service.go:285.17,288.4 2 0
github.com/convision/api/internal/auth/service.go:289.3,290.17 2 0
github.com/convision/api/internal/auth/service.go:290.17,293.4 2 0
github.com/convision/api/internal/auth/service.go:294.3,295.33 2 0
github.com/convision/api/internal/auth/service.go:295.33,297.4 1 0
github.com/convision/api/internal/auth/service.go:298.3,298.13 1 0
github.com/convision/api/internal/auth/service.go:301.2,302.16 2 0
github.com/convision/api/internal/auth/service.go:302.16,305.3 2 0
github.com/convision/api/internal/auth/service.go:307.2,308.16 2 0
github.com/convision/api/internal/auth/service.go:308.16,311.3 2 0
github.com/convision/api/internal/auth/service.go:313.2,314.32 2 0
github.com/convision/api/internal/auth/service.go:314.32,316.3 1 0
github.com/convision/api/internal/auth/service.go:317.2,317.12 1 0
github.com/convision/api/internal/laboratory/service.go:37.12,39.2 1 1
github.com/convision/api/internal/laboratory/service.go:213.75,214.16 1 1
github.com/convision/api/internal/laboratory/service.go:214.16,216.3 1 0
github.com/convision/api/internal/laboratory/service.go:217.2,217.46 1 1
github.com/convision/api/internal/laboratory/service.go:217.46,219.3 1 1
github.com/convision/api/internal/laboratory/service.go:220.2,220.14 1 0
github.com/convision/api/internal/laboratory/service.go:258.76,260.2 1 1
github.com/convision/api/internal/laboratory/service.go:262.92,265.16 3 0
github.com/convision/api/internal/laboratory/service.go:265.16,267.3 1 0
github.com/convision/api/internal/laboratory/service.go:269.2,270.32 2 0
github.com/convision/api/internal/laboratory/service.go:270.32,272.3 1 0
github.com/convision/api/internal/laboratory/service.go:274.2,274.108 1 0
github.com/convision/api/internal/laboratory/service.go:277.92,279.18 2 1
github.com/convision/api/internal/laboratory/service.go:279.18,281.3 1 1
github.com/convision/api/internal/laboratory/service.go:283.2,293.48 2 1
github.com/convision/api/internal/laboratory/service.go:293.48,295.3 1 0
github.com/convision/api/internal/laboratory/service.go:297.2,298.36 2 1
github.com/convision/api/internal/laboratory/service.go:301.101,303.16 2 0
github.com/convision/api/internal/laboratory/service.go:303.16,305.3 1 0
github.com/convision/api/internal/laboratory/service.go:307.2,307.22 1 0
github.com/convision/api/internal/laboratory/service.go:307.22,309.3 1 0
github.com/convision/api/internal/laboratory/service.go:310.2,310.31 1 0
github.com/convision/api/internal/laboratory/service.go:310.31,312.3 1 0
github.com/convision/api/internal/laboratory/service.go:313.2,313.23 1 0
github.com/convision/api/internal/laboratory/service.go:313.23,315.3 1 0
github.com/convision/api/internal/laboratory/service.go:316.2,316.23 1 0
github.com/convision/api/internal/laboratory/service.go:316.23,318.3 1 0
github.com/convision/api/internal/laboratory/service.go:319.2,319.25 1 0
github.com/convision/api/internal/laboratory/service.go:319.25,321.3 1 0
github.com/convision/api/internal/laboratory/service.go:322.2,322.24 1 0
github.com/convision/api/internal/laboratory/service.go:322.24,324.3 1 0
github.com/convision/api/internal/laboratory/service.go:325.2,325.23 1 0
github.com/convision/api/internal/laboratory/service.go:325.23,327.3 1 0
github.com/convision/api/internal/laboratory/service.go:329.2,329.48 1 0
github.com/convision/api/internal/laboratory/service.go:329.48,331.3 1 0
github.com/convision/api/internal/laboratory/service.go:332.2,332.34 1 0
github.com/convision/api/internal/laboratory/service.go:335.57,337.16 2 0
github.com/convision/api/internal/laboratory/service.go:337.16,339.3 1 0
github.com/convision/api/internal/laboratory/service.go:340.2,340.33 1 0
github.com/convision/api/internal/laboratory/service.go:345.83,347.2 1 0
github.com/convision/api/internal/laboratory/service.go:349.101,352.16 3 0
github.com/convision/api/internal/laboratory/service.go:352.16,354.3 1 0
github.com/convision/api/internal/laboratory/service.go:356.2,357.32 2 0
github.com/convision/api/internal/laboratory/service.go:357.32,359.3 1 0
github.com/convision/api/internal/laboratory/service.go:361.2,361.110 1 0
github.com/convision/api/internal/laboratory/service.go:364.56,365.16 1 1
github.com/convision/api/internal/laboratory/service.go:365.16,367.3 1 1
github.com/convision/api/internal/laboratory/service.go:368.2,380.3 1 0
github.com/convision/api/internal/laboratory/service.go:383.71,384.16 1 1
github.com/convision/api/internal/laboratory/service.go:384.16,386.3 1 1
github.com/convision/api/internal/laboratory/service.go:387.2,399.3 1 0
github.com/convision/api/internal/laboratory/service.go:402.114,404.18 2 1
github.com/convision/api/internal/laboratory/service.go:404.18,406.3 1 1
github.com/convision/api/internal/laboratory/service.go:408.2,409.20 2 1
github.com/convision/api/internal/laboratory/service.go:409.20,411.3 1 1
github.com/convision/api/internal/laboratory/service.go:413.2,414.82 2 1
github.com/convision/api/internal/laboratory/service.go:414.82,416.17 2 0
github.com/convision/api/internal/laboratory/service.go:416.17,418.4 1 0
github.com/convision/api/internal/laboratory/service.go:421.2,422.52 2 1
github.com/convision/api/internal/laboratory/service.go:422.52,424.17 2 0
github.com/convision/api/internal/laboratory/service.go:424.17,426.4 1 0
github.com/convision/api/internal/laboratory/service.go:429.2,433.70 4 1
github.com/convision/api/internal/laboratory/service.go:433.70,434.84 1 0
github.com/convision/api/internal/laboratory/service.go:434.84,435.21 1 0
github.com/convision/api/internal/laboratory/service.go:435.21,437.5 1 0
github.com/convision/api/internal/laboratory/service.go:437.10,439.5 1 0
github.com/convision/api/internal/laboratory/service.go:443.2,464.50 2 1
github.com/convision/api/internal/laboratory/service.go:464.50,466.3 1 0
github.com/convision/api/internal/laboratory/service.go:469.2,477.38 3 1
github.com/convision/api/internal/laboratory/service.go:480.110,482.16 2 0
github.com/convision/api/internal/laboratory/service.go:482.16,484.3 1 0
github.com/convision/api/internal/laboratory/service.go:486.2,486.31 1 0
github.com/convision/api/internal/laboratory/service.go:486.31,488.3 1 0
github.com/convision/api/internal/laboratory/service.go:489.2,489.28 1 0
github.com/convision/api/internal/laboratory/service.go:489.28,491.3 1 0
github.com/convision/api/internal/laboratory/service.go:492.2,492.26 1 0
github.com/convision/api/internal/laboratory/service.go:492.26,494.3 1 0
github.com/convision/api/internal/laboratory/service.go:495.2,495.25 1 0
github.com/convision/api/internal/laboratory/service.go:495.25,497.3 1 0
github.com/convision/api/internal/laboratory/service.go:498.2,498.24 1 0
github.com/convision/api/internal/laboratory/service.go:498.24,500.3 1 0
github.com/convision/api/internal/laboratory/service.go:501.2,501.26 1 0
github.com/convision/api/internal/laboratory/service.go:501.26,503.3 1 0
github.com/convision/api/internal/laboratory/service.go:504.2,504.82 1 0
github.com/convision/api/internal/laboratory/service.go:504.82,506.17 2 0
github.com/convision/api/internal/laboratory/service.go:506.17,508.4 1 0
github.com/convision/api/internal/laboratory/service.go:510.2,510.23 1 0
github.com/convision/api/internal/laboratory/service.go:510.23,512.3 1 0
github.com/convision/api/internal/laboratory/service.go:513.2,513.31 1 0
github.com/convision/api/internal/laboratory/service.go:513.31,515.3 1 0
github.com/convision/api/internal/laboratory/service.go:516.2,516.23 1 0
github.com/convision/api/internal/laboratory/service.go:516.23,518.3 1 0
github.com/convision/api/internal/laboratory/service.go:519.2,519.23 1 0
github.com/convision/api/internal/laboratory/service.go:519.23,521.3 1 0
github.com/convision/api/internal/laboratory/service.go:522.2,522.25 1 0
github.com/convision/api/internal/laboratory/service.go:522.25,524.3 1 0
github.com/convision/api/internal/laboratory/service.go:525.2,525.25 1 0
github.com/convision/api/internal/laboratory/service.go:525.25,527.3 1 0
github.com/convision/api/internal/laboratory/service.go:528.2,528.29 1 0
github.com/convision/api/internal/laboratory/service.go:528.29,530.3 1 0
github.com/convision/api/internal/laboratory/service.go:531.2,531.29 1 0
github.com/convision/api/internal/laboratory/service.go:531.29,533.3 1 0
github.com/convision/api/internal/laboratory/service.go:534.2,534.52 1 0
github.com/convision/api/internal/laboratory/service.go:534.52,536.17 2 0
github.com/convision/api/internal/laboratory/service.go:536.17,538.4 1 0
github.com/convision/api/internal/laboratory/service.go:540.2,540.25 1 0
github.com/convision/api/internal/laboratory/service.go:540.25,542.3 1 0
github.com/convision/api/internal/laboratory/service.go:543.2,543.38 1 0
github.com/convision/api/internal/laboratory/service.go:543.38,545.3 1 0
github.com/convision/api/internal/laboratory/service.go:547.2,547.50 1 0
github.com/convision/api/internal/laboratory/service.go:547.50,549.3 1 0
github.com/convision/api/internal/laboratory/service.go:550.2,550.36 1 0
github.com/convision/api/internal/laboratory/service.go:553.135,555.16 2 1
github.com/convision/api/internal/laboratory/service.go:555.16,557.3 1 0
github.com/convision/api/internal/laboratory/service.go:559.2,560.44 2 1
github.com/convision/api/internal/laboratory/service.go:560.44,565.3 1 0
github.com/convision/api/internal/laboratory/service.go:567.2,568.50 2 1
github.com/convision/api/internal/laboratory/service.go:568.50,570.3 1 0
github.com/convision/api/internal/laboratory/service.go:573.2,580.36 2 1
github.com/convision/api/internal/laboratory/service.go:587.133,589.16 2 0
github.com/convision/api/internal/laboratory/service.go:589.16,591.3 1 0
github.com/convision/api/internal/laboratory/service.go:593.2,594.16 2 0
github.com/convision/api/internal/laboratory/service.go:594.16,596.3 1 0
github.com/convision/api/internal/laboratory/service.go:597.2,597.93 1 0
github.com/convision/api/internal/laboratory/service.go:597.93,599.3 1 0
github.com/convision/api/internal/laboratory/service.go:601.2,605.19 4 0
github.com/convision/api/internal/laboratory/service.go:605.19,607.3 1 0
github.com/convision/api/internal/laboratory/service.go:609.2,609.50 1 0
github.com/convision/api/internal/laboratory/service.go:609.50,611.3 1 0
github.com/convision/api/internal/laboratory/service.go:613.2,615.17 3 0
github.com/convision/api/internal/laboratory/service.go:615.17,617.3 1 0
github.com/convision/api/internal/laboratory/service.go:618.2,630.36 3 0
github.com/convision/api/internal/laboratory/service.go:633.59,635.16 2 0
github.com/convision/api/internal/laboratory/service.go:635.16,637.3 1 0
github.com/convision/api/internal/laboratory/service.go:638.2,638.35 1 0
github.com/convision/api/internal/laboratory/service.go:641.82,643.16 2 0
github.com/convision/api/internal/laboratory/service.go:643.16,645.3 1 0
github.com/convision/api/internal/laboratory/service.go:647.2,647.22 1 0
github.com/convision/api/internal/laboratory/service.go:647.22,650.63 3 0
github.com/convision/api/internal/laboratory/service.go:650.63,652.4 1 0
github.com/convision/api/internal/laboratory/service.go:655.2,656.19 2 0
github.com/convision/api/internal/laboratory/service.go:656.19,658.3 1 0
github.com/convision/api/internal/laboratory/service.go:659.2,664.8 2 0
github.com/convision/api/internal/laboratory/service.go:667.64,669.2 1 0
github.com/convision/api/internal/laboratory/service.go:673.73,675.2 1 0
github.com/convision/api/internal/laboratory/service.go:677.116,686.16 4 0
github.com/convision/api/internal/laboratory/service.go:686.16,688.3 1 0
github.com/convision/api/internal/laboratory/service.go:690.2,691.27 2 0
github.com/convision/api/internal/laboratory/service.go:691.27,693.3 1 0
github.com/convision/api/internal/laboratory/service.go:695.2,696.16 2 0
github.com/convision/api/internal/laboratory/service.go:696.16,698.3 1 0
github.com/convision/api/internal/laboratory/service.go:700.2,701.26 2 0
github.com/convision/api/internal/laboratory/service.go:701.26,703.3 1 0
github.com/convision/api/internal/laboratory/service.go:705.2,706.27 2 0
github.com/convision/api/internal/laboratory/service.go:706.27,713.41 3 0
github.com/convision/api/internal/laboratory/service.go:713.41,714.35 1 0
github.com/convision/api/internal/laboratory/service.go:714.35,716.5 1 0
github.com/convision/api/internal/laboratory/service.go:718.3,721.26 3 0
github.com/convision/api/internal/laboratory/service.go:721.26,723.4 1 0
github.com/convision/api/internal/laboratory/service.go:725.3,725.20 1 0
github.com/convision/api/internal/laboratory/service.go:725.20,728.4 2 0
github.com/convision/api/internal/laboratory/service.go:730.3,730.18 1 0
github.com/convision/api/internal/laboratory/service.go:733.2,734.32 2 0
github.com/convision/api/internal/laboratory/service.go:734.32,736.3 1 0
github.com/convision/api/internal/laboratory/service.go:738.2,738.115 1 0
github.com/convision/api/internal/laboratory/service.go:741.143,743.16 2 0
github.com/convision/api/internal/laboratory/service.go:743.16,745.3 1 0
github.com/convision/api/internal/laboratory/service.go:747.2,747.55 1 0
github.com/convision/api/internal/laboratory/service.go:747.55,749.3 1 0
github.com/convision/api/internal/laboratory/service.go:751.2,752.66 2 0
github.com/convision/api/internal/laboratory/service.go:752.66,754.17 2 0
github.com/convision/api/internal/laboratory/service.go:754.17,756.4 1 0
github.com/convision/api/internal/laboratory/service.go:759.2,768.52 2 0
github.com/convision/api/internal/laboratory/service.go:768.52,770.3 1 0
github.com/convision/api/internal/laboratory/service.go:772.2,773.18 2 0
github.com/convision/api/internal/laboratory/service.go:776.108,778.2 1 0
github.com/convision/api/internal/laboratory/service.go:780.93,782.16 2 0
github.com/convision/api/internal/laboratory/service.go:782.16,784.3 1 0
github.com/convision/api/internal/laboratory/service.go:786.2,787.16 2 0
github.com/convision/api/internal/laboratory/service.go:787.16,789.3 1 0
github.com/convision/api/internal/laboratory/service.go:791.2,797.40 3 0
github.com/convision/api/internal/laboratory/service.go:797.40,798.34 1 0
github.com/convision/api/internal/laboratory/service.go:798.34,800.4 1 0
github.com/convision/api/internal/laboratory/service.go:802.2,804.20 2 0
github.com/convision/api/internal/laboratory/service.go:804.20,806.3 1 0
github.com/convision/api/internal/laboratory/service.go:808.2,808.19 1 0
github.com/convision/api/internal/laboratory/service.go:808.19,811.3 2 0
github.com/convision/api/internal/laboratory/service.go:813.2,813.18 1 0
github.com/convision/api/internal/laboratory/service.go:816.85,818.16 2 0
github.com/convision/api/internal/laboratory/service.go:818.16,820.3 1 0
github.com/convision/api/internal/laboratory/service.go:822.2,822.55 1 0
github.com/convision/api/internal/laboratory/service.go:822.55,824.3 1 0
github.com/convision/api/internal/laboratory/service.go:826.2,827.50 2 0
github.com/convision/api/internal/laboratory/service.go:827.50,829.3 1 0
github.com/convision/api/internal/laboratory/service.go:831.2,838.21 2 0
github.com/convision/api/internal/laboratory/service.go:838.21,840.17 2 0
github.com/convision/api/internal/laboratory/service.go:840.17,845.4 4 0
github.com/convision/api/internal/laboratory/service.go:848.2,849.12 2 0
github.com/convision/api/internal/laboratory/service.go:854.129,856.2 1 0
github.com/convision/api/internal/laboratory/service.go:858.150,865.53 2 0
github.com/convision/api/internal/laboratory/service.go:865.53,867.3 1 0
github.com/convision/api/internal/laboratory/service.go:868.2,868.15 1 0
github.com/convision/api/internal/platform/clock/clock.go:17.32,19.16 2 1
github.com/convision/api/internal/platform/clock/clock.go:19.16,21.3 1 0
github.com/convision/api/internal/platform/clock/clock.go:22.2,22.12 1 1
github.com/convision/api/internal/platform/clock/clock.go:26.22,28.2 1 0
github.com/convision/api/internal/platform/clock/clock.go:33.45,35.13 2 1
github.com/convision/api/internal/platform/clock/clock.go:35.13,37.3 1 0
github.com/convision/api/internal/platform/clock/clock.go:38.2,38.58 1 1
github.com/convision/api/internal/platform/clock/clock.go:45.49,47.13 2 1
github.com/convision/api/internal/platform/clock/clock.go:47.13,49.3 1 1
github.com/convision/api/internal/platform/clock/clock.go:51.2,57.4 2 1
github.com/convision/api/internal/platform/clock/clock.go:57.4,58.65 1 1
github.com/convision/api/internal/platform/clock/clock.go:58.65,60.4 1 1
github.com/convision/api/internal/platform/clock/clock.go:62.2,62.95 1 1
github.com/convision/api/internal/platform/clock/clock.go:62.95,63.50 1 1
github.com/convision/api/internal/platform/clock/clock.go:63.50,65.4 1 1
github.com/convision/api/internal/platform/clock/clock.go:67.2,67.63 1 0
github.com/convision/api/internal/platform/clock/clock.go:73.63,75.2 1 0
github.com/convision/api/internal/platform/featurecache/cache.go:24.49,25.14 1 1
github.com/convision/api/internal/platform/featurecache/cache.go:25.14,27.3 1 1
github.com/convision/api/internal/platform/featurecache/cache.go:28.2,28.67 1 1
github.com/convision/api/internal/platform/featurecache/cache.go:31.61,35.46 4 0
github.com/convision/api/internal/platform/featurecache/cache.go:35.46,37.3 1 0
github.com/convision/api/internal/platform/featurecache/cache.go:38.2,38.28 1 0
github.com/convision/api/internal/platform/featurecache/cache.go:41.43,45.2 3 1
github.com/convision/api/internal/platform/featurecache/cache.go:47.58,51.78 3 0
github.com/convision/api/internal/platform/featurecache/cache.go:51.78,53.3 1 0
github.com/convision/api/internal/platform/featurecache/cache.go:54.2,62.16 3 0
github.com/convision/api/internal/platform/featurecache/cache.go:62.16,64.3 1 0
github.com/convision/api/internal/platform/featurecache/cache.go:65.2,66.25 2 0
github.com/convision/api/internal/platform/featurecache/cache.go:66.25,68.3 1 0
github.com/convision/api/internal/platform/featurecache/cache.go:70.2,71.26 2 0
github.com/convision/api/internal/platform/featurecache/cache.go:71.26,73.3 1 0
github.com/convision/api/internal/platform/featurecache/cache.go:74.2,74.42 1 0
github.com/convision/api/internal/platform/featurecache/cache.go:74.42,75.28 1 0
github.com/convision/api/internal/platform/featurecache/cache.go:75.28,77.4 1 0
github.com/convision/api/internal/platform/featurecache/cache.go:80.2,81.19 2 0
github.com/convision/api/internal/platform/opticacache/cache.go:23.19,25.2 1 1
github.com/convision/api/internal/platform/opticacache/cache.go:27.43,30.16 3 0
github.com/convision/api/internal/platform/opticacache/cache.go:30.16,32.3 1 0
github.com/convision/api/internal/platform/opticacache/cache.go:33.2,35.28 3 0
github.com/convision/api/internal/platform/opticacache/cache.go:35.28,42.3 1 0
github.com/convision/api/internal/platform/opticacache/cache.go:43.2,43.12 1 0
github.com/convision/api/internal/platform/opticacache/cache.go:46.55,51.2 4 1
github.com/convision/api/internal/platform/opticacache/cache.go:53.38,57.2 3 1
github.com/convision/api/internal/platform/opticacache/cache.go:59.37,63.2 3 1
github.com/convision/api/internal/platform/opticacache/cache.go:65.27,69.2 3 1
github.com/convision/api/internal/platform/opticacache/cache.go:75.64,79.2 3 0
