mode: set
github.com/convision/api/internal/catalog/service.go:32.12,43.2 1 0
github.com/convision/api/internal/catalog/service.go:47.49,48.16 1 0
github.com/convision/api/internal/catalog/service.go:48.16,50.3 1 0
github.com/convision/api/internal/catalog/service.go:51.2,52.29 2 0
github.com/convision/api/internal/catalog/service.go:52.29,54.3 1 0
github.com/convision/api/internal/catalog/service.go:55.2,55.11 1 0
github.com/convision/api/internal/catalog/service.go:58.46,59.14 1 0
github.com/convision/api/internal/catalog/service.go:59.14,61.3 1 0
github.com/convision/api/internal/catalog/service.go:62.2,62.34 1 0
github.com/convision/api/internal/catalog/service.go:62.34,64.3 1 0
github.com/convision/api/internal/catalog/service.go:65.2,65.22 1 0
github.com/convision/api/internal/catalog/service.go:85.88,88.16 3 0
github.com/convision/api/internal/catalog/service.go:88.16,90.3 1 0
github.com/convision/api/internal/catalog/service.go:91.2,97.8 1 0
github.com/convision/api/internal/catalog/service.go:100.73,102.2 1 0
github.com/convision/api/internal/catalog/service.go:104.85,106.50 2 0
github.com/convision/api/internal/catalog/service.go:106.50,108.3 1 0
github.com/convision/api/internal/catalog/service.go:109.2,109.15 1 0
github.com/convision/api/internal/catalog/service.go:112.94,114.16 2 0
github.com/convision/api/internal/catalog/service.go:114.16,116.3 1 0
github.com/convision/api/internal/catalog/service.go:117.2,119.50 3 0
github.com/convision/api/internal/catalog/service.go:119.50,121.3 1 0
github.com/convision/api/internal/catalog/service.go:122.2,122.36 1 0
github.com/convision/api/internal/catalog/service.go:125.59,126.55 1 0
github.com/convision/api/internal/catalog/service.go:126.55,128.3 1 0
github.com/convision/api/internal/catalog/service.go:129.2,129.35 1 0
github.com/convision/api/internal/catalog/service.go:147.94,150.16 3 0
github.com/convision/api/internal/catalog/service.go:150.16,152.3 1 0
github.com/convision/api/internal/catalog/service.go:153.2,156.8 1 0
github.com/convision/api/internal/catalog/service.go:159.79,161.2 1 0
github.com/convision/api/internal/catalog/service.go:163.94,165.53 2 0
github.com/convision/api/internal/catalog/service.go:165.53,167.3 1 0
github.com/convision/api/internal/catalog/service.go:168.2,168.15 1 0
github.com/convision/api/internal/catalog/service.go:171.103,173.16 2 0
github.com/convision/api/internal/catalog/service.go:173.16,175.3 1 0
github.com/convision/api/internal/catalog/service.go:176.2,178.53 3 0
github.com/convision/api/internal/catalog/service.go:178.53,180.3 1 0
github.com/convision/api/internal/catalog/service.go:181.2,181.39 1 0
github.com/convision/api/internal/catalog/service.go:184.62,185.58 1 0
github.com/convision/api/internal/catalog/service.go:185.58,187.3 1 0
github.com/convision/api/internal/catalog/service.go:188.2,188.38 1 0
github.com/convision/api/internal/catalog/service.go:206.94,209.16 3 0
github.com/convision/api/internal/catalog/service.go:209.16,211.3 1 0
github.com/convision/api/internal/catalog/service.go:212.2,215.8 1 0
github.com/convision/api/internal/catalog/service.go:218.79,220.2 1 0
github.com/convision/api/internal/catalog/service.go:222.94,224.53 2 0
github.com/convision/api/internal/catalog/service.go:224.53,226.3 1 0
github.com/convision/api/internal/catalog/service.go:227.2,227.15 1 0
github.com/convision/api/internal/catalog/service.go:230.103,232.16 2 0
github.com/convision/api/internal/catalog/service.go:232.16,234.3 1 0
github.com/convision/api/internal/catalog/service.go:235.2,237.53 3 0
github.com/convision/api/internal/catalog/service.go:237.53,239.3 1 0
github.com/convision/api/internal/catalog/service.go:240.2,240.39 1 0
github.com/convision/api/internal/catalog/service.go:243.62,244.58 1 0
github.com/convision/api/internal/catalog/service.go:244.58,246.3 1 0
github.com/convision/api/internal/catalog/service.go:247.2,247.38 1 0
github.com/convision/api/internal/catalog/service.go:265.97,268.16 3 0
github.com/convision/api/internal/catalog/service.go:268.16,270.3 1 0
github.com/convision/api/internal/catalog/service.go:271.2,274.8 1 0
github.com/convision/api/internal/catalog/service.go:277.81,279.2 1 0
github.com/convision/api/internal/catalog/service.go:281.97,283.54 2 0
github.com/convision/api/internal/catalog/service.go:283.54,285.3 1 0
github.com/convision/api/internal/catalog/service.go:286.2,286.15 1 0
github.com/convision/api/internal/catalog/service.go:289.106,291.16 2 0
github.com/convision/api/internal/catalog/service.go:291.16,293.3 1 0
github.com/convision/api/internal/catalog/service.go:294.2,296.54 3 0
github.com/convision/api/internal/catalog/service.go:296.54,298.3 1 0
github.com/convision/api/internal/catalog/service.go:299.2,299.40 1 0
github.com/convision/api/internal/catalog/service.go:302.63,303.59 1 0
github.com/convision/api/internal/catalog/service.go:303.59,305.3 1 0
github.com/convision/api/internal/catalog/service.go:306.2,306.39 1 0
github.com/convision/api/internal/catalog/service.go:324.96,327.16 3 0
github.com/convision/api/internal/catalog/service.go:327.16,329.3 1 0
github.com/convision/api/internal/catalog/service.go:330.2,333.8 1 0
github.com/convision/api/internal/catalog/service.go:336.81,338.2 1 0
github.com/convision/api/internal/catalog/service.go:340.97,342.54 2 0
github.com/convision/api/internal/catalog/service.go:342.54,344.3 1 0
github.com/convision/api/internal/catalog/service.go:345.2,345.15 1 0
github.com/convision/api/internal/catalog/service.go:348.106,350.16 2 0
github.com/convision/api/internal/catalog/service.go:350.16,352.3 1 0
github.com/convision/api/internal/catalog/service.go:353.2,355.54 3 0
github.com/convision/api/internal/catalog/service.go:355.54,357.3 1 0
github.com/convision/api/internal/catalog/service.go:358.2,358.40 1 0
github.com/convision/api/internal/catalog/service.go:361.63,362.59 1 0
github.com/convision/api/internal/catalog/service.go:362.59,364.3 1 0
github.com/convision/api/internal/catalog/service.go:365.2,365.39 1 0
github.com/convision/api/internal/catalog/service.go:383.102,386.16 3 0
github.com/convision/api/internal/catalog/service.go:386.16,388.3 1 0
github.com/convision/api/internal/catalog/service.go:389.2,392.8 1 0
github.com/convision/api/internal/catalog/service.go:395.87,397.2 1 0
github.com/convision/api/internal/catalog/service.go:399.106,401.57 2 0
github.com/convision/api/internal/catalog/service.go:401.57,403.3 1 0
github.com/convision/api/internal/catalog/service.go:404.2,404.15 1 0
github.com/convision/api/internal/catalog/service.go:407.115,409.16 2 0
github.com/convision/api/internal/catalog/service.go:409.16,411.3 1 0
github.com/convision/api/internal/catalog/service.go:412.2,414.57 3 0
github.com/convision/api/internal/catalog/service.go:414.57,416.3 1 0
github.com/convision/api/internal/catalog/service.go:417.2,417.43 1 0
github.com/convision/api/internal/catalog/service.go:420.66,421.62 1 0
github.com/convision/api/internal/catalog/service.go:421.62,423.3 1 0
github.com/convision/api/internal/catalog/service.go:424.2,424.42 1 0
github.com/convision/api/internal/catalog/service.go:446.104,449.16 3 0
github.com/convision/api/internal/catalog/service.go:449.16,451.3 1 0
github.com/convision/api/internal/catalog/service.go:452.2,455.8 1 0
github.com/convision/api/internal/catalog/service.go:459.90,461.2 1 0
github.com/convision/api/internal/catalog/service.go:463.89,465.2 1 0
github.com/convision/api/internal/catalog/service.go:467.109,469.27 2 0
github.com/convision/api/internal/catalog/service.go:469.27,471.3 1 0
github.com/convision/api/internal/catalog/service.go:472.2,473.36 2 0
github.com/convision/api/internal/catalog/service.go:473.36,475.3 1 0
github.com/convision/api/internal/catalog/service.go:476.2,481.58 2 0
github.com/convision/api/internal/catalog/service.go:481.58,483.3 1 0
github.com/convision/api/internal/catalog/service.go:484.2,484.15 1 0
github.com/convision/api/internal/catalog/service.go:487.118,489.16 2 0
github.com/convision/api/internal/catalog/service.go:489.16,491.3 1 0
github.com/convision/api/internal/catalog/service.go:492.2,492.22 1 0
github.com/convision/api/internal/catalog/service.go:492.22,494.3 1 0
github.com/convision/api/internal/catalog/service.go:495.2,495.22 1 0
github.com/convision/api/internal/catalog/service.go:495.22,497.3 1 0
github.com/convision/api/internal/catalog/service.go:498.2,500.27 3 0
github.com/convision/api/internal/catalog/service.go:500.27,502.3 1 0
github.com/convision/api/internal/catalog/service.go:503.2,503.36 1 0
github.com/convision/api/internal/catalog/service.go:503.36,505.3 1 0
github.com/convision/api/internal/catalog/service.go:506.2,506.58 1 0
github.com/convision/api/internal/catalog/service.go:506.58,508.3 1 0
github.com/convision/api/internal/catalog/service.go:509.2,509.44 1 0
github.com/convision/api/internal/catalog/service.go:512.67,513.63 1 0
github.com/convision/api/internal/catalog/service.go:513.63,515.3 1 0
github.com/convision/api/internal/catalog/service.go:516.2,516.43 1 0
github.com/convision/api/internal/clinic/service.go:27.12,29.2 1 0
github.com/convision/api/internal/clinic/service.go:211.46,212.14 1 0
github.com/convision/api/internal/clinic/service.go:212.14,214.3 1 0
github.com/convision/api/internal/clinic/service.go:215.2,215.34 1 0
github.com/convision/api/internal/clinic/service.go:215.34,217.3 1 0
github.com/convision/api/internal/clinic/service.go:218.2,218.22 1 0
github.com/convision/api/internal/clinic/service.go:222.82,224.2 1 0
github.com/convision/api/internal/clinic/service.go:227.102,229.2 1 0
github.com/convision/api/internal/clinic/service.go:232.101,235.16 3 0
github.com/convision/api/internal/clinic/service.go:235.16,237.3 1 0
github.com/convision/api/internal/clinic/service.go:238.2,239.18 2 0
github.com/convision/api/internal/clinic/service.go:239.18,241.3 1 0
github.com/convision/api/internal/clinic/service.go:242.2,242.108 1 0
github.com/convision/api/internal/clinic/service.go:246.123,249.2 2 0
github.com/convision/api/internal/clinic/service.go:252.91,253.67 1 0
github.com/convision/api/internal/clinic/service.go:253.67,255.3 1 0
github.com/convision/api/internal/clinic/service.go:257.2,313.50 2 0
github.com/convision/api/internal/clinic/service.go:313.50,315.3 1 0
github.com/convision/api/internal/clinic/service.go:317.2,321.38 2 0
github.com/convision/api/internal/clinic/service.go:325.100,327.16 2 0
github.com/convision/api/internal/clinic/service.go:327.16,329.3 1 0
github.com/convision/api/internal/clinic/service.go:331.2,332.39 2 0
github.com/convision/api/internal/clinic/service.go:332.39,334.3 1 0
github.com/convision/api/internal/clinic/service.go:335.2,335.32 1 0
github.com/convision/api/internal/clinic/service.go:335.32,337.3 1 0
github.com/convision/api/internal/clinic/service.go:338.2,338.33 1 0
github.com/convision/api/internal/clinic/service.go:338.33,340.3 1 0
github.com/convision/api/internal/clinic/service.go:341.2,341.31 1 0
github.com/convision/api/internal/clinic/service.go:341.31,343.3 1 0
github.com/convision/api/internal/clinic/service.go:344.2,344.37 1 0
github.com/convision/api/internal/clinic/service.go:344.37,346.3 1 0
github.com/convision/api/internal/clinic/service.go:347.2,347.40 1 0
github.com/convision/api/internal/clinic/service.go:347.40,349.3 1 0
github.com/convision/api/internal/clinic/service.go:350.2,350.39 1 0
github.com/convision/api/internal/clinic/service.go:350.39,352.3 1 0
github.com/convision/api/internal/clinic/service.go:353.2,353.35 1 0
github.com/convision/api/internal/clinic/service.go:353.35,355.3 1 0
github.com/convision/api/internal/clinic/service.go:356.2,356.43 1 0
github.com/convision/api/internal/clinic/service.go:356.43,358.3 1 0
github.com/convision/api/internal/clinic/service.go:359.2,359.28 1 0
github.com/convision/api/internal/clinic/service.go:359.28,361.3 1 0
github.com/convision/api/internal/clinic/service.go:362.2,362.37 1 0
github.com/convision/api/internal/clinic/service.go:362.37,364.3 1 0
github.com/convision/api/internal/clinic/service.go:365.2,365.39 1 0
github.com/convision/api/internal/clinic/service.go:365.39,367.3 1 0
github.com/convision/api/internal/clinic/service.go:368.2,368.29 1 0
github.com/convision/api/internal/clinic/service.go:368.29,370.3 1 0
github.com/convision/api/internal/clinic/service.go:371.2,371.27 1 0
github.com/convision/api/internal/clinic/service.go:371.27,373.3 1 0
github.com/convision/api/internal/clinic/service.go:374.2,407.28 34 0
github.com/convision/api/internal/clinic/service.go:407.28,409.3 1 0
github.com/convision/api/internal/clinic/service.go:410.2,410.31 1 0
github.com/convision/api/internal/clinic/service.go:410.31,412.3 1 0
github.com/convision/api/internal/clinic/service.go:413.2,413.30 1 0
github.com/convision/api/internal/clinic/service.go:413.30,415.3 1 0
github.com/convision/api/internal/clinic/service.go:417.2,417.50 1 0
github.com/convision/api/internal/clinic/service.go:417.50,419.3 1 0
github.com/convision/api/internal/clinic/service.go:421.2,422.38 2 0
github.com/convision/api/internal/clinic/service.go:426.93,428.2 1 0
github.com/convision/api/internal/clinic/service.go:431.112,434.16 3 0
github.com/convision/api/internal/clinic/service.go:434.16,436.3 1 0
github.com/convision/api/internal/clinic/service.go:437.2,438.18 2 0
github.com/convision/api/internal/clinic/service.go:438.18,440.3 1 0
github.com/convision/api/internal/clinic/service.go:441.2,441.117 1 0
github.com/convision/api/internal/clinic/service.go:445.111,446.76 1 0
github.com/convision/api/internal/clinic/service.go:446.76,448.3 1 0
github.com/convision/api/internal/clinic/service.go:450.2,474.31 2 0
github.com/convision/api/internal/clinic/service.go:474.31,476.17 2 0
github.com/convision/api/internal/clinic/service.go:476.17,478.4 1 0
github.com/convision/api/internal/clinic/service.go:481.2,481.51 1 0
github.com/convision/api/internal/clinic/service.go:481.51,483.3 1 0
github.com/convision/api/internal/clinic/service.go:485.2,486.39 2 0
github.com/convision/api/internal/clinic/service.go:490.120,492.16 2 0
github.com/convision/api/internal/clinic/service.go:492.16,494.3 1 0
github.com/convision/api/internal/clinic/service.go:496.2,497.32 2 0
github.com/convision/api/internal/clinic/service.go:497.32,499.3 1 0
github.com/convision/api/internal/clinic/service.go:500.2,500.31 1 0
github.com/convision/api/internal/clinic/service.go:500.31,502.22 2 0
github.com/convision/api/internal/clinic/service.go:502.22,504.4 1 0
github.com/convision/api/internal/clinic/service.go:506.2,524.51 18 0
github.com/convision/api/internal/clinic/service.go:524.51,526.3 1 0
github.com/convision/api/internal/clinic/service.go:528.2,529.39 2 0
github.com/convision/api/internal/clinic/service.go:533.63,534.56 1 0
github.com/convision/api/internal/clinic/service.go:534.56,536.3 1 0
github.com/convision/api/internal/clinic/service.go:537.2,537.36 1 0
github.com/convision/api/internal/bulkimport/importer_doctors.go:21.81,23.2 1 0
github.com/convision/api/internal/bulkimport/importer_doctors.go:25.45,25.75 1 0
github.com/convision/api/internal/bulkimport/importer_doctors.go:27.99,31.26 3 0
github.com/convision/api/internal/bulkimport/importer_doctors.go:31.26,35.3 3 0
github.com/convision/api/internal/bulkimport/importer_doctors.go:37.2,38.21 2 0
github.com/convision/api/internal/bulkimport/importer_doctors.go:38.21,42.3 3 0
github.com/convision/api/internal/bulkimport/importer_doctors.go:44.2,45.17 2 0
github.com/convision/api/internal/bulkimport/importer_doctors.go:45.17,49.3 3 0
github.com/convision/api/internal/bulkimport/importer_doctors.go:51.2,51.56 1 0
github.com/convision/api/internal/bulkimport/importer_doctors.go:51.56,55.3 3 0
github.com/convision/api/internal/bulkimport/importer_doctors.go:57.2,59.20 3 0
github.com/convision/api/internal/bulkimport/importer_doctors.go:59.20,61.3 1 0
github.com/convision/api/internal/bulkimport/importer_doctors.go:63.2,74.45 2 0
github.com/convision/api/internal/bulkimport/importer_doctors.go:74.45,83.3 4 0
github.com/convision/api/internal/bulkimport/importer_doctors.go:85.2,86.12 2 0
github.com/convision/api/internal/bulkimport/importer_lenses.go:43.12,55.2 1 0
github.com/convision/api/internal/bulkimport/importer_lenses.go:57.43,57.71 1 0
github.com/convision/api/internal/bulkimport/importer_lenses.go:59.97,63.24 3 0
github.com/convision/api/internal/bulkimport/importer_lenses.go:63.24,67.3 3 0
github.com/convision/api/internal/bulkimport/importer_lenses.go:70.2,74.37 2 0
github.com/convision/api/internal/bulkimport/importer_lenses.go:74.37,78.3 3 0
github.com/convision/api/internal/bulkimport/importer_lenses.go:80.2,81.20 2 0
github.com/convision/api/internal/bulkimport/importer_lenses.go:81.20,85.3 3 0
github.com/convision/api/internal/bulkimport/importer_lenses.go:86.2,87.16 2 0
github.com/convision/api/internal/bulkimport/importer_lenses.go:87.16,91.3 3 0
github.com/convision/api/internal/bulkimport/importer_lenses.go:93.2,103.64 2 0
github.com/convision/api/internal/bulkimport/importer_lenses.go:103.64,104.51 1 0
github.com/convision/api/internal/bulkimport/importer_lenses.go:104.51,106.4 1 0
github.com/convision/api/internal/bulkimport/importer_lenses.go:109.2,126.52 9 0
github.com/convision/api/internal/bulkimport/importer_lenses.go:126.52,135.3 4 0
github.com/convision/api/internal/bulkimport/importer_lenses.go:137.2,138.12 2 0
github.com/convision/api/internal/bulkimport/importer_lenses.go:141.92,142.16 1 0
github.com/convision/api/internal/bulkimport/importer_lenses.go:142.16,144.3 1 0
github.com/convision/api/internal/bulkimport/importer_lenses.go:145.2,146.16 2 0
github.com/convision/api/internal/bulkimport/importer_lenses.go:146.16,149.3 2 0
github.com/convision/api/internal/bulkimport/importer_lenses.go:150.2,151.60 2 0
github.com/convision/api/internal/bulkimport/importer_lenses.go:151.60,155.3 2 0
github.com/convision/api/internal/bulkimport/importer_lenses.go:156.2,157.12 2 0
github.com/convision/api/internal/bulkimport/importer_lenses.go:160.89,161.16 1 0
github.com/convision/api/internal/bulkimport/importer_lenses.go:161.16,163.3 1 0
github.com/convision/api/internal/bulkimport/importer_lenses.go:164.2,165.16 2 0
github.com/convision/api/internal/bulkimport/importer_lenses.go:165.16,168.3 2 0
github.com/convision/api/internal/bulkimport/importer_lenses.go:169.2,170.57 2 0
github.com/convision/api/internal/bulkimport/importer_lenses.go:170.57,174.3 2 0
github.com/convision/api/internal/bulkimport/importer_lenses.go:175.2,176.12 2 0
github.com/convision/api/internal/bulkimport/importer_lenses.go:179.92,180.16 1 0
github.com/convision/api/internal/bulkimport/importer_lenses.go:180.16,182.3 1 0
github.com/convision/api/internal/bulkimport/importer_lenses.go:183.2,184.16 2 0
github.com/convision/api/internal/bulkimport/importer_lenses.go:184.16,187.3 2 0
github.com/convision/api/internal/bulkimport/importer_lenses.go:188.2,189.60 2 0
github.com/convision/api/internal/bulkimport/importer_lenses.go:189.60,193.3 2 0
github.com/convision/api/internal/bulkimport/importer_lenses.go:194.2,195.12 2 0
github.com/convision/api/internal/bulkimport/importer_lenses.go:198.93,199.16 1 0
github.com/convision/api/internal/bulkimport/importer_lenses.go:199.16,201.3 1 0
github.com/convision/api/internal/bulkimport/importer_lenses.go:202.2,203.16 2 0
github.com/convision/api/internal/bulkimport/importer_lenses.go:203.16,206.3 2 0
github.com/convision/api/internal/bulkimport/importer_lenses.go:207.2,208.61 2 0
github.com/convision/api/internal/bulkimport/importer_lenses.go:208.61,212.3 2 0
github.com/convision/api/internal/bulkimport/importer_lenses.go:213.2,214.12 2 0
github.com/convision/api/internal/bulkimport/importer_lenses.go:217.93,218.16 1 0
github.com/convision/api/internal/bulkimport/importer_lenses.go:218.16,220.3 1 0
github.com/convision/api/internal/bulkimport/importer_lenses.go:221.2,222.16 2 0
github.com/convision/api/internal/bulkimport/importer_lenses.go:222.16,225.3 2 0
github.com/convision/api/internal/bulkimport/importer_lenses.go:226.2,227.61 2 0
github.com/convision/api/internal/bulkimport/importer_lenses.go:227.61,231.3 2 0
github.com/convision/api/internal/bulkimport/importer_lenses.go:232.2,233.12 2 0
github.com/convision/api/internal/bulkimport/importer_lenses.go:236.96,237.16 1 0
github.com/convision/api/internal/bulkimport/importer_lenses.go:237.16,239.3 1 0
github.com/convision/api/internal/bulkimport/importer_lenses.go:240.2,241.16 2 0
github.com/convision/api/internal/bulkimport/importer_lenses.go:241.16,244.3 2 0
github.com/convision/api/internal/bulkimport/importer_lenses.go:245.2,246.64 2 0
github.com/convision/api/internal/bulkimport/importer_lenses.go:246.64,250.3 2 0
github.com/convision/api/internal/bulkimport/importer_lenses.go:251.2,252.12 2 0
github.com/convision/api/internal/bulkimport/importer_lenses.go:255.92,256.16 1 0
github.com/convision/api/internal/bulkimport/importer_lenses.go:256.16,258.3 1 0
github.com/convision/api/internal/bulkimport/importer_lenses.go:259.2,260.38 2 0
github.com/convision/api/internal/bulkimport/importer_lenses.go:260.38,263.3 2 0
github.com/convision/api/internal/bulkimport/importer_lenses.go:264.2,265.60 2 0
github.com/convision/api/internal/bulkimport/importer_lenses.go:265.60,269.3 2 0
github.com/convision/api/internal/bulkimport/importer_lenses.go:270.2,271.12 2 0
github.com/convision/api/internal/bulkimport/importer_lenses.go:276.44,280.2 3 0
github.com/convision/api/internal/bulkimport/importer_patients.go:21.85,23.2 1 0
github.com/convision/api/internal/bulkimport/importer_patients.go:25.46,25.77 1 0
github.com/convision/api/internal/bulkimport/importer_patients.go:27.100,31.26 3 0
github.com/convision/api/internal/bulkimport/importer_patients.go:31.26,35.3 3 0
github.com/convision/api/internal/bulkimport/importer_patients.go:37.2,38.20 2 0
github.com/convision/api/internal/bulkimport/importer_patients.go:38.20,42.3 3 0
github.com/convision/api/internal/bulkimport/importer_patients.go:44.2,44.74 1 0
github.com/convision/api/internal/bulkimport/importer_patients.go:44.74,48.3 3 0
github.com/convision/api/internal/bulkimport/importer_patients.go:50.2,60.66 3 0
github.com/convision/api/internal/bulkimport/importer_patients.go:60.66,61.36 1 0
github.com/convision/api/internal/bulkimport/importer_patients.go:61.36,63.4 1 0
github.com/convision/api/internal/bulkimport/importer_patients.go:66.2,66.45 1 0
github.com/convision/api/internal/bulkimport/importer_patients.go:66.45,75.3 4 0
github.com/convision/api/internal/bulkimport/importer_patients.go:77.2,78.12 2 0
github.com/convision/api/internal/bulkimport/importer_scheduled_appointments.go:32.12,39.2 1 0
github.com/convision/api/internal/bulkimport/importer_scheduled_appointments.go:41.60,41.99 1 0
github.com/convision/api/internal/bulkimport/importer_scheduled_appointments.go:43.114,47.28 3 0
github.com/convision/api/internal/bulkimport/importer_scheduled_appointments.go:47.28,51.3 3 0
github.com/convision/api/internal/bulkimport/importer_scheduled_appointments.go:53.2,54.26 2 0
github.com/convision/api/internal/bulkimport/importer_scheduled_appointments.go:54.26,58.3 3 0
github.com/convision/api/internal/bulkimport/importer_scheduled_appointments.go:60.2,61.16 2 0
github.com/convision/api/internal/bulkimport/importer_scheduled_appointments.go:61.16,65.3 3 0
github.com/convision/api/internal/bulkimport/importer_scheduled_appointments.go:67.2,71.26 4 0
github.com/convision/api/internal/bulkimport/importer_scheduled_appointments.go:71.26,75.3 3 0
github.com/convision/api/internal/bulkimport/importer_scheduled_appointments.go:77.2,85.59 2 0
github.com/convision/api/internal/bulkimport/importer_scheduled_appointments.go:85.59,94.3 4 0
github.com/convision/api/internal/bulkimport/importer_scheduled_appointments.go:96.2,97.12 2 0
github.com/convision/api/internal/bulkimport/importer_scheduled_appointments.go:100.158,101.81 1 0
github.com/convision/api/internal/bulkimport/importer_scheduled_appointments.go:101.81,103.3 1 0
github.com/convision/api/internal/bulkimport/importer_scheduled_appointments.go:105.2,115.66 3 0
github.com/convision/api/internal/bulkimport/importer_scheduled_appointments.go:115.66,116.36 1 0
github.com/convision/api/internal/bulkimport/importer_scheduled_appointments.go:116.36,118.4 1 0
github.com/convision/api/internal/bulkimport/importer_scheduled_appointments.go:121.2,121.52 1 0
github.com/convision/api/internal/bulkimport/importer_scheduled_appointments.go:121.52,123.3 1 0
github.com/convision/api/internal/bulkimport/importer_scheduled_appointments.go:124.2,124.15 1 0
github.com/convision/api/internal/bulkimport/importer_scheduled_appointments.go:129.38,131.2 1 0
github.com/convision/api/internal/bulkimport/importer_scheduled_appointments.go:133.119,136.29 2 0
github.com/convision/api/internal/bulkimport/importer_scheduled_appointments.go:136.29,138.3 1 0
github.com/convision/api/internal/bulkimport/importer_scheduled_appointments.go:139.2,141.16 3 0
github.com/convision/api/internal/bulkimport/importer_scheduled_appointments.go:141.16,145.3 2 0
github.com/convision/api/internal/bulkimport/importer_scheduled_appointments.go:146.2,147.12 2 0
github.com/convision/api/internal/bulkimport/importer_scheduled_appointments.go:150.121,152.15 2 0
github.com/convision/api/internal/bulkimport/importer_scheduled_appointments.go:152.15,154.3 1 0
github.com/convision/api/internal/bulkimport/importer_scheduled_appointments.go:155.2,157.16 3 0
github.com/convision/api/internal/bulkimport/importer_scheduled_appointments.go:157.16,161.3 2 0
github.com/convision/api/internal/bulkimport/importer_scheduled_appointments.go:162.2,163.12 2 0
github.com/convision/api/internal/bulkimport/importer_scheduled_appointments.go:172.25,174.34 2 0
github.com/convision/api/internal/bulkimport/importer_scheduled_appointments.go:174.34,176.3 1 0
github.com/convision/api/internal/bulkimport/importer_scheduled_appointments.go:178.2,189.49 3 0
github.com/convision/api/internal/bulkimport/importer_scheduled_appointments.go:189.49,192.37 2 0
github.com/convision/api/internal/bulkimport/importer_scheduled_appointments.go:192.37,194.4 1 0
github.com/convision/api/internal/bulkimport/importer_scheduled_appointments.go:195.3,195.53 1 0
github.com/convision/api/internal/bulkimport/importer_scheduled_appointments.go:197.2,197.15 1 0
github.com/convision/api/internal/bulkimport/service.go:75.12,85.2 1 0
github.com/convision/api/internal/bulkimport/service.go:89.117,91.9 2 0
github.com/convision/api/internal/bulkimport/service.go:91.9,93.3 1 0
github.com/convision/api/internal/bulkimport/service.go:95.2,96.16 2 0
github.com/convision/api/internal/bulkimport/service.go:96.16,98.3 1 0
github.com/convision/api/internal/bulkimport/service.go:99.2,102.16 3 0
github.com/convision/api/internal/bulkimport/service.go:102.16,104.3 1 0
github.com/convision/api/internal/bulkimport/service.go:105.2,108.22 3 0
github.com/convision/api/internal/bulkimport/service.go:108.22,110.3 1 0
github.com/convision/api/internal/bulkimport/service.go:112.2,113.16 2 0
github.com/convision/api/internal/bulkimport/service.go:113.16,115.3 1 0
github.com/convision/api/internal/bulkimport/service.go:116.2,116.19 1 0
github.com/convision/api/internal/bulkimport/service.go:116.19,118.3 1 0
github.com/convision/api/internal/bulkimport/service.go:120.2,125.31 5 0
github.com/convision/api/internal/bulkimport/service.go:125.31,130.21 5 0
github.com/convision/api/internal/bulkimport/service.go:131.28,132.20 1 0
github.com/convision/api/internal/bulkimport/service.go:133.28,134.20 1 0
github.com/convision/api/internal/bulkimport/service.go:135.26,136.19 1 0
github.com/convision/api/internal/bulkimport/service.go:140.2,148.20 2 0
github.com/convision/api/internal/bulkimport/service.go:152.50,154.28 2 0
github.com/convision/api/internal/bulkimport/service.go:154.28,156.3 1 0
github.com/convision/api/internal/bulkimport/service.go:157.2,157.14 1 0
github.com/convision/api/internal/bulkimport/service.go:161.46,163.24 2 0
github.com/convision/api/internal/bulkimport/service.go:163.24,165.3 1 0
github.com/convision/api/internal/bulkimport/service.go:166.2,166.12 1 0
github.com/convision/api/internal/bulkimport/service.go:170.72,172.28 2 0
github.com/convision/api/internal/bulkimport/service.go:172.28,173.19 1 0
github.com/convision/api/internal/bulkimport/service.go:173.19,175.4 1 0
github.com/convision/api/internal/bulkimport/service.go:175.9,177.4 1 0
github.com/convision/api/internal/bulkimport/service.go:179.2,179.10 1 0
github.com/convision/api/internal/bulkimport/service.go:183.46,185.21 2 0
github.com/convision/api/internal/bulkimport/service.go:185.21,187.3 1 0
github.com/convision/api/internal/bulkimport/service.go:188.2,188.21 1 0
github.com/convision/api/internal/bulkimport/service.go:188.21,190.3 1 0
github.com/convision/api/internal/bulkimport/service.go:191.2,192.71 2 0
github.com/convision/api/internal/bulkimport/service.go:196.35,198.26 2 0
github.com/convision/api/internal/bulkimport/service.go:198.26,200.18 2 0
github.com/convision/api/internal/bulkimport/service.go:200.18,201.12 1 0
github.com/convision/api/internal/bulkimport/service.go:203.3,203.24 1 0
github.com/convision/api/internal/bulkimport/service.go:203.24,204.14 1 0
github.com/convision/api/internal/bulkimport/service.go:204.14,206.5 1 0
github.com/convision/api/internal/bulkimport/service.go:206.10,208.5 1 0
github.com/convision/api/internal/bulkimport/service.go:210.3,210.23 1 0
github.com/convision/api/internal/bulkimport/service.go:212.2,212.33 1 0
github.com/convision/api/internal/bulkimport/service.go:216.37,218.28 2 0
github.com/convision/api/internal/bulkimport/service.go:218.28,219.45 1 0
github.com/convision/api/internal/bulkimport/service.go:219.45,221.4 1 0
github.com/convision/api/internal/bulkimport/service.go:223.2,223.12 1 0
github.com/convision/api/internal/bulkimport/service.go:227.35,229.2 1 0
github.com/convision/api/internal/appointment/service.go:21.81,23.2 1 0
github.com/convision/api/internal/appointment/service.go:73.69,74.23 1 0
github.com/convision/api/internal/appointment/service.go:74.23,80.5 1 0
github.com/convision/api/internal/appointment/service.go:80.5,81.61 1 0
github.com/convision/api/internal/appointment/service.go:81.61,83.5 1 0
github.com/convision/api/internal/appointment/service.go:86.2,86.33 1 0
github.com/convision/api/internal/appointment/service.go:86.33,87.78 1 0
github.com/convision/api/internal/appointment/service.go:87.78,88.66 1 0
github.com/convision/api/internal/appointment/service.go:88.66,90.5 1 0
github.com/convision/api/internal/appointment/service.go:93.2,93.12 1 0
github.com/convision/api/internal/appointment/service.go:97.101,98.14 1 0
github.com/convision/api/internal/appointment/service.go:98.14,100.3 1 0
github.com/convision/api/internal/appointment/service.go:101.2,101.34 1 0
github.com/convision/api/internal/appointment/service.go:101.34,103.3 1 0
github.com/convision/api/internal/appointment/service.go:105.2,106.16 2 0
github.com/convision/api/internal/appointment/service.go:106.16,108.3 1 0
github.com/convision/api/internal/appointment/service.go:110.2,111.15 2 0
github.com/convision/api/internal/appointment/service.go:111.15,113.3 1 0
github.com/convision/api/internal/appointment/service.go:115.2,121.8 1 0
github.com/convision/api/internal/appointment/service.go:125.78,127.2 1 0
github.com/convision/api/internal/appointment/service.go:132.108,135.53 2 0
github.com/convision/api/internal/appointment/service.go:135.53,137.17 2 0
github.com/convision/api/internal/appointment/service.go:137.17,139.4 1 0
github.com/convision/api/internal/appointment/service.go:140.3,140.15 1 0
github.com/convision/api/internal/appointment/service.go:140.15,145.4 1 0
github.com/convision/api/internal/appointment/service.go:148.2,160.45 2 0
github.com/convision/api/internal/appointment/service.go:160.45,162.3 1 0
github.com/convision/api/internal/appointment/service.go:164.2,165.33 2 0
github.com/convision/api/internal/appointment/service.go:169.96,171.16 2 0
github.com/convision/api/internal/appointment/service.go:171.16,173.3 1 0
github.com/convision/api/internal/appointment/service.go:175.2,175.28 1 0
github.com/convision/api/internal/appointment/service.go:175.28,177.3 1 0
github.com/convision/api/internal/appointment/service.go:178.2,178.31 1 0
github.com/convision/api/internal/appointment/service.go:178.31,180.3 1 0
github.com/convision/api/internal/appointment/service.go:181.2,181.82 1 0
github.com/convision/api/internal/appointment/service.go:181.82,183.3 1 0
github.com/convision/api/internal/appointment/service.go:184.2,184.23 1 0
github.com/convision/api/internal/appointment/service.go:184.23,186.3 1 0
github.com/convision/api/internal/appointment/service.go:187.2,187.24 1 0
github.com/convision/api/internal/appointment/service.go:187.24,189.3 1 0
github.com/convision/api/internal/appointment/service.go:190.2,190.24 1 0
github.com/convision/api/internal/appointment/service.go:190.24,192.3 1 0
github.com/convision/api/internal/appointment/service.go:194.2,195.86 1 0
github.com/convision/api/internal/appointment/service.go:195.86,197.18 2 0
github.com/convision/api/internal/appointment/service.go:197.18,199.4 1 0
github.com/convision/api/internal/appointment/service.go:200.3,200.15 1 0
github.com/convision/api/internal/appointment/service.go:200.15,205.4 1 0
github.com/convision/api/internal/appointment/service.go:208.2,208.45 1 0
github.com/convision/api/internal/appointment/service.go:208.45,210.3 1 0
github.com/convision/api/internal/appointment/service.go:211.2,211.33 1 0
github.com/convision/api/internal/appointment/service.go:215.100,217.2 1 0
github.com/convision/api/internal/appointment/service.go:220.54,221.50 1 0
github.com/convision/api/internal/appointment/service.go:221.50,223.3 1 0
github.com/convision/api/internal/appointment/service.go:224.2,224.30 1 0
github.com/convision/api/internal/appointment/service.go:228.94,230.16 2 0
github.com/convision/api/internal/appointment/service.go:230.16,232.3 1 0
github.com/convision/api/internal/appointment/service.go:234.2,237.45 3 0
github.com/convision/api/internal/appointment/service.go:237.45,239.3 1 0
github.com/convision/api/internal/appointment/service.go:240.2,240.33 1 0
github.com/convision/api/internal/appointment/service.go:244.76,246.16 2 0
github.com/convision/api/internal/appointment/service.go:246.16,248.3 1 0
github.com/convision/api/internal/appointment/service.go:249.2,249.52 1 0
github.com/convision/api/internal/appointment/service.go:249.52,251.3 1 0
github.com/convision/api/internal/appointment/service.go:253.2,254.45 2 0
github.com/convision/api/internal/appointment/service.go:254.45,256.3 1 0
github.com/convision/api/internal/appointment/service.go:257.2,257.33 1 0
github.com/convision/api/internal/appointment/service.go:261.77,263.16 2 0
github.com/convision/api/internal/appointment/service.go:263.16,265.3 1 0
github.com/convision/api/internal/appointment/service.go:266.2,266.48 1 0
github.com/convision/api/internal/appointment/service.go:266.48,268.3 1 0
github.com/convision/api/internal/appointment/service.go:270.2,271.45 2 0
github.com/convision/api/internal/appointment/service.go:271.45,273.3 1 0
github.com/convision/api/internal/appointment/service.go:274.2,274.33 1 0
github.com/convision/api/internal/appointment/service.go:288.24,290.23 2 0
github.com/convision/api/internal/appointment/service.go:290.23,292.3 1 0
github.com/convision/api/internal/appointment/service.go:293.2,293.26 1 0
github.com/convision/api/internal/appointment/service.go:293.26,295.3 1 0
github.com/convision/api/internal/appointment/service.go:296.2,296.21 1 0
github.com/convision/api/internal/appointment/service.go:296.21,298.3 1 0
github.com/convision/api/internal/appointment/service.go:299.2,299.19 1 0
github.com/convision/api/internal/appointment/service.go:299.19,301.3 1 0
github.com/convision/api/internal/appointment/service.go:302.2,302.18 1 0
github.com/convision/api/internal/appointment/service.go:302.18,304.3 1 0
github.com/convision/api/internal/appointment/service.go:305.2,305.28 1 0
github.com/convision/api/internal/appointment/service.go:305.28,307.3 1 0
github.com/convision/api/internal/appointment/service.go:308.2,308.39 1 0
github.com/convision/api/internal/appointment/service.go:308.39,310.3 1 0
github.com/convision/api/internal/appointment/service.go:311.2,311.19 1 0
github.com/convision/api/internal/appointment/service.go:311.19,313.3 1 0
github.com/convision/api/internal/appointment/service.go:314.2,314.43 1 0
github.com/convision/api/internal/appointment/service.go:319.152,321.2 1 0
github.com/convision/api/internal/appointment/service.go:325.120,326.61 1 0
github.com/convision/api/internal/appointment/service.go:326.61,331.3 1 0
github.com/convision/api/internal/appointment/service.go:332.2,332.50 1 0
github.com/convision/api/internal/appointment/service.go:332.50,334.3 1 0
github.com/convision/api/internal/appointment/service.go:335.2,335.103 1 0
github.com/convision/api/internal/appointment/service.go:335.103,337.3 1 0
github.com/convision/api/internal/appointment/service.go:338.2,342.31 2 0
github.com/convision/api/internal/appointment/service.go:346.110,348.16 2 0
github.com/convision/api/internal/appointment/service.go:348.16,350.3 1 0
github.com/convision/api/internal/appointment/service.go:352.2,352.23 1 0
github.com/convision/api/internal/appointment/service.go:352.23,354.3 1 0
github.com/convision/api/internal/appointment/service.go:355.2,355.43 1 0
github.com/convision/api/internal/appointment/service.go:355.43,357.3 1 0
github.com/convision/api/internal/appointment/service.go:358.2,358.44 1 0
github.com/convision/api/internal/appointment/service.go:358.44,360.3 1 0
github.com/convision/api/internal/appointment/service.go:362.2,362.45 1 0
github.com/convision/api/internal/appointment/service.go:362.45,364.3 1 0
github.com/convision/api/internal/appointment/service.go:365.2,365.33 1 0
github.com/convision/api/internal/auth/service.go:34.12,44.2 1 0
github.com/convision/api/internal/auth/service.go:74.83,75.34 1 0
github.com/convision/api/internal/auth/service.go:75.34,77.3 1 0
github.com/convision/api/internal/auth/service.go:78.2,78.38 1 0
github.com/convision/api/internal/auth/service.go:81.75,83.16 2 0
github.com/convision/api/internal/auth/service.go:83.16,85.3 1 0
github.com/convision/api/internal/auth/service.go:86.2,86.18 1 0
github.com/convision/api/internal/auth/service.go:86.18,88.3 1 0
github.com/convision/api/internal/auth/service.go:89.2,89.103 1 0
github.com/convision/api/internal/auth/service.go:89.103,91.3 1 0
github.com/convision/api/internal/auth/service.go:92.2,99.16 3 0
github.com/convision/api/internal/auth/service.go:99.16,101.3 1 0
github.com/convision/api/internal/auth/service.go:102.2,110.8 1 0
github.com/convision/api/internal/auth/service.go:113.93,115.21 2 0
github.com/convision/api/internal/auth/service.go:115.21,117.3 1 0
github.com/convision/api/internal/auth/service.go:118.2,120.97 2 0
github.com/convision/api/internal/auth/service.go:120.97,122.3 1 0
github.com/convision/api/internal/auth/service.go:124.2,125.16 2 0
github.com/convision/api/internal/auth/service.go:125.16,127.3 1 0
github.com/convision/api/internal/auth/service.go:128.2,128.18 1 0
github.com/convision/api/internal/auth/service.go:128.18,130.3 1 0
github.com/convision/api/internal/auth/service.go:131.2,131.101 1 0
github.com/convision/api/internal/auth/service.go:131.101,134.3 2 0
github.com/convision/api/internal/auth/service.go:135.2,135.67 1 0
github.com/convision/api/internal/auth/service.go:135.67,137.3 1 0
github.com/convision/api/internal/auth/service.go:138.2,140.16 3 0
github.com/convision/api/internal/auth/service.go:140.16,142.3 1 0
github.com/convision/api/internal/auth/service.go:143.2,152.8 2 0
github.com/convision/api/internal/auth/service.go:155.44,157.2 1 0
github.com/convision/api/internal/auth/service.go:159.57,161.2 1 0
github.com/convision/api/internal/auth/service.go:163.111,165.16 2 0
github.com/convision/api/internal/auth/service.go:165.16,167.3 1 0
github.com/convision/api/internal/auth/service.go:169.2,169.69 1 0
github.com/convision/api/internal/auth/service.go:169.69,171.3 1 0
github.com/convision/api/internal/auth/service.go:173.2,173.61 1 0
github.com/convision/api/internal/auth/service.go:173.61,175.3 1 0
github.com/convision/api/internal/auth/service.go:177.2,179.16 3 0
github.com/convision/api/internal/auth/service.go:179.16,181.3 1 0
github.com/convision/api/internal/auth/service.go:183.2,192.8 2 0
github.com/convision/api/internal/auth/service.go:195.88,196.80 1 0
github.com/convision/api/internal/auth/service.go:196.80,198.3 1 0
github.com/convision/api/internal/auth/service.go:199.2,200.16 2 0
github.com/convision/api/internal/auth/service.go:200.16,203.3 2 0
github.com/convision/api/internal/auth/service.go:204.2,204.24 1 0
github.com/convision/api/internal/auth/service.go:204.24,207.3 2 0
github.com/convision/api/internal/auth/service.go:208.2,208.12 1 0
github.com/convision/api/internal/auth/service.go:211.77,212.35 1 0
github.com/convision/api/internal/auth/service.go:212.35,214.17 2 0
github.com/convision/api/internal/auth/service.go:214.17,217.4 2 0
github.com/convision/api/internal/auth/service.go:218.3,219.17 2 0
github.com/convision/api/internal/auth/service.go:219.17,222.4 2 0
github.com/convision/api/internal/auth/service.go:223.3,224.33 2 0
github.com/convision/api/internal/auth/service.go:224.33,226.4 1 0
github.com/convision/api/internal/auth/service.go:227.3,227.13 1 0
github.com/convision/api/internal/auth/service.go:230.2,231.16 2 0
github.com/convision/api/internal/auth/service.go:231.16,234.3 2 0
github.com/convision/api/internal/auth/service.go:236.2,237.16 2 0
github.com/convision/api/internal/auth/service.go:237.16,240.3 2 0
github.com/convision/api/internal/auth/service.go:242.2,243.32 2 0
github.com/convision/api/internal/auth/service.go:243.32,245.3 1 0
github.com/convision/api/internal/auth/service.go:246.2,246.12 1 0
github.com/convision/api/internal/cash/service.go:21.82,23.2 1 0
github.com/convision/api/internal/cash/service.go:75.79,77.2 1 0
github.com/convision/api/internal/cash/service.go:80.63,82.16 2 0
github.com/convision/api/internal/cash/service.go:82.16,84.3 1 0
github.com/convision/api/internal/cash/service.go:85.2,86.25 2 0
github.com/convision/api/internal/cash/service.go:86.25,87.19 1 0
github.com/convision/api/internal/cash/service.go:88.18,89.17 1 0
github.com/convision/api/internal/cash/service.go:90.19,91.18 1 0
github.com/convision/api/internal/cash/service.go:92.20,93.19 1 0
github.com/convision/api/internal/cash/service.go:95.3,95.30 1 0
github.com/convision/api/internal/cash/service.go:97.2,97.17 1 0
github.com/convision/api/internal/cash/service.go:101.101,102.14 1 0
github.com/convision/api/internal/cash/service.go:102.14,104.3 1 0
github.com/convision/api/internal/cash/service.go:105.2,105.34 1 0
github.com/convision/api/internal/cash/service.go:105.34,107.3 1 0
github.com/convision/api/internal/cash/service.go:108.2,109.16 2 0
github.com/convision/api/internal/cash/service.go:109.16,111.3 1 0
github.com/convision/api/internal/cash/service.go:112.2,113.15 2 0
github.com/convision/api/internal/cash/service.go:113.15,115.3 1 0
github.com/convision/api/internal/cash/service.go:116.2,116.108 1 0
github.com/convision/api/internal/cash/service.go:120.111,142.45 5 0
github.com/convision/api/internal/cash/service.go:142.45,144.3 1 0
github.com/convision/api/internal/cash/service.go:145.2,146.33 2 0
github.com/convision/api/internal/cash/service.go:150.97,152.16 2 0
github.com/convision/api/internal/cash/service.go:152.16,154.3 1 0
github.com/convision/api/internal/cash/service.go:155.2,155.25 1 0
github.com/convision/api/internal/cash/service.go:155.25,157.3 1 0
github.com/convision/api/internal/cash/service.go:158.2,158.24 1 0
github.com/convision/api/internal/cash/service.go:158.24,160.3 1 0
github.com/convision/api/internal/cash/service.go:161.2,161.23 1 0
github.com/convision/api/internal/cash/service.go:161.23,163.3 1 0
github.com/convision/api/internal/cash/service.go:164.2,164.45 1 0
github.com/convision/api/internal/cash/service.go:164.45,166.3 1 0
github.com/convision/api/internal/cash/service.go:167.2,167.33 1 0
github.com/convision/api/internal/cash/service.go:171.123,173.16 2 0
github.com/convision/api/internal/cash/service.go:173.16,175.3 1 0
github.com/convision/api/internal/cash/service.go:176.2,180.23 5 0
github.com/convision/api/internal/cash/service.go:180.23,182.3 1 0
github.com/convision/api/internal/cash/service.go:183.2,183.45 1 0
github.com/convision/api/internal/cash/service.go:183.45,185.3 1 0
github.com/convision/api/internal/cash/service.go:186.2,186.33 1 0
github.com/convision/api/internal/cash/service.go:190.97,192.16 2 0
github.com/convision/api/internal/cash/service.go:192.16,194.3 1 0
github.com/convision/api/internal/cash/service.go:195.2,196.23 2 0
github.com/convision/api/internal/cash/service.go:196.23,198.3 1 0
github.com/convision/api/internal/cash/service.go:199.2,199.45 1 0
github.com/convision/api/internal/cash/service.go:199.45,201.3 1 0
github.com/convision/api/internal/cash/service.go:202.2,202.33 1 0
github.com/convision/api/internal/cash/service.go:206.54,207.50 1 0
github.com/convision/api/internal/cash/service.go:207.50,209.3 1 0
github.com/convision/api/internal/cash/service.go:210.2,210.30 1 0
github.com/convision/api/internal/clinicalrecord/service.go:64.84,66.2 1 0
github.com/convision/api/internal/clinicalrecord/service.go:69.103,71.2 1 0
github.com/convision/api/internal/clinicalrecord/service.go:74.93,75.25 1 0
github.com/convision/api/internal/clinicalrecord/service.go:75.25,77.3 1 0
github.com/convision/api/internal/clinicalrecord/service.go:78.2,86.47 2 0
github.com/convision/api/internal/clinicalrecord/service.go:86.47,92.3 2 0
github.com/convision/api/internal/clinicalrecord/service.go:93.2,93.17 1 0
github.com/convision/api/internal/clinicalrecord/service.go:183.111,185.34 2 0
github.com/convision/api/internal/clinicalrecord/service.go:185.34,187.3 1 0
github.com/convision/api/internal/clinicalrecord/service.go:188.2,205.30 2 0
github.com/convision/api/internal/clinicalrecord/service.go:205.30,207.17 2 0
github.com/convision/api/internal/clinicalrecord/service.go:207.17,209.4 1 0
github.com/convision/api/internal/clinicalrecord/service.go:211.2,211.82 1 0
github.com/convision/api/internal/clinicalrecord/service.go:211.82,217.3 2 0
github.com/convision/api/internal/clinicalrecord/service.go:218.2,218.12 1 0
github.com/convision/api/internal/clinicalrecord/service.go:222.113,278.83 2 0
github.com/convision/api/internal/clinicalrecord/service.go:278.83,284.3 2 0
github.com/convision/api/internal/clinicalrecord/service.go:285.2,285.12 1 0
github.com/convision/api/internal/clinicalrecord/service.go:314.117,316.25 2 0
github.com/convision/api/internal/clinicalrecord/service.go:316.25,318.3 1 0
github.com/convision/api/internal/clinicalrecord/service.go:319.2,340.85 2 0
github.com/convision/api/internal/clinicalrecord/service.go:340.85,346.3 2 0
github.com/convision/api/internal/clinicalrecord/service.go:347.2,347.12 1 0
github.com/convision/api/internal/clinicalrecord/service.go:351.95,352.88 1 0
github.com/convision/api/internal/clinicalrecord/service.go:352.88,358.3 2 0
github.com/convision/api/internal/clinicalrecord/service.go:359.2,359.12 1 0
github.com/convision/api/internal/clinicalrecord/service.go:363.111,394.82 2 0
github.com/convision/api/internal/clinicalrecord/service.go:394.82,400.3 2 0
github.com/convision/api/internal/clinicalrecord/service.go:401.2,401.12 1 0
github.com/convision/api/internal/branch/service.go:15.76,17.2 1 0
github.com/convision/api/internal/branch/service.go:47.73,49.16 2 0
github.com/convision/api/internal/branch/service.go:49.16,51.3 1 0
github.com/convision/api/internal/branch/service.go:52.2,52.15 1 0
github.com/convision/api/internal/branch/service.go:55.66,57.2 1 0
github.com/convision/api/internal/branch/service.go:59.83,61.2 1 0
github.com/convision/api/internal/branch/service.go:63.103,65.16 2 0
github.com/convision/api/internal/branch/service.go:65.16,67.3 1 0
github.com/convision/api/internal/branch/service.go:68.2,69.27 2 0
github.com/convision/api/internal/branch/service.go:69.27,71.24 2 0
github.com/convision/api/internal/branch/service.go:71.24,73.4 1 0
github.com/convision/api/internal/branch/service.go:74.3,78.5 1 0
github.com/convision/api/internal/branch/service.go:80.2,80.17 1 0
github.com/convision/api/internal/branch/service.go:83.82,92.45 2 0
github.com/convision/api/internal/branch/service.go:92.45,94.3 1 0
github.com/convision/api/internal/branch/service.go:95.2,96.15 2 0
github.com/convision/api/internal/branch/service.go:99.91,101.16 2 0
github.com/convision/api/internal/branch/service.go:101.16,103.3 1 0
github.com/convision/api/internal/branch/service.go:104.2,104.23 1 0
github.com/convision/api/internal/branch/service.go:104.23,106.3 1 0
github.com/convision/api/internal/branch/service.go:107.2,107.26 1 0
github.com/convision/api/internal/branch/service.go:107.26,109.3 1 0
github.com/convision/api/internal/branch/service.go:110.2,110.23 1 0
github.com/convision/api/internal/branch/service.go:110.23,112.3 1 0
github.com/convision/api/internal/branch/service.go:113.2,113.24 1 0
github.com/convision/api/internal/branch/service.go:113.24,115.3 1 0
github.com/convision/api/internal/branch/service.go:116.2,116.24 1 0
github.com/convision/api/internal/branch/service.go:116.24,118.3 1 0
github.com/convision/api/internal/branch/service.go:119.2,119.27 1 0
github.com/convision/api/internal/branch/service.go:119.27,121.3 1 0
github.com/convision/api/internal/branch/service.go:122.2,122.45 1 0
github.com/convision/api/internal/branch/service.go:122.45,124.3 1 0
github.com/convision/api/internal/branch/service.go:125.2,126.15 2 0
github.com/convision/api/internal/branch/service.go:129.89,131.2 1 0
github.com/convision/api/cmd/migrate/main.go:45.13,57.20 9 0
github.com/convision/api/cmd/migrate/main.go:57.20,60.3 2 0
github.com/convision/api/cmd/migrate/main.go:62.2,64.16 3 0
github.com/convision/api/cmd/migrate/main.go:64.16,66.3 1 0
github.com/convision/api/cmd/migrate/main.go:67.2,69.34 2 0
github.com/convision/api/cmd/migrate/main.go:69.34,71.3 1 0
github.com/convision/api/cmd/migrate/main.go:73.2,74.15 2 0
github.com/convision/api/cmd/migrate/main.go:74.15,76.3 1 0
github.com/convision/api/cmd/migrate/main.go:78.2,78.15 1 0
github.com/convision/api/cmd/migrate/main.go:78.15,79.24 1 0
github.com/convision/api/cmd/migrate/main.go:79.24,81.4 1 0
github.com/convision/api/cmd/migrate/main.go:81.9,83.4 1 0
github.com/convision/api/cmd/migrate/main.go:84.3,84.9 1 0
github.com/convision/api/cmd/migrate/main.go:88.2,91.14 3 0
github.com/convision/api/cmd/migrate/main.go:91.14,93.29 2 0
github.com/convision/api/cmd/migrate/main.go:93.29,97.4 3 0
github.com/convision/api/cmd/migrate/main.go:98.3,98.9 1 0
github.com/convision/api/cmd/migrate/main.go:101.2,101.23 1 0
github.com/convision/api/cmd/migrate/main.go:101.23,105.3 3 0
github.com/convision/api/cmd/migrate/main.go:112.100,120.26 6 0
github.com/convision/api/cmd/migrate/main.go:120.26,123.44 2 0
github.com/convision/api/cmd/migrate/main.go:123.44,124.12 1 0
github.com/convision/api/cmd/migrate/main.go:126.3,126.47 1 0
github.com/convision/api/cmd/migrate/main.go:126.47,127.12 1 0
github.com/convision/api/cmd/migrate/main.go:129.3,129.34 1 0
github.com/convision/api/cmd/migrate/main.go:129.34,130.9 1 0
github.com/convision/api/cmd/migrate/main.go:133.3,134.17 2 0
github.com/convision/api/cmd/migrate/main.go:134.17,136.4 1 0
github.com/convision/api/cmd/migrate/main.go:138.3,139.17 2 0
github.com/convision/api/cmd/migrate/main.go:139.17,141.4 1 0
github.com/convision/api/cmd/migrate/main.go:143.3,143.91 1 0
github.com/convision/api/cmd/migrate/main.go:143.91,146.4 2 0
github.com/convision/api/cmd/migrate/main.go:148.3,148.53 1 0
github.com/convision/api/cmd/migrate/main.go:148.53,151.4 2 0
github.com/convision/api/cmd/migrate/main.go:153.3,153.24 1 0
github.com/convision/api/cmd/migrate/main.go:153.24,157.18 1 0
github.com/convision/api/cmd/migrate/main.go:157.18,160.5 2 0
github.com/convision/api/cmd/migrate/main.go:161.9,165.18 1 0
github.com/convision/api/cmd/migrate/main.go:165.18,168.5 2 0
github.com/convision/api/cmd/migrate/main.go:171.3,171.37 1 0
github.com/convision/api/cmd/migrate/main.go:171.37,173.4 1 0
github.com/convision/api/cmd/migrate/main.go:175.3,176.10 2 0
github.com/convision/api/cmd/migrate/main.go:179.2,179.16 1 0
github.com/convision/api/cmd/migrate/main.go:179.16,181.3 1 0
github.com/convision/api/cmd/migrate/main.go:188.46,190.16 2 0
github.com/convision/api/cmd/migrate/main.go:190.16,192.3 1 0
github.com/convision/api/cmd/migrate/main.go:195.55,202.38 2 0
github.com/convision/api/cmd/migrate/main.go:202.38,204.3 1 0
github.com/convision/api/cmd/migrate/main.go:207.67,209.16 2 0
github.com/convision/api/cmd/migrate/main.go:209.16,211.3 1 0
github.com/convision/api/cmd/migrate/main.go:212.2,215.18 3 0
github.com/convision/api/cmd/migrate/main.go:215.18,219.3 3 0
github.com/convision/api/cmd/migrate/main.go:220.2,220.15 1 0
github.com/convision/api/cmd/migrate/main.go:223.65,225.16 2 0
github.com/convision/api/cmd/migrate/main.go:225.16,227.3 1 0
github.com/convision/api/cmd/migrate/main.go:229.2,230.25 2 0
github.com/convision/api/cmd/migrate/main.go:230.25,232.3 1 0
github.com/convision/api/cmd/migrate/main.go:234.2,235.28 2 0
github.com/convision/api/cmd/migrate/main.go:235.28,236.56 1 0
github.com/convision/api/cmd/migrate/main.go:236.56,238.4 1 0
github.com/convision/api/cmd/migrate/main.go:241.2,241.40 1 0
github.com/convision/api/cmd/migrate/main.go:241.40,242.26 1 0
github.com/convision/api/cmd/migrate/main.go:242.26,244.4 1 0
github.com/convision/api/cmd/migrate/main.go:245.3,245.59 1 0
github.com/convision/api/cmd/migrate/main.go:247.2,247.14 1 0
github.com/convision/api/cmd/migrate/main.go:252.57,254.14 2 0
github.com/convision/api/cmd/migrate/main.go:254.14,256.3 1 0
github.com/convision/api/cmd/migrate/main.go:257.2,257.19 1 0
github.com/convision/api/cmd/migrate/main.go:260.45,262.16 2 0
github.com/convision/api/cmd/migrate/main.go:262.16,264.3 1 0
github.com/convision/api/cmd/migrate/main.go:265.2,267.18 3 0
github.com/convision/api/cmd/migrate/main.go:267.18,271.3 3 0
github.com/convision/api/cmd/migrate/main.go:272.2,272.16 1 0
github.com/convision/api/cmd/migrate/main.go:275.72,281.26 6 0
github.com/convision/api/cmd/migrate/main.go:281.26,284.17 3 0
github.com/convision/api/cmd/migrate/main.go:284.17,286.4 1 0
github.com/convision/api/cmd/migrate/main.go:287.3,287.52 1 0
github.com/convision/api/cmd/migrate/main.go:289.2,289.15 1 0
github.com/convision/api/cmd/migrate/main.go:292.60,294.19 2 0
github.com/convision/api/cmd/migrate/main.go:294.19,296.3 1 0
github.com/convision/api/cmd/migrate/main.go:297.2,302.28 4 0
github.com/convision/api/cmd/migrate/main.go:302.28,303.66 1 0
github.com/convision/api/cmd/migrate/main.go:303.66,304.62 1 0
github.com/convision/api/cmd/migrate/main.go:304.62,306.5 1 0
github.com/convision/api/cmd/migrate/main.go:309.2,313.45 4 0
github.com/convision/api/cmd/migrate/main.go:313.45,316.68 3 0
github.com/convision/api/cmd/migrate/main.go:316.68,318.4 1 0
github.com/convision/api/cmd/migrate/main.go:319.3,319.37 1 0
github.com/convision/api/cmd/migrate/main.go:324.34,326.71 1 0
github.com/convision/api/cmd/migrate/main.go:326.71,328.3 1 0
github.com/convision/api/cmd/migrate/main.go:329.2,329.25 1 0
github.com/convision/api/cmd/migrate/main.go:332.28,334.2 1 0
github.com/convision/api/cmd/migrate/main.go:336.24,344.2 7 0
github.com/convision/api/cmd/migrate/main.go:346.42,347.34 1 0
github.com/convision/api/cmd/migrate/main.go:347.34,349.3 1 0
github.com/convision/api/cmd/migrate/main.go:350.2,350.17 1 0
github.com/convision/api/cmd/migrate/main.go:353.28,354.50 1 0
github.com/convision/api/cmd/migrate/main.go:354.50,356.3 1 0
github.com/convision/api/cmd/api/main.go:52.13,61.16 5 0
github.com/convision/api/cmd/api/main.go:61.16,63.3 1 0
github.com/convision/api/cmd/api/main.go:65.2,65.37 1 0
github.com/convision/api/cmd/api/main.go:65.37,66.54 1 0
github.com/convision/api/cmd/api/main.go:66.54,68.4 1 0
github.com/convision/api/cmd/api/main.go:69.3,69.74 1 0
github.com/convision/api/cmd/api/main.go:69.74,71.4 1 0
github.com/convision/api/cmd/api/main.go:72.8,72.43 1 0
github.com/convision/api/cmd/api/main.go:72.43,73.74 1 0
github.com/convision/api/cmd/api/main.go:73.74,75.4 1 0
github.com/convision/api/cmd/api/main.go:79.2,80.47 2 0
github.com/convision/api/cmd/api/main.go:80.47,82.3 1 0
github.com/convision/api/cmd/api/main.go:83.2,201.37 85 0
github.com/convision/api/cmd/api/main.go:201.37,203.3 1 0
github.com/convision/api/cmd/api/main.go:205.2,211.45 5 0
github.com/convision/api/cmd/api/main.go:211.45,213.3 1 0
github.com/convision/api/cmd/api/main.go:216.2,217.22 2 0
github.com/convision/api/cmd/api/main.go:217.22,219.3 1 0
github.com/convision/api/cmd/api/main.go:220.2,220.54 1 0
github.com/convision/api/cmd/api/main.go:220.54,222.3 1 0
github.com/convision/api/cmd/api/main.go:223.2,232.16 6 0
github.com/convision/api/cmd/api/main.go:232.16,234.3 1 0
github.com/convision/api/cmd/api/main.go:236.2,246.76 3 0
github.com/convision/api/cmd/api/main.go:246.76,248.3 1 0
github.com/convision/api/cmd/api/main.go:251.32,253.39 2 0
github.com/convision/api/cmd/api/main.go:253.39,255.3 1 0
github.com/convision/api/cmd/api/main.go:257.2,279.16 3 0
github.com/convision/api/cmd/api/main.go:279.16,280.55 1 0
github.com/convision/api/cmd/api/main.go:282.2,282.15 1 0
github.com/convision/api/cmd/api/main.go:285.39,291.30 3 0
github.com/convision/api/cmd/api/main.go:291.30,294.74 3 0
github.com/convision/api/cmd/api/main.go:294.74,295.48 1 0
github.com/convision/api/cmd/api/main.go:295.48,296.39 1 0
github.com/convision/api/cmd/api/main.go:296.39,298.11 2 0
github.com/convision/api/cmd/api/main.go:302.3,302.14 1 0
github.com/convision/api/cmd/api/main.go:302.14,307.28 5 0
github.com/convision/api/cmd/api/main.go:307.28,309.5 1 0
github.com/convision/api/cmd/api/main.go:309.10,311.5 1 0
github.com/convision/api/cmd/api/main.go:312.4,312.47 1 0
github.com/convision/api/cmd/api/main.go:314.3,314.45 1 0
github.com/convision/api/cmd/api/main.go:314.45,317.4 2 0
github.com/convision/api/cmd/api/main.go:318.3,318.11 1 0
github.com/convision/api/cmd/api/main.go:322.42,325.2 2 0
github.com/convision/api/internal/dailyactivity/clinic_date.go:7.38,9.16 2 0
github.com/convision/api/internal/dailyactivity/clinic_date.go:9.16,11.3 1 0
github.com/convision/api/internal/dailyactivity/clinic_date.go:12.2,12.12 1 0
github.com/convision/api/internal/dailyactivity/clinic_date.go:15.30,18.2 2 0
github.com/convision/api/internal/dailyactivity/clinic_date.go:20.43,24.2 3 0
github.com/convision/api/internal/dailyactivity/service.go:21.83,23.2 1 0
github.com/convision/api/internal/dailyactivity/service.go:91.101,92.14 1 0
github.com/convision/api/internal/dailyactivity/service.go:92.14,94.3 1 0
github.com/convision/api/internal/dailyactivity/service.go:95.2,95.34 1 0
github.com/convision/api/internal/dailyactivity/service.go:95.34,97.3 1 0
github.com/convision/api/internal/dailyactivity/service.go:98.2,99.16 2 0
github.com/convision/api/internal/dailyactivity/service.go:99.16,101.3 1 0
github.com/convision/api/internal/dailyactivity/service.go:102.2,102.81 1 0
github.com/convision/api/internal/dailyactivity/service.go:106.86,108.2 1 0
github.com/convision/api/internal/dailyactivity/service.go:111.108,116.16 4 0
github.com/convision/api/internal/dailyactivity/service.go:116.16,118.3 1 0
github.com/convision/api/internal/dailyactivity/service.go:119.2,119.45 1 0
github.com/convision/api/internal/dailyactivity/service.go:119.45,121.3 1 0
github.com/convision/api/internal/dailyactivity/service.go:123.2,125.45 3 0
github.com/convision/api/internal/dailyactivity/service.go:125.45,127.3 1 0
github.com/convision/api/internal/dailyactivity/service.go:128.2,128.33 1 0
github.com/convision/api/internal/dailyactivity/service.go:132.141,134.16 2 0
github.com/convision/api/internal/dailyactivity/service.go:134.16,136.3 1 0
github.com/convision/api/internal/dailyactivity/service.go:137.2,137.14 1 0
github.com/convision/api/internal/dailyactivity/service.go:137.14,138.42 1 0
github.com/convision/api/internal/dailyactivity/service.go:138.42,140.4 1 0
github.com/convision/api/internal/dailyactivity/service.go:141.3,141.56 1 0
github.com/convision/api/internal/dailyactivity/service.go:141.56,143.4 1 0
github.com/convision/api/internal/dailyactivity/service.go:146.2,147.32 2 0
github.com/convision/api/internal/dailyactivity/service.go:147.32,149.3 1 0
github.com/convision/api/internal/dailyactivity/service.go:151.2,157.51 7 0
github.com/convision/api/internal/dailyactivity/service.go:157.51,159.3 1 0
github.com/convision/api/internal/dailyactivity/service.go:160.2,160.31 1 0
github.com/convision/api/internal/dailyactivity/service.go:165.121,167.16 2 0
github.com/convision/api/internal/dailyactivity/service.go:167.16,169.3 1 0
github.com/convision/api/internal/dailyactivity/service.go:170.2,170.51 1 0
github.com/convision/api/internal/dailyactivity/service.go:170.51,172.3 1 0
github.com/convision/api/internal/dailyactivity/service.go:173.2,173.53 1 0
github.com/convision/api/internal/dailyactivity/service.go:173.53,175.3 1 0
github.com/convision/api/internal/dailyactivity/service.go:176.2,177.50 2 0
github.com/convision/api/internal/dailyactivity/service.go:177.50,179.3 1 0
github.com/convision/api/internal/dailyactivity/service.go:180.2,180.31 1 0
github.com/convision/api/internal/dailyactivity/service.go:185.85,187.16 2 0
github.com/convision/api/internal/dailyactivity/service.go:187.16,189.3 1 0
github.com/convision/api/internal/dailyactivity/service.go:190.2,190.53 1 0
github.com/convision/api/internal/dailyactivity/service.go:190.53,192.3 1 0
github.com/convision/api/internal/dailyactivity/service.go:193.2,194.50 2 0
github.com/convision/api/internal/dailyactivity/service.go:194.50,196.3 1 0
github.com/convision/api/internal/dailyactivity/service.go:197.2,197.31 1 0
github.com/convision/api/internal/dailyactivity/service.go:201.124,206.16 4 0
github.com/convision/api/internal/dailyactivity/service.go:206.16,207.46 1 0
github.com/convision/api/internal/dailyactivity/service.go:207.46,209.4 1 0
github.com/convision/api/internal/dailyactivity/service.go:210.3,217.51 2 0
github.com/convision/api/internal/dailyactivity/service.go:217.51,219.4 1 0
github.com/convision/api/internal/dailyactivity/service.go:222.2,222.53 1 0
github.com/convision/api/internal/dailyactivity/service.go:222.53,224.3 1 0
github.com/convision/api/internal/dailyactivity/service.go:226.2,233.29 2 0
github.com/convision/api/internal/dailyactivity/service.go:233.29,234.24 1 0
github.com/convision/api/internal/dailyactivity/service.go:234.24,236.4 1 0
github.com/convision/api/internal/dailyactivity/service.go:237.3,238.36 2 0
github.com/convision/api/internal/dailyactivity/service.go:238.36,240.4 1 0
github.com/convision/api/internal/dailyactivity/service.go:241.3,243.29 3 0
github.com/convision/api/internal/dailyactivity/service.go:244.8,245.81 1 0
github.com/convision/api/internal/dailyactivity/service.go:245.81,247.4 1 0
github.com/convision/api/internal/dailyactivity/service.go:250.2,250.22 1 0
github.com/convision/api/internal/dailyactivity/service.go:250.22,251.32 1 0
github.com/convision/api/internal/dailyactivity/service.go:251.32,253.4 1 0
github.com/convision/api/internal/dailyactivity/service.go:254.3,254.60 1 0
github.com/convision/api/internal/dailyactivity/service.go:257.2,257.50 1 0
github.com/convision/api/internal/dailyactivity/service.go:257.50,259.3 1 0
github.com/convision/api/internal/dailyactivity/service.go:260.2,260.38 1 0
github.com/convision/api/internal/dailyactivity/service.go:263.100,308.2 1 0
github.com/convision/api/internal/dailyactivity/service.go:310.86,311.14 1 0
github.com/convision/api/internal/dailyactivity/service.go:312.19,313.18 1 0
github.com/convision/api/internal/dailyactivity/service.go:314.17,315.21 1 0
github.com/convision/api/internal/dailyactivity/service.go:316.16,317.23 1 0
github.com/convision/api/internal/dailyactivity/service.go:318.15,319.25 1 0
github.com/convision/api/internal/dailyactivity/service.go:320.11,321.81 1 0
github.com/convision/api/internal/dailyactivity/service.go:323.22,324.18 1 0
github.com/convision/api/internal/dailyactivity/service.go:325.17,326.18 1 0
github.com/convision/api/internal/dailyactivity/service.go:327.16,328.20 1 0
github.com/convision/api/internal/dailyactivity/service.go:329.15,330.22 1 0
github.com/convision/api/internal/dailyactivity/service.go:331.11,332.81 1 0
github.com/convision/api/internal/dailyactivity/service.go:334.29,335.18 1 0
github.com/convision/api/internal/dailyactivity/service.go:336.17,337.34 1 0
github.com/convision/api/internal/dailyactivity/service.go:338.16,339.36 1 0
github.com/convision/api/internal/dailyactivity/service.go:340.15,341.38 1 0
github.com/convision/api/internal/dailyactivity/service.go:342.11,343.81 1 0
github.com/convision/api/internal/dailyactivity/service.go:345.32,346.27 1 0
github.com/convision/api/internal/dailyactivity/service.go:347.32,348.32 1 0
github.com/convision/api/internal/dailyactivity/service.go:349.26,350.23 1 0
github.com/convision/api/internal/dailyactivity/service.go:351.25,352.22 1 0
github.com/convision/api/internal/dailyactivity/service.go:353.34,354.23 1 0
github.com/convision/api/internal/dailyactivity/service.go:355.25,356.15 1 0
github.com/convision/api/internal/dailyactivity/service.go:357.10,358.86 1 0
github.com/convision/api/internal/dailyactivity/service.go:360.2,360.12 1 0
github.com/convision/api/internal/domain/appointment.go:33.45,34.29 1 0
github.com/convision/api/internal/domain/appointment.go:39.36,40.14 1 0
github.com/convision/api/internal/domain/appointment.go:42.2,42.14 1 0
github.com/convision/api/internal/domain/branch.go:56.44,58.2 1 0
github.com/convision/api/internal/domain/branch.go:60.44,62.2 1 0
github.com/convision/api/internal/domain/branch.go:64.48,66.2 1 0
github.com/convision/api/internal/domain/clinical_record.go:15.52,16.14 1 0
github.com/convision/api/internal/domain/clinical_record.go:16.14,18.3 1 0
github.com/convision/api/internal/domain/clinical_record.go:19.2,20.23 2 0
github.com/convision/api/internal/domain/clinical_record.go:23.43,25.25 2 0
github.com/convision/api/internal/domain/clinical_record.go:26.14,27.10 1 0
github.com/convision/api/internal/domain/clinical_record.go:28.14,29.18 1 0
github.com/convision/api/internal/domain/clinical_record.go:30.11,32.13 2 0
github.com/convision/api/internal/domain/clinical_record.go:33.10,34.60 1 0
github.com/convision/api/internal/domain/clinical_record.go:36.2,36.39 1 0
github.com/convision/api/internal/domain/clinical_record.go:225.48,225.74 1 0
github.com/convision/api/internal/domain/errors.go:8.38,10.2 1 0
github.com/convision/api/internal/domain/errors.go:18.38,20.2 1 0
github.com/convision/api/internal/domain/errors.go:27.42,29.2 1 0
github.com/convision/api/internal/domain/errors.go:37.40,39.2 1 0
github.com/convision/api/internal/domain/errors.go:43.45,45.2 1 0
github.com/convision/api/internal/domain/errors.go:49.44,49.84 1 0
github.com/convision/api/internal/domain/errors.go:53.44,53.86 1 0
github.com/convision/api/internal/domain/errors.go:57.42,57.79 1 0
github.com/convision/api/internal/domain/errors.go:64.50,66.2 1 0
github.com/convision/api/internal/domain/errors.go:68.50,68.66 1 0
github.com/convision/api/internal/domain/finance.go:108.35,110.2 1 0
github.com/convision/api/internal/domain/laboratory.go:27.46,30.2 2 0
github.com/convision/api/internal/domain/laboratory.go:32.37,34.25 2 0
github.com/convision/api/internal/domain/laboratory.go:35.14,36.8 1 0
github.com/convision/api/internal/domain/laboratory.go:37.14,38.16 1 0
github.com/convision/api/internal/domain/laboratory.go:39.11,40.13 1 0
github.com/convision/api/internal/domain/laboratory.go:41.10,42.50 1 0
github.com/convision/api/internal/domain/laboratory.go:44.2,44.37 1 0
github.com/convision/api/internal/domain/laboratory.go:62.51,65.2 2 0
github.com/convision/api/internal/domain/laboratory.go:67.42,69.25 2 0
github.com/convision/api/internal/domain/laboratory.go:70.14,71.8 1 0
github.com/convision/api/internal/domain/laboratory.go:72.14,73.16 1 0
github.com/convision/api/internal/domain/laboratory.go:74.11,75.13 1 0
github.com/convision/api/internal/domain/laboratory.go:76.10,77.55 1 0
github.com/convision/api/internal/domain/laboratory.go:79.2,79.37 1 0
github.com/convision/api/internal/domain/laboratory.go:171.54,173.2 1 0
github.com/convision/api/internal/domain/laboratory.go:218.51,220.2 1 0
github.com/convision/api/internal/domain/optica.go:17.34,19.2 1 0
github.com/convision/api/internal/domain/optica.go:34.39,36.2 1 0
github.com/convision/api/internal/domain/optica_feature.go:13.41,15.2 1 0
github.com/convision/api/internal/domain/patient.go:54.37,56.2 1 0
github.com/convision/api/internal/domain/prescription.go:9.40,9.78 1 0
github.com/convision/api/internal/domain/revoked_token.go:18.40,18.76 1 0
github.com/convision/api/internal/domain/super_admin.go:15.38,17.2 1 0
github.com/convision/api/internal/expense/service.go:20.77,22.2 1 0
github.com/convision/api/internal/expense/service.go:72.74,74.2 1 0
github.com/convision/api/internal/expense/service.go:77.63,79.16 2 0
github.com/convision/api/internal/expense/service.go:79.16,81.3 1 0
github.com/convision/api/internal/expense/service.go:82.2,83.25 2 0
github.com/convision/api/internal/expense/service.go:83.25,85.25 2 0
github.com/convision/api/internal/expense/service.go:85.25,87.4 1 0
github.com/convision/api/internal/expense/service.go:87.9,89.4 1 0
github.com/convision/api/internal/expense/service.go:91.2,91.17 1 0
github.com/convision/api/internal/expense/service.go:95.101,96.14 1 0
github.com/convision/api/internal/expense/service.go:96.14,98.3 1 0
github.com/convision/api/internal/expense/service.go:99.2,99.34 1 0
github.com/convision/api/internal/expense/service.go:99.34,101.3 1 0
github.com/convision/api/internal/expense/service.go:102.2,103.16 2 0
github.com/convision/api/internal/expense/service.go:103.16,105.3 1 0
github.com/convision/api/internal/expense/service.go:106.2,107.15 2 0
github.com/convision/api/internal/expense/service.go:107.15,109.3 1 0
github.com/convision/api/internal/expense/service.go:110.2,110.108 1 0
github.com/convision/api/internal/expense/service.go:114.106,116.29 2 0
github.com/convision/api/internal/expense/service.go:116.29,118.17 2 0
github.com/convision/api/internal/expense/service.go:118.17,120.4 1 0
github.com/convision/api/internal/expense/service.go:121.3,121.19 1 0
github.com/convision/api/internal/expense/service.go:124.2,128.35 4 0
github.com/convision/api/internal/expense/service.go:128.35,131.3 2 0
github.com/convision/api/internal/expense/service.go:131.8,131.30 1 0
github.com/convision/api/internal/expense/service.go:131.30,133.3 1 0
github.com/convision/api/internal/expense/service.go:135.2,152.45 2 0
github.com/convision/api/internal/expense/service.go:152.45,154.3 1 0
github.com/convision/api/internal/expense/service.go:155.2,156.33 2 0
github.com/convision/api/internal/expense/service.go:160.92,162.16 2 0
github.com/convision/api/internal/expense/service.go:162.16,164.3 1 0
github.com/convision/api/internal/expense/service.go:165.2,165.29 1 0
github.com/convision/api/internal/expense/service.go:165.29,167.3 1 0
github.com/convision/api/internal/expense/service.go:168.2,168.31 1 0
github.com/convision/api/internal/expense/service.go:168.31,170.3 1 0
github.com/convision/api/internal/expense/service.go:171.2,171.25 1 0
github.com/convision/api/internal/expense/service.go:171.25,173.3 1 0
github.com/convision/api/internal/expense/service.go:174.2,174.29 1 0
github.com/convision/api/internal/expense/service.go:174.29,176.3 1 0
github.com/convision/api/internal/expense/service.go:177.2,177.29 1 0
github.com/convision/api/internal/expense/service.go:177.29,179.17 2 0
github.com/convision/api/internal/expense/service.go:179.17,181.4 1 0
github.com/convision/api/internal/expense/service.go:182.3,182.21 1 0
github.com/convision/api/internal/expense/service.go:184.2,184.25 1 0
github.com/convision/api/internal/expense/service.go:184.25,186.3 1 0
github.com/convision/api/internal/expense/service.go:187.2,187.32 1 0
github.com/convision/api/internal/expense/service.go:187.32,189.3 1 0
github.com/convision/api/internal/expense/service.go:190.2,190.30 1 0
github.com/convision/api/internal/expense/service.go:190.30,192.3 1 0
github.com/convision/api/internal/expense/service.go:193.2,193.34 1 0
github.com/convision/api/internal/expense/service.go:193.34,195.3 1 0
github.com/convision/api/internal/expense/service.go:196.2,196.27 1 0
github.com/convision/api/internal/expense/service.go:196.27,198.3 1 0
github.com/convision/api/internal/expense/service.go:199.2,199.23 1 0
github.com/convision/api/internal/expense/service.go:199.23,201.3 1 0
github.com/convision/api/internal/expense/service.go:204.2,205.33 2 0
github.com/convision/api/internal/expense/service.go:205.33,208.3 2 0
github.com/convision/api/internal/expense/service.go:208.8,208.32 1 0
github.com/convision/api/internal/expense/service.go:208.32,210.3 1 0
github.com/convision/api/internal/expense/service.go:210.8,212.3 1 0
github.com/convision/api/internal/expense/service.go:214.2,214.45 1 0
github.com/convision/api/internal/expense/service.go:214.45,216.3 1 0
github.com/convision/api/internal/expense/service.go:217.2,217.31 1 0
github.com/convision/api/internal/expense/service.go:221.54,222.50 1 0
github.com/convision/api/internal/expense/service.go:222.50,224.3 1 0
github.com/convision/api/internal/expense/service.go:225.2,225.30 1 0
github.com/convision/api/internal/discount/service.go:21.91,23.2 1 0
github.com/convision/api/internal/discount/service.go:27.49,28.16 1 0
github.com/convision/api/internal/discount/service.go:28.16,30.3 1 0
github.com/convision/api/internal/discount/service.go:31.2,32.29 2 0
github.com/convision/api/internal/discount/service.go:32.29,34.3 1 0
github.com/convision/api/internal/discount/service.go:35.2,35.11 1 0
github.com/convision/api/internal/discount/service.go:38.46,39.14 1 0
github.com/convision/api/internal/discount/service.go:39.14,41.3 1 0
github.com/convision/api/internal/discount/service.go:42.2,42.34 1 0
github.com/convision/api/internal/discount/service.go:42.34,44.3 1 0
github.com/convision/api/internal/discount/service.go:45.2,45.22 1 0
github.com/convision/api/internal/discount/service.go:87.88,90.16 3 0
github.com/convision/api/internal/discount/service.go:90.16,92.3 1 0
github.com/convision/api/internal/discount/service.go:93.2,99.8 1 0
github.com/convision/api/internal/discount/service.go:102.69,104.2 1 0
github.com/convision/api/internal/discount/service.go:106.78,107.51 1 0
github.com/convision/api/internal/discount/service.go:107.51,109.3 1 0
github.com/convision/api/internal/discount/service.go:110.2,110.69 1 0
github.com/convision/api/internal/discount/service.go:110.69,112.3 1 0
github.com/convision/api/internal/discount/service.go:114.2,114.59 1 0
github.com/convision/api/internal/discount/service.go:114.59,116.3 1 0
github.com/convision/api/internal/discount/service.go:118.2,119.50 2 0
github.com/convision/api/internal/discount/service.go:119.50,125.24 5 0
github.com/convision/api/internal/discount/service.go:125.24,129.29 4 0
github.com/convision/api/internal/discount/service.go:129.29,131.5 1 0
github.com/convision/api/internal/discount/service.go:132.4,133.27 2 0
github.com/convision/api/internal/discount/service.go:133.27,135.5 1 0
github.com/convision/api/internal/discount/service.go:138.3,153.46 2 0
github.com/convision/api/internal/discount/service.go:153.46,155.4 1 0
github.com/convision/api/internal/discount/service.go:156.3,157.17 2 0
github.com/convision/api/internal/discount/service.go:157.17,159.4 1 0
github.com/convision/api/internal/discount/service.go:160.3,161.13 2 0
github.com/convision/api/internal/discount/service.go:163.2,163.16 1 0
github.com/convision/api/internal/discount/service.go:163.16,165.3 1 0
github.com/convision/api/internal/discount/service.go:166.2,166.20 1 0
github.com/convision/api/internal/discount/service.go:169.126,170.51 1 0
github.com/convision/api/internal/discount/service.go:170.51,172.3 1 0
github.com/convision/api/internal/discount/service.go:173.2,173.69 1 0
github.com/convision/api/internal/discount/service.go:173.69,175.3 1 0
github.com/convision/api/internal/discount/service.go:177.2,178.50 2 0
github.com/convision/api/internal/discount/service.go:178.50,180.17 2 0
github.com/convision/api/internal/discount/service.go:180.17,182.4 1 0
github.com/convision/api/internal/discount/service.go:184.3,184.37 1 0
github.com/convision/api/internal/discount/service.go:184.37,185.28 1 0
github.com/convision/api/internal/discount/service.go:185.28,187.5 1 0
github.com/convision/api/internal/discount/service.go:188.4,188.55 1 0
github.com/convision/api/internal/discount/service.go:188.55,190.5 1 0
github.com/convision/api/internal/discount/service.go:193.3,204.57 10 0
github.com/convision/api/internal/discount/service.go:204.57,206.22 2 0
github.com/convision/api/internal/discount/service.go:206.22,209.5 2 0
github.com/convision/api/internal/discount/service.go:210.4,210.66 1 0
github.com/convision/api/internal/discount/service.go:213.3,213.46 1 0
github.com/convision/api/internal/discount/service.go:213.46,215.4 1 0
github.com/convision/api/internal/discount/service.go:216.3,217.13 2 0
github.com/convision/api/internal/discount/service.go:219.2,219.16 1 0
github.com/convision/api/internal/discount/service.go:219.16,221.3 1 0
github.com/convision/api/internal/discount/service.go:222.2,222.20 1 0
github.com/convision/api/internal/discount/service.go:225.41,226.50 1 0
github.com/convision/api/internal/discount/service.go:226.50,227.51 1 0
github.com/convision/api/internal/discount/service.go:227.51,229.4 1 0
github.com/convision/api/internal/discount/service.go:230.3,230.31 1 0
github.com/convision/api/internal/discount/service.go:234.106,236.50 2 0
github.com/convision/api/internal/discount/service.go:236.50,238.17 2 0
github.com/convision/api/internal/discount/service.go:238.17,240.4 1 0
github.com/convision/api/internal/discount/service.go:241.3,241.54 1 0
github.com/convision/api/internal/discount/service.go:241.54,243.4 1 0
github.com/convision/api/internal/discount/service.go:244.3,249.30 6 0
github.com/convision/api/internal/discount/service.go:249.30,251.4 1 0
github.com/convision/api/internal/discount/service.go:253.3,253.46 1 0
github.com/convision/api/internal/discount/service.go:253.46,255.4 1 0
github.com/convision/api/internal/discount/service.go:256.3,257.13 2 0
github.com/convision/api/internal/discount/service.go:259.2,259.16 1 0
github.com/convision/api/internal/discount/service.go:259.16,261.3 1 0
github.com/convision/api/internal/discount/service.go:262.2,262.20 1 0
github.com/convision/api/internal/discount/service.go:265.83,267.50 2 0
github.com/convision/api/internal/discount/service.go:267.50,269.17 2 0
github.com/convision/api/internal/discount/service.go:269.17,271.4 1 0
github.com/convision/api/internal/discount/service.go:272.3,272.54 1 0
github.com/convision/api/internal/discount/service.go:272.54,274.4 1 0
github.com/convision/api/internal/discount/service.go:275.3,278.46 3 0
github.com/convision/api/internal/discount/service.go:278.46,280.4 1 0
github.com/convision/api/internal/discount/service.go:281.3,282.13 2 0
github.com/convision/api/internal/discount/service.go:284.2,284.16 1 0
[...]
github.com/convision/api/internal/inventory/service.go:1020.105,1023.24 1 0
github.com/convision/api/internal/inventory/service.go:1023.24,1024.65 1 0
github.com/convision/api/internal/inventory/service.go:1024.65,1026.4 1 0
github.com/convision/api/internal/inventory/service.go:1027.3,1028.17 2 0
github.com/convision/api/internal/inventory/service.go:1028.17,1030.4 1 0
github.com/convision/api/internal/inventory/service.go:1031.3,1031.113 1 0
github.com/convision/api/internal/inventory/service.go:1031.113,1036.4 1 0
github.com/convision/api/internal/inventory/service.go:1037.3,1038.42 2 0
github.com/convision/api/internal/inventory/service.go:1038.42,1043.4 1 0
github.com/convision/api/internal/inventory/service.go:1044.3,1044.54 1 0
github.com/convision/api/internal/inventory/service.go:1044.54,1046.4 1 0
github.com/convision/api/internal/inventory/service.go:1047.3,1047.54 1 0
github.com/convision/api/internal/inventory/service.go:1047.54,1049.4 1 0
github.com/convision/api/internal/inventory/service.go:1052.2,1053.50 2 0
github.com/convision/api/internal/inventory/service.go:1053.50,1055.92 2 0
github.com/convision/api/internal/inventory/service.go:1055.92,1056.46 1 0
github.com/convision/api/internal/inventory/service.go:1056.46,1058.5 1 0
github.com/convision/api/internal/inventory/service.go:1059.4,1059.14 1 0
github.com/convision/api/internal/inventory/service.go:1061.3,1061.113 1 0
github.com/convision/api/internal/inventory/service.go:1061.113,1066.4 1 0
github.com/convision/api/internal/inventory/service.go:1067.3,1068.86 2 0
github.com/convision/api/internal/inventory/service.go:1068.86,1070.4 1 0
github.com/convision/api/internal/inventory/service.go:1071.3,1072.13 2 0
github.com/convision/api/internal/inventory/service.go:1074.2,1074.16 1 0
github.com/convision/api/internal/inventory/service.go:1074.16,1076.3 1 0
github.com/convision/api/internal/inventory/service.go:1077.2,1077.48 1 0
github.com/convision/api/internal/inventory/service.go:1080.49,1082.16 2 0
github.com/convision/api/internal/inventory/service.go:1082.16,1084.3 1 0
github.com/convision/api/internal/inventory/service.go:1085.2,1085.55 1 0
github.com/convision/api/internal/inventory/service.go:1085.55,1090.3 1 0
github.com/convision/api/internal/inventory/service.go:1091.2,1091.40 1 0
github.com/convision/api/internal/inventory/service.go:1097.109,1100.50 3 0
github.com/convision/api/internal/inventory/service.go:1100.50,1103.43 2 0
github.com/convision/api/internal/inventory/service.go:1103.43,1104.46 1 0
github.com/convision/api/internal/inventory/service.go:1104.46,1106.5 1 0
github.com/convision/api/internal/inventory/service.go:1107.4,1107.14 1 0
github.com/convision/api/internal/inventory/service.go:1109.3,1111.17 3 0
github.com/convision/api/internal/inventory/service.go:1111.17,1116.4 1 0
github.com/convision/api/internal/inventory/service.go:1117.3,1117.74 1 0
github.com/convision/api/internal/inventory/service.go:1117.74,1119.4 1 0
github.com/convision/api/internal/inventory/service.go:1120.3,1121.16 2 0
github.com/convision/api/internal/inventory/service.go:1121.16,1123.4 1 0
github.com/convision/api/internal/inventory/service.go:1124.3,1135.51 2 0
github.com/convision/api/internal/inventory/service.go:1135.51,1137.4 1 0
github.com/convision/api/internal/inventory/service.go:1138.3,1140.13 3 0
github.com/convision/api/internal/inventory/service.go:1142.2,1142.16 1 0
github.com/convision/api/internal/inventory/service.go:1142.16,1144.3 1 0
github.com/convision/api/internal/inventory/service.go:1145.2,1145.44 1 0
github.com/convision/api/internal/laboratory/service.go:32.12,34.2 1 1
github.com/convision/api/internal/laboratory/service.go:177.76,179.2 1 1
github.com/convision/api/internal/laboratory/service.go:181.108,182.14 1 0
github.com/convision/api/internal/laboratory/service.go:182.14,184.3 1 0
github.com/convision/api/internal/laboratory/service.go:185.2,185.34 1 0
github.com/convision/api/internal/laboratory/service.go:185.34,187.3 1 0
github.com/convision/api/internal/laboratory/service.go:189.2,190.16 2 0
github.com/convision/api/internal/laboratory/service.go:190.16,192.3 1 0
github.com/convision/api/internal/laboratory/service.go:194.2,195.30 2 0
github.com/convision/api/internal/laboratory/service.go:195.30,197.3 1 0
github.com/convision/api/internal/laboratory/service.go:199.2,199.104 1 0
github.com/convision/api/internal/laboratory/service.go:202.92,204.18 2 1
github.com/convision/api/internal/laboratory/service.go:204.18,206.3 1 1
github.com/convision/api/internal/laboratory/service.go:208.2,218.48 2 1
github.com/convision/api/internal/laboratory/service.go:218.48,220.3 1 0
github.com/convision/api/internal/laboratory/service.go:222.2,223.36 2 1
github.com/convision/api/internal/laboratory/service.go:226.101,228.16 2 0
github.com/convision/api/internal/laboratory/service.go:228.16,230.3 1 0
github.com/convision/api/internal/laboratory/service.go:232.2,232.22 1 0
github.com/convision/api/internal/laboratory/service.go:232.22,234.3 1 0
github.com/convision/api/internal/laboratory/service.go:235.2,235.31 1 0
github.com/convision/api/internal/laboratory/service.go:235.31,237.3 1 0
github.com/convision/api/internal/laboratory/service.go:238.2,238.23 1 0
github.com/convision/api/internal/laboratory/service.go:238.23,240.3 1 0
github.com/convision/api/internal/laboratory/service.go:241.2,241.23 1 0
github.com/convision/api/internal/laboratory/service.go:241.23,243.3 1 0
github.com/convision/api/internal/laboratory/service.go:244.2,244.25 1 0
github.com/convision/api/internal/laboratory/service.go:244.25,246.3 1 0
github.com/convision/api/internal/laboratory/service.go:247.2,247.24 1 0
github.com/convision/api/internal/laboratory/service.go:247.24,249.3 1 0
github.com/convision/api/internal/laboratory/service.go:250.2,250.23 1 0
github.com/convision/api/internal/laboratory/service.go:250.23,252.3 1 0
github.com/convision/api/internal/laboratory/service.go:254.2,254.48 1 0
github.com/convision/api/internal/laboratory/service.go:254.48,256.3 1 0
github.com/convision/api/internal/laboratory/service.go:257.2,257.34 1 0
github.com/convision/api/internal/laboratory/service.go:260.57,262.16 2 0
github.com/convision/api/internal/laboratory/service.go:262.16,264.3 1 0
github.com/convision/api/internal/laboratory/service.go:265.2,265.33 1 0
github.com/convision/api/internal/laboratory/service.go:270.83,272.2 1 0
github.com/convision/api/internal/laboratory/service.go:274.112,275.14 1 0
github.com/convision/api/internal/laboratory/service.go:275.14,277.3 1 0
github.com/convision/api/internal/laboratory/service.go:278.2,278.34 1 0
github.com/convision/api/internal/laboratory/service.go:278.34,280.3 1 0
github.com/convision/api/internal/laboratory/service.go:282.2,283.16 2 0
github.com/convision/api/internal/laboratory/service.go:283.16,285.3 1 0
github.com/convision/api/internal/laboratory/service.go:287.2,288.30 2 0
github.com/convision/api/internal/laboratory/service.go:288.30,290.3 1 0
github.com/convision/api/internal/laboratory/service.go:292.2,292.106 1 0
github.com/convision/api/internal/laboratory/service.go:295.56,296.16 1 1
github.com/convision/api/internal/laboratory/service.go:296.16,298.3 1 1
github.com/convision/api/internal/laboratory/service.go:299.2,311.3 1 0
github.com/convision/api/internal/laboratory/service.go:314.71,315.16 1 1
github.com/convision/api/internal/laboratory/service.go:315.16,317.3 1 1
github.com/convision/api/internal/laboratory/service.go:318.2,330.3 1 0
github.com/convision/api/internal/laboratory/service.go:333.114,335.18 2 1
github.com/convision/api/internal/laboratory/service.go:335.18,337.3 1 1
github.com/convision/api/internal/laboratory/service.go:339.2,340.20 2 1
github.com/convision/api/internal/laboratory/service.go:340.20,342.3 1 1
github.com/convision/api/internal/laboratory/service.go:344.2,345.82 2 1
github.com/convision/api/internal/laboratory/service.go:345.82,347.17 2 0
github.com/convision/api/internal/laboratory/service.go:347.17,349.4 1 0
github.com/convision/api/internal/laboratory/service.go:352.2,353.52 2 1
github.com/convision/api/internal/laboratory/service.go:353.52,355.17 2 0
github.com/convision/api/internal/laboratory/service.go:355.17,357.4 1 0
github.com/convision/api/internal/laboratory/service.go:360.2,384.50 4 1
github.com/convision/api/internal/laboratory/service.go:384.50,386.3 1 0
github.com/convision/api/internal/laboratory/service.go:389.2,397.38 3 1
github.com/convision/api/internal/laboratory/service.go:400.110,402.16 2 0
github.com/convision/api/internal/laboratory/service.go:402.16,404.3 1 0
github.com/convision/api/internal/laboratory/service.go:406.2,406.31 1 0
github.com/convision/api/internal/laboratory/service.go:406.31,408.3 1 0
github.com/convision/api/internal/laboratory/service.go:409.2,409.28 1 0
github.com/convision/api/internal/laboratory/service.go:409.28,411.3 1 0
github.com/convision/api/internal/laboratory/service.go:412.2,412.26 1 0
github.com/convision/api/internal/laboratory/service.go:412.26,414.3 1 0
github.com/convision/api/internal/laboratory/service.go:415.2,415.25 1 0
github.com/convision/api/internal/laboratory/service.go:415.25,417.3 1 0
github.com/convision/api/internal/laboratory/service.go:418.2,418.24 1 0
github.com/convision/api/internal/laboratory/service.go:418.24,420.3 1 0
github.com/convision/api/internal/laboratory/service.go:421.2,421.26 1 0
github.com/convision/api/internal/laboratory/service.go:421.26,423.3 1 0
github.com/convision/api/internal/laboratory/service.go:424.2,424.82 1 0
github.com/convision/api/internal/laboratory/service.go:424.82,426.17 2 0
github.com/convision/api/internal/laboratory/service.go:426.17,428.4 1 0
github.com/convision/api/internal/laboratory/service.go:430.2,430.23 1 0
github.com/convision/api/internal/laboratory/service.go:430.23,432.3 1 0
github.com/convision/api/internal/laboratory/service.go:433.2,433.31 1 0
github.com/convision/api/internal/laboratory/service.go:433.31,435.3 1 0
github.com/convision/api/internal/laboratory/service.go:436.2,436.23 1 0
github.com/convision/api/internal/laboratory/service.go:436.23,438.3 1 0
github.com/convision/api/internal/laboratory/service.go:439.2,439.23 1 0
github.com/convision/api/internal/laboratory/service.go:439.23,441.3 1 0
github.com/convision/api/internal/laboratory/service.go:442.2,442.25 1 0
github.com/convision/api/internal/laboratory/service.go:442.25,444.3 1 0
github.com/convision/api/internal/laboratory/service.go:445.2,445.25 1 0
github.com/convision/api/internal/laboratory/service.go:445.25,447.3 1 0
github.com/convision/api/internal/laboratory/service.go:448.2,448.29 1 0
github.com/convision/api/internal/laboratory/service.go:448.29,450.3 1 0
github.com/convision/api/internal/laboratory/service.go:451.2,451.29 1 0
github.com/convision/api/internal/laboratory/service.go:451.29,453.3 1 0
github.com/convision/api/internal/laboratory/service.go:454.2,454.52 1 0
github.com/convision/api/internal/laboratory/service.go:454.52,456.17 2 0
github.com/convision/api/internal/laboratory/service.go:456.17,458.4 1 0
github.com/convision/api/internal/laboratory/service.go:460.2,460.25 1 0
github.com/convision/api/internal/laboratory/service.go:460.25,462.3 1 0
github.com/convision/api/internal/laboratory/service.go:463.2,463.38 1 0
github.com/convision/api/internal/laboratory/service.go:463.38,465.3 1 0
github.com/convision/api/internal/laboratory/service.go:467.2,467.50 1 0
github.com/convision/api/internal/laboratory/service.go:467.50,469.3 1 0
github.com/convision/api/internal/laboratory/service.go:470.2,470.36 1 0
github.com/convision/api/internal/laboratory/service.go:473.135,475.16 2 1
github.com/convision/api/internal/laboratory/service.go:475.16,477.3 1 0
github.com/convision/api/internal/laboratory/service.go:479.2,480.50 2 1
github.com/convision/api/internal/laboratory/service.go:480.50,482.3 1 0
github.com/convision/api/internal/laboratory/service.go:485.2,492.36 2 1
github.com/convision/api/internal/laboratory/service.go:495.59,497.16 2 0
github.com/convision/api/internal/laboratory/service.go:497.16,499.3 1 0
github.com/convision/api/internal/laboratory/service.go:500.2,500.35 1 0
github.com/convision/api/internal/laboratory/service.go:503.82,505.16 2 0
github.com/convision/api/internal/laboratory/service.go:505.16,507.3 1 0
github.com/convision/api/internal/laboratory/service.go:509.2,509.22 1 0
github.com/convision/api/internal/laboratory/service.go:509.22,512.63 3 0
github.com/convision/api/internal/laboratory/service.go:512.63,514.4 1 0
github.com/convision/api/internal/laboratory/service.go:517.2,518.19 2 0
github.com/convision/api/internal/laboratory/service.go:518.19,520.3 1 0
github.com/convision/api/internal/laboratory/service.go:521.2,526.8 2 0
github.com/convision/api/internal/laboratory/service.go:529.64,531.2 1 0
github.com/convision/api/internal/laboratory/service.go:535.73,537.2 1 0
github.com/convision/api/internal/laboratory/service.go:539.116,540.14 1 0
github.com/convision/api/internal/laboratory/service.go:540.14,542.3 1 0
github.com/convision/api/internal/laboratory/service.go:543.2,543.34 1 0
github.com/convision/api/internal/laboratory/service.go:543.34,545.3 1 0
github.com/convision/api/internal/laboratory/service.go:547.2,548.18 2 0
github.com/convision/api/internal/laboratory/service.go:548.18,550.3 1 0
github.com/convision/api/internal/laboratory/service.go:551.2,552.16 2 0
github.com/convision/api/internal/laboratory/service.go:552.16,554.3 1 0
github.com/convision/api/internal/laboratory/service.go:556.2,557.27 2 0
github.com/convision/api/internal/laboratory/service.go:557.27,559.3 1 0
github.com/convision/api/internal/laboratory/service.go:561.2,562.16 2 0
github.com/convision/api/internal/laboratory/service.go:562.16,564.3 1 0
github.com/convision/api/internal/laboratory/service.go:566.2,567.26 2 0
github.com/convision/api/internal/laboratory/service.go:567.26,569.3 1 0
github.com/convision/api/internal/laboratory/service.go:571.2,572.27 2 0
github.com/convision/api/internal/laboratory/service.go:572.27,579.41 3 0
github.com/convision/api/internal/laboratory/service.go:579.41,580.35 1 0
github.com/convision/api/internal/laboratory/service.go:580.35,582.5 1 0
github.com/convision/api/internal/laboratory/service.go:584.3,587.26 3 0
github.com/convision/api/internal/laboratory/service.go:587.26,589.4 1 0
github.com/convision/api/internal/laboratory/service.go:591.3,591.20 1 0
github.com/convision/api/internal/laboratory/service.go:591.20,594.4 2 0
github.com/convision/api/internal/laboratory/service.go:596.3,596.18 1 0
github.com/convision/api/internal/laboratory/service.go:599.2,600.30 2 0
github.com/convision/api/internal/laboratory/service.go:600.30,602.3 1 0
github.com/convision/api/internal/laboratory/service.go:604.2,604.111 1 0
github.com/convision/api/internal/laboratory/service.go:607.143,609.16 2 0
github.com/convision/api/internal/laboratory/service.go:609.16,611.3 1 0
github.com/convision/api/internal/laboratory/service.go:613.2,613.55 1 0
github.com/convision/api/internal/laboratory/service.go:613.55,615.3 1 0
github.com/convision/api/internal/laboratory/service.go:617.2,618.66 2 0
github.com/convision/api/internal/laboratory/service.go:618.66,620.17 2 0
github.com/convision/api/internal/laboratory/service.go:620.17,622.4 1 0
github.com/convision/api/internal/laboratory/service.go:625.2,634.52 2 0
github.com/convision/api/internal/laboratory/service.go:634.52,636.3 1 0
github.com/convision/api/internal/laboratory/service.go:638.2,639.18 2 0
github.com/convision/api/internal/laboratory/service.go:642.108,644.2 1 0
github.com/convision/api/internal/laboratory/service.go:646.93,648.16 2 0
github.com/convision/api/internal/laboratory/service.go:648.16,650.3 1 0
github.com/convision/api/internal/laboratory/service.go:652.2,653.16 2 0
github.com/convision/api/internal/laboratory/service.go:653.16,655.3 1 0
github.com/convision/api/internal/laboratory/service.go:657.2,663.40 3 0
github.com/convision/api/internal/laboratory/service.go:663.40,664.34 1 0
github.com/convision/api/internal/laboratory/service.go:664.34,666.4 1 0
github.com/convision/api/internal/laboratory/service.go:668.2,670.20 2 0
github.com/convision/api/internal/laboratory/service.go:670.20,672.3 1 0
github.com/convision/api/internal/laboratory/service.go:674.2,674.19 1 0
github.com/convision/api/internal/laboratory/service.go:674.19,677.3 2 0
github.com/convision/api/internal/laboratory/service.go:679.2,679.18 1 0
github.com/convision/api/internal/laboratory/service.go:682.85,684.16 2 0
github.com/convision/api/internal/laboratory/service.go:684.16,686.3 1 0
github.com/convision/api/internal/laboratory/service.go:688.2,688.55 1 0
github.com/convision/api/internal/laboratory/service.go:688.55,690.3 1 0
github.com/convision/api/internal/laboratory/service.go:692.2,693.50 2 0
github.com/convision/api/internal/laboratory/service.go:693.50,695.3 1 0
github.com/convision/api/internal/laboratory/service.go:697.2,704.21 2 0
github.com/convision/api/internal/laboratory/service.go:704.21,706.17 2 0
github.com/convision/api/internal/laboratory/service.go:706.17,711.4 4 0
github.com/convision/api/internal/laboratory/service.go:714.2,715.12 2 0
github.com/convision/api/internal/laboratory/service.go:720.129,722.2 1 0
github.com/convision/api/internal/laboratory/service.go:724.150,731.53 2 0
github.com/convision/api/internal/laboratory/service.go:731.53,733.3 1 0
github.com/convision/api/internal/laboratory/service.go:734.2,734.15 1 0
github.com/convision/api/internal/platform/featurecache/cache.go:24.49,25.14 1 1
github.com/convision/api/internal/platform/featurecache/cache.go:25.14,27.3 1 1
github.com/convision/api/internal/platform/featurecache/cache.go:28.2,28.67 1 1
github.com/convision/api/internal/platform/featurecache/cache.go:31.61,35.46 4 0
github.com/convision/api/internal/platform/featurecache/cache.go:35.46,37.3 1 0
github.com/convision/api/internal/platform/featurecache/cache.go:38.2,38.28 1 0
github.com/convision/api/internal/platform/featurecache/cache.go:41.43,45.2 3 1
github.com/convision/api/internal/platform/featurecache/cache.go:47.58,51.78 3 0
github.com/convision/api/internal/platform/featurecache/cache.go:51.78,53.3 1 0
github.com/convision/api/internal/platform/featurecache/cache.go:54.2,62.16 3 0
github.com/convision/api/internal/platform/featurecache/cache.go:62.16,64.3 1 0
github.com/convision/api/internal/platform/featurecache/cache.go:65.2,66.25 2 0
github.com/convision/api/internal/platform/featurecache/cache.go:66.25,68.3 1 0
github.com/convision/api/internal/platform/featurecache/cache.go:70.2,71.26 2 0
github.com/convision/api/internal/platform/featurecache/cache.go:71.26,73.3 1 0
github.com/convision/api/internal/platform/featurecache/cache.go:74.2,74.42 1 0
github.com/convision/api/internal/platform/featurecache/cache.go:74.42,75.28 1 0
github.com/convision/api/internal/platform/featurecache/cache.go:75.28,77.4 1 0
github.com/convision/api/internal/platform/featurecache/cache.go:80.2,81.19 2 0
github.com/convision/api/internal/platform/opticacache/cache.go:23.19,25.2 1 1
github.com/convision/api/internal/platform/opticacache/cache.go:27.43,30.16 3 0
github.com/convision/api/internal/platform/opticacache/cache.go:30.16,32.3 1 0
github.com/convision/api/internal/platform/opticacache/cache.go:33.2,35.28 3 0
github.com/convision/api/internal/platform/opticacache/cache.go:35.28,42.3 1 0
github.com/convision/api/internal/platform/opticacache/cache.go:43.2,43.12 1 0
github.com/convision/api/internal/platform/opticacache/cache.go:46.55,51.2 4 1
github.com/convision/api/internal/platform/opticacache/cache.go:53.38,57.2 3 1
github.com/convision/api/internal/platform/opticacache/cache.go:59.37,63.2 3 1
github.com/convision/api/internal/platform/opticacache/cache.go:65.27,69.2 3 1
github.com/convision/api/internal/platform/opticacache/cache.go:75.64,79.2 3 0
