mode: set
github.com/convision/api/internal/appointment/service.go:20.81,22.2 1 0
github.com/convision/api/internal/appointment/service.go:72.69,73.23 1 0
github.com/convision/api/internal/appointment/service.go:73.23,79.5 1 0
github.com/convision/api/internal/appointment/service.go:79.5,80.61 1 0
github.com/convision/api/internal/appointment/service.go:80.61,82.5 1 0
github.com/convision/api/internal/appointment/service.go:85.2,85.33 1 0
github.com/convision/api/internal/appointment/service.go:85.33,86.78 1 0
github.com/convision/api/internal/appointment/service.go:86.78,87.66 1 0
github.com/convision/api/internal/appointment/service.go:87.66,89.5 1 0
github.com/convision/api/internal/appointment/service.go:92.2,92.12 1 0
github.com/convision/api/internal/appointment/service.go:96.88,97.14 1 0
github.com/convision/api/internal/appointment/service.go:97.14,99.3 1 0
github.com/convision/api/internal/appointment/service.go:100.2,100.34 1 0
github.com/convision/api/internal/appointment/service.go:100.34,102.3 1 0
github.com/convision/api/internal/appointment/service.go:104.2,105.16 2 0
github.com/convision/api/internal/appointment/service.go:105.16,107.3 1 0
github.com/convision/api/internal/appointment/service.go:109.2,110.15 2 0
github.com/convision/api/internal/appointment/service.go:110.15,112.3 1 0
github.com/convision/api/internal/appointment/service.go:114.2,120.8 1 0
github.com/convision/api/internal/appointment/service.go:124.65,126.2 1 0
github.com/convision/api/internal/appointment/service.go:131.95,134.53 2 0
github.com/convision/api/internal/appointment/service.go:134.53,136.17 2 0
github.com/convision/api/internal/appointment/service.go:136.17,138.4 1 0
github.com/convision/api/internal/appointment/service.go:139.3,139.15 1 0
github.com/convision/api/internal/appointment/service.go:139.15,144.4 1 0
github.com/convision/api/internal/appointment/service.go:147.2,159.41 2 0
github.com/convision/api/internal/appointment/service.go:159.41,161.3 1 0
github.com/convision/api/internal/appointment/service.go:163.2,164.29 2 0
github.com/convision/api/internal/appointment/service.go:168.83,170.16 2 0
github.com/convision/api/internal/appointment/service.go:170.16,172.3 1 0
github.com/convision/api/internal/appointment/service.go:174.2,174.28 1 0
github.com/convision/api/internal/appointment/service.go:174.28,176.3 1 0
github.com/convision/api/internal/appointment/service.go:177.2,177.31 1 0
github.com/convision/api/internal/appointment/service.go:177.31,179.3 1 0
github.com/convision/api/internal/appointment/service.go:180.2,180.82 1 0
github.com/convision/api/internal/appointment/service.go:180.82,182.3 1 0
github.com/convision/api/internal/appointment/service.go:183.2,183.23 1 0
github.com/convision/api/internal/appointment/service.go:183.23,185.3 1 0
github.com/convision/api/internal/appointment/service.go:186.2,186.24 1 0
github.com/convision/api/internal/appointment/service.go:186.24,188.3 1 0
github.com/convision/api/internal/appointment/service.go:189.2,189.24 1 0
github.com/convision/api/internal/appointment/service.go:189.24,191.3 1 0
github.com/convision/api/internal/appointment/service.go:193.2,194.86 1 0
github.com/convision/api/internal/appointment/service.go:194.86,196.18 2 0
github.com/convision/api/internal/appointment/service.go:196.18,198.4 1 0
github.com/convision/api/internal/appointment/service.go:199.3,199.15 1 0
github.com/convision/api/internal/appointment/service.go:199.15,204.4 1 0
github.com/convision/api/internal/appointment/service.go:207.2,207.41 1 0
github.com/convision/api/internal/appointment/service.go:207.41,209.3 1 0
github.com/convision/api/internal/appointment/service.go:210.2,210.29 1 0
github.com/convision/api/internal/appointment/service.go:214.87,216.2 1 0
github.com/convision/api/internal/appointment/service.go:219.41,220.46 1 0
github.com/convision/api/internal/appointment/service.go:220.46,222.3 1 0
github.com/convision/api/internal/appointment/service.go:223.2,223.26 1 0
github.com/convision/api/internal/appointment/service.go:227.81,229.16 2 0
github.com/convision/api/internal/appointment/service.go:229.16,231.3 1 0
github.com/convision/api/internal/appointment/service.go:233.2,236.41 3 0
github.com/convision/api/internal/appointment/service.go:236.41,238.3 1 0
github.com/convision/api/internal/appointment/service.go:239.2,239.29 1 0
github.com/convision/api/internal/appointment/service.go:243.63,245.16 2 0
github.com/convision/api/internal/appointment/service.go:245.16,247.3 1 0
github.com/convision/api/internal/appointment/service.go:248.2,248.52 1 0
github.com/convision/api/internal/appointment/service.go:248.52,250.3 1 0
github.com/convision/api/internal/appointment/service.go:252.2,253.41 2 0
github.com/convision/api/internal/appointment/service.go:253.41,255.3 1 0
github.com/convision/api/internal/appointment/service.go:256.2,256.29 1 0
github.com/convision/api/internal/appointment/service.go:260.64,262.16 2 0
github.com/convision/api/internal/appointment/service.go:262.16,264.3 1 0
github.com/convision/api/internal/appointment/service.go:265.2,265.48 1 0
github.com/convision/api/internal/appointment/service.go:265.48,267.3 1 0
github.com/convision/api/internal/appointment/service.go:269.2,270.41 2 0
github.com/convision/api/internal/appointment/service.go:270.41,272.3 1 0
github.com/convision/api/internal/appointment/service.go:273.2,273.29 1 0
github.com/convision/api/internal/appointment/service.go:286.24,288.23 2 0
github.com/convision/api/internal/appointment/service.go:288.23,290.3 1 0
github.com/convision/api/internal/appointment/service.go:291.2,291.26 1 0
github.com/convision/api/internal/appointment/service.go:291.26,293.3 1 0
github.com/convision/api/internal/appointment/service.go:294.2,294.21 1 0
github.com/convision/api/internal/appointment/service.go:294.21,296.3 1 0
github.com/convision/api/internal/appointment/service.go:297.2,297.19 1 0
github.com/convision/api/internal/appointment/service.go:297.19,299.3 1 0
github.com/convision/api/internal/appointment/service.go:300.2,300.18 1 0
github.com/convision/api/internal/appointment/service.go:300.18,302.3 1 0
github.com/convision/api/internal/appointment/service.go:303.2,303.28 1 0
github.com/convision/api/internal/appointment/service.go:303.28,305.3 1 0
github.com/convision/api/internal/appointment/service.go:306.2,306.39 1 0
github.com/convision/api/internal/appointment/service.go:306.39,308.3 1 0
github.com/convision/api/internal/appointment/service.go:309.2,309.19 1 0
github.com/convision/api/internal/appointment/service.go:309.19,311.3 1 0
github.com/convision/api/internal/appointment/service.go:312.2,312.39 1 0
github.com/convision/api/internal/appointment/service.go:317.139,319.2 1 0
github.com/convision/api/internal/appointment/service.go:323.107,324.61 1 0
github.com/convision/api/internal/appointment/service.go:324.61,329.3 1 0
github.com/convision/api/internal/appointment/service.go:330.2,330.46 1 0
github.com/convision/api/internal/appointment/service.go:330.46,332.3 1 0
github.com/convision/api/internal/appointment/service.go:333.2,333.99 1 0
github.com/convision/api/internal/appointment/service.go:333.99,335.3 1 0
github.com/convision/api/internal/appointment/service.go:336.2,340.27 2 0
github.com/convision/api/internal/appointment/service.go:344.97,346.16 2 0
github.com/convision/api/internal/appointment/service.go:346.16,348.3 1 0
github.com/convision/api/internal/appointment/service.go:350.2,350.23 1 0
github.com/convision/api/internal/appointment/service.go:350.23,352.3 1 0
github.com/convision/api/internal/appointment/service.go:353.2,353.43 1 0
github.com/convision/api/internal/appointment/service.go:353.43,355.3 1 0
github.com/convision/api/internal/appointment/service.go:356.2,356.44 1 0
github.com/convision/api/internal/appointment/service.go:356.44,358.3 1 0
github.com/convision/api/internal/appointment/service.go:360.2,360.41 1 0
github.com/convision/api/internal/appointment/service.go:360.41,362.3 1 0
github.com/convision/api/internal/appointment/service.go:363.2,363.29 1 0
github.com/convision/api/cmd/api/main.go:50.13,59.16 5 0
github.com/convision/api/cmd/api/main.go:59.16,61.3 1 0
github.com/convision/api/cmd/api/main.go:63.2,63.37 1 0
github.com/convision/api/cmd/api/main.go:63.37,64.54 1 0
github.com/convision/api/cmd/api/main.go:64.54,66.4 1 0
github.com/convision/api/cmd/api/main.go:67.3,67.74 1 0
github.com/convision/api/cmd/api/main.go:67.74,69.4 1 0
github.com/convision/api/cmd/api/main.go:70.8,70.43 1 0
github.com/convision/api/cmd/api/main.go:70.43,71.74 1 0
github.com/convision/api/cmd/api/main.go:71.74,73.4 1 0
github.com/convision/api/cmd/api/main.go:77.2,78.47 2 0
github.com/convision/api/cmd/api/main.go:78.47,80.3 1 0
github.com/convision/api/cmd/api/main.go:81.2,198.37 86 0
github.com/convision/api/cmd/api/main.go:198.37,200.3 1 0
github.com/convision/api/cmd/api/main.go:202.2,208.45 5 0
github.com/convision/api/cmd/api/main.go:208.45,210.3 1 0
github.com/convision/api/cmd/api/main.go:213.2,214.22 2 0
github.com/convision/api/cmd/api/main.go:214.22,216.3 1 0
github.com/convision/api/cmd/api/main.go:217.2,217.54 1 0
github.com/convision/api/cmd/api/main.go:217.54,219.3 1 0
github.com/convision/api/cmd/api/main.go:220.2,229.16 6 0
github.com/convision/api/cmd/api/main.go:229.16,231.3 1 0
github.com/convision/api/cmd/api/main.go:233.2,243.76 3 0
github.com/convision/api/cmd/api/main.go:243.76,245.3 1 0
github.com/convision/api/cmd/api/main.go:248.32,250.39 2 0
github.com/convision/api/cmd/api/main.go:250.39,252.3 1 0
github.com/convision/api/cmd/api/main.go:254.2,276.16 3 0
github.com/convision/api/cmd/api/main.go:276.16,277.55 1 0
github.com/convision/api/cmd/api/main.go:279.2,279.15 1 0
github.com/convision/api/cmd/api/main.go:282.39,288.30 3 0
github.com/convision/api/cmd/api/main.go:288.30,291.74 3 0
github.com/convision/api/cmd/api/main.go:291.74,292.48 1 0
github.com/convision/api/cmd/api/main.go:292.48,293.39 1 0
github.com/convision/api/cmd/api/main.go:293.39,295.11 2 0
github.com/convision/api/cmd/api/main.go:299.3,299.14 1 0
github.com/convision/api/cmd/api/main.go:299.14,304.28 5 0
github.com/convision/api/cmd/api/main.go:304.28,306.5 1 0
github.com/convision/api/cmd/api/main.go:306.10,308.5 1 0
github.com/convision/api/cmd/api/main.go:309.4,309.47 1 0
github.com/convision/api/cmd/api/main.go:311.3,311.45 1 0
github.com/convision/api/cmd/api/main.go:311.45,314.4 2 0
github.com/convision/api/cmd/api/main.go:315.3,315.11 1 0
github.com/convision/api/cmd/api/main.go:319.42,322.2 2 0
github.com/convision/api/internal/bulkimport/importer_doctors.go:20.81,22.2 1 0
github.com/convision/api/internal/bulkimport/importer_doctors.go:24.45,24.75 1 0
github.com/convision/api/internal/bulkimport/importer_doctors.go:26.86,30.26 3 0
github.com/convision/api/internal/bulkimport/importer_doctors.go:30.26,34.3 3 0
github.com/convision/api/internal/bulkimport/importer_doctors.go:36.2,37.21 2 0
github.com/convision/api/internal/bulkimport/importer_doctors.go:37.21,41.3 3 0
github.com/convision/api/internal/bulkimport/importer_doctors.go:43.2,44.17 2 0
github.com/convision/api/internal/bulkimport/importer_doctors.go:44.17,48.3 3 0
github.com/convision/api/internal/bulkimport/importer_doctors.go:50.2,50.52 1 0
github.com/convision/api/internal/bulkimport/importer_doctors.go:50.52,54.3 3 0
github.com/convision/api/internal/bulkimport/importer_doctors.go:56.2,58.20 3 0
github.com/convision/api/internal/bulkimport/importer_doctors.go:58.20,60.3 1 0
github.com/convision/api/internal/bulkimport/importer_doctors.go:62.2,73.41 2 0
github.com/convision/api/internal/bulkimport/importer_doctors.go:73.41,82.3 4 0
github.com/convision/api/internal/bulkimport/importer_doctors.go:84.2,85.12 2 0
github.com/convision/api/internal/bulkimport/importer_lenses.go:42.12,54.2 1 0
github.com/convision/api/internal/bulkimport/importer_lenses.go:56.43,56.71 1 0
github.com/convision/api/internal/bulkimport/importer_lenses.go:58.84,62.24 3 0
github.com/convision/api/internal/bulkimport/importer_lenses.go:62.24,66.3 3 0
github.com/convision/api/internal/bulkimport/importer_lenses.go:69.2,73.37 2 0
github.com/convision/api/internal/bulkimport/importer_lenses.go:73.37,77.3 3 0
github.com/convision/api/internal/bulkimport/importer_lenses.go:79.2,80.20 2 0
github.com/convision/api/internal/bulkimport/importer_lenses.go:80.20,84.3 3 0
github.com/convision/api/internal/bulkimport/importer_lenses.go:85.2,86.16 2 0
github.com/convision/api/internal/bulkimport/importer_lenses.go:86.16,90.3 3 0
github.com/convision/api/internal/bulkimport/importer_lenses.go:92.2,102.64 2 0
github.com/convision/api/internal/bulkimport/importer_lenses.go:102.64,103.51 1 0
github.com/convision/api/internal/bulkimport/importer_lenses.go:103.51,105.4 1 0
github.com/convision/api/internal/bulkimport/importer_lenses.go:108.2,125.48 9 0
github.com/convision/api/internal/bulkimport/importer_lenses.go:125.48,134.3 4 0
github.com/convision/api/internal/bulkimport/importer_lenses.go:136.2,137.12 2 0
github.com/convision/api/internal/bulkimport/importer_lenses.go:140.79,141.16 1 0
github.com/convision/api/internal/bulkimport/importer_lenses.go:141.16,143.3 1 0
github.com/convision/api/internal/bulkimport/importer_lenses.go:144.2,145.16 2 0
github.com/convision/api/internal/bulkimport/importer_lenses.go:145.16,148.3 2 0
github.com/convision/api/internal/bulkimport/importer_lenses.go:149.2,150.56 2 0
github.com/convision/api/internal/bulkimport/importer_lenses.go:150.56,154.3 2 0
github.com/convision/api/internal/bulkimport/importer_lenses.go:155.2,156.12 2 0
github.com/convision/api/internal/bulkimport/importer_lenses.go:159.76,160.16 1 0
github.com/convision/api/internal/bulkimport/importer_lenses.go:160.16,162.3 1 0
github.com/convision/api/internal/bulkimport/importer_lenses.go:163.2,164.16 2 0
github.com/convision/api/internal/bulkimport/importer_lenses.go:164.16,167.3 2 0
github.com/convision/api/internal/bulkimport/importer_lenses.go:168.2,169.53 2 0
github.com/convision/api/internal/bulkimport/importer_lenses.go:169.53,173.3 2 0
github.com/convision/api/internal/bulkimport/importer_lenses.go:174.2,175.12 2 0
github.com/convision/api/internal/bulkimport/importer_lenses.go:178.79,179.16 1 0
github.com/convision/api/internal/bulkimport/importer_lenses.go:179.16,181.3 1 0
github.com/convision/api/internal/bulkimport/importer_lenses.go:182.2,183.16 2 0
github.com/convision/api/internal/bulkimport/importer_lenses.go:183.16,186.3 2 0
github.com/convision/api/internal/bulkimport/importer_lenses.go:187.2,188.56 2 0
github.com/convision/api/internal/bulkimport/importer_lenses.go:188.56,192.3 2 0
github.com/convision/api/internal/bulkimport/importer_lenses.go:193.2,194.12 2 0
github.com/convision/api/internal/bulkimport/importer_lenses.go:197.80,198.16 1 0
github.com/convision/api/internal/bulkimport/importer_lenses.go:198.16,200.3 1 0
github.com/convision/api/internal/bulkimport/importer_lenses.go:201.2,202.16 2 0
github.com/convision/api/internal/bulkimport/importer_lenses.go:202.16,205.3 2 0
github.com/convision/api/internal/bulkimport/importer_lenses.go:206.2,207.57 2 0
github.com/convision/api/internal/bulkimport/importer_lenses.go:207.57,211.3 2 0
github.com/convision/api/internal/bulkimport/importer_lenses.go:212.2,213.12 2 0
github.com/convision/api/internal/bulkimport/importer_lenses.go:216.80,217.16 1 0
github.com/convision/api/internal/bulkimport/importer_lenses.go:217.16,219.3 1 0
github.com/convision/api/internal/bulkimport/importer_lenses.go:220.2,221.16 2 0
github.com/convision/api/internal/bulkimport/importer_lenses.go:221.16,224.3 2 0
github.com/convision/api/internal/bulkimport/importer_lenses.go:225.2,226.57 2 0
github.com/convision/api/internal/bulkimport/importer_lenses.go:226.57,230.3 2 0
github.com/convision/api/internal/bulkimport/importer_lenses.go:231.2,232.12 2 0
github.com/convision/api/internal/bulkimport/importer_lenses.go:235.83,236.16 1 0
github.com/convision/api/internal/bulkimport/importer_lenses.go:236.16,238.3 1 0
github.com/convision/api/internal/bulkimport/importer_lenses.go:239.2,240.16 2 0
github.com/convision/api/internal/bulkimport/importer_lenses.go:240.16,243.3 2 0
github.com/convision/api/internal/bulkimport/importer_lenses.go:244.2,245.60 2 0
github.com/convision/api/internal/bulkimport/importer_lenses.go:245.60,249.3 2 0
github.com/convision/api/internal/bulkimport/importer_lenses.go:250.2,251.12 2 0
github.com/convision/api/internal/bulkimport/importer_lenses.go:254.79,255.16 1 0
github.com/convision/api/internal/bulkimport/importer_lenses.go:255.16,257.3 1 0
github.com/convision/api/internal/bulkimport/importer_lenses.go:258.2,259.38 2 0
github.com/convision/api/internal/bulkimport/importer_lenses.go:259.38,262.3 2 0
github.com/convision/api/internal/bulkimport/importer_lenses.go:263.2,264.56 2 0
github.com/convision/api/internal/bulkimport/importer_lenses.go:264.56,268.3 2 0
github.com/convision/api/internal/bulkimport/importer_lenses.go:269.2,270.12 2 0
github.com/convision/api/internal/bulkimport/importer_lenses.go:275.44,279.2 3 0
github.com/convision/api/internal/bulkimport/importer_patients.go:20.85,22.2 1 0
github.com/convision/api/internal/bulkimport/importer_patients.go:24.46,24.77 1 0
github.com/convision/api/internal/bulkimport/importer_patients.go:26.87,30.26 3 0
github.com/convision/api/internal/bulkimport/importer_patients.go:30.26,34.3 3 0
github.com/convision/api/internal/bulkimport/importer_patients.go:36.2,37.20 2 0
github.com/convision/api/internal/bulkimport/importer_patients.go:37.20,41.3 3 0
github.com/convision/api/internal/bulkimport/importer_patients.go:43.2,43.70 1 0
github.com/convision/api/internal/bulkimport/importer_patients.go:43.70,47.3 3 0
github.com/convision/api/internal/bulkimport/importer_patients.go:49.2,59.66 3 0
github.com/convision/api/internal/bulkimport/importer_patients.go:59.66,60.36 1 0
github.com/convision/api/internal/bulkimport/importer_patients.go:60.36,62.4 1 0
github.com/convision/api/internal/bulkimport/importer_patients.go:65.2,65.41 1 0
github.com/convision/api/internal/bulkimport/importer_patients.go:65.41,74.3 4 0
github.com/convision/api/internal/bulkimport/importer_patients.go:76.2,77.12 2 0
github.com/convision/api/internal/bulkimport/importer_scheduled_appointments.go:31.12,38.2 1 0
github.com/convision/api/internal/bulkimport/importer_scheduled_appointments.go:40.60,40.99 1 0
github.com/convision/api/internal/bulkimport/importer_scheduled_appointments.go:42.101,46.28 3 0
github.com/convision/api/internal/bulkimport/importer_scheduled_appointments.go:46.28,50.3 3 0
github.com/convision/api/internal/bulkimport/importer_scheduled_appointments.go:52.2,53.26 2 0
github.com/convision/api/internal/bulkimport/importer_scheduled_appointments.go:53.26,57.3 3 0
github.com/convision/api/internal/bulkimport/importer_scheduled_appointments.go:59.2,60.16 2 0
github.com/convision/api/internal/bulkimport/importer_scheduled_appointments.go:60.16,64.3 3 0
github.com/convision/api/internal/bulkimport/importer_scheduled_appointments.go:66.2,70.26 4 0
github.com/convision/api/internal/bulkimport/importer_scheduled_appointments.go:70.26,74.3 3 0
github.com/convision/api/internal/bulkimport/importer_scheduled_appointments.go:76.2,84.55 2 0
github.com/convision/api/internal/bulkimport/importer_scheduled_appointments.go:84.55,93.3 4 0
github.com/convision/api/internal/bulkimport/importer_scheduled_appointments.go:95.2,96.12 2 0
github.com/convision/api/internal/bulkimport/importer_scheduled_appointments.go:99.145,100.77 1 0
github.com/convision/api/internal/bulkimport/importer_scheduled_appointments.go:100.77,102.3 1 0
github.com/convision/api/internal/bulkimport/importer_scheduled_appointments.go:104.2,114.66 3 0
github.com/convision/api/internal/bulkimport/importer_scheduled_appointments.go:114.66,115.36 1 0
github.com/convision/api/internal/bulkimport/importer_scheduled_appointments.go:115.36,117.4 1 0
github.com/convision/api/internal/bulkimport/importer_scheduled_appointments.go:120.2,120.48 1 0
github.com/convision/api/internal/bulkimport/importer_scheduled_appointments.go:120.48,122.3 1 0
github.com/convision/api/internal/bulkimport/importer_scheduled_appointments.go:123.2,123.15 1 0
github.com/convision/api/internal/bulkimport/importer_scheduled_appointments.go:128.38,130.2 1 0
github.com/convision/api/internal/bulkimport/importer_scheduled_appointments.go:132.106,135.29 2 0
github.com/convision/api/internal/bulkimport/importer_scheduled_appointments.go:135.29,137.3 1 0
github.com/convision/api/internal/bulkimport/importer_scheduled_appointments.go:138.2,140.16 3 0
github.com/convision/api/internal/bulkimport/importer_scheduled_appointments.go:140.16,144.3 2 0
github.com/convision/api/internal/bulkimport/importer_scheduled_appointments.go:145.2,146.12 2 0
github.com/convision/api/internal/bulkimport/importer_scheduled_appointments.go:149.108,151.15 2 0
github.com/convision/api/internal/bulkimport/importer_scheduled_appointments.go:151.15,153.3 1 0
github.com/convision/api/internal/bulkimport/importer_scheduled_appointments.go:154.2,156.16 3 0
github.com/convision/api/internal/bulkimport/importer_scheduled_appointments.go:156.16,160.3 2 0
github.com/convision/api/internal/bulkimport/importer_scheduled_appointments.go:161.2,162.12 2 0
github.com/convision/api/internal/bulkimport/importer_scheduled_appointments.go:170.25,172.34 2 0
github.com/convision/api/internal/bulkimport/importer_scheduled_appointments.go:172.34,174.3 1 0
github.com/convision/api/internal/bulkimport/importer_scheduled_appointments.go:176.2,187.45 3 0
github.com/convision/api/internal/bulkimport/importer_scheduled_appointments.go:187.45,190.37 2 0
github.com/convision/api/internal/bulkimport/importer_scheduled_appointments.go:190.37,192.4 1 0
github.com/convision/api/internal/bulkimport/importer_scheduled_appointments.go:193.3,193.53 1 0
github.com/convision/api/internal/bulkimport/importer_scheduled_appointments.go:195.2,195.15 1 0
github.com/convision/api/internal/bulkimport/service.go:74.12,84.2 1 0
github.com/convision/api/internal/bulkimport/service.go:88.104,90.9 2 0
github.com/convision/api/internal/bulkimport/service.go:90.9,92.3 1 0
github.com/convision/api/internal/bulkimport/service.go:94.2,95.16 2 0
github.com/convision/api/internal/bulkimport/service.go:95.16,97.3 1 0
github.com/convision/api/internal/bulkimport/service.go:98.2,101.16 3 0
github.com/convision/api/internal/bulkimport/service.go:101.16,103.3 1 0
github.com/convision/api/internal/bulkimport/service.go:104.2,107.22 3 0
github.com/convision/api/internal/bulkimport/service.go:107.22,109.3 1 0
github.com/convision/api/internal/bulkimport/service.go:111.2,112.16 2 0
github.com/convision/api/internal/bulkimport/service.go:112.16,114.3 1 0
github.com/convision/api/internal/bulkimport/service.go:115.2,115.19 1 0
github.com/convision/api/internal/bulkimport/service.go:115.19,117.3 1 0
github.com/convision/api/internal/bulkimport/service.go:119.2,124.31 5 0
github.com/convision/api/internal/bulkimport/service.go:124.31,129.21 5 0
github.com/convision/api/internal/bulkimport/service.go:130.28,131.20 1 0
github.com/convision/api/internal/bulkimport/service.go:132.28,133.20 1 0
github.com/convision/api/internal/bulkimport/service.go:134.26,135.19 1 0
github.com/convision/api/internal/bulkimport/service.go:139.2,147.20 2 0
github.com/convision/api/internal/bulkimport/service.go:151.50,153.28 2 0
github.com/convision/api/internal/bulkimport/service.go:153.28,155.3 1 0
github.com/convision/api/internal/bulkimport/service.go:156.2,156.14 1 0
github.com/convision/api/internal/bulkimport/service.go:160.46,162.24 2 0
github.com/convision/api/internal/bulkimport/service.go:162.24,164.3 1 0
github.com/convision/api/internal/bulkimport/service.go:165.2,165.12 1 0
github.com/convision/api/internal/bulkimport/service.go:169.72,171.28 2 0
github.com/convision/api/internal/bulkimport/service.go:171.28,172.19 1 0
github.com/convision/api/internal/bulkimport/service.go:172.19,174.4 1 0
github.com/convision/api/internal/bulkimport/service.go:174.9,176.4 1 0
github.com/convision/api/internal/bulkimport/service.go:178.2,178.10 1 0
github.com/convision/api/internal/bulkimport/service.go:182.46,184.21 2 0
github.com/convision/api/internal/bulkimport/service.go:184.21,186.3 1 0
github.com/convision/api/internal/bulkimport/service.go:187.2,187.21 1 0
github.com/convision/api/internal/bulkimport/service.go:187.21,189.3 1 0
github.com/convision/api/internal/bulkimport/service.go:190.2,191.71 2 0
github.com/convision/api/internal/bulkimport/service.go:195.35,197.26 2 0
github.com/convision/api/internal/bulkimport/service.go:197.26,199.18 2 0
github.com/convision/api/internal/bulkimport/service.go:199.18,200.12 1 0
github.com/convision/api/internal/bulkimport/service.go:202.3,202.24 1 0
github.com/convision/api/internal/bulkimport/service.go:202.24,203.14 1 0
github.com/convision/api/internal/bulkimport/service.go:203.14,205.5 1 0
github.com/convision/api/internal/bulkimport/service.go:205.10,207.5 1 0
github.com/convision/api/internal/bulkimport/service.go:209.3,209.23 1 0
github.com/convision/api/internal/bulkimport/service.go:211.2,211.33 1 0
github.com/convision/api/internal/bulkimport/service.go:215.37,217.28 2 0
github.com/convision/api/internal/bulkimport/service.go:217.28,218.45 1 0
github.com/convision/api/internal/bulkimport/service.go:218.45,220.4 1 0
github.com/convision/api/internal/bulkimport/service.go:222.2,222.12 1 0
github.com/convision/api/internal/bulkimport/service.go:226.35,228.2 1 0
github.com/convision/api/internal/auth/service.go:22.154,24.2 1 0
github.com/convision/api/internal/auth/service.go:51.65,53.16 2 0
github.com/convision/api/internal/auth/service.go:53.16,56.3 1 0
github.com/convision/api/internal/auth/service.go:58.2,58.18 1 0
github.com/convision/api/internal/auth/service.go:58.18,60.3 1 0
github.com/convision/api/internal/auth/service.go:62.2,62.101 1 0
github.com/convision/api/internal/auth/service.go:62.101,65.3 2 0
github.com/convision/api/internal/auth/service.go:67.2,67.63 1 0
github.com/convision/api/internal/auth/service.go:67.63,69.3 1 0
github.com/convision/api/internal/auth/service.go:72.2,73.16 2 0
github.com/convision/api/internal/auth/service.go:73.16,75.3 1 0
github.com/convision/api/internal/auth/service.go:77.2,85.8 2 0
github.com/convision/api/internal/auth/service.go:89.44,91.2 1 0
github.com/convision/api/internal/auth/service.go:94.57,96.2 1 0
github.com/convision/api/internal/auth/service.go:99.77,101.16 2 0
github.com/convision/api/internal/auth/service.go:101.16,103.3 1 0
github.com/convision/api/internal/auth/service.go:105.2,105.63 1 0
github.com/convision/api/internal/auth/service.go:105.63,107.3 1 0
github.com/convision/api/internal/auth/service.go:109.2,109.55 1 0
github.com/convision/api/internal/auth/service.go:109.55,111.3 1 0
github.com/convision/api/internal/auth/service.go:114.2,115.16 2 0
github.com/convision/api/internal/auth/service.go:115.16,117.3 1 0
github.com/convision/api/internal/auth/service.go:119.2,127.8 2 0
github.com/convision/api/internal/auth/service.go:130.75,131.80 1 0
github.com/convision/api/internal/auth/service.go:131.80,133.3 1 0
github.com/convision/api/internal/auth/service.go:134.2,135.16 2 0
github.com/convision/api/internal/auth/service.go:135.16,138.3 2 0
github.com/convision/api/internal/auth/service.go:139.2,139.24 1 0
github.com/convision/api/internal/auth/service.go:139.24,142.3 2 0
github.com/convision/api/internal/auth/service.go:143.2,143.12 1 0
github.com/convision/api/internal/auth/service.go:146.64,147.35 1 0
github.com/convision/api/internal/auth/service.go:147.35,149.17 2 0
github.com/convision/api/internal/auth/service.go:149.17,152.4 2 0
github.com/convision/api/internal/auth/service.go:153.3,154.17 2 0
github.com/convision/api/internal/auth/service.go:154.17,157.4 2 0
github.com/convision/api/internal/auth/service.go:158.3,159.33 2 0
github.com/convision/api/internal/auth/service.go:159.33,161.4 1 0
github.com/convision/api/internal/auth/service.go:162.3,162.13 1 0
github.com/convision/api/internal/auth/service.go:165.2,166.16 2 0
github.com/convision/api/internal/auth/service.go:166.16,169.3 2 0
github.com/convision/api/internal/auth/service.go:171.2,172.16 2 0
github.com/convision/api/internal/auth/service.go:172.16,175.3 2 0
github.com/convision/api/internal/auth/service.go:177.2,178.32 2 0
github.com/convision/api/internal/auth/service.go:178.32,180.3 1 0
github.com/convision/api/internal/auth/service.go:181.2,181.12 1 0
github.com/convision/api/internal/branch/service.go:14.76,16.2 1 0
github.com/convision/api/internal/branch/service.go:46.60,48.16 2 0
github.com/convision/api/internal/branch/service.go:48.16,50.3 1 0
github.com/convision/api/internal/branch/service.go:51.2,51.15 1 0
github.com/convision/api/internal/branch/service.go:54.55,56.2 1 0
github.com/convision/api/internal/branch/service.go:58.70,60.2 1 0
github.com/convision/api/internal/branch/service.go:62.90,64.16 2 0
github.com/convision/api/internal/branch/service.go:64.16,66.3 1 0
github.com/convision/api/internal/branch/service.go:67.2,68.27 2 0
github.com/convision/api/internal/branch/service.go:68.27,70.24 2 0
github.com/convision/api/internal/branch/service.go:70.24,72.4 1 0
github.com/convision/api/internal/branch/service.go:73.3,77.5 1 0
github.com/convision/api/internal/branch/service.go:79.2,79.17 1 0
github.com/convision/api/internal/branch/service.go:82.69,91.41 2 0
github.com/convision/api/internal/branch/service.go:91.41,93.3 1 0
github.com/convision/api/internal/branch/service.go:94.2,95.15 2 0
github.com/convision/api/internal/branch/service.go:98.78,100.16 2 0
github.com/convision/api/internal/branch/service.go:100.16,102.3 1 0
github.com/convision/api/internal/branch/service.go:103.2,103.23 1 0
github.com/convision/api/internal/branch/service.go:103.23,105.3 1 0
github.com/convision/api/internal/branch/service.go:106.2,106.26 1 0
github.com/convision/api/internal/branch/service.go:106.26,108.3 1 0
github.com/convision/api/internal/branch/service.go:109.2,109.23 1 0
github.com/convision/api/internal/branch/service.go:109.23,111.3 1 0
github.com/convision/api/internal/branch/service.go:112.2,112.24 1 0
github.com/convision/api/internal/branch/service.go:112.24,114.3 1 0
github.com/convision/api/internal/branch/service.go:115.2,115.24 1 0
github.com/convision/api/internal/branch/service.go:115.24,117.3 1 0
github.com/convision/api/internal/branch/service.go:118.2,118.27 1 0
github.com/convision/api/internal/branch/service.go:118.27,120.3 1 0
github.com/convision/api/internal/branch/service.go:121.2,121.41 1 0
github.com/convision/api/internal/branch/service.go:121.41,123.3 1 0
github.com/convision/api/internal/branch/service.go:124.2,125.15 2 0
github.com/convision/api/internal/branch/service.go:128.76,130.2 1 0
github.com/convision/api/internal/cash/service.go:20.82,22.2 1 0
github.com/convision/api/internal/cash/service.go:74.66,76.2 1 0
github.com/convision/api/internal/cash/service.go:79.52,81.16 2 0
github.com/convision/api/internal/cash/service.go:81.16,83.3 1 0
github.com/convision/api/internal/cash/service.go:84.2,85.25 2 0
github.com/convision/api/internal/cash/service.go:85.25,86.19 1 0
github.com/convision/api/internal/cash/service.go:87.18,88.17 1 0
github.com/convision/api/internal/cash/service.go:89.19,90.18 1 0
github.com/convision/api/internal/cash/service.go:91.20,92.19 1 0
github.com/convision/api/internal/cash/service.go:94.3,94.30 1 0
github.com/convision/api/internal/cash/service.go:96.2,96.17 1 0
github.com/convision/api/internal/cash/service.go:100.88,101.14 1 0
github.com/convision/api/internal/cash/service.go:101.14,103.3 1 0
github.com/convision/api/internal/cash/service.go:104.2,104.34 1 0
github.com/convision/api/internal/cash/service.go:104.34,106.3 1 0
github.com/convision/api/internal/cash/service.go:107.2,108.16 2 0
github.com/convision/api/internal/cash/service.go:108.16,110.3 1 0
github.com/convision/api/internal/cash/service.go:111.2,112.15 2 0
github.com/convision/api/internal/cash/service.go:112.15,114.3 1 0
github.com/convision/api/internal/cash/service.go:115.2,115.108 1 0
github.com/convision/api/internal/cash/service.go:119.98,141.41 5 0
github.com/convision/api/internal/cash/service.go:141.41,143.3 1 0
github.com/convision/api/internal/cash/service.go:144.2,145.29 2 0
github.com/convision/api/internal/cash/service.go:149.84,151.16 2 0
github.com/convision/api/internal/cash/service.go:151.16,153.3 1 0
github.com/convision/api/internal/cash/service.go:154.2,154.25 1 0
github.com/convision/api/internal/cash/service.go:154.25,156.3 1 0
github.com/convision/api/internal/cash/service.go:157.2,157.24 1 0
github.com/convision/api/internal/cash/service.go:157.24,159.3 1 0
github.com/convision/api/internal/cash/service.go:160.2,160.23 1 0
github.com/convision/api/internal/cash/service.go:160.23,162.3 1 0
github.com/convision/api/internal/cash/service.go:163.2,163.41 1 0
github.com/convision/api/internal/cash/service.go:163.41,165.3 1 0
github.com/convision/api/internal/cash/service.go:166.2,166.29 1 0
github.com/convision/api/internal/cash/service.go:170.110,172.16 2 0
github.com/convision/api/internal/cash/service.go:172.16,174.3 1 0
github.com/convision/api/internal/cash/service.go:175.2,179.23 5 0
github.com/convision/api/internal/cash/service.go:179.23,181.3 1 0
github.com/convision/api/internal/cash/service.go:182.2,182.41 1 0
github.com/convision/api/internal/cash/service.go:182.41,184.3 1 0
github.com/convision/api/internal/cash/service.go:185.2,185.29 1 0
github.com/convision/api/internal/cash/service.go:189.84,191.16 2 0
github.com/convision/api/internal/cash/service.go:191.16,193.3 1 0
github.com/convision/api/internal/cash/service.go:194.2,195.23 2 0
github.com/convision/api/internal/cash/service.go:195.23,197.3 1 0
github.com/convision/api/internal/cash/service.go:198.2,198.41 1 0
github.com/convision/api/internal/cash/service.go:198.41,200.3 1 0
github.com/convision/api/internal/cash/service.go:201.2,201.29 1 0
github.com/convision/api/internal/cash/service.go:205.41,206.46 1 0
github.com/convision/api/internal/cash/service.go:206.46,208.3 1 0
github.com/convision/api/internal/cash/service.go:209.2,209.26 1 0
github.com/convision/api/cmd/migrate/main.go:45.13,57.20 9 0
github.com/convision/api/cmd/migrate/main.go:57.20,60.3 2 0
github.com/convision/api/cmd/migrate/main.go:62.2,64.16 3 0
github.com/convision/api/cmd/migrate/main.go:64.16,66.3 1 0
github.com/convision/api/cmd/migrate/main.go:67.2,69.34 2 0
github.com/convision/api/cmd/migrate/main.go:69.34,71.3 1 0
github.com/convision/api/cmd/migrate/main.go:73.2,74.15 2 0
github.com/convision/api/cmd/migrate/main.go:74.15,76.3 1 0
github.com/convision/api/cmd/migrate/main.go:78.2,78.15 1 0
github.com/convision/api/cmd/migrate/main.go:78.15,79.24 1 0
github.com/convision/api/cmd/migrate/main.go:79.24,81.4 1 0
github.com/convision/api/cmd/migrate/main.go:81.9,83.4 1 0
github.com/convision/api/cmd/migrate/main.go:84.3,84.9 1 0
github.com/convision/api/cmd/migrate/main.go:88.2,91.14 3 0
github.com/convision/api/cmd/migrate/main.go:91.14,93.29 2 0
github.com/convision/api/cmd/migrate/main.go:93.29,97.4 3 0
github.com/convision/api/cmd/migrate/main.go:98.3,98.9 1 0
github.com/convision/api/cmd/migrate/main.go:101.2,101.23 1 0
github.com/convision/api/cmd/migrate/main.go:101.23,105.3 3 0
github.com/convision/api/cmd/migrate/main.go:112.100,120.26 6 0
github.com/convision/api/cmd/migrate/main.go:120.26,123.44 2 0
github.com/convision/api/cmd/migrate/main.go:123.44,124.12 1 0
github.com/convision/api/cmd/migrate/main.go:126.3,126.47 1 0
github.com/convision/api/cmd/migrate/main.go:126.47,127.12 1 0
github.com/convision/api/cmd/migrate/main.go:129.3,129.34 1 0
github.com/convision/api/cmd/migrate/main.go:129.34,130.9 1 0
github.com/convision/api/cmd/migrate/main.go:133.3,134.17 2 0
github.com/convision/api/cmd/migrate/main.go:134.17,136.4 1 0
github.com/convision/api/cmd/migrate/main.go:138.3,139.17 2 0
github.com/convision/api/cmd/migrate/main.go:139.17,141.4 1 0
github.com/convision/api/cmd/migrate/main.go:143.3,143.91 1 0
github.com/convision/api/cmd/migrate/main.go:143.91,146.4 2 0
github.com/convision/api/cmd/migrate/main.go:148.3,148.53 1 0
github.com/convision/api/cmd/migrate/main.go:148.53,151.4 2 0
github.com/convision/api/cmd/migrate/main.go:153.3,153.24 1 0
github.com/convision/api/cmd/migrate/main.go:153.24,157.18 1 0
github.com/convision/api/cmd/migrate/main.go:157.18,160.5 2 0
github.com/convision/api/cmd/migrate/main.go:161.9,165.18 1 0
github.com/convision/api/cmd/migrate/main.go:165.18,168.5 2 0
github.com/convision/api/cmd/migrate/main.go:171.3,171.37 1 0
github.com/convision/api/cmd/migrate/main.go:171.37,173.4 1 0
github.com/convision/api/cmd/migrate/main.go:175.3,176.10 2 0
github.com/convision/api/cmd/migrate/main.go:179.2,179.16 1 0
github.com/convision/api/cmd/migrate/main.go:179.16,181.3 1 0
github.com/convision/api/cmd/migrate/main.go:188.46,190.16 2 0
github.com/convision/api/cmd/migrate/main.go:190.16,192.3 1 0
github.com/convision/api/cmd/migrate/main.go:195.55,202.38 2 0
github.com/convision/api/cmd/migrate/main.go:202.38,204.3 1 0
github.com/convision/api/cmd/migrate/main.go:207.67,209.16 2 0
github.com/convision/api/cmd/migrate/main.go:209.16,211.3 1 0
github.com/convision/api/cmd/migrate/main.go:212.2,215.18 3 0
github.com/convision/api/cmd/migrate/main.go:215.18,219.3 3 0
github.com/convision/api/cmd/migrate/main.go:220.2,220.15 1 0
github.com/convision/api/cmd/migrate/main.go:223.65,225.16 2 0
github.com/convision/api/cmd/migrate/main.go:225.16,227.3 1 0
github.com/convision/api/cmd/migrate/main.go:229.2,230.25 2 0
github.com/convision/api/cmd/migrate/main.go:230.25,232.3 1 0
github.com/convision/api/cmd/migrate/main.go:234.2,235.28 2 0
github.com/convision/api/cmd/migrate/main.go:235.28,236.56 1 0
github.com/convision/api/cmd/migrate/main.go:236.56,238.4 1 0
github.com/convision/api/cmd/migrate/main.go:241.2,241.40 1 0
github.com/convision/api/cmd/migrate/main.go:241.40,242.26 1 0
github.com/convision/api/cmd/migrate/main.go:242.26,244.4 1 0
github.com/convision/api/cmd/migrate/main.go:245.3,245.59 1 0
github.com/convision/api/cmd/migrate/main.go:247.2,247.14 1 0
github.com/convision/api/cmd/migrate/main.go:252.57,254.14 2 0
github.com/convision/api/cmd/migrate/main.go:254.14,256.3 1 0
github.com/convision/api/cmd/migrate/main.go:257.2,257.19 1 0
github.com/convision/api/cmd/migrate/main.go:260.45,262.16 2 0
github.com/convision/api/cmd/migrate/main.go:262.16,264.3 1 0
github.com/convision/api/cmd/migrate/main.go:265.2,267.18 3 0
github.com/convision/api/cmd/migrate/main.go:267.18,271.3 3 0
github.com/convision/api/cmd/migrate/main.go:272.2,272.16 1 0
github.com/convision/api/cmd/migrate/main.go:275.72,281.26 6 0
github.com/convision/api/cmd/migrate/main.go:281.26,284.17 3 0
github.com/convision/api/cmd/migrate/main.go:284.17,286.4 1 0
github.com/convision/api/cmd/migrate/main.go:287.3,287.52 1 0
github.com/convision/api/cmd/migrate/main.go:289.2,289.15 1 0
github.com/convision/api/cmd/migrate/main.go:292.60,294.19 2 0
github.com/convision/api/cmd/migrate/main.go:294.19,296.3 1 0
github.com/convision/api/cmd/migrate/main.go:297.2,302.28 4 0
github.com/convision/api/cmd/migrate/main.go:302.28,303.66 1 0
github.com/convision/api/cmd/migrate/main.go:303.66,304.62 1 0
github.com/convision/api/cmd/migrate/main.go:304.62,306.5 1 0
github.com/convision/api/cmd/migrate/main.go:309.2,313.45 4 0
github.com/convision/api/cmd/migrate/main.go:313.45,316.68 3 0
github.com/convision/api/cmd/migrate/main.go:316.68,318.4 1 0
github.com/convision/api/cmd/migrate/main.go:319.3,319.37 1 0
github.com/convision/api/cmd/migrate/main.go:324.34,326.71 1 0
github.com/convision/api/cmd/migrate/main.go:326.71,328.3 1 0
github.com/convision/api/cmd/migrate/main.go:329.2,329.25 1 0
github.com/convision/api/cmd/migrate/main.go:332.28,334.2 1 0
github.com/convision/api/cmd/migrate/main.go:336.24,344.2 7 0
github.com/convision/api/cmd/migrate/main.go:346.42,347.34 1 0
github.com/convision/api/cmd/migrate/main.go:347.34,349.3 1 0
github.com/convision/api/cmd/migrate/main.go:350.2,350.17 1 0
github.com/convision/api/cmd/migrate/main.go:353.28,354.50 1 0
github.com/convision/api/cmd/migrate/main.go:354.50,356.3 1 0
github.com/convision/api/internal/catalog/service.go:31.12,42.2 1 0
github.com/convision/api/internal/catalog/service.go:46.49,47.16 1 0
github.com/convision/api/internal/catalog/service.go:47.16,49.3 1 0
github.com/convision/api/internal/catalog/service.go:50.2,51.29 2 0
github.com/convision/api/internal/catalog/service.go:51.29,53.3 1 0
github.com/convision/api/internal/catalog/service.go:54.2,54.11 1 0
github.com/convision/api/internal/catalog/service.go:57.46,58.14 1 0
github.com/convision/api/internal/catalog/service.go:58.14,60.3 1 0
github.com/convision/api/internal/catalog/service.go:61.2,61.34 1 0
github.com/convision/api/internal/catalog/service.go:61.34,63.3 1 0
github.com/convision/api/internal/catalog/service.go:64.2,64.22 1 0
github.com/convision/api/internal/catalog/service.go:84.75,87.16 3 0
github.com/convision/api/internal/catalog/service.go:87.16,89.3 1 0
github.com/convision/api/internal/catalog/service.go:90.2,96.8 1 0
github.com/convision/api/internal/catalog/service.go:99.60,101.2 1 0
github.com/convision/api/internal/catalog/service.go:103.72,105.46 2 0
github.com/convision/api/internal/catalog/service.go:105.46,107.3 1 0
github.com/convision/api/internal/catalog/service.go:108.2,108.15 1 0
github.com/convision/api/internal/catalog/service.go:111.81,113.16 2 0
github.com/convision/api/internal/catalog/service.go:113.16,115.3 1 0
github.com/convision/api/internal/catalog/service.go:116.2,118.46 3 0
github.com/convision/api/internal/catalog/service.go:118.46,120.3 1 0
github.com/convision/api/internal/catalog/service.go:121.2,121.32 1 0
github.com/convision/api/internal/catalog/service.go:124.46,125.51 1 0
github.com/convision/api/internal/catalog/service.go:125.51,127.3 1 0
github.com/convision/api/internal/catalog/service.go:128.2,128.31 1 0
github.com/convision/api/internal/catalog/service.go:146.81,149.16 3 0
github.com/convision/api/internal/catalog/service.go:149.16,151.3 1 0
github.com/convision/api/internal/catalog/service.go:152.2,155.8 1 0
github.com/convision/api/internal/catalog/service.go:158.66,160.2 1 0
github.com/convision/api/internal/catalog/service.go:162.81,164.49 2 0
github.com/convision/api/internal/catalog/service.go:164.49,166.3 1 0
github.com/convision/api/internal/catalog/service.go:167.2,167.15 1 0
github.com/convision/api/internal/catalog/service.go:170.90,172.16 2 0
github.com/convision/api/internal/catalog/service.go:172.16,174.3 1 0
github.com/convision/api/internal/catalog/service.go:175.2,177.49 3 0
github.com/convision/api/internal/catalog/service.go:177.49,179.3 1 0
github.com/convision/api/internal/catalog/service.go:180.2,180.35 1 0
github.com/convision/api/internal/catalog/service.go:183.49,184.54 1 0
github.com/convision/api/internal/catalog/service.go:184.54,186.3 1 0
github.com/convision/api/internal/catalog/service.go:187.2,187.34 1 0
github.com/convision/api/internal/catalog/service.go:205.81,208.16 3 0
github.com/convision/api/internal/catalog/service.go:208.16,210.3 1 0
github.com/convision/api/internal/catalog/service.go:211.2,214.8 1 0
github.com/convision/api/internal/catalog/service.go:217.66,219.2 1 0
github.com/convision/api/internal/catalog/service.go:221.81,223.49 2 0
github.com/convision/api/internal/catalog/service.go:223.49,225.3 1 0
github.com/convision/api/internal/catalog/service.go:226.2,226.15 1 0
github.com/convision/api/internal/catalog/service.go:229.90,231.16 2 0
github.com/convision/api/internal/catalog/service.go:231.16,233.3 1 0
github.com/convision/api/internal/catalog/service.go:234.2,236.49 3 0
github.com/convision/api/internal/catalog/service.go:236.49,238.3 1 0
github.com/convision/api/internal/catalog/service.go:239.2,239.35 1 0
github.com/convision/api/internal/catalog/service.go:242.49,243.54 1 0
github.com/convision/api/internal/catalog/service.go:243.54,245.3 1 0
github.com/convision/api/internal/catalog/service.go:246.2,246.34 1 0
github.com/convision/api/internal/catalog/service.go:264.84,267.16 3 0
github.com/convision/api/internal/catalog/service.go:267.16,269.3 1 0
github.com/convision/api/internal/catalog/service.go:270.2,273.8 1 0
github.com/convision/api/internal/catalog/service.go:276.68,278.2 1 0
github.com/convision/api/internal/catalog/service.go:280.84,282.50 2 0
github.com/convision/api/internal/catalog/service.go:282.50,284.3 1 0
github.com/convision/api/internal/catalog/service.go:285.2,285.15 1 0
github.com/convision/api/internal/catalog/service.go:288.93,290.16 2 0
github.com/convision/api/internal/catalog/service.go:290.16,292.3 1 0
github.com/convision/api/internal/catalog/service.go:293.2,295.50 3 0
github.com/convision/api/internal/catalog/service.go:295.50,297.3 1 0
github.com/convision/api/internal/catalog/service.go:298.2,298.36 1 0
github.com/convision/api/internal/catalog/service.go:301.50,302.55 1 0
github.com/convision/api/internal/catalog/service.go:302.55,304.3 1 0
github.com/convision/api/internal/catalog/service.go:305.2,305.35 1 0
github.com/convision/api/internal/catalog/service.go:323.83,326.16 3 0
github.com/convision/api/internal/catalog/service.go:326.16,328.3 1 0
github.com/convision/api/internal/catalog/service.go:329.2,332.8 1 0
github.com/convision/api/internal/catalog/service.go:335.68,337.2 1 0
github.com/convision/api/internal/catalog/service.go:339.84,341.50 2 0
github.com/convision/api/internal/catalog/service.go:341.50,343.3 1 0
github.com/convision/api/internal/catalog/service.go:344.2,344.15 1 0
github.com/convision/api/internal/catalog/service.go:347.93,349.16 2 0
github.com/convision/api/internal/catalog/service.go:349.16,351.3 1 0
github.com/convision/api/internal/catalog/service.go:352.2,354.50 3 0
github.com/convision/api/internal/catalog/service.go:354.50,356.3 1 0
github.com/convision/api/internal/catalog/service.go:357.2,357.36 1 0
github.com/convision/api/internal/catalog/service.go:360.50,361.55 1 0
github.com/convision/api/internal/catalog/service.go:361.55,363.3 1 0
github.com/convision/api/internal/catalog/service.go:364.2,364.35 1 0
github.com/convision/api/internal/catalog/service.go:382.89,385.16 3 0
github.com/convision/api/internal/catalog/service.go:385.16,387.3 1 0
github.com/convision/api/internal/catalog/service.go:388.2,391.8 1 0
github.com/convision/api/internal/catalog/service.go:394.74,396.2 1 0
github.com/convision/api/internal/catalog/service.go:398.93,400.53 2 0
github.com/convision/api/internal/catalog/service.go:400.53,402.3 1 0
github.com/convision/api/internal/catalog/service.go:403.2,403.15 1 0
github.com/convision/api/internal/catalog/service.go:406.102,408.16 2 0
github.com/convision/api/internal/catalog/service.go:408.16,410.3 1 0
github.com/convision/api/internal/catalog/service.go:411.2,413.53 3 0
github.com/convision/api/internal/catalog/service.go:413.53,415.3 1 0
github.com/convision/api/internal/catalog/service.go:416.2,416.39 1 0
github.com/convision/api/internal/catalog/service.go:419.53,420.58 1 0
github.com/convision/api/internal/catalog/service.go:420.58,422.3 1 0
github.com/convision/api/internal/catalog/service.go:423.2,423.38 1 0
github.com/convision/api/internal/catalog/service.go:445.91,448.16 3 0
github.com/convision/api/internal/catalog/service.go:448.16,450.3 1 0
github.com/convision/api/internal/catalog/service.go:451.2,454.8 1 0
github.com/convision/api/internal/catalog/service.go:458.79,460.2 1 0
github.com/convision/api/internal/catalog/service.go:462.76,464.2 1 0
github.com/convision/api/internal/catalog/service.go:466.96,468.27 2 0
github.com/convision/api/internal/catalog/service.go:468.27,470.3 1 0
github.com/convision/api/internal/catalog/service.go:471.2,472.36 2 0
github.com/convision/api/internal/catalog/service.go:472.36,474.3 1 0
github.com/convision/api/internal/catalog/service.go:475.2,480.54 2 0
github.com/convision/api/internal/catalog/service.go:480.54,482.3 1 0
github.com/convision/api/internal/catalog/service.go:483.2,483.15 1 0
github.com/convision/api/internal/catalog/service.go:486.105,488.16 2 0
github.com/convision/api/internal/catalog/service.go:488.16,490.3 1 0
github.com/convision/api/internal/catalog/service.go:491.2,491.22 1 0
github.com/convision/api/internal/catalog/service.go:491.22,493.3 1 0
github.com/convision/api/internal/catalog/service.go:494.2,494.22 1 0
github.com/convision/api/internal/catalog/service.go:494.22,496.3 1 0
github.com/convision/api/internal/catalog/service.go:497.2,499.27 3 0
github.com/convision/api/internal/catalog/service.go:499.27,501.3 1 0
github.com/convision/api/internal/catalog/service.go:502.2,502.36 1 0
github.com/convision/api/internal/catalog/service.go:502.36,504.3 1 0
github.com/convision/api/internal/catalog/service.go:505.2,505.54 1 0
github.com/convision/api/internal/catalog/service.go:505.54,507.3 1 0
github.com/convision/api/internal/catalog/service.go:508.2,508.40 1 0
github.com/convision/api/internal/catalog/service.go:511.54,512.59 1 0
github.com/convision/api/internal/catalog/service.go:512.59,514.3 1 0
github.com/convision/api/internal/catalog/service.go:515.2,515.39 1 0
github.com/convision/api/internal/expense/service.go:19.77,21.2 1 0
github.com/convision/api/internal/expense/service.go:71.61,73.2 1 0
github.com/convision/api/internal/expense/service.go:76.52,78.16 2 0
github.com/convision/api/internal/expense/service.go:78.16,80.3 1 0
github.com/convision/api/internal/expense/service.go:81.2,82.25 2 0
github.com/convision/api/internal/expense/service.go:82.25,84.25 2 0
github.com/convision/api/internal/expense/service.go:84.25,86.4 1 0
github.com/convision/api/internal/expense/service.go:86.9,88.4 1 0
github.com/convision/api/internal/expense/service.go:90.2,90.17 1 0
github.com/convision/api/internal/expense/service.go:94.88,95.14 1 0
github.com/convision/api/internal/expense/service.go:95.14,97.3 1 0
github.com/convision/api/internal/expense/service.go:98.2,98.34 1 0
github.com/convision/api/internal/expense/service.go:98.34,100.3 1 0
github.com/convision/api/internal/expense/service.go:101.2,102.16 2 0
github.com/convision/api/internal/expense/service.go:102.16,104.3 1 0
github.com/convision/api/internal/expense/service.go:105.2,106.15 2 0
github.com/convision/api/internal/expense/service.go:106.15,108.3 1 0
github.com/convision/api/internal/expense/service.go:109.2,109.108 1 0
github.com/convision/api/internal/expense/service.go:113.93,115.29 2 0
github.com/convision/api/internal/expense/service.go:115.29,117.17 2 0
github.com/convision/api/internal/expense/service.go:117.17,119.4 1 0
github.com/convision/api/internal/expense/service.go:120.3,120.19 1 0
github.com/convision/api/internal/expense/service.go:123.2,127.35 4 0
github.com/convision/api/internal/expense/service.go:127.35,130.3 2 0
github.com/convision/api/internal/expense/service.go:130.8,130.30 1 0
github.com/convision/api/internal/expense/service.go:130.30,132.3 1 0
github.com/convision/api/internal/expense/service.go:134.2,151.41 2 0
github.com/convision/api/internal/expense/service.go:151.41,153.3 1 0
github.com/convision/api/internal/expense/service.go:154.2,155.29 2 0
github.com/convision/api/internal/expense/service.go:159.79,161.16 2 0
github.com/convision/api/internal/expense/service.go:161.16,163.3 1 0
github.com/convision/api/internal/expense/service.go:164.2,164.29 1 0
github.com/convision/api/internal/expense/service.go:164.29,166.3 1 0
github.com/convision/api/internal/expense/service.go:167.2,167.31 1 0
github.com/convision/api/internal/expense/service.go:167.31,169.3 1 0
github.com/convision/api/internal/expense/service.go:170.2,170.25 1 0
github.com/convision/api/internal/expense/service.go:170.25,172.3 1 0
github.com/convision/api/internal/expense/service.go:173.2,173.29 1 0
github.com/convision/api/internal/expense/service.go:173.29,175.3 1 0
github.com/convision/api/internal/expense/service.go:176.2,176.29 1 0
github.com/convision/api/internal/expense/service.go:176.29,178.17 2 0
github.com/convision/api/internal/expense/service.go:178.17,180.4 1 0
github.com/convision/api/internal/expense/service.go:181.3,181.21 1 0
github.com/convision/api/internal/expense/service.go:183.2,183.25 1 0
github.com/convision/api/internal/expense/service.go:183.25,185.3 1 0
github.com/convision/api/internal/expense/service.go:186.2,186.32 1 0
github.com/convision/api/internal/expense/service.go:186.32,188.3 1 0
github.com/convision/api/internal/expense/service.go:189.2,189.30 1 0
github.com/convision/api/internal/expense/service.go:189.30,191.3 1 0
github.com/convision/api/internal/expense/service.go:192.2,192.34 1 0
github.com/convision/api/internal/expense/service.go:192.34,194.3 1 0
github.com/convision/api/internal/expense/service.go:195.2,195.27 1 0
github.com/convision/api/internal/expense/service.go:195.27,197.3 1 0
github.com/convision/api/internal/expense/service.go:198.2,198.23 1 0
github.com/convision/api/internal/expense/service.go:198.23,200.3 1 0
github.com/convision/api/internal/expense/service.go:203.2,204.33 2 0
github.com/convision/api/internal/expense/service.go:204.33,207.3 2 0
github.com/convision/api/internal/expense/service.go:207.8,207.32 1 0
github.com/convision/api/internal/expense/service.go:207.32,209.3 1 0
github.com/convision/api/internal/expense/service.go:209.8,211.3 1 0
github.com/convision/api/internal/expense/service.go:213.2,213.41 1 0
github.com/convision/api/internal/expense/service.go:213.41,215.3 1 0
github.com/convision/api/internal/expense/service.go:216.2,216.27 1 0
github.com/convision/api/internal/expense/service.go:220.41,221.46 1 0
github.com/convision/api/internal/expense/service.go:221.46,223.3 1 0
github.com/convision/api/internal/expense/service.go:224.2,224.26 1 0
github.com/convision/api/internal/dailyactivity/clinic_date.go:7.38,9.16 2 0
github.com/convision/api/internal/dailyactivity/clinic_date.go:9.16,11.3 1 0
github.com/convision/api/internal/dailyactivity/clinic_date.go:12.2,12.12 1 0
github.com/convision/api/internal/dailyactivity/clinic_date.go:15.30,18.2 2 0
github.com/convision/api/internal/dailyactivity/clinic_date.go:20.43,24.2 3 0
github.com/convision/api/internal/dailyactivity/service.go:20.83,22.2 1 0
github.com/convision/api/internal/dailyactivity/service.go:90.88,91.14 1 0
github.com/convision/api/internal/dailyactivity/service.go:91.14,93.3 1 0
github.com/convision/api/internal/dailyactivity/service.go:94.2,94.34 1 0
github.com/convision/api/internal/dailyactivity/service.go:94.34,96.3 1 0
github.com/convision/api/internal/dailyactivity/service.go:97.2,98.16 2 0
github.com/convision/api/internal/dailyactivity/service.go:98.16,100.3 1 0
github.com/convision/api/internal/dailyactivity/service.go:101.2,101.81 1 0
github.com/convision/api/internal/dailyactivity/service.go:105.73,107.2 1 0
github.com/convision/api/internal/dailyactivity/service.go:110.95,115.16 4 0
github.com/convision/api/internal/dailyactivity/service.go:115.16,117.3 1 0
github.com/convision/api/internal/dailyactivity/service.go:118.2,118.45 1 0
github.com/convision/api/internal/dailyactivity/service.go:118.45,120.3 1 0
github.com/convision/api/internal/dailyactivity/service.go:122.2,124.41 3 0
github.com/convision/api/internal/dailyactivity/service.go:124.41,126.3 1 0
github.com/convision/api/internal/dailyactivity/service.go:127.2,127.29 1 0
github.com/convision/api/internal/dailyactivity/service.go:131.128,133.16 2 0
github.com/convision/api/internal/dailyactivity/service.go:133.16,135.3 1 0
github.com/convision/api/internal/dailyactivity/service.go:136.2,136.14 1 0
github.com/convision/api/internal/dailyactivity/service.go:136.14,137.42 1 0
github.com/convision/api/internal/dailyactivity/service.go:137.42,139.4 1 0
github.com/convision/api/internal/dailyactivity/service.go:140.3,140.56 1 0
github.com/convision/api/internal/dailyactivity/service.go:140.56,142.4 1 0
github.com/convision/api/internal/dailyactivity/service.go:145.2,146.32 2 0
github.com/convision/api/internal/dailyactivity/service.go:146.32,148.3 1 0
github.com/convision/api/internal/dailyactivity/service.go:150.2,154.47 5 0
github.com/convision/api/internal/dailyactivity/service.go:154.47,156.3 1 0
github.com/convision/api/internal/dailyactivity/service.go:157.2,157.27 1 0
github.com/convision/api/internal/dailyactivity/service.go:162.108,164.16 2 0
github.com/convision/api/internal/dailyactivity/service.go:164.16,166.3 1 0
github.com/convision/api/internal/dailyactivity/service.go:167.2,167.51 1 0
github.com/convision/api/internal/dailyactivity/service.go:167.51,169.3 1 0
github.com/convision/api/internal/dailyactivity/service.go:170.2,170.53 1 0
github.com/convision/api/internal/dailyactivity/service.go:170.53,172.3 1 0
github.com/convision/api/internal/dailyactivity/service.go:173.2,174.46 2 0
github.com/convision/api/internal/dailyactivity/service.go:174.46,176.3 1 0
github.com/convision/api/internal/dailyactivity/service.go:177.2,177.27 1 0
github.com/convision/api/internal/dailyactivity/service.go:182.72,184.16 2 0
github.com/convision/api/internal/dailyactivity/service.go:184.16,186.3 1 0
github.com/convision/api/internal/dailyactivity/service.go:187.2,187.53 1 0
github.com/convision/api/internal/dailyactivity/service.go:187.53,189.3 1 0
github.com/convision/api/internal/dailyactivity/service.go:190.2,191.46 2 0
github.com/convision/api/internal/dailyactivity/service.go:191.46,193.3 1 0
github.com/convision/api/internal/dailyactivity/service.go:194.2,194.27 1 0
github.com/convision/api/internal/dailyactivity/service.go:198.111,203.16 4 0
github.com/convision/api/internal/dailyactivity/service.go:203.16,204.46 1 0
github.com/convision/api/internal/dailyactivity/service.go:204.46,206.4 1 0
github.com/convision/api/internal/dailyactivity/service.go:207.3,214.47 2 0
github.com/convision/api/internal/dailyactivity/service.go:214.47,216.4 1 0
github.com/convision/api/internal/dailyactivity/service.go:219.2,219.53 1 0
github.com/convision/api/internal/dailyactivity/service.go:219.53,221.3 1 0
github.com/convision/api/internal/dailyactivity/service.go:223.2,230.29 2 0
github.com/convision/api/internal/dailyactivity/service.go:230.29,231.24 1 0
github.com/convision/api/internal/dailyactivity/service.go:231.24,233.4 1 0
github.com/convision/api/internal/dailyactivity/service.go:234.3,235.36 2 0
github.com/convision/api/internal/dailyactivity/service.go:235.36,237.4 1 0
github.com/convision/api/internal/dailyactivity/service.go:238.3,240.29 3 0
github.com/convision/api/internal/dailyactivity/service.go:241.8,242.81 1 0
github.com/convision/api/internal/dailyactivity/service.go:242.81,244.4 1 0
github.com/convision/api/internal/dailyactivity/service.go:247.2,247.22 1 0
github.com/convision/api/internal/dailyactivity/service.go:247.22,248.32 1 0
github.com/convision/api/internal/dailyactivity/service.go:248.32,250.4 1 0
github.com/convision/api/internal/dailyactivity/service.go:251.3,251.60 1 0
github.com/convision/api/internal/dailyactivity/service.go:254.2,254.46 1 0
github.com/convision/api/internal/dailyactivity/service.go:254.46,256.3 1 0
github.com/convision/api/internal/dailyactivity/service.go:257.2,257.34 1 0
github.com/convision/api/internal/dailyactivity/service.go:260.100,305.2 1 0
github.com/convision/api/internal/dailyactivity/service.go:307.86,308.14 1 0
github.com/convision/api/internal/dailyactivity/service.go:309.19,310.18 1 0
github.com/convision/api/internal/dailyactivity/service.go:311.17,312.21 1 0
github.com/convision/api/internal/dailyactivity/service.go:313.16,314.23 1 0
github.com/convision/api/internal/dailyactivity/service.go:315.15,316.25 1 0
github.com/convision/api/internal/dailyactivity/service.go:317.11,318.81 1 0
github.com/convision/api/internal/dailyactivity/service.go:320.22,321.18 1 0
github.com/convision/api/internal/dailyactivity/service.go:322.17,323.18 1 0
github.com/convision/api/internal/dailyactivity/service.go:324.16,325.20 1 0
github.com/convision/api/internal/dailyactivity/service.go:326.15,327.22 1 0
github.com/convision/api/internal/dailyactivity/service.go:328.11,329.81 1 0
github.com/convision/api/internal/dailyactivity/service.go:331.29,332.18 1 0
github.com/convision/api/internal/dailyactivity/service.go:333.17,334.34 1 0
github.com/convision/api/internal/dailyactivity/service.go:335.16,336.36 1 0
github.com/convision/api/internal/dailyactivity/service.go:337.15,338.38 1 0
github.com/convision/api/internal/dailyactivity/service.go:339.11,340.81 1 0
github.com/convision/api/internal/dailyactivity/service.go:342.32,343.27 1 0
github.com/convision/api/internal/dailyactivity/service.go:344.32,345.32 1 0
github.com/convision/api/internal/dailyactivity/service.go:346.26,347.23 1 0
github.com/convision/api/internal/dailyactivity/service.go:348.25,349.22 1 0
github.com/convision/api/internal/dailyactivity/service.go:350.34,351.23 1 0
github.com/convision/api/internal/dailyactivity/service.go:352.25,353.15 1 0
github.com/convision/api/internal/dailyactivity/service.go:354.10,355.86 1 0
github.com/convision/api/internal/dailyactivity/service.go:357.2,357.12 1 0
github.com/convision/api/internal/discount/service.go:21.91,23.2 1 0
github.com/convision/api/internal/discount/service.go:27.49,28.16 1 0
github.com/convision/api/internal/discount/service.go:28.16,30.3 1 0
github.com/convision/api/internal/discount/service.go:31.2,32.29 2 0
github.com/convision/api/internal/discount/service.go:32.29,34.3 1 0
github.com/convision/api/internal/discount/service.go:35.2,35.11 1 0
github.com/convision/api/internal/discount/service.go:38.46,39.14 1 0
github.com/convision/api/internal/discount/service.go:39.14,41.3 1 0
github.com/convision/api/internal/discount/service.go:42.2,42.34 1 0
github.com/convision/api/internal/discount/service.go:42.34,44.3 1 0
github.com/convision/api/internal/discount/service.go:45.2,45.22 1 0
github.com/convision/api/internal/discount/service.go:87.88,90.16 3 0
github.com/convision/api/internal/discount/service.go:90.16,92.3 1 0
github.com/convision/api/internal/discount/service.go:93.2,99.8 1 0
github.com/convision/api/internal/discount/service.go:102.69,104.2 1 0
github.com/convision/api/internal/discount/service.go:106.78,107.51 1 0
github.com/convision/api/internal/discount/service.go:107.51,109.3 1 0
github.com/convision/api/internal/discount/service.go:110.2,110.69 1 0
github.com/convision/api/internal/discount/service.go:110.69,112.3 1 0
github.com/convision/api/internal/discount/service.go:114.2,114.59 1 0
github.com/convision/api/internal/discount/service.go:114.59,116.3 1 0
github.com/convision/api/internal/discount/service.go:118.2,119.50 2 0
github.com/convision/api/internal/discount/service.go:119.50,125.24 5 0
github.com/convision/api/internal/discount/service.go:125.24,129.29 4 0
github.com/convision/api/internal/discount/service.go:129.29,131.5 1 0
github.com/convision/api/internal/discount/service.go:132.4,133.27 2 0
github.com/convision/api/internal/discount/service.go:133.27,135.5 1 0
github.com/convision/api/internal/discount/service.go:138.3,153.42 2 0
github.com/convision/api/internal/discount/service.go:153.42,155.4 1 0
github.com/convision/api/internal/discount/service.go:156.3,157.17 2 0
github.com/convision/api/internal/discount/service.go:157.17,159.4 1 0
github.com/convision/api/internal/discount/service.go:160.3,161.13 2 0
github.com/convision/api/internal/discount/service.go:163.2,163.16 1 0
github.com/convision/api/internal/discount/service.go:163.16,165.3 1 0
github.com/convision/api/internal/discount/service.go:166.2,166.20 1 0
github.com/convision/api/internal/discount/service.go:169.126,170.51 1 0
github.com/convision/api/internal/discount/service.go:170.51,172.3 1 0
github.com/convision/api/internal/discount/service.go:173.2,173.69 1 0
github.com/convision/api/internal/discount/service.go:173.69,175.3 1 0
github.com/convision/api/internal/discount/service.go:177.2,178.50 2 0
github.com/convision/api/internal/discount/service.go:178.50,180.17 2 0
github.com/convision/api/internal/discount/service.go:180.17,182.4 1 0
github.com/convision/api/internal/discount/service.go:184.3,184.37 1 0
github.com/convision/api/internal/discount/service.go:184.37,185.28 1 0
github.com/convision/api/internal/discount/service.go:185.28,187.5 1 0
github.com/convision/api/internal/discount/service.go:188.4,188.55 1 0
github.com/convision/api/internal/discount/service.go:188.55,190.5 1 0
github.com/convision/api/internal/discount/service.go:193.3,204.57 10 0
github.com/convision/api/internal/discount/service.go:204.57,206.22 2 0
github.com/convision/api/internal/discount/service.go:206.22,209.5 2 0
github.com/convision/api/internal/discount/service.go:210.4,210.66 1 0
github.com/convision/api/internal/discount/service.go:213.3,213.42 1 0
github.com/convision/api/internal/discount/service.go:213.42,215.4 1 0
github.com/convision/api/internal/discount/service.go:216.3,217.13 2 0
github.com/convision/api/internal/discount/service.go:219.2,219.16 1 0
github.com/convision/api/internal/discount/service.go:219.16,221.3 1 0
github.com/convision/api/internal/discount/service.go:222.2,222.20 1 0
github.com/convision/api/internal/discount/service.go:225.41,226.50 1 0
github.com/convision/api/internal/discount/service.go:226.50,227.47 1 0
github.com/convision/api/internal/discount/service.go:227.47,229.4 1 0
github.com/convision/api/internal/discount/service.go:230.3,230.27 1 0
github.com/convision/api/internal/discount/service.go:234.106,236.50 2 0
github.com/convision/api/internal/discount/service.go:236.50,238.17 2 0
github.com/convision/api/internal/discount/service.go:238.17,240.4 1 0
github.com/convision/api/internal/discount/service.go:241.3,241.54 1 0
github.com/convision/api/internal/discount/service.go:241.54,243.4 1 0
github.com/convision/api/internal/discount/service.go:244.3,249.30 6 0
github.com/convision/api/internal/discount/service.go:249.30,251.4 1 0
github.com/convision/api/internal/discount/service.go:253.3,253.42 1 0
github.com/convision/api/internal/discount/service.go:253.42,255.4 1 0
github.com/convision/api/internal/discount/service.go:256.3,257.13 2 0
github.com/convision/api/internal/discount/service.go:259.2,259.16 1 0
github.com/convision/api/internal/discount/service.go:259.16,261.3 1 0
github.com/convision/api/internal/discount/service.go:262.2,262.20 1 0
github.com/convision/api/internal/discount/service.go:265.83,267.50 2 0
github.com/convision/api/internal/discount/service.go:267.50,269.17 2 0
github.com/convision/api/internal/discount/service.go:269.17,271.4 1 0
github.com/convision/api/internal/discount/service.go:272.3,272.54 1 0
github.com/convision/api/internal/discount/service.go:272.54,274.4 1 0
github.com/convision/api/internal/discount/service.go:275.3,278.42 3 0
github.com/convision/api/internal/discount/service.go:278.42,280.4 1 0
github.com/convision/api/internal/discount/service.go:281.3,282.13 2 0
github.com/convision/api/internal/discount/service.go:284.2,284.16 1 0
github.com/convision/api/internal/discount/service.go:284.16,286.3 1 0
github.com/convision/api/internal/discount/service.go:287.2,287.20 1 0
github.com/convision/api/internal/discount/service.go:290.93,291.22 1 0
github.com/convision/api/internal/discount/service.go:291.22,293.3 1 0
github.com/convision/api/internal/discount/service.go:294.2,294.69 1 0
github.com/convision/api/internal/discount/service.go:297.94,299.2 1 0
github.com/convision/api/internal/discount/service.go:303.93,304.19 1 0
github.com/convision/api/internal/discount/service.go:304.19,306.3 1 0
github.com/convision/api/internal/discount/service.go:307.2,308.16 2 0
github.com/convision/api/internal/discount/service.go:308.16,310.32 2 0
github.com/convision/api/internal/discount/service.go:310.32,312.4 1 0
github.com/convision/api/internal/discount/service.go:313.3,313.18 1 0
github.com/convision/api/internal/discount/service.go:315.2,315.18 1 0
github.com/convision/api/internal/clinic/service.go:26.12,28.2 1 0
github.com/convision/api/internal/clinic/service.go:210.46,211.14 1 0
github.com/convision/api/internal/clinic/service.go:211.14,213.3 1 0
github.com/convision/api/internal/clinic/service.go:214.2,214.34 1 0
github.com/convision/api/internal/clinic/service.go:214.34,216.3 1 0
github.com/convision/api/internal/clinic/service.go:217.2,217.22 1 0
github.com/convision/api/internal/clinic/service.go:221.69,223.2 1 0
github.com/convision/api/internal/clinic/service.go:226.89,228.2 1 0
github.com/convision/api/internal/clinic/service.go:231.88,234.16 3 0
github.com/convision/api/internal/clinic/service.go:234.16,236.3 1 0
github.com/convision/api/internal/clinic/service.go:237.2,238.18 2 0
github.com/convision/api/internal/clinic/service.go:238.18,240.3 1 0
github.com/convision/api/internal/clinic/service.go:241.2,241.108 1 0
github.com/convision/api/internal/clinic/service.go:245.110,248.2 2 0
github.com/convision/api/internal/clinic/service.go:251.78,252.63 1 0
github.com/convision/api/internal/clinic/service.go:252.63,254.3 1 0
github.com/convision/api/internal/clinic/service.go:256.2,312.46 2 0
github.com/convision/api/internal/clinic/service.go:312.46,314.3 1 0
github.com/convision/api/internal/clinic/service.go:316.2,320.34 2 0
github.com/convision/api/internal/clinic/service.go:324.87,326.16 2 0
github.com/convision/api/internal/clinic/service.go:326.16,328.3 1 0
github.com/convision/api/internal/clinic/service.go:330.2,331.39 2 0
github.com/convision/api/internal/clinic/service.go:331.39,333.3 1 0
github.com/convision/api/internal/clinic/service.go:334.2,334.32 1 0
github.com/convision/api/internal/clinic/service.go:334.32,336.3 1 0
github.com/convision/api/internal/clinic/service.go:337.2,337.33 1 0
github.com/convision/api/internal/clinic/service.go:337.33,339.3 1 0
github.com/convision/api/internal/clinic/service.go:340.2,340.31 1 0
github.com/convision/api/internal/clinic/service.go:340.31,342.3 1 0
github.com/convision/api/internal/clinic/service.go:343.2,343.37 1 0
github.com/convision/api/internal/clinic/service.go:343.37,345.3 1 0
github.com/convision/api/internal/clinic/service.go:346.2,346.40 1 0
github.com/convision/api/internal/clinic/service.go:346.40,348.3 1 0
github.com/convision/api/internal/clinic/service.go:349.2,349.39 1 0
github.com/convision/api/internal/clinic/service.go:349.39,351.3 1 0
github.com/convision/api/internal/clinic/service.go:352.2,352.35 1 0
github.com/convision/api/internal/clinic/service.go:352.35,354.3 1 0
github.com/convision/api/internal/clinic/service.go:355.2,355.43 1 0
github.com/convision/api/internal/clinic/service.go:355.43,357.3 1 0
github.com/convision/api/internal/clinic/service.go:358.2,358.28 1 0
github.com/convision/api/internal/clinic/service.go:358.28,360.3 1 0
github.com/convision/api/internal/clinic/service.go:361.2,361.37 1 0
github.com/convision/api/internal/clinic/service.go:361.37,363.3 1 0
github.com/convision/api/internal/clinic/service.go:364.2,364.39 1 0
github.com/convision/api/internal/clinic/service.go:364.39,366.3 1 0
github.com/convision/api/internal/clinic/service.go:367.2,367.29 1 0
github.com/convision/api/internal/clinic/service.go:367.29,369.3 1 0
github.com/convision/api/internal/clinic/service.go:370.2,370.27 1 0
github.com/convision/api/internal/clinic/service.go:370.27,372.3 1 0
github.com/convision/api/internal/clinic/service.go:373.2,406.28 34 0
github.com/convision/api/internal/clinic/service.go:406.28,408.3 1 0
github.com/convision/api/internal/clinic/service.go:409.2,409.31 1 0
github.com/convision/api/internal/clinic/service.go:409.31,411.3 1 0
github.com/convision/api/internal/clinic/service.go:412.2,412.30 1 0
github.com/convision/api/internal/clinic/service.go:412.30,414.3 1 0
github.com/convision/api/internal/clinic/service.go:416.2,416.46 1 0
github.com/convision/api/internal/clinic/service.go:416.46,418.3 1 0
github.com/convision/api/internal/clinic/service.go:420.2,421.34 2 0
github.com/convision/api/internal/clinic/service.go:425.80,427.2 1 0
github.com/convision/api/internal/clinic/service.go:430.99,433.16 3 0
github.com/convision/api/internal/clinic/service.go:433.16,435.3 1 0
github.com/convision/api/internal/clinic/service.go:436.2,437.18 2 0
github.com/convision/api/internal/clinic/service.go:437.18,439.3 1 0
github.com/convision/api/internal/clinic/service.go:440.2,440.117 1 0
github.com/convision/api/internal/clinic/service.go:444.98,445.72 1 0
github.com/convision/api/internal/clinic/service.go:445.72,447.3 1 0
github.com/convision/api/internal/clinic/service.go:449.2,473.31 2 0
github.com/convision/api/internal/clinic/service.go:473.31,475.17 2 0
github.com/convision/api/internal/clinic/service.go:475.17,477.4 1 0
github.com/convision/api/internal/clinic/service.go:480.2,480.47 1 0
github.com/convision/api/internal/clinic/service.go:480.47,482.3 1 0
github.com/convision/api/internal/clinic/service.go:484.2,485.35 2 0
github.com/convision/api/internal/clinic/service.go:489.107,491.16 2 0
github.com/convision/api/internal/clinic/service.go:491.16,493.3 1 0
github.com/convision/api/internal/clinic/service.go:495.2,496.32 2 0
github.com/convision/api/internal/clinic/service.go:496.32,498.3 1 0
github.com/convision/api/internal/clinic/service.go:499.2,499.31 1 0
github.com/convision/api/internal/clinic/service.go:499.31,501.22 2 0
github.com/convision/api/internal/clinic/service.go:501.22,503.4 1 0
github.com/convision/api/internal/clinic/service.go:505.2,523.47 18 0
github.com/convision/api/internal/clinic/service.go:523.47,525.3 1 0
github.com/convision/api/internal/clinic/service.go:527.2,528.35 2 0
github.com/convision/api/internal/clinic/service.go:532.50,533.52 1 0
github.com/convision/api/internal/clinic/service.go:533.52,535.3 1 0
github.com/convision/api/internal/clinic/service.go:536.2,536.32 1 0
github.com/convision/api/internal/clinicalrecord/service.go:63.84,65.2 1 0
github.com/convision/api/internal/clinicalrecord/service.go:68.90,70.2 1 0
github.com/convision/api/internal/clinicalrecord/service.go:73.80,74.25 1 0
github.com/convision/api/internal/clinicalrecord/service.go:74.25,76.3 1 0
github.com/convision/api/internal/clinicalrecord/service.go:77.2,85.43 2 0
github.com/convision/api/internal/clinicalrecord/service.go:85.43,91.3 2 0
github.com/convision/api/internal/clinicalrecord/service.go:92.2,92.17 1 0
github.com/convision/api/internal/clinicalrecord/service.go:182.98,184.34 2 0
github.com/convision/api/internal/clinicalrecord/service.go:184.34,186.3 1 0
github.com/convision/api/internal/clinicalrecord/service.go:187.2,204.30 2 0
github.com/convision/api/internal/clinicalrecord/service.go:204.30,206.17 2 0
github.com/convision/api/internal/clinicalrecord/service.go:206.17,208.4 1 0
github.com/convision/api/internal/clinicalrecord/service.go:210.2,210.78 1 0
github.com/convision/api/internal/clinicalrecord/service.go:210.78,216.3 2 0
github.com/convision/api/internal/clinicalrecord/service.go:217.2,217.12 1 0
github.com/convision/api/internal/clinicalrecord/service.go:221.100,277.79 2 0
github.com/convision/api/internal/clinicalrecord/service.go:277.79,283.3 2 0
github.com/convision/api/internal/clinicalrecord/service.go:284.2,284.12 1 0
github.com/convision/api/internal/clinicalrecord/service.go:313.104,315.25 2 0
github.com/convision/api/internal/clinicalrecord/service.go:315.25,317.3 1 0
github.com/convision/api/internal/clinicalrecord/service.go:318.2,339.81 2 0
github.com/convision/api/internal/clinicalrecord/service.go:339.81,345.3 2 0
github.com/convision/api/internal/clinicalrecord/service.go:346.2,346.12 1 0
github.com/convision/api/internal/clinicalrecord/service.go:350.82,351.84 1 0
github.com/convision/api/internal/clinicalrecord/service.go:351.84,357.3 2 0
github.com/convision/api/internal/clinicalrecord/service.go:358.2,358.12 1 0
github.com/convision/api/internal/clinicalrecord/service.go:362.98,393.78 2 0
github.com/convision/api/internal/clinicalrecord/service.go:393.78,399.3 2 0
github.com/convision/api/internal/clinicalrecord/service.go:400.2,400.12 1 0
github.com/convision/api/internal/domain/appointment.go:29.45,30.29 1 0
github.com/convision/api/internal/domain/appointment.go:35.36,36.14 1 0
github.com/convision/api/internal/domain/appointment.go:38.2,38.14 1 0
github.com/convision/api/internal/domain/branch.go:52.44,54.2 1 0
github.com/convision/api/internal/domain/branch.go:56.44,58.2 1 0
github.com/convision/api/internal/domain/branch.go:60.48,62.2 1 0
github.com/convision/api/internal/domain/clinical_record.go:13.52,14.14 1 0
github.com/convision/api/internal/domain/clinical_record.go:14.14,16.3 1 0
github.com/convision/api/internal/domain/clinical_record.go:17.2,18.23 2 0
github.com/convision/api/internal/domain/clinical_record.go:21.43,23.25 2 0
github.com/convision/api/internal/domain/clinical_record.go:24.14,25.10 1 0
github.com/convision/api/internal/domain/clinical_record.go:26.14,27.18 1 0
github.com/convision/api/internal/domain/clinical_record.go:28.11,30.13 2 0
github.com/convision/api/internal/domain/clinical_record.go:31.10,32.60 1 0
github.com/convision/api/internal/domain/clinical_record.go:34.2,34.39 1 0
github.com/convision/api/internal/domain/clinical_record.go:223.48,223.74 1 0
github.com/convision/api/internal/domain/errors.go:8.38,10.2 1 0
github.com/convision/api/internal/domain/errors.go:18.38,20.2 1 0
github.com/convision/api/internal/domain/errors.go:27.42,29.2 1 0
github.com/convision/api/internal/domain/errors.go:37.40,39.2 1 0
github.com/convision/api/internal/domain/errors.go:43.45,45.2 1 0
github.com/convision/api/internal/domain/errors.go:49.44,49.84 1 0
github.com/convision/api/internal/domain/errors.go:53.44,53.86 1 0
github.com/convision/api/internal/domain/errors.go:57.42,57.79 1 0
github.com/convision/api/internal/domain/errors.go:64.50,66.2 1 0
github.com/convision/api/internal/domain/errors.go:68.50,68.66 1 0
github.com/convision/api/internal/domain/finance.go:104.35,106.2 1 0
github.com/convision/api/internal/domain/laboratory.go:25.46,28.2 2 0
github.com/convision/api/internal/domain/laboratory.go:30.37,32.25 2 0
github.com/convision/api/internal/domain/laboratory.go:33.14,34.8 1 0
github.com/convision/api/internal/domain/laboratory.go:35.14,36.16 1 0
github.com/convision/api/internal/domain/laboratory.go:37.11,38.13 1 0
github.com/convision/api/internal/domain/laboratory.go:39.10,40.50 1 0
github.com/convision/api/internal/domain/laboratory.go:42.2,42.37 1 0
github.com/convision/api/internal/domain/laboratory.go:60.51,63.2 2 0
github.com/convision/api/internal/domain/laboratory.go:65.42,67.25 2 0
github.com/convision/api/internal/domain/laboratory.go:68.14,69.8 1 0
github.com/convision/api/internal/domain/laboratory.go:70.14,71.16 1 0
github.com/convision/api/internal/domain/laboratory.go:72.11,73.13 1 0
github.com/convision/api/internal/domain/laboratory.go:74.10,75.55 1 0
github.com/convision/api/internal/domain/laboratory.go:77.2,77.37 1 0
github.com/convision/api/internal/domain/laboratory.go:169.54,171.2 1 0
github.com/convision/api/internal/domain/laboratory.go:216.51,218.2 1 0
github.com/convision/api/internal/domain/optica.go:17.34,19.2 1 0
github.com/convision/api/internal/domain/optica_feature.go:13.41,15.2 1 0
github.com/convision/api/internal/domain/patient.go:50.37,52.2 1 0
github.com/convision/api/internal/domain/prescription.go:5.40,5.78 1 0
github.com/convision/api/internal/domain/super_admin.go:15.38,17.2 1 0
github.com/convision/api/internal/note/service.go:22.74,24.2 1 0
github.com/convision/api/internal/note/service.go:40.97,41.14 1 0
github.com/convision/api/internal/note/service.go:41.14,43.3 1 0
github.com/convision/api/internal/note/service.go:44.2,44.34 1 0
github.com/convision/api/internal/note/service.go:44.34,46.3 1 0
github.com/convision/api/internal/note/service.go:47.2,48.9 2 0
[...]
github.com/convision/api/internal/inventory/service.go:980.109,983.16 3 0
github.com/convision/api/internal/inventory/service.go:983.16,985.3 1 0
github.com/convision/api/internal/inventory/service.go:986.2,992.8 1 0
github.com/convision/api/internal/inventory/service.go:995.105,998.16 3 0
github.com/convision/api/internal/inventory/service.go:998.16,1000.3 1 0
github.com/convision/api/internal/inventory/service.go:1001.2,1007.8 1 0
github.com/convision/api/internal/inventory/service.go:1020.105,1023.24 1 0
github.com/convision/api/internal/inventory/service.go:1023.24,1024.65 1 0
github.com/convision/api/internal/inventory/service.go:1024.65,1026.4 1 0
github.com/convision/api/internal/inventory/service.go:1027.3,1028.17 2 0
github.com/convision/api/internal/inventory/service.go:1028.17,1030.4 1 0
github.com/convision/api/internal/inventory/service.go:1031.3,1031.113 1 0
github.com/convision/api/internal/inventory/service.go:1031.113,1036.4 1 0
github.com/convision/api/internal/inventory/service.go:1037.3,1038.42 2 0
github.com/convision/api/internal/inventory/service.go:1038.42,1043.4 1 0
github.com/convision/api/internal/inventory/service.go:1044.3,1044.54 1 0
github.com/convision/api/internal/inventory/service.go:1044.54,1046.4 1 0
github.com/convision/api/internal/inventory/service.go:1047.3,1047.54 1 0
github.com/convision/api/internal/inventory/service.go:1047.54,1049.4 1 0
github.com/convision/api/internal/inventory/service.go:1052.2,1053.50 2 0
github.com/convision/api/internal/inventory/service.go:1053.50,1055.92 2 0
github.com/convision/api/internal/inventory/service.go:1055.92,1056.46 1 0
github.com/convision/api/internal/inventory/service.go:1056.46,1058.5 1 0
github.com/convision/api/internal/inventory/service.go:1059.4,1059.14 1 0
github.com/convision/api/internal/inventory/service.go:1061.3,1061.113 1 0
github.com/convision/api/internal/inventory/service.go:1061.113,1066.4 1 0
github.com/convision/api/internal/inventory/service.go:1067.3,1068.86 2 0
github.com/convision/api/internal/inventory/service.go:1068.86,1070.4 1 0
github.com/convision/api/internal/inventory/service.go:1071.3,1072.13 2 0
github.com/convision/api/internal/inventory/service.go:1074.2,1074.16 1 0
github.com/convision/api/internal/inventory/service.go:1074.16,1076.3 1 0
github.com/convision/api/internal/inventory/service.go:1077.2,1077.42 1 0
github.com/convision/api/internal/inventory/service.go:1080.49,1082.16 2 0
github.com/convision/api/internal/inventory/service.go:1082.16,1084.3 1 0
github.com/convision/api/internal/inventory/service.go:1085.2,1085.55 1 0
github.com/convision/api/internal/inventory/service.go:1085.55,1090.3 1 0
github.com/convision/api/internal/inventory/service.go:1091.2,1091.34 1 0
github.com/convision/api/internal/inventory/service.go:1097.109,1100.50 3 0
github.com/convision/api/internal/inventory/service.go:1100.50,1103.43 2 0
github.com/convision/api/internal/inventory/service.go:1103.43,1104.46 1 0
github.com/convision/api/internal/inventory/service.go:1104.46,1106.5 1 0
github.com/convision/api/internal/inventory/service.go:1107.4,1107.14 1 0
github.com/convision/api/internal/inventory/service.go:1109.3,1111.17 3 0
github.com/convision/api/internal/inventory/service.go:1111.17,1116.4 1 0
github.com/convision/api/internal/inventory/service.go:1117.3,1117.74 1 0
github.com/convision/api/internal/inventory/service.go:1117.74,1119.4 1 0
github.com/convision/api/internal/inventory/service.go:1120.3,1121.16 2 0
github.com/convision/api/internal/inventory/service.go:1121.16,1123.4 1 0
github.com/convision/api/internal/inventory/service.go:1124.3,1135.51 2 0
github.com/convision/api/internal/inventory/service.go:1135.51,1137.4 1 0
github.com/convision/api/internal/inventory/service.go:1138.3,1140.13 3 0
github.com/convision/api/internal/inventory/service.go:1142.2,1142.16 1 0
github.com/convision/api/internal/inventory/service.go:1142.16,1144.3 1 0
github.com/convision/api/internal/inventory/service.go:1145.2,1145.38 1 0
github.com/convision/api/internal/laboratory/service.go:31.12,33.2 1 1
github.com/convision/api/internal/laboratory/service.go:176.63,178.2 1 1
github.com/convision/api/internal/laboratory/service.go:180.95,181.14 1 0
github.com/convision/api/internal/laboratory/service.go:181.14,183.3 1 0
github.com/convision/api/internal/laboratory/service.go:184.2,184.34 1 0
github.com/convision/api/internal/laboratory/service.go:184.34,186.3 1 0
github.com/convision/api/internal/laboratory/service.go:188.2,189.16 2 0
github.com/convision/api/internal/laboratory/service.go:189.16,191.3 1 0
github.com/convision/api/internal/laboratory/service.go:193.2,194.30 2 0
github.com/convision/api/internal/laboratory/service.go:194.30,196.3 1 0
github.com/convision/api/internal/laboratory/service.go:198.2,198.104 1 0
github.com/convision/api/internal/laboratory/service.go:201.79,203.18 2 1
github.com/convision/api/internal/laboratory/service.go:203.18,205.3 1 1
github.com/convision/api/internal/laboratory/service.go:207.2,217.44 2 1
github.com/convision/api/internal/laboratory/service.go:217.44,219.3 1 0
github.com/convision/api/internal/laboratory/service.go:221.2,222.32 2 1
github.com/convision/api/internal/laboratory/service.go:225.88,227.16 2 0
github.com/convision/api/internal/laboratory/service.go:227.16,229.3 1 0
github.com/convision/api/internal/laboratory/service.go:231.2,231.22 1 0
github.com/convision/api/internal/laboratory/service.go:231.22,233.3 1 0
github.com/convision/api/internal/laboratory/service.go:234.2,234.31 1 0
github.com/convision/api/internal/laboratory/service.go:234.31,236.3 1 0
github.com/convision/api/internal/laboratory/service.go:237.2,237.23 1 0
github.com/convision/api/internal/laboratory/service.go:237.23,239.3 1 0
github.com/convision/api/internal/laboratory/service.go:240.2,240.23 1 0
github.com/convision/api/internal/laboratory/service.go:240.23,242.3 1 0
github.com/convision/api/internal/laboratory/service.go:243.2,243.25 1 0
github.com/convision/api/internal/laboratory/service.go:243.25,245.3 1 0
github.com/convision/api/internal/laboratory/service.go:246.2,246.24 1 0
github.com/convision/api/internal/laboratory/service.go:246.24,248.3 1 0
github.com/convision/api/internal/laboratory/service.go:249.2,249.23 1 0
github.com/convision/api/internal/laboratory/service.go:249.23,251.3 1 0
github.com/convision/api/internal/laboratory/service.go:253.2,253.44 1 0
github.com/convision/api/internal/laboratory/service.go:253.44,255.3 1 0
github.com/convision/api/internal/laboratory/service.go:256.2,256.30 1 0
github.com/convision/api/internal/laboratory/service.go:259.44,261.16 2 0
github.com/convision/api/internal/laboratory/service.go:261.16,263.3 1 0
github.com/convision/api/internal/laboratory/service.go:264.2,264.29 1 0
github.com/convision/api/internal/laboratory/service.go:269.70,271.2 1 0
github.com/convision/api/internal/laboratory/service.go:273.99,274.14 1 0
github.com/convision/api/internal/laboratory/service.go:274.14,276.3 1 0
github.com/convision/api/internal/laboratory/service.go:277.2,277.34 1 0
github.com/convision/api/internal/laboratory/service.go:277.34,279.3 1 0
github.com/convision/api/internal/laboratory/service.go:281.2,282.16 2 0
github.com/convision/api/internal/laboratory/service.go:282.16,284.3 1 0
github.com/convision/api/internal/laboratory/service.go:286.2,287.30 2 0
github.com/convision/api/internal/laboratory/service.go:287.30,289.3 1 0
github.com/convision/api/internal/laboratory/service.go:291.2,291.106 1 0
github.com/convision/api/internal/laboratory/service.go:294.56,295.16 1 1
github.com/convision/api/internal/laboratory/service.go:295.16,297.3 1 1
github.com/convision/api/internal/laboratory/service.go:298.2,310.3 1 0
github.com/convision/api/internal/laboratory/service.go:313.71,314.16 1 1
github.com/convision/api/internal/laboratory/service.go:314.16,316.3 1 1
github.com/convision/api/internal/laboratory/service.go:317.2,329.3 1 0
github.com/convision/api/internal/laboratory/service.go:332.101,334.18 2 1
github.com/convision/api/internal/laboratory/service.go:334.18,336.3 1 1
github.com/convision/api/internal/laboratory/service.go:338.2,339.20 2 1
github.com/convision/api/internal/laboratory/service.go:339.20,341.3 1 1
github.com/convision/api/internal/laboratory/service.go:343.2,344.82 2 1
github.com/convision/api/internal/laboratory/service.go:344.82,346.17 2 0
github.com/convision/api/internal/laboratory/service.go:346.17,348.4 1 0
github.com/convision/api/internal/laboratory/service.go:351.2,352.52 2 1
github.com/convision/api/internal/laboratory/service.go:352.52,354.17 2 0
github.com/convision/api/internal/laboratory/service.go:354.17,356.4 1 0
github.com/convision/api/internal/laboratory/service.go:359.2,383.46 4 1
github.com/convision/api/internal/laboratory/service.go:383.46,385.3 1 0
github.com/convision/api/internal/laboratory/service.go:388.2,396.34 3 1
github.com/convision/api/internal/laboratory/service.go:399.97,401.16 2 0
github.com/convision/api/internal/laboratory/service.go:401.16,403.3 1 0
github.com/convision/api/internal/laboratory/service.go:405.2,405.31 1 0
github.com/convision/api/internal/laboratory/service.go:405.31,407.3 1 0
github.com/convision/api/internal/laboratory/service.go:408.2,408.28 1 0
github.com/convision/api/internal/laboratory/service.go:408.28,410.3 1 0
github.com/convision/api/internal/laboratory/service.go:411.2,411.26 1 0
github.com/convision/api/internal/laboratory/service.go:411.26,413.3 1 0
github.com/convision/api/internal/laboratory/service.go:414.2,414.25 1 0
github.com/convision/api/internal/laboratory/service.go:414.25,416.3 1 0
github.com/convision/api/internal/laboratory/service.go:417.2,417.24 1 0
github.com/convision/api/internal/laboratory/service.go:417.24,419.3 1 0
github.com/convision/api/internal/laboratory/service.go:420.2,420.26 1 0
github.com/convision/api/internal/laboratory/service.go:420.26,422.3 1 0
github.com/convision/api/internal/laboratory/service.go:423.2,423.82 1 0
github.com/convision/api/internal/laboratory/service.go:423.82,425.17 2 0
github.com/convision/api/internal/laboratory/service.go:425.17,427.4 1 0
github.com/convision/api/internal/laboratory/service.go:429.2,429.23 1 0
github.com/convision/api/internal/laboratory/service.go:429.23,431.3 1 0
github.com/convision/api/internal/laboratory/service.go:432.2,432.31 1 0
github.com/convision/api/internal/laboratory/service.go:432.31,434.3 1 0
github.com/convision/api/internal/laboratory/service.go:435.2,435.23 1 0
github.com/convision/api/internal/laboratory/service.go:435.23,437.3 1 0
github.com/convision/api/internal/laboratory/service.go:438.2,438.23 1 0
github.com/convision/api/internal/laboratory/service.go:438.23,440.3 1 0
github.com/convision/api/internal/laboratory/service.go:441.2,441.25 1 0
github.com/convision/api/internal/laboratory/service.go:441.25,443.3 1 0
github.com/convision/api/internal/laboratory/service.go:444.2,444.25 1 0
github.com/convision/api/internal/laboratory/service.go:444.25,446.3 1 0
github.com/convision/api/internal/laboratory/service.go:447.2,447.29 1 0
github.com/convision/api/internal/laboratory/service.go:447.29,449.3 1 0
github.com/convision/api/internal/laboratory/service.go:450.2,450.29 1 0
github.com/convision/api/internal/laboratory/service.go:450.29,452.3 1 0
github.com/convision/api/internal/laboratory/service.go:453.2,453.52 1 0
github.com/convision/api/internal/laboratory/service.go:453.52,455.17 2 0
github.com/convision/api/internal/laboratory/service.go:455.17,457.4 1 0
github.com/convision/api/internal/laboratory/service.go:459.2,459.25 1 0
github.com/convision/api/internal/laboratory/service.go:459.25,461.3 1 0
github.com/convision/api/internal/laboratory/service.go:462.2,462.38 1 0
github.com/convision/api/internal/laboratory/service.go:462.38,464.3 1 0
github.com/convision/api/internal/laboratory/service.go:466.2,466.46 1 0
github.com/convision/api/internal/laboratory/service.go:466.46,468.3 1 0
github.com/convision/api/internal/laboratory/service.go:469.2,469.32 1 0
github.com/convision/api/internal/laboratory/service.go:472.122,474.16 2 1
github.com/convision/api/internal/laboratory/service.go:474.16,476.3 1 0
github.com/convision/api/internal/laboratory/service.go:478.2,479.46 2 1
github.com/convision/api/internal/laboratory/service.go:479.46,481.3 1 0
github.com/convision/api/internal/laboratory/service.go:484.2,491.32 2 1
github.com/convision/api/internal/laboratory/service.go:494.46,496.16 2 0
github.com/convision/api/internal/laboratory/service.go:496.16,498.3 1 0
github.com/convision/api/internal/laboratory/service.go:499.2,499.31 1 0
github.com/convision/api/internal/laboratory/service.go:502.69,504.16 2 0
github.com/convision/api/internal/laboratory/service.go:504.16,506.3 1 0
github.com/convision/api/internal/laboratory/service.go:508.2,508.22 1 0
github.com/convision/api/internal/laboratory/service.go:508.22,511.59 3 0
github.com/convision/api/internal/laboratory/service.go:511.59,513.4 1 0
github.com/convision/api/internal/laboratory/service.go:516.2,517.19 2 0
github.com/convision/api/internal/laboratory/service.go:517.19,519.3 1 0
github.com/convision/api/internal/laboratory/service.go:520.2,525.8 2 0
github.com/convision/api/internal/laboratory/service.go:528.53,530.2 1 0
github.com/convision/api/internal/laboratory/service.go:534.62,536.2 1 0
github.com/convision/api/internal/laboratory/service.go:538.103,539.14 1 0
github.com/convision/api/internal/laboratory/service.go:539.14,541.3 1 0
github.com/convision/api/internal/laboratory/service.go:542.2,542.34 1 0
github.com/convision/api/internal/laboratory/service.go:542.34,544.3 1 0
github.com/convision/api/internal/laboratory/service.go:546.2,547.18 2 0
github.com/convision/api/internal/laboratory/service.go:547.18,549.3 1 0
github.com/convision/api/internal/laboratory/service.go:550.2,551.16 2 0
github.com/convision/api/internal/laboratory/service.go:551.16,553.3 1 0
github.com/convision/api/internal/laboratory/service.go:555.2,556.27 2 0
github.com/convision/api/internal/laboratory/service.go:556.27,558.3 1 0
github.com/convision/api/internal/laboratory/service.go:560.2,561.16 2 0
github.com/convision/api/internal/laboratory/service.go:561.16,563.3 1 0
github.com/convision/api/internal/laboratory/service.go:565.2,566.26 2 0
github.com/convision/api/internal/laboratory/service.go:566.26,568.3 1 0
github.com/convision/api/internal/laboratory/service.go:570.2,571.27 2 0
github.com/convision/api/internal/laboratory/service.go:571.27,578.41 3 0
github.com/convision/api/internal/laboratory/service.go:578.41,579.35 1 0
github.com/convision/api/internal/laboratory/service.go:579.35,581.5 1 0
github.com/convision/api/internal/laboratory/service.go:583.3,586.26 3 0
github.com/convision/api/internal/laboratory/service.go:586.26,588.4 1 0
github.com/convision/api/internal/laboratory/service.go:590.3,590.20 1 0
github.com/convision/api/internal/laboratory/service.go:590.20,593.4 2 0
github.com/convision/api/internal/laboratory/service.go:595.3,595.18 1 0
github.com/convision/api/internal/laboratory/service.go:598.2,599.30 2 0
github.com/convision/api/internal/laboratory/service.go:599.30,601.3 1 0
github.com/convision/api/internal/laboratory/service.go:603.2,603.111 1 0
github.com/convision/api/internal/laboratory/service.go:606.130,608.16 2 0
github.com/convision/api/internal/laboratory/service.go:608.16,610.3 1 0
github.com/convision/api/internal/laboratory/service.go:612.2,612.55 1 0
github.com/convision/api/internal/laboratory/service.go:612.55,614.3 1 0
github.com/convision/api/internal/laboratory/service.go:616.2,617.66 2 0
github.com/convision/api/internal/laboratory/service.go:617.66,619.17 2 0
github.com/convision/api/internal/laboratory/service.go:619.17,621.4 1 0
github.com/convision/api/internal/laboratory/service.go:624.2,633.48 2 0
github.com/convision/api/internal/laboratory/service.go:633.48,635.3 1 0
github.com/convision/api/internal/laboratory/service.go:637.2,638.18 2 0
github.com/convision/api/internal/laboratory/service.go:641.95,643.2 1 0
github.com/convision/api/internal/laboratory/service.go:645.80,647.16 2 0
github.com/convision/api/internal/laboratory/service.go:647.16,649.3 1 0
github.com/convision/api/internal/laboratory/service.go:651.2,652.16 2 0
github.com/convision/api/internal/laboratory/service.go:652.16,654.3 1 0
github.com/convision/api/internal/laboratory/service.go:656.2,662.40 3 0
github.com/convision/api/internal/laboratory/service.go:662.40,663.34 1 0
github.com/convision/api/internal/laboratory/service.go:663.34,665.4 1 0
github.com/convision/api/internal/laboratory/service.go:667.2,669.20 2 0
github.com/convision/api/internal/laboratory/service.go:669.20,671.3 1 0
github.com/convision/api/internal/laboratory/service.go:673.2,673.19 1 0
github.com/convision/api/internal/laboratory/service.go:673.19,676.3 2 0
github.com/convision/api/internal/laboratory/service.go:678.2,678.18 1 0
github.com/convision/api/internal/laboratory/service.go:681.72,683.16 2 0
github.com/convision/api/internal/laboratory/service.go:683.16,685.3 1 0
github.com/convision/api/internal/laboratory/service.go:687.2,687.55 1 0
github.com/convision/api/internal/laboratory/service.go:687.55,689.3 1 0
github.com/convision/api/internal/laboratory/service.go:691.2,692.46 2 0
github.com/convision/api/internal/laboratory/service.go:692.46,694.3 1 0
github.com/convision/api/internal/laboratory/service.go:696.2,703.21 2 0
github.com/convision/api/internal/laboratory/service.go:703.21,705.17 2 0
github.com/convision/api/internal/laboratory/service.go:705.17,710.4 4 0
github.com/convision/api/internal/laboratory/service.go:713.2,714.12 2 0
github.com/convision/api/internal/laboratory/service.go:719.116,721.2 1 0
github.com/convision/api/internal/laboratory/service.go:723.137,730.49 2 0
github.com/convision/api/internal/laboratory/service.go:730.49,732.3 1 0
github.com/convision/api/internal/laboratory/service.go:733.2,733.15 1 0
github.com/convision/api/internal/platform/featurecache/cache.go:22.49,23.14 1 1
github.com/convision/api/internal/platform/featurecache/cache.go:23.14,25.3 1 1
github.com/convision/api/internal/platform/featurecache/cache.go:26.2,26.67 1 1
github.com/convision/api/internal/platform/featurecache/cache.go:29.61,33.46 4 0
github.com/convision/api/internal/platform/featurecache/cache.go:33.46,35.3 1 0
github.com/convision/api/internal/platform/featurecache/cache.go:36.2,36.28 1 0
github.com/convision/api/internal/platform/featurecache/cache.go:39.43,43.2 3 1
github.com/convision/api/internal/platform/featurecache/cache.go:45.58,49.78 3 0
github.com/convision/api/internal/platform/featurecache/cache.go:49.78,51.3 1 0
github.com/convision/api/internal/platform/featurecache/cache.go:52.2,60.16 3 0
github.com/convision/api/internal/platform/featurecache/cache.go:60.16,62.3 1 0
github.com/convision/api/internal/platform/featurecache/cache.go:63.2,64.25 2 0
github.com/convision/api/internal/platform/featurecache/cache.go:64.25,66.3 1 0
github.com/convision/api/internal/platform/featurecache/cache.go:67.2,68.19 2 0
github.com/convision/api/internal/platform/opticacache/cache.go:23.19,25.2 1 1
github.com/convision/api/internal/platform/opticacache/cache.go:27.43,30.16 3 0
github.com/convision/api/internal/platform/opticacache/cache.go:30.16,32.3 1 0
github.com/convision/api/internal/platform/opticacache/cache.go:33.2,35.28 3 0
github.com/convision/api/internal/platform/opticacache/cache.go:35.28,42.3 1 0
github.com/convision/api/internal/platform/opticacache/cache.go:43.2,43.12 1 0
github.com/convision/api/internal/platform/opticacache/cache.go:46.55,51.2 4 1
github.com/convision/api/internal/platform/opticacache/cache.go:53.38,57.2 3 1
github.com/convision/api/internal/platform/opticacache/cache.go:59.37,63.2 3 1
github.com/convision/api/internal/platform/opticacache/cache.go:65.27,69.2 3 1
github.com/convision/api/internal/platform/opticacache/cache.go:75.64,79.2 3 0
