mode: set
github.com/convision/api/internal/clinicalrecord/service.go:69.122,71.2 1 1
github.com/convision/api/internal/clinicalrecord/service.go:74.103,76.2 1 0
github.com/convision/api/internal/clinicalrecord/service.go:81.106,83.2 1 0
github.com/convision/api/internal/clinicalrecord/service.go:86.93,87.25 1 0
github.com/convision/api/internal/clinicalrecord/service.go:87.25,89.3 1 0
github.com/convision/api/internal/clinicalrecord/service.go:90.2,98.47 2 0
github.com/convision/api/internal/clinicalrecord/service.go:98.47,104.3 2 0
github.com/convision/api/internal/clinicalrecord/service.go:105.2,105.17 1 0
github.com/convision/api/internal/clinicalrecord/service.go:198.111,199.80 1 1
github.com/convision/api/internal/clinicalrecord/service.go:199.80,201.3 1 1
github.com/convision/api/internal/clinicalrecord/service.go:202.2,202.83 1 1
github.com/convision/api/internal/clinicalrecord/service.go:202.83,204.3 1 1
github.com/convision/api/internal/clinicalrecord/service.go:205.2,205.83 1 1
github.com/convision/api/internal/clinicalrecord/service.go:205.83,207.3 1 0
github.com/convision/api/internal/clinicalrecord/service.go:208.2,208.83 1 1
github.com/convision/api/internal/clinicalrecord/service.go:208.83,210.3 1 0
github.com/convision/api/internal/clinicalrecord/service.go:212.2,213.34 2 1
github.com/convision/api/internal/clinicalrecord/service.go:213.34,215.3 1 0
github.com/convision/api/internal/clinicalrecord/service.go:216.2,233.30 2 1
github.com/convision/api/internal/clinicalrecord/service.go:233.30,235.17 2 0
github.com/convision/api/internal/clinicalrecord/service.go:235.17,237.4 1 0
github.com/convision/api/internal/clinicalrecord/service.go:239.2,239.82 1 1
github.com/convision/api/internal/clinicalrecord/service.go:239.82,245.3 2 0
github.com/convision/api/internal/clinicalrecord/service.go:246.2,246.12 1 1
github.com/convision/api/internal/clinicalrecord/service.go:251.76,252.38 1 1
github.com/convision/api/internal/clinicalrecord/service.go:252.38,254.3 1 1
github.com/convision/api/internal/clinicalrecord/service.go:255.2,255.59 1 1
github.com/convision/api/internal/clinicalrecord/service.go:255.59,257.32 2 1
github.com/convision/api/internal/clinicalrecord/service.go:257.32,259.4 1 1
github.com/convision/api/internal/clinicalrecord/service.go:260.3,260.13 1 0
github.com/convision/api/internal/clinicalrecord/service.go:262.2,262.12 1 1
github.com/convision/api/internal/clinicalrecord/service.go:266.113,322.83 2 0
github.com/convision/api/internal/clinicalrecord/service.go:322.83,328.3 2 0
github.com/convision/api/internal/clinicalrecord/service.go:329.2,329.12 1 0
github.com/convision/api/internal/clinicalrecord/service.go:358.117,360.25 2 0
github.com/convision/api/internal/clinicalrecord/service.go:360.25,362.3 1 0
github.com/convision/api/internal/clinicalrecord/service.go:363.2,384.85 2 0
github.com/convision/api/internal/clinicalrecord/service.go:384.85,390.3 2 0
github.com/convision/api/internal/clinicalrecord/service.go:391.2,391.12 1 0
github.com/convision/api/internal/clinicalrecord/service.go:395.95,396.88 1 0
github.com/convision/api/internal/clinicalrecord/service.go:396.88,402.3 2 0
github.com/convision/api/internal/clinicalrecord/service.go:403.2,403.12 1 0
github.com/convision/api/internal/clinicalrecord/service.go:407.111,438.82 2 0
github.com/convision/api/internal/clinicalrecord/service.go:438.82,444.3 2 0
github.com/convision/api/internal/clinicalrecord/service.go:445.2,445.12 1 0
github.com/convision/api/internal/expense/service.go:21.77,23.2 1 0
github.com/convision/api/internal/expense/service.go:73.74,75.2 1 0
github.com/convision/api/internal/expense/service.go:78.63,80.16 2 0
github.com/convision/api/internal/expense/service.go:80.16,82.3 1 0
github.com/convision/api/internal/expense/service.go:83.2,84.25 2 0
github.com/convision/api/internal/expense/service.go:84.25,86.25 2 0
github.com/convision/api/internal/expense/service.go:86.25,88.4 1 0
github.com/convision/api/internal/expense/service.go:88.9,90.4 1 0
github.com/convision/api/internal/expense/service.go:92.2,92.17 1 0
github.com/convision/api/internal/expense/service.go:96.82,99.16 3 0
github.com/convision/api/internal/expense/service.go:99.16,101.3 1 0
github.com/convision/api/internal/expense/service.go:102.2,103.15 2 0
github.com/convision/api/internal/expense/service.go:103.15,105.3 1 0
github.com/convision/api/internal/expense/service.go:106.2,106.112 1 0
github.com/convision/api/internal/expense/service.go:110.106,112.29 2 0
github.com/convision/api/internal/expense/service.go:112.29,114.17 2 0
github.com/convision/api/internal/expense/service.go:114.17,116.4 1 0
github.com/convision/api/internal/expense/service.go:117.3,117.19 1 0
github.com/convision/api/internal/expense/service.go:120.2,124.35 4 0
github.com/convision/api/internal/expense/service.go:124.35,127.3 2 0
github.com/convision/api/internal/expense/service.go:127.8,127.30 1 0
github.com/convision/api/internal/expense/service.go:127.30,129.3 1 0
github.com/convision/api/internal/expense/service.go:131.2,148.45 2 0
github.com/convision/api/internal/expense/service.go:148.45,150.3 1 0
github.com/convision/api/internal/expense/service.go:151.2,152.33 2 0
github.com/convision/api/internal/expense/service.go:156.92,158.16 2 0
github.com/convision/api/internal/expense/service.go:158.16,160.3 1 0
github.com/convision/api/internal/expense/service.go:161.2,161.29 1 0
github.com/convision/api/internal/expense/service.go:161.29,163.3 1 0
github.com/convision/api/internal/expense/service.go:164.2,164.31 1 0
github.com/convision/api/internal/expense/service.go:164.31,166.3 1 0
github.com/convision/api/internal/expense/service.go:167.2,167.25 1 0
github.com/convision/api/internal/expense/service.go:167.25,169.3 1 0
github.com/convision/api/internal/expense/service.go:170.2,170.29 1 0
github.com/convision/api/internal/expense/service.go:170.29,172.3 1 0
github.com/convision/api/internal/expense/service.go:173.2,173.29 1 0
github.com/convision/api/internal/expense/service.go:173.29,175.17 2 0
github.com/convision/api/internal/expense/service.go:175.17,177.4 1 0
github.com/convision/api/internal/expense/service.go:178.3,178.21 1 0
github.com/convision/api/internal/expense/service.go:180.2,180.25 1 0
github.com/convision/api/internal/expense/service.go:180.25,182.3 1 0
github.com/convision/api/internal/expense/service.go:183.2,183.32 1 0
github.com/convision/api/internal/expense/service.go:183.32,185.3 1 0
github.com/convision/api/internal/expense/service.go:186.2,186.30 1 0
github.com/convision/api/internal/expense/service.go:186.30,188.3 1 0
github.com/convision/api/internal/expense/service.go:189.2,189.34 1 0
github.com/convision/api/internal/expense/service.go:189.34,191.3 1 0
github.com/convision/api/internal/expense/service.go:192.2,192.27 1 0
github.com/convision/api/internal/expense/service.go:192.27,194.3 1 0
github.com/convision/api/internal/expense/service.go:195.2,195.23 1 0
github.com/convision/api/internal/expense/service.go:195.23,197.3 1 0
github.com/convision/api/internal/expense/service.go:200.2,201.33 2 0
github.com/convision/api/internal/expense/service.go:201.33,204.3 2 0
github.com/convision/api/internal/expense/service.go:204.8,204.32 1 0
github.com/convision/api/internal/expense/service.go:204.32,206.3 1 0
github.com/convision/api/internal/expense/service.go:206.8,208.3 1 0
github.com/convision/api/internal/expense/service.go:210.2,210.45 1 0
github.com/convision/api/internal/expense/service.go:210.45,212.3 1 0
github.com/convision/api/internal/expense/service.go:213.2,213.31 1 0
github.com/convision/api/internal/expense/service.go:217.54,218.50 1 0
github.com/convision/api/internal/expense/service.go:218.50,220.3 1 0
github.com/convision/api/internal/expense/service.go:221.2,221.30 1 0
github.com/convision/api/internal/note/service.go:23.74,25.2 1 0
github.com/convision/api/internal/note/service.go:41.110,42.14 1 0
github.com/convision/api/internal/note/service.go:42.14,44.3 1 0
github.com/convision/api/internal/note/service.go:45.2,45.34 1 0
github.com/convision/api/internal/note/service.go:45.34,47.3 1 0
github.com/convision/api/internal/note/service.go:48.2,49.9 2 0
github.com/convision/api/internal/note/service.go:49.9,51.3 1 0
github.com/convision/api/internal/note/service.go:52.2,53.16 2 0
github.com/convision/api/internal/note/service.go:53.16,55.3 1 0
github.com/convision/api/internal/note/service.go:56.2,56.81 1 0
github.com/convision/api/internal/note/service.go:60.126,62.9 2 0
github.com/convision/api/internal/note/service.go:62.9,64.3 1 0
github.com/convision/api/internal/note/service.go:65.2,71.45 2 0
github.com/convision/api/internal/note/service.go:71.45,73.3 1 0
github.com/convision/api/internal/note/service.go:74.2,74.15 1 0
github.com/convision/api/internal/notification/service.go:17.82,19.2 1 0
github.com/convision/api/internal/notification/service.go:31.117,39.45 2 0
github.com/convision/api/internal/notification/service.go:39.45,42.3 2 0
github.com/convision/api/internal/notification/service.go:43.2,44.12 2 0
github.com/convision/api/internal/notification/service.go:48.87,51.16 3 0
github.com/convision/api/internal/notification/service.go:51.16,53.3 1 0
github.com/convision/api/internal/notification/service.go:54.2,54.85 1 0
github.com/convision/api/internal/notification/service.go:58.90,60.2 1 0
github.com/convision/api/internal/notification/service.go:63.101,65.2 1 0
github.com/convision/api/internal/notification/service.go:68.104,69.58 1 0
github.com/convision/api/internal/notification/service.go:69.58,71.3 1 0
github.com/convision/api/internal/notification/service.go:72.2,72.39 1 0
github.com/convision/api/internal/notification/service.go:76.106,77.60 1 0
github.com/convision/api/internal/notification/service.go:77.60,79.3 1 0
github.com/convision/api/internal/notification/service.go:80.2,80.39 1 0
github.com/convision/api/internal/notification/service.go:84.101,85.55 1 0
github.com/convision/api/internal/notification/service.go:85.55,87.3 1 0
github.com/convision/api/internal/notification/service.go:88.2,88.39 1 0
github.com/convision/api/internal/notification/service.go:92.103,93.57 1 0
github.com/convision/api/internal/notification/service.go:93.57,95.3 1 0
github.com/convision/api/internal/notification/service.go:96.2,96.39 1 0
github.com/convision/api/internal/notification/service.go:100.59,102.2 1 0
github.com/convision/api/internal/notification/service.go:105.67,107.2 1 0
github.com/convision/api/internal/optica/feature_service.go:22.19,24.2 1 0
github.com/convision/api/internal/optica/feature_service.go:27.79,29.2 1 0
github.com/convision/api/internal/optica/feature_service.go:32.90,33.61 1 0
github.com/convision/api/internal/optica/feature_service.go:33.61,35.3 1 0
github.com/convision/api/internal/optica/feature_service.go:36.2,38.12 3 0
github.com/convision/api/internal/optica/feature_service.go:42.89,43.71 1 0
github.com/convision/api/internal/optica/feature_service.go:43.71,45.3 1 0
github.com/convision/api/internal/optica/feature_service.go:46.2,47.12 2 0
github.com/convision/api/internal/optica/feature_service.go:51.45,53.2 1 0
github.com/convision/api/internal/optica/service.go:38.12,48.2 1 0
github.com/convision/api/internal/optica/service.go:74.75,75.39 1 0
github.com/convision/api/internal/optica/service.go:75.39,77.3 1 0
github.com/convision/api/internal/optica/service.go:79.2,89.46 3 0
github.com/convision/api/internal/optica/service.go:89.46,91.3 1 0
github.com/convision/api/internal/optica/service.go:94.2,94.71 1 0
github.com/convision/api/internal/optica/service.go:94.71,97.3 2 0
github.com/convision/api/internal/optica/service.go:100.2,100.54 1 0
github.com/convision/api/internal/optica/service.go:100.54,104.3 3 0
github.com/convision/api/internal/optica/service.go:107.2,107.53 1 0
github.com/convision/api/internal/optica/service.go:107.53,110.3 2 0
github.com/convision/api/internal/optica/service.go:110.17,114.3 3 0
github.com/convision/api/internal/optica/service.go:117.2,117.62 1 0
github.com/convision/api/internal/optica/service.go:117.62,119.3 1 0
github.com/convision/api/internal/optica/service.go:121.2,129.20 3 0
github.com/convision/api/internal/optica/service.go:133.76,135.2 1 0
github.com/convision/api/internal/optica/service.go:138.60,140.2 1 0
github.com/convision/api/internal/optica/service.go:143.84,145.16 2 0
github.com/convision/api/internal/optica/service.go:145.16,147.3 1 0
github.com/convision/api/internal/optica/service.go:148.2,148.23 1 0
github.com/convision/api/internal/optica/service.go:148.23,150.3 1 0
github.com/convision/api/internal/optica/service.go:151.2,151.23 1 0
github.com/convision/api/internal/optica/service.go:151.23,153.3 1 0
github.com/convision/api/internal/optica/service.go:154.2,154.27 1 0
github.com/convision/api/internal/optica/service.go:154.27,156.3 1 0
github.com/convision/api/internal/optica/service.go:157.2,157.46 1 0
github.com/convision/api/internal/optica/service.go:157.46,159.3 1 0
github.com/convision/api/internal/optica/service.go:160.2,166.20 2 0
github.com/convision/api/internal/optica/service.go:170.79,172.16 2 0
github.com/convision/api/internal/optica/service.go:172.16,174.3 1 0
github.com/convision/api/internal/optica/service.go:175.2,178.22 1 0
github.com/convision/api/internal/optica/service.go:178.22,180.3 1 0
github.com/convision/api/internal/optica/service.go:181.2,183.9 1 0
github.com/convision/api/internal/order/service.go:18.75,20.2 1 0
github.com/convision/api/internal/order/service.go:81.72,83.16 2 0
github.com/convision/api/internal/order/service.go:83.16,85.3 1 0
github.com/convision/api/internal/order/service.go:86.2,87.22 2 0
github.com/convision/api/internal/order/service.go:87.22,90.3 2 0
github.com/convision/api/internal/order/service.go:91.2,91.32 1 0
github.com/convision/api/internal/order/service.go:91.32,94.3 2 0
github.com/convision/api/internal/order/service.go:95.2,95.13 1 0
github.com/convision/api/internal/order/service.go:95.13,96.46 1 0
github.com/convision/api/internal/order/service.go:96.46,98.4 1 0
github.com/convision/api/internal/order/service.go:99.3,99.32 1 0
github.com/convision/api/internal/order/service.go:101.2,101.15 1 0
github.com/convision/api/internal/order/service.go:104.80,108.16 3 0
github.com/convision/api/internal/order/service.go:108.16,110.3 1 0
github.com/convision/api/internal/order/service.go:112.2,113.32 2 0
github.com/convision/api/internal/order/service.go:113.32,115.3 1 0
github.com/convision/api/internal/order/service.go:117.2,123.8 1 0
github.com/convision/api/internal/order/service.go:126.94,129.18 3 0
github.com/convision/api/internal/order/service.go:129.18,131.3 1 0
github.com/convision/api/internal/order/service.go:131.8,131.35 1 0
github.com/convision/api/internal/order/service.go:131.35,133.3 1 0
github.com/convision/api/internal/order/service.go:135.2,136.25 2 0
github.com/convision/api/internal/order/service.go:136.25,138.3 1 0
github.com/convision/api/internal/order/service.go:141.2,143.33 3 0
github.com/convision/api/internal/order/service.go:143.33,145.14 2 0
github.com/convision/api/internal/order/service.go:145.14,147.4 1 0
github.com/convision/api/internal/order/service.go:148.3,160.20 3 0
github.com/convision/api/internal/order/service.go:163.2,183.45 5 0
github.com/convision/api/internal/order/service.go:183.45,185.3 1 0
github.com/convision/api/internal/order/service.go:187.2,188.33 2 0
github.com/convision/api/internal/order/service.go:191.90,193.16 2 0
github.com/convision/api/internal/order/service.go:193.16,195.3 1 0
github.com/convision/api/internal/order/service.go:197.2,197.26 1 0
github.com/convision/api/internal/order/service.go:197.26,199.3 1 0
github.com/convision/api/internal/order/service.go:200.2,200.32 1 0
github.com/convision/api/internal/order/service.go:200.32,202.3 1 0
github.com/convision/api/internal/order/service.go:203.2,203.31 1 0
github.com/convision/api/internal/order/service.go:203.31,205.3 1 0
github.com/convision/api/internal/order/service.go:206.2,206.24 1 0
github.com/convision/api/internal/order/service.go:206.24,208.3 1 0
github.com/convision/api/internal/order/service.go:209.2,209.31 1 0
github.com/convision/api/internal/order/service.go:209.31,211.3 1 0
github.com/convision/api/internal/order/service.go:212.2,212.23 1 0
github.com/convision/api/internal/order/service.go:212.23,214.3 1 0
github.com/convision/api/internal/order/service.go:216.2,216.45 1 0
github.com/convision/api/internal/order/service.go:216.45,218.3 1 0
github.com/convision/api/internal/order/service.go:219.2,219.31 1 0
github.com/convision/api/internal/order/service.go:222.96,224.16 2 0
github.com/convision/api/internal/order/service.go:224.16,226.3 1 0
github.com/convision/api/internal/order/service.go:228.2,229.45 2 0
github.com/convision/api/internal/order/service.go:229.45,231.3 1 0
github.com/convision/api/internal/order/service.go:232.2,232.31 1 0
github.com/convision/api/internal/order/service.go:235.110,237.16 2 0
github.com/convision/api/internal/order/service.go:237.16,239.3 1 0
github.com/convision/api/internal/order/service.go:241.2,242.45 2 0
github.com/convision/api/internal/order/service.go:242.45,244.3 1 0
github.com/convision/api/internal/order/service.go:245.2,245.31 1 0
github.com/convision/api/internal/order/service.go:248.54,250.16 2 0
github.com/convision/api/internal/order/service.go:250.16,252.3 1 0
github.com/convision/api/internal/order/service.go:253.2,253.30 1 0
github.com/convision/api/internal/patient/service.go:21.77,23.2 1 0
github.com/convision/api/internal/patient/service.go:93.74,95.2 1 0
github.com/convision/api/internal/patient/service.go:98.82,102.16 3 0
github.com/convision/api/internal/patient/service.go:102.16,104.3 1 0
github.com/convision/api/internal/patient/service.go:106.2,107.15 2 0
github.com/convision/api/internal/patient/service.go:107.15,109.3 1 0
github.com/convision/api/internal/patient/service.go:111.2,117.8 1 0
github.com/convision/api/internal/patient/service.go:123.77,124.16 1 0
github.com/convision/api/internal/patient/service.go:124.16,126.3 1 0
github.com/convision/api/internal/patient/service.go:127.2,132.42 2 0
github.com/convision/api/internal/patient/service.go:132.42,134.3 1 0
github.com/convision/api/internal/patient/service.go:135.2,135.12 1 0
github.com/convision/api/internal/patient/service.go:139.83,141.18 2 0
github.com/convision/api/internal/patient/service.go:141.18,143.3 1 0
github.com/convision/api/internal/patient/service.go:145.2,146.27 2 0
github.com/convision/api/internal/patient/service.go:146.27,147.61 1 0
github.com/convision/api/internal/patient/service.go:147.61,149.4 1 0
github.com/convision/api/internal/patient/service.go:152.2,152.73 1 0
github.com/convision/api/internal/patient/service.go:152.73,153.93 1 0
github.com/convision/api/internal/patient/service.go:153.93,155.4 1 0
github.com/convision/api/internal/patient/service.go:155.9,160.4 1 0
github.com/convision/api/internal/patient/service.go:163.2,190.45 2 0
github.com/convision/api/internal/patient/service.go:190.45,192.3 1 0
github.com/convision/api/internal/patient/service.go:194.2,197.33 2 0
github.com/convision/api/internal/patient/service.go:201.92,203.16 2 0
github.com/convision/api/internal/patient/service.go:203.16,205.3 1 0
github.com/convision/api/internal/patient/service.go:207.2,207.27 1 0
github.com/convision/api/internal/patient/service.go:207.27,209.3 1 0
github.com/convision/api/internal/patient/service.go:210.2,210.26 1 0
github.com/convision/api/internal/patient/service.go:210.26,212.3 1 0
github.com/convision/api/internal/patient/service.go:213.2,213.23 1 0
github.com/convision/api/internal/patient/service.go:213.23,215.3 1 0
github.com/convision/api/internal/patient/service.go:216.2,216.23 1 0
github.com/convision/api/internal/patient/service.go:216.23,218.3 1 0
github.com/convision/api/internal/patient/service.go:219.2,219.32 1 0
github.com/convision/api/internal/patient/service.go:219.32,221.3 1 0
github.com/convision/api/internal/patient/service.go:222.2,222.73 1 0
github.com/convision/api/internal/patient/service.go:222.73,223.93 1 0
github.com/convision/api/internal/patient/service.go:223.93,225.4 1 0
github.com/convision/api/internal/patient/service.go:225.9,230.4 1 0
github.com/convision/api/internal/patient/service.go:232.2,232.39 1 0
github.com/convision/api/internal/patient/service.go:232.39,234.3 1 0
github.com/convision/api/internal/patient/service.go:235.2,235.27 1 0
github.com/convision/api/internal/patient/service.go:235.27,236.61 1 0
github.com/convision/api/internal/patient/service.go:236.61,238.4 1 0
github.com/convision/api/internal/patient/service.go:240.2,240.24 1 0
github.com/convision/api/internal/patient/service.go:240.24,242.3 1 0
github.com/convision/api/internal/patient/service.go:243.2,243.25 1 0
github.com/convision/api/internal/patient/service.go:243.25,245.3 1 0
github.com/convision/api/internal/patient/service.go:246.2,246.25 1 0
github.com/convision/api/internal/patient/service.go:246.25,248.3 1 0
github.com/convision/api/internal/patient/service.go:249.2,249.29 1 0
github.com/convision/api/internal/patient/service.go:249.29,251.3 1 0
github.com/convision/api/internal/patient/service.go:252.2,252.31 1 0
github.com/convision/api/internal/patient/service.go:252.31,254.3 1 0
github.com/convision/api/internal/patient/service.go:255.2,255.28 1 0
github.com/convision/api/internal/patient/service.go:255.28,257.3 1 0
github.com/convision/api/internal/patient/service.go:258.2,258.30 1 0
github.com/convision/api/internal/patient/service.go:258.30,260.3 1 0
github.com/convision/api/internal/patient/service.go:261.2,261.28 1 0
github.com/convision/api/internal/patient/service.go:261.28,263.3 1 0
github.com/convision/api/internal/patient/service.go:264.2,264.44 1 0
github.com/convision/api/internal/patient/service.go:264.44,266.3 1 0
github.com/convision/api/internal/patient/service.go:267.2,267.36 1 0
github.com/convision/api/internal/patient/service.go:267.36,269.3 1 0
github.com/convision/api/internal/patient/service.go:270.2,270.33 1 0
github.com/convision/api/internal/patient/service.go:270.33,272.3 1 0
github.com/convision/api/internal/patient/service.go:273.2,273.35 1 0
github.com/convision/api/internal/patient/service.go:273.35,275.3 1 0
github.com/convision/api/internal/patient/service.go:276.2,276.28 1 0
github.com/convision/api/internal/patient/service.go:276.28,278.3 1 0
github.com/convision/api/internal/patient/service.go:279.2,279.26 1 0
github.com/convision/api/internal/patient/service.go:279.26,281.3 1 0
github.com/convision/api/internal/patient/service.go:282.2,282.25 1 0
github.com/convision/api/internal/patient/service.go:282.25,284.3 1 0
github.com/convision/api/internal/patient/service.go:285.2,285.23 1 0
github.com/convision/api/internal/patient/service.go:285.23,287.3 1 0
github.com/convision/api/internal/patient/service.go:288.2,288.24 1 0
github.com/convision/api/internal/patient/service.go:288.24,290.3 1 0
github.com/convision/api/internal/patient/service.go:292.2,292.45 1 0
github.com/convision/api/internal/patient/service.go:292.45,294.3 1 0
github.com/convision/api/internal/patient/service.go:296.2,296.33 1 0
github.com/convision/api/internal/patient/service.go:300.54,301.50 1 0
github.com/convision/api/internal/patient/service.go:301.50,303.3 1 0
github.com/convision/api/internal/patient/service.go:304.2,304.30 1 0
github.com/convision/api/internal/payroll/service.go:21.77,23.2 1 0
github.com/convision/api/internal/payroll/service.go:90.74,92.2 1 0
github.com/convision/api/internal/payroll/service.go:95.63,97.16 2 0
github.com/convision/api/internal/payroll/service.go:97.16,99.3 1 0
github.com/convision/api/internal/payroll/service.go:100.2,101.25 2 0
github.com/convision/api/internal/payroll/service.go:101.25,103.25 2 0
github.com/convision/api/internal/payroll/service.go:103.25,105.4 1 0
github.com/convision/api/internal/payroll/service.go:105.9,105.35 1 0
github.com/convision/api/internal/payroll/service.go:105.35,107.4 1 0
github.com/convision/api/internal/payroll/service.go:109.2,109.17 1 0
github.com/convision/api/internal/payroll/service.go:113.82,116.16 3 0
github.com/convision/api/internal/payroll/service.go:116.16,118.3 1 0
github.com/convision/api/internal/payroll/service.go:119.2,120.15 2 0
github.com/convision/api/internal/payroll/service.go:120.15,122.3 1 0
github.com/convision/api/internal/payroll/service.go:123.2,123.112 1 0
github.com/convision/api/internal/payroll/service.go:126.42,131.2 4 0
github.com/convision/api/internal/payroll/service.go:134.106,136.65 2 0
github.com/convision/api/internal/payroll/service.go:136.65,138.3 1 0
github.com/convision/api/internal/payroll/service.go:139.2,139.63 1 0
github.com/convision/api/internal/payroll/service.go:139.63,141.3 1 0
github.com/convision/api/internal/payroll/service.go:142.2,142.29 1 0
github.com/convision/api/internal/payroll/service.go:142.29,143.63 1 0
github.com/convision/api/internal/payroll/service.go:143.63,145.4 1 0
github.com/convision/api/internal/payroll/service.go:148.2,173.45 3 0
github.com/convision/api/internal/payroll/service.go:173.45,175.3 1 0
github.com/convision/api/internal/payroll/service.go:176.2,177.33 2 0
github.com/convision/api/internal/payroll/service.go:181.92,183.16 2 0
github.com/convision/api/internal/payroll/service.go:183.16,185.3 1 0
github.com/convision/api/internal/payroll/service.go:186.2,186.30 1 0
github.com/convision/api/internal/payroll/service.go:186.30,188.3 1 0
github.com/convision/api/internal/payroll/service.go:189.2,189.40 1 0
github.com/convision/api/internal/payroll/service.go:189.40,191.3 1 0
github.com/convision/api/internal/payroll/service.go:192.2,192.34 1 0
github.com/convision/api/internal/payroll/service.go:192.34,194.3 1 0
github.com/convision/api/internal/payroll/service.go:195.2,195.29 1 0
github.com/convision/api/internal/payroll/service.go:195.29,197.3 1 0
github.com/convision/api/internal/payroll/service.go:198.2,198.32 1 0
github.com/convision/api/internal/payroll/service.go:198.32,200.3 1 0
github.com/convision/api/internal/payroll/service.go:201.2,201.31 1 0
github.com/convision/api/internal/payroll/service.go:201.31,203.3 1 0
github.com/convision/api/internal/payroll/service.go:204.2,204.26 1 0
github.com/convision/api/internal/payroll/service.go:204.26,206.3 1 0
github.com/convision/api/internal/payroll/service.go:207.2,207.30 1 0
github.com/convision/api/internal/payroll/service.go:207.30,209.3 1 0
github.com/convision/api/internal/payroll/service.go:210.2,210.30 1 0
github.com/convision/api/internal/payroll/service.go:210.30,212.3 1 0
github.com/convision/api/internal/payroll/service.go:213.2,213.34 1 0
github.com/convision/api/internal/payroll/service.go:213.34,215.3 1 0
github.com/convision/api/internal/payroll/service.go:216.2,216.35 1 0
github.com/convision/api/internal/payroll/service.go:216.35,218.3 1 0
github.com/convision/api/internal/payroll/service.go:219.2,219.31 1 0
github.com/convision/api/internal/payroll/service.go:219.31,221.3 1 0
github.com/convision/api/internal/payroll/service.go:222.2,222.34 1 0
github.com/convision/api/internal/payroll/service.go:222.34,224.3 1 0
github.com/convision/api/internal/payroll/service.go:225.2,225.24 1 0
github.com/convision/api/internal/payroll/service.go:225.24,227.3 1 0
github.com/convision/api/internal/payroll/service.go:228.2,228.27 1 0
github.com/convision/api/internal/payroll/service.go:228.27,230.3 1 0
github.com/convision/api/internal/payroll/service.go:231.2,231.23 1 0
github.com/convision/api/internal/payroll/service.go:231.23,233.3 1 0
github.com/convision/api/internal/payroll/service.go:234.2,236.45 2 0
github.com/convision/api/internal/payroll/service.go:236.45,238.3 1 0
github.com/convision/api/internal/payroll/service.go:239.2,239.33 1 0
github.com/convision/api/internal/payroll/service.go:243.54,244.50 1 0
github.com/convision/api/internal/payroll/service.go:244.50,246.3 1 0
github.com/convision/api/internal/payroll/service.go:247.2,247.30 1 0
github.com/convision/api/internal/platform/auth/jwt.go:31.179,33.19 2 0
github.com/convision/api/internal/platform/auth/jwt.go:33.19,35.3 1 0
github.com/convision/api/internal/platform/auth/jwt.go:37.2,40.25 3 0
github.com/convision/api/internal/platform/auth/jwt.go:40.25,42.3 1 0
github.com/convision/api/internal/platform/auth/jwt.go:43.2,43.24 1 0
github.com/convision/api/internal/platform/auth/jwt.go:43.24,45.3 1 0
github.com/convision/api/internal/platform/auth/jwt.go:47.2,66.8 4 0
github.com/convision/api/internal/platform/auth/jwt.go:70.51,73.89 2 0
github.com/convision/api/internal/platform/auth/jwt.go:73.89,74.54 1 0
github.com/convision/api/internal/platform/auth/jwt.go:74.54,76.4 1 0
github.com/convision/api/internal/platform/auth/jwt.go:77.3,77.21 1 0
github.com/convision/api/internal/platform/auth/jwt.go:79.2,79.16 1 0
github.com/convision/api/internal/platform/auth/jwt.go:79.16,81.3 1 0
github.com/convision/api/internal/platform/auth/jwt.go:83.2,84.25 2 0
github.com/convision/api/internal/platform/auth/jwt.go:84.25,86.3 1 0
github.com/convision/api/internal/platform/auth/jwt.go:87.2,87.20 1 0
github.com/convision/api/internal/platform/auth/jwt.go:91.22,97.2 5 0
github.com/convision/api/internal/platform/auth/middleware.go:20.94,22.17 2 0
github.com/convision/api/internal/platform/auth/middleware.go:22.17,24.3 1 0
github.com/convision/api/internal/platform/auth/middleware.go:26.2,26.30 1 0
github.com/convision/api/internal/platform/auth/middleware.go:26.30,28.60 2 0
github.com/convision/api/internal/platform/auth/middleware.go:28.60,31.4 2 0
github.com/convision/api/internal/platform/auth/middleware.go:33.3,35.17 3 0
github.com/convision/api/internal/platform/auth/middleware.go:35.17,38.4 2 0
github.com/convision/api/internal/platform/auth/middleware.go:40.3,40.44 1 0
github.com/convision/api/internal/platform/auth/middleware.go:40.44,42.18 2 0
github.com/convision/api/internal/platform/auth/middleware.go:42.18,45.5 2 0
github.com/convision/api/internal/platform/auth/middleware.go:46.4,46.15 1 0
github.com/convision/api/internal/platform/auth/middleware.go:46.15,49.5 2 0
github.com/convision/api/internal/platform/auth/middleware.go:52.3,52.84 1 0
github.com/convision/api/internal/platform/auth/middleware.go:52.84,60.39 3 0
github.com/convision/api/internal/platform/auth/middleware.go:60.39,63.5 2 0
github.com/convision/api/internal/platform/auth/middleware.go:64.4,64.39 1 0
github.com/convision/api/internal/platform/auth/middleware.go:64.39,67.5 2 0
github.com/convision/api/internal/platform/auth/middleware.go:70.3,71.11 2 0
github.com/convision/api/internal/platform/auth/middleware.go:77.48,79.13 2 0
github.com/convision/api/internal/platform/auth/middleware.go:79.13,81.3 1 0
github.com/convision/api/internal/platform/auth/middleware.go:82.2,83.19 2 0
github.com/convision/api/internal/platform/auth/middleware.go:87.56,89.26 2 0
github.com/convision/api/internal/platform/auth/middleware.go:89.26,91.3 1 0
github.com/convision/api/internal/platform/auth/middleware.go:93.2,93.30 1 0
github.com/convision/api/internal/platform/auth/middleware.go:93.30,95.10 2 0
github.com/convision/api/internal/platform/auth/middleware.go:95.10,98.4 2 0
github.com/convision/api/internal/platform/auth/middleware.go:100.3,100.55 1 0
github.com/convision/api/internal/platform/auth/middleware.go:100.55,103.4 2 0
github.com/convision/api/internal/platform/auth/middleware.go:105.3,105.11 1 0
github.com/convision/api/internal/platform/auth/middleware.go:110.59,111.30 1 0
github.com/convision/api/internal/platform/auth/middleware.go:111.30,113.10 2 0
github.com/convision/api/internal/platform/auth/middleware.go:113.10,116.4 2 0
github.com/convision/api/internal/platform/auth/middleware.go:117.3,118.52 2 0
github.com/convision/api/internal/platform/auth/middleware.go:118.52,121.4 2 0
github.com/convision/api/internal/platform/auth/middleware.go:122.3,122.11 1 0
github.com/convision/api/internal/platform/auth/middleware.go:127.66,128.30 1 0
github.com/convision/api/internal/platform/auth/middleware.go:128.30,130.10 2 0
github.com/convision/api/internal/platform/auth/middleware.go:130.10,133.4 2 0
github.com/convision/api/internal/platform/auth/middleware.go:134.3,135.33 2 0
github.com/convision/api/internal/platform/auth/middleware.go:135.33,136.43 1 0
github.com/convision/api/internal/platform/auth/middleware.go:136.43,139.5 2 0
github.com/convision/api/internal/platform/auth/middleware.go:141.3,141.86 1 0
github.com/convision/api/internal/platform/auth/middleware.go:146.67,147.30 1 0
github.com/convision/api/internal/platform/auth/middleware.go:147.30,149.10 2 0
github.com/convision/api/internal/platform/auth/middleware.go:149.10,152.4 2 0
github.com/convision/api/internal/platform/auth/middleware.go:153.3,154.33 2 0
github.com/convision/api/internal/platform/auth/middleware.go:154.33,155.44 1 0
github.com/convision/api/internal/platform/auth/middleware.go:155.44,158.5 2 0
github.com/convision/api/internal/platform/auth/middleware.go:160.3,160.11 1 0
github.com/convision/api/internal/platform/auth/middleware.go:165.61,167.26 2 0
github.com/convision/api/internal/platform/auth/middleware.go:167.26,169.3 1 0
github.com/convision/api/internal/platform/auth/middleware.go:170.2,170.12 1 0
github.com/convision/api/internal/discount/service.go:21.91,23.2 1 0
github.com/convision/api/internal/discount/service.go:27.49,28.16 1 0
github.com/convision/api/internal/discount/service.go:28.16,30.3 1 0
github.com/convision/api/internal/discount/service.go:31.2,32.29 2 0
github.com/convision/api/internal/discount/service.go:32.29,34.3 1 0
github.com/convision/api/internal/discount/service.go:35.2,35.11 1 0
github.com/convision/api/internal/discount/service.go:38.46,39.14 1 0
github.com/convision/api/internal/discount/service.go:39.14,41.3 1 0
github.com/convision/api/internal/discount/service.go:42.2,42.34 1 0
github.com/convision/api/internal/discount/service.go:42.34,44.3 1 0
github.com/convision/api/internal/discount/service.go:45.2,45.22 1 0
github.com/convision/api/internal/discount/service.go:87.70,90.16 3 0
github.com/convision/api/internal/discount/service.go:90.16,92.3 1 0
github.com/convision/api/internal/discount/service.go:93.2,99.8 1 0
github.com/convision/api/internal/discount/service.go:102.69,104.2 1 0
github.com/convision/api/internal/discount/service.go:106.78,107.51 1 0
github.com/convision/api/internal/discount/service.go:107.51,109.3 1 0
github.com/convision/api/internal/discount/service.go:110.2,110.69 1 0
github.com/convision/api/internal/discount/service.go:110.69,112.3 1 0
github.com/convision/api/internal/discount/service.go:114.2,114.59 1 0
github.com/convision/api/internal/discount/service.go:114.59,116.3 1 0
github.com/convision/api/internal/discount/service.go:118.2,119.50 2 0
github.com/convision/api/internal/discount/service.go:119.50,125.24 5 0
github.com/convision/api/internal/discount/service.go:125.24,129.29 4 0
github.com/convision/api/internal/discount/service.go:129.29,131.5 1 0
github.com/convision/api/internal/discount/service.go:132.4,133.27 2 0
github.com/convision/api/internal/discount/service.go:133.27,135.5 1 0
github.com/convision/api/internal/discount/service.go:138.3,153.46 2 0
github.com/convision/api/internal/discount/service.go:153.46,155.4 1 0
github.com/convision/api/internal/discount/service.go:156.3,157.17 2 0
github.com/convision/api/internal/discount/service.go:157.17,159.4 1 0
github.com/convision/api/internal/discount/service.go:160.3,161.13 2 0
github.com/convision/api/internal/discount/service.go:163.2,163.16 1 0
github.com/convision/api/internal/discount/service.go:163.16,165.3 1 0
github.com/convision/api/internal/discount/service.go:166.2,166.20 1 0
github.com/convision/api/internal/discount/service.go:169.126,170.51 1 0
github.com/convision/api/internal/discount/service.go:170.51,172.3 1 0
github.com/convision/api/internal/discount/service.go:173.2,173.69 1 0
github.com/convision/api/internal/discount/service.go:173.69,175.3 1 0
github.com/convision/api/internal/discount/service.go:177.2,178.50 2 0
github.com/convision/api/internal/discount/service.go:178.50,180.17 2 0
github.com/convision/api/internal/discount/service.go:180.17,182.4 1 0
github.com/convision/api/internal/discount/service.go:184.3,184.37 1 0
github.com/convision/api/internal/discount/service.go:184.37,185.28 1 0
github.com/convision/api/internal/discount/service.go:185.28,187.5 1 0
github.com/convision/api/internal/discount/service.go:188.4,188.55 1 0
github.com/convision/api/internal/discount/service.go:188.55,190.5 1 0
github.com/convision/api/internal/discount/service.go:193.3,204.57 10 0
github.com/convision/api/internal/discount/service.go:204.57,206.22 2 0
github.com/convision/api/internal/discount/service.go:206.22,209.5 2 0
github.com/convision/api/internal/discount/service.go:210.4,210.66 1 0
github.com/convision/api/internal/discount/service.go:213.3,213.46 1 0
github.com/convision/api/internal/discount/service.go:213.46,215.4 1 0
github.com/convision/api/internal/discount/service.go:216.3,217.13 2 0
github.com/convision/api/internal/discount/service.go:219.2,219.16 1 0
github.com/convision/api/internal/discount/service.go:219.16,221.3 1 0
github.com/convision/api/internal/discount/service.go:222.2,222.20 1 0
github.com/convision/api/internal/discount/service.go:225.41,226.50 1 0
github.com/convision/api/internal/discount/service.go:226.50,227.51 1 0
github.com/convision/api/internal/discount/service.go:227.51,229.4 1 0
github.com/convision/api/internal/discount/service.go:230.3,230.31 1 0
github.com/convision/api/internal/discount/service.go:234.106,236.50 2 0
github.com/convision/api/internal/discount/service.go:236.50,238.17 2 0
github.com/convision/api/internal/discount/service.go:238.17,240.4 1 0
github.com/convision/api/internal/discount/service.go:241.3,241.54 1 0
github.com/convision/api/internal/discount/service.go:241.54,243.4 1 0
github.com/convision/api/internal/discount/service.go:244.3,249.30 6 0
github.com/convision/api/internal/discount/service.go:249.30,251.4 1 0
github.com/convision/api/internal/discount/service.go:253.3,253.46 1 0
github.com/convision/api/internal/discount/service.go:253.46,255.4 1 0
github.com/convision/api/internal/discount/service.go:256.3,257.13 2 0
github.com/convision/api/internal/discount/service.go:259.2,259.16 1 0
github.com/convision/api/internal/discount/service.go:259.16,261.3 1 0
github.com/convision/api/internal/discount/service.go:262.2,262.20 1 0
github.com/convision/api/internal/discount/service.go:265.83,267.50 2 0
github.com/convision/api/internal/discount/service.go:267.50,269.17 2 0
github.com/convision/api/internal/discount/service.go:269.17,271.4 1 0
github.com/convision/api/internal/discount/service.go:272.3,272.54 1 0
github.com/convision/api/internal/discount/service.go:272.54,274.4 1 0
github.com/convision/api/internal/discount/service.go:275.3,278.46 3 0
github.com/convision/api/internal/discount/service.go:278.46,280.4 1 0
github.com/convision/api/internal/discount/service.go:281.3,282.13 2 0
github.com/convision/api/internal/discount/service.go:284.2,284.16 1 0
github.com/convision/api/internal/discount/service.go:284.16,286.3 1 0
github.com/convision/api/internal/discount/service.go:287.2,287.20 1 0
github.com/convision/api/internal/discount/service.go:290.93,291.22 1 0
github.com/convision/api/internal/discount/service.go:291.22,293.3 1 0
github.com/convision/api/internal/discount/service.go:294.2,294.75 1 0
github.com/convision/api/internal/discount/service.go:297.94,299.2 1 0
github.com/convision/api/internal/discount/service.go:303.93,304.19 1 0
github.com/convision/api/internal/discount/service.go:304.19,306.3 1 0
github.com/convision/api/internal/discount/service.go:307.2,308.16 2 0
github.com/convision/api/internal/discount/service.go:308.16,310.32 2 0
github.com/convision/api/internal/discount/service.go:310.32,312.4 1 0
github.com/convision/api/internal/discount/service.go:313.3,313.18 1 0
github.com/convision/api/internal/discount/service.go:315.2,315.18 1 0
github.com/convision/api/internal/auth/service.go:40.12,52.2 1 0
github.com/convision/api/internal/auth/service.go:84.83,85.34 1 0
github.com/convision/api/internal/auth/service.go:85.34,87.3 1 0
github.com/convision/api/internal/auth/service.go:88.2,88.38 1 0
github.com/convision/api/internal/auth/service.go:91.75,93.16 2 0
github.com/convision/api/internal/auth/service.go:93.16,95.3 1 0
github.com/convision/api/internal/auth/service.go:96.2,96.18 1 0
github.com/convision/api/internal/auth/service.go:96.18,98.3 1 0
github.com/convision/api/internal/auth/service.go:99.2,99.103 1 0
github.com/convision/api/internal/auth/service.go:99.103,101.3 1 0
github.com/convision/api/internal/auth/service.go:102.2,109.16 3 0
github.com/convision/api/internal/auth/service.go:109.16,111.3 1 0
github.com/convision/api/internal/auth/service.go:112.2,120.8 1 0
github.com/convision/api/internal/auth/service.go:123.93,125.21 2 0
github.com/convision/api/internal/auth/service.go:125.21,127.3 1 0
github.com/convision/api/internal/auth/service.go:128.2,130.97 2 0
github.com/convision/api/internal/auth/service.go:130.97,132.3 1 0
github.com/convision/api/internal/auth/service.go:134.2,135.16 2 0
github.com/convision/api/internal/auth/service.go:135.16,137.3 1 0
github.com/convision/api/internal/auth/service.go:138.2,138.18 1 0
github.com/convision/api/internal/auth/service.go:138.18,140.3 1 0
github.com/convision/api/internal/auth/service.go:141.2,141.101 1 0
github.com/convision/api/internal/auth/service.go:141.101,144.3 2 0
github.com/convision/api/internal/auth/service.go:145.2,145.67 1 0
github.com/convision/api/internal/auth/service.go:145.67,147.3 1 0
github.com/convision/api/internal/auth/service.go:148.2,150.16 3 0
github.com/convision/api/internal/auth/service.go:150.16,154.3 2 0
github.com/convision/api/internal/auth/service.go:156.2,156.61 1 0
github.com/convision/api/internal/auth/service.go:156.61,157.97 1 0
github.com/convision/api/internal/auth/service.go:157.97,160.34 3 0
github.com/convision/api/internal/auth/service.go:160.34,162.5 1 0
github.com/convision/api/internal/auth/service.go:163.4,164.34 2 0
github.com/convision/api/internal/auth/service.go:164.34,165.35 1 0
github.com/convision/api/internal/auth/service.go:165.35,167.6 1 0
github.com/convision/api/internal/auth/service.go:169.4,169.26 1 0
github.com/convision/api/internal/auth/service.go:173.2,174.16 2 0
github.com/convision/api/internal/auth/service.go:174.16,176.3 1 0
github.com/convision/api/internal/auth/service.go:177.2,188.8 2 0
github.com/convision/api/internal/auth/service.go:191.86,192.45 1 0
github.com/convision/api/internal/auth/service.go:192.45,194.3 1 0
github.com/convision/api/internal/auth/service.go:195.2,196.16 2 0
github.com/convision/api/internal/auth/service.go:196.16,198.3 1 0
github.com/convision/api/internal/auth/service.go:199.2,199.59 1 0
github.com/convision/api/internal/auth/service.go:202.44,204.2 1 0
github.com/convision/api/internal/auth/service.go:206.70,208.2 1 0
github.com/convision/api/internal/auth/service.go:210.124,212.16 2 0
github.com/convision/api/internal/auth/service.go:212.16,214.3 1 0
github.com/convision/api/internal/auth/service.go:216.2,216.67 1 0
github.com/convision/api/internal/auth/service.go:216.67,218.3 1 0
github.com/convision/api/internal/auth/service.go:220.2,220.59 1 0
github.com/convision/api/internal/auth/service.go:220.59,222.3 1 0
github.com/convision/api/internal/auth/service.go:224.2,226.16 3 0
github.com/convision/api/internal/auth/service.go:226.16,228.3 1 0
github.com/convision/api/internal/auth/service.go:231.2,231.57 1 0
github.com/convision/api/internal/auth/service.go:231.57,232.93 1 0
github.com/convision/api/internal/auth/service.go:232.93,235.34 3 0
github.com/convision/api/internal/auth/service.go:235.34,237.5 1 0
github.com/convision/api/internal/auth/service.go:238.4,239.34 2 0
github.com/convision/api/internal/auth/service.go:239.34,240.35 1 0
github.com/convision/api/internal/auth/service.go:240.35,242.6 1 0
github.com/convision/api/internal/auth/service.go:244.4,244.26 1 0
github.com/convision/api/internal/auth/service.go:248.2,249.16 2 0
github.com/convision/api/internal/auth/service.go:249.16,251.3 1 0
github.com/convision/api/internal/auth/service.go:253.2,263.8 2 0
github.com/convision/api/internal/auth/service.go:266.88,267.88 1 0
github.com/convision/api/internal/auth/service.go:267.88,269.3 1 0
github.com/convision/api/internal/auth/service.go:270.2,271.16 2 0
github.com/convision/api/internal/auth/service.go:271.16,274.3 2 0
github.com/convision/api/internal/auth/service.go:275.2,275.24 1 0
github.com/convision/api/internal/auth/service.go:275.24,278.3 2 0
github.com/convision/api/internal/auth/service.go:279.2,279.12 1 0
github.com/convision/api/internal/auth/service.go:282.77,283.39 1 0
github.com/convision/api/internal/auth/service.go:283.39,285.17 2 0
github.com/convision/api/internal/auth/service.go:285.17,288.4 2 0
github.com/convision/api/internal/auth/service.go:289.3,290.17 2 0
github.com/convision/api/internal/auth/service.go:290.17,293.4 2 0
github.com/convision/api/internal/auth/service.go:294.3,295.33 2 0
github.com/convision/api/internal/auth/service.go:295.33,297.4 1 0
github.com/convision/api/internal/auth/service.go:298.3,298.13 1 0
github.com/convision/api/internal/auth/service.go:301.2,302.16 2 0
github.com/convision/api/internal/auth/service.go:302.16,305.3 2 0
github.com/convision/api/internal/auth/service.go:307.2,308.16 2 0
github.com/convision/api/internal/auth/service.go:308.16,311.3 2 0
github.com/convision/api/internal/auth/service.go:313.2,314.32 2 0
github.com/convision/api/internal/auth/service.go:314.32,316.3 1 0
github.com/convision/api/internal/auth/service.go:317.2,317.12 1 0
github.com/convision/api/internal/bulkimport/importer_doctors.go:21.81,23.2 1 0
github.com/convision/api/internal/bulkimport/importer_doctors.go:25.45,25.75 1 0
github.com/convision/api/internal/bulkimport/importer_doctors.go:27.99,31.26 3 0
github.com/convision/api/internal/bulkimport/importer_doctors.go:31.26,35.3 3 0
github.com/convision/api/internal/bulkimport/importer_doctors.go:37.2,38.21 2 0
github.com/convision/api/internal/bulkimport/importer_doctors.go:38.21,42.3 3 0
github.com/convision/api/internal/bulkimport/importer_doctors.go:44.2,45.17 2 0
github.com/convision/api/internal/bulkimport/importer_doctors.go:45.17,49.3 3 0
github.com/convision/api/internal/bulkimport/importer_doctors.go:51.2,51.56 1 0
github.com/convision/api/internal/bulkimport/importer_doctors.go:51.56,55.3 3 0
github.com/convision/api/internal/bulkimport/importer_doctors.go:57.2,59.20 3 0
github.com/convision/api/internal/bulkimport/importer_doctors.go:59.20,61.3 1 0
github.com/convision/api/internal/bulkimport/importer_doctors.go:63.2,74.45 2 0
github.com/convision/api/internal/bulkimport/importer_doctors.go:74.45,83.3 4 0
github.com/convision/api/internal/bulkimport/importer_doctors.go:85.2,86.12 2 0
github.com/convision/api/internal/bulkimport/importer_inventory.go:40.12,49.2 1 0
github.com/convision/api/internal/bulkimport/importer_inventory.go:51.48,51.81 1 0
github.com/convision/api/internal/bulkimport/importer_inventory.go:56.102,58.2 1 0
github.com/convision/api/internal/bulkimport/importer_inventory.go:62.47,69.2 1 0
github.com/convision/api/internal/bulkimport/importer_inventory.go:74.97,85.30 4 0
github.com/convision/api/internal/bulkimport/importer_inventory.go:85.30,86.58 1 0
github.com/convision/api/internal/bulkimport/importer_inventory.go:86.58,88.4 1 0
github.com/convision/api/internal/bulkimport/importer_inventory.go:89.3,89.51 1 0
github.com/convision/api/internal/bulkimport/importer_inventory.go:89.51,90.64 1 0
github.com/convision/api/internal/bulkimport/importer_inventory.go:90.64,92.5 1 0
github.com/convision/api/internal/bulkimport/importer_inventory.go:97.2,97.25 1 0
github.com/convision/api/internal/bulkimport/importer_inventory.go:97.25,99.29 2 0
github.com/convision/api/internal/bulkimport/importer_inventory.go:99.29,101.4 1 0
github.com/convision/api/internal/bulkimport/importer_inventory.go:102.3,104.27 3 0
github.com/convision/api/internal/bulkimport/importer_inventory.go:104.27,107.4 2 0
github.com/convision/api/internal/bulkimport/importer_inventory.go:108.3,111.4 1 0
github.com/convision/api/internal/bulkimport/importer_inventory.go:115.2,115.24 1 0
github.com/convision/api/internal/bulkimport/importer_inventory.go:115.24,117.29 2 0
github.com/convision/api/internal/bulkimport/importer_inventory.go:117.29,119.4 1 0
github.com/convision/api/internal/bulkimport/importer_inventory.go:120.3,122.31 3 0
github.com/convision/api/internal/bulkimport/importer_inventory.go:122.31,124.4 1 0
github.com/convision/api/internal/bulkimport/importer_inventory.go:125.3,128.4 1 0
github.com/convision/api/internal/bulkimport/importer_inventory.go:131.2,131.17 1 0
github.com/convision/api/internal/bulkimport/importer_inventory.go:151.49,151.89 1 0
github.com/convision/api/internal/bulkimport/importer_inventory.go:157.56,159.33 2 0
github.com/convision/api/internal/bulkimport/importer_inventory.go:159.33,161.3 1 0
github.com/convision/api/internal/bulkimport/importer_inventory.go:162.2,163.37 2 0
github.com/convision/api/internal/bulkimport/importer_inventory.go:163.37,165.3 1 0
github.com/convision/api/internal/bulkimport/importer_inventory.go:166.2,167.35 2 0
github.com/convision/api/internal/bulkimport/importer_inventory.go:167.35,169.3 1 0
github.com/convision/api/internal/bulkimport/importer_inventory.go:170.2,175.3 1 0
github.com/convision/api/internal/bulkimport/importer_inventory.go:178.103,182.24 3 0
github.com/convision/api/internal/bulkimport/importer_inventory.go:182.24,186.3 3 0
github.com/convision/api/internal/bulkimport/importer_inventory.go:188.2,190.38 3 0
github.com/convision/api/internal/bulkimport/importer_inventory.go:190.38,194.3 3 0
github.com/convision/api/internal/bulkimport/importer_inventory.go:195.2,199.34 4 0
github.com/convision/api/internal/bulkimport/importer_inventory.go:199.34,203.3 3 0
github.com/convision/api/internal/bulkimport/importer_inventory.go:204.2,207.23 3 0
github.com/convision/api/internal/bulkimport/importer_inventory.go:207.23,209.3 1 0
github.com/convision/api/internal/bulkimport/importer_inventory.go:210.2,214.78 4 0
github.com/convision/api/internal/bulkimport/importer_inventory.go:214.78,216.3 1 0
github.com/convision/api/internal/bulkimport/importer_inventory.go:217.2,217.79 1 0
github.com/convision/api/internal/bulkimport/importer_inventory.go:217.79,219.3 1 0
github.com/convision/api/internal/bulkimport/importer_inventory.go:221.2,227.16 6 0
github.com/convision/api/internal/bulkimport/importer_inventory.go:227.16,231.3 3 0
github.com/convision/api/internal/bulkimport/importer_inventory.go:233.2,234.16 2 0
github.com/convision/api/internal/bulkimport/importer_inventory.go:234.16,238.3 3 0
github.com/convision/api/internal/bulkimport/importer_inventory.go:240.2,241.16 2 0
github.com/convision/api/internal/bulkimport/importer_inventory.go:241.16,245.3 3 0
github.com/convision/api/internal/bulkimport/importer_inventory.go:247.2,247.35 1 0
github.com/convision/api/internal/bulkimport/importer_inventory.go:247.35,249.3 1 0
github.com/convision/api/internal/bulkimport/importer_inventory.go:249.8,251.3 1 0
github.com/convision/api/internal/bulkimport/importer_inventory.go:252.2,252.12 1 0
github.com/convision/api/internal/bulkimport/importer_inventory.go:255.74,256.31 1 0
github.com/convision/api/internal/bulkimport/importer_inventory.go:256.31,258.3 1 0
github.com/convision/api/internal/bulkimport/importer_inventory.go:259.2,259.36 1 0
github.com/convision/api/internal/bulkimport/importer_inventory.go:268.34,269.47 1 0
github.com/convision/api/internal/bulkimport/importer_inventory.go:269.47,271.3 1 0
github.com/convision/api/internal/bulkimport/importer_inventory.go:273.2,278.37 2 0
github.com/convision/api/internal/bulkimport/importer_inventory.go:278.37,281.3 2 0
github.com/convision/api/internal/bulkimport/importer_inventory.go:283.2,294.44 3 0
github.com/convision/api/internal/bulkimport/importer_inventory.go:294.44,299.3 1 0
github.com/convision/api/internal/bulkimport/importer_inventory.go:300.2,300.52 1 0
github.com/convision/api/internal/bulkimport/importer_inventory.go:300.52,302.3 1 0
github.com/convision/api/internal/bulkimport/importer_inventory.go:303.2,308.21 2 0
github.com/convision/api/internal/bulkimport/importer_inventory.go:315.122,316.45 1 0
github.com/convision/api/internal/bulkimport/importer_inventory.go:316.45,318.3 1 0
github.com/convision/api/internal/bulkimport/importer_inventory.go:320.2,326.39 3 0
github.com/convision/api/internal/bulkimport/importer_inventory.go:326.39,329.3 2 0
github.com/convision/api/internal/bulkimport/importer_inventory.go:331.2,343.66 4 0
github.com/convision/api/internal/bulkimport/importer_inventory.go:343.66,346.35 3 0
github.com/convision/api/internal/bulkimport/importer_inventory.go:346.35,353.43 3 0
github.com/convision/api/internal/bulkimport/importer_inventory.go:353.43,356.5 2 0
github.com/convision/api/internal/bulkimport/importer_inventory.go:358.3,358.79 1 0
github.com/convision/api/internal/bulkimport/importer_inventory.go:360.2,368.15 3 0
github.com/convision/api/internal/bulkimport/importer_inventory.go:371.142,381.16 5 0
github.com/convision/api/internal/bulkimport/importer_inventory.go:381.16,383.3 1 0
github.com/convision/api/internal/bulkimport/importer_inventory.go:385.2,387.20 2 0
github.com/convision/api/internal/bulkimport/importer_inventory.go:387.20,391.57 4 0
github.com/convision/api/internal/bulkimport/importer_inventory.go:391.57,393.4 1 0
github.com/convision/api/internal/bulkimport/importer_inventory.go:394.3,404.61 2 0
github.com/convision/api/internal/bulkimport/importer_inventory.go:404.61,407.4 1 0
github.com/convision/api/internal/bulkimport/importer_inventory.go:408.3,408.20 1 0
github.com/convision/api/internal/bulkimport/importer_inventory.go:411.2,419.52 2 0
github.com/convision/api/internal/bulkimport/importer_inventory.go:419.52,421.3 1 0
github.com/convision/api/internal/bulkimport/importer_inventory.go:422.2,432.60 2 0
github.com/convision/api/internal/bulkimport/importer_inventory.go:432.60,435.3 1 0
github.com/convision/api/internal/bulkimport/importer_inventory.go:436.2,436.18 1 0
github.com/convision/api/internal/bulkimport/importer_inventory.go:443.95,444.16 1 0
github.com/convision/api/internal/bulkimport/importer_inventory.go:444.16,446.3 1 0
github.com/convision/api/internal/bulkimport/importer_inventory.go:447.2,447.38 1 0
github.com/convision/api/internal/bulkimport/importer_inventory.go:447.38,449.3 1 0
github.com/convision/api/internal/bulkimport/importer_inventory.go:451.2,452.16 2 0
github.com/convision/api/internal/bulkimport/importer_inventory.go:452.16,456.3 3 0
github.com/convision/api/internal/bulkimport/importer_inventory.go:458.2,461.69 4 0
github.com/convision/api/internal/bulkimport/importer_inventory.go:461.69,464.35 3 0
github.com/convision/api/internal/bulkimport/importer_inventory.go:464.35,465.64 1 0
github.com/convision/api/internal/bulkimport/importer_inventory.go:465.64,469.5 3 0
github.com/convision/api/internal/bulkimport/importer_inventory.go:471.3,473.13 2 0
github.com/convision/api/internal/bulkimport/importer_inventory.go:475.2,481.21 2 0
github.com/convision/api/internal/bulkimport/importer_inventory.go:486.40,487.16 1 0
github.com/convision/api/internal/bulkimport/importer_inventory.go:487.16,489.3 1 0
github.com/convision/api/internal/bulkimport/importer_inventory.go:490.2,491.81 2 0
github.com/convision/api/internal/bulkimport/importer_lenses.go:43.12,55.2 1 0
github.com/convision/api/internal/bulkimport/importer_lenses.go:57.43,57.71 1 0
github.com/convision/api/internal/bulkimport/importer_lenses.go:59.97,63.24 3 0
github.com/convision/api/internal/bulkimport/importer_lenses.go:63.24,67.3 3 0
github.com/convision/api/internal/bulkimport/importer_lenses.go:70.2,75.37 2 0
github.com/convision/api/internal/bulkimport/importer_lenses.go:75.37,79.3 3 0
github.com/convision/api/internal/bulkimport/importer_lenses.go:81.2,82.20 2 0
github.com/convision/api/internal/bulkimport/importer_lenses.go:82.20,86.3 3 0
github.com/convision/api/internal/bulkimport/importer_lenses.go:87.2,88.16 2 0
github.com/convision/api/internal/bulkimport/importer_lenses.go:88.16,92.3 3 0
github.com/convision/api/internal/bulkimport/importer_lenses.go:94.2,104.64 2 0
github.com/convision/api/internal/bulkimport/importer_lenses.go:104.64,105.51 1 0
github.com/convision/api/internal/bulkimport/importer_lenses.go:105.51,107.4 1 0
github.com/convision/api/internal/bulkimport/importer_lenses.go:110.2,127.52 9 0
github.com/convision/api/internal/bulkimport/importer_lenses.go:127.52,136.3 4 0
github.com/convision/api/internal/bulkimport/importer_lenses.go:138.2,139.12 2 0
github.com/convision/api/internal/bulkimport/importer_lenses.go:142.92,143.16 1 0
github.com/convision/api/internal/bulkimport/importer_lenses.go:143.16,145.3 1 0
github.com/convision/api/internal/bulkimport/importer_lenses.go:146.2,147.16 2 0
github.com/convision/api/internal/bulkimport/importer_lenses.go:147.16,150.3 2 0
github.com/convision/api/internal/bulkimport/importer_lenses.go:151.2,152.60 2 0
github.com/convision/api/internal/bulkimport/importer_lenses.go:152.60,156.3 2 0
github.com/convision/api/internal/bulkimport/importer_lenses.go:157.2,158.12 2 0
github.com/convision/api/internal/bulkimport/importer_lenses.go:161.89,162.16 1 0
github.com/convision/api/internal/bulkimport/importer_lenses.go:162.16,164.3 1 0
github.com/convision/api/internal/bulkimport/importer_lenses.go:165.2,166.16 2 0
github.com/convision/api/internal/bulkimport/importer_lenses.go:166.16,169.3 2 0
github.com/convision/api/internal/bulkimport/importer_lenses.go:170.2,171.57 2 0
github.com/convision/api/internal/bulkimport/importer_lenses.go:171.57,175.3 2 0
github.com/convision/api/internal/bulkimport/importer_lenses.go:176.2,177.12 2 0
github.com/convision/api/internal/bulkimport/importer_lenses.go:180.92,181.16 1 0
github.com/convision/api/internal/bulkimport/importer_lenses.go:181.16,183.3 1 0
github.com/convision/api/internal/bulkimport/importer_lenses.go:184.2,185.16 2 0
github.com/convision/api/internal/bulkimport/importer_lenses.go:185.16,188.3 2 0
github.com/convision/api/internal/bulkimport/importer_lenses.go:189.2,190.60 2 0
github.com/convision/api/internal/bulkimport/importer_lenses.go:190.60,194.3 2 0
github.com/convision/api/internal/bulkimport/importer_lenses.go:195.2,196.12 2 0
github.com/convision/api/internal/bulkimport/importer_lenses.go:199.93,200.16 1 0
github.com/convision/api/internal/bulkimport/importer_lenses.go:200.16,202.3 1 0
github.com/convision/api/internal/bulkimport/importer_lenses.go:203.2,204.16 2 0
github.com/convision/api/internal/bulkimport/importer_lenses.go:204.16,207.3 2 0
github.com/convision/api/internal/bulkimport/importer_lenses.go:208.2,209.61 2 0
github.com/convision/api/internal/bulkimport/importer_lenses.go:209.61,213.3 2 0
github.com/convision/api/internal/bulkimport/importer_lenses.go:214.2,215.12 2 0
github.com/convision/api/internal/bulkimport/importer_lenses.go:218.93,219.16 1 0
github.com/convision/api/internal/bulkimport/importer_lenses.go:219.16,221.3 1 0
github.com/convision/api/internal/bulkimport/importer_lenses.go:222.2,223.16 2 0
github.com/convision/api/internal/bulkimport/importer_lenses.go:223.16,226.3 2 0
github.com/convision/api/internal/bulkimport/importer_lenses.go:227.2,228.61 2 0
github.com/convision/api/internal/bulkimport/importer_lenses.go:228.61,232.3 2 0
github.com/convision/api/internal/bulkimport/importer_lenses.go:233.2,234.12 2 0
github.com/convision/api/internal/bulkimport/importer_lenses.go:237.96,238.16 1 0
github.com/convision/api/internal/bulkimport/importer_lenses.go:238.16,240.3 1 0
github.com/convision/api/internal/bulkimport/importer_lenses.go:241.2,242.16 2 0
github.com/convision/api/internal/bulkimport/importer_lenses.go:242.16,245.3 2 0
github.com/convision/api/internal/bulkimport/importer_lenses.go:246.2,247.64 2 0
github.com/convision/api/internal/bulkimport/importer_lenses.go:247.64,251.3 2 0
github.com/convision/api/internal/bulkimport/importer_lenses.go:252.2,253.12 2 0
github.com/convision/api/internal/bulkimport/importer_lenses.go:256.92,257.16 1 0
github.com/convision/api/internal/bulkimport/importer_lenses.go:257.16,259.3 1 0
github.com/convision/api/internal/bulkimport/importer_lenses.go:260.2,264.38 2 0
github.com/convision/api/internal/bulkimport/importer_lenses.go:264.38,267.3 2 0
github.com/convision/api/internal/bulkimport/importer_lenses.go:268.2,269.60 2 0
github.com/convision/api/internal/bulkimport/importer_lenses.go:269.60,273.3 2 0
github.com/convision/api/internal/bulkimport/importer_lenses.go:274.2,275.12 2 0
github.com/convision/api/internal/bulkimport/importer_lenses.go:280.44,284.2 3 0
github.com/convision/api/internal/bulkimport/importer_patients.go:21.85,23.2 1 0
github.com/convision/api/internal/bulkimport/importer_patients.go:25.46,25.77 1 0
github.com/convision/api/internal/bulkimport/importer_patients.go:27.100,31.26 3 0
github.com/convision/api/internal/bulkimport/importer_patients.go:31.26,35.3 3 0
github.com/convision/api/internal/bulkimport/importer_patients.go:37.2,38.20 2 0
github.com/convision/api/internal/bulkimport/importer_patients.go:38.20,42.3 3 0
github.com/convision/api/internal/bulkimport/importer_patients.go:44.2,44.74 1 0
github.com/convision/api/internal/bulkimport/importer_patients.go:44.74,48.3 3 0
github.com/convision/api/internal/bulkimport/importer_patients.go:50.2,60.66 3 0
github.com/convision/api/internal/bulkimport/importer_patients.go:60.66,61.36 1 0
github.com/convision/api/internal/bulkimport/importer_patients.go:61.36,63.4 1 0
github.com/convision/api/internal/bulkimport/importer_patients.go:66.2,66.45 1 0
github.com/convision/api/internal/bulkimport/importer_patients.go:66.45,75.3 4 0
github.com/convision/api/internal/bulkimport/importer_patients.go:77.2,78.12 2 0
github.com/convision/api/internal/bulkimport/importer_promotions.go:93.45,94.47 1 0
github.com/convision/api/internal/bulkimport/importer_promotions.go:95.10,96.13 1 0
github.com/convision/api/internal/bulkimport/importer_promotions.go:97.55,98.14 1 0
github.com/convision/api/internal/bulkimport/importer_promotions.go:99.10,100.15 1 0
github.com/convision/api/internal/bulkimport/importer_promotions.go:116.12,123.2 1 0
github.com/convision/api/internal/bulkimport/importer_promotions.go:125.48,125.81 1 0
github.com/convision/api/internal/bulkimport/importer_promotions.go:127.102,131.16 3 0
github.com/convision/api/internal/bulkimport/importer_promotions.go:131.16,135.3 3 0
github.com/convision/api/internal/bulkimport/importer_promotions.go:137.2,139.9 3 0
github.com/convision/api/internal/bulkimport/importer_promotions.go:139.9,143.3 3 0
github.com/convision/api/internal/bulkimport/importer_promotions.go:146.2,150.16 2 0
github.com/convision/api/internal/bulkimport/importer_promotions.go:150.16,151.30 1 0
github.com/convision/api/internal/bulkimport/importer_promotions.go:151.30,152.58 1 0
github.com/convision/api/internal/bulkimport/importer_promotions.go:152.58,156.5 3 0
github.com/convision/api/internal/bulkimport/importer_promotions.go:160.2,169.66 4 0
github.com/convision/api/internal/bulkimport/importer_promotions.go:169.66,171.17 2 0
github.com/convision/api/internal/bulkimport/importer_promotions.go:171.17,175.4 3 0
github.com/convision/api/internal/bulkimport/importer_promotions.go:176.3,176.34 1 0
github.com/convision/api/internal/bulkimport/importer_promotions.go:178.2,178.61 1 0
github.com/convision/api/internal/bulkimport/importer_promotions.go:178.61,180.17 2 0
github.com/convision/api/internal/bulkimport/importer_promotions.go:180.17,184.4 3 0
github.com/convision/api/internal/bulkimport/importer_promotions.go:185.3,185.30 1 0
github.com/convision/api/internal/bulkimport/importer_promotions.go:187.2,187.59 1 0
github.com/convision/api/internal/bulkimport/importer_promotions.go:187.59,189.17 2 0
github.com/convision/api/internal/bulkimport/importer_promotions.go:189.17,193.4 3 0
github.com/convision/api/internal/bulkimport/importer_promotions.go:194.3,194.28 1 0
github.com/convision/api/internal/bulkimport/importer_promotions.go:196.2,196.61 1 0
github.com/convision/api/internal/bulkimport/importer_promotions.go:196.61,198.17 2 0
github.com/convision/api/internal/bulkimport/importer_promotions.go:198.17,202.4 3 0
github.com/convision/api/internal/bulkimport/importer_promotions.go:203.3,203.25 1 0
github.com/convision/api/internal/bulkimport/importer_promotions.go:205.2,205.56 1 0
github.com/convision/api/internal/bulkimport/importer_promotions.go:205.56,207.17 2 0
github.com/convision/api/internal/bulkimport/importer_promotions.go:207.17,211.4 3 0
github.com/convision/api/internal/bulkimport/importer_promotions.go:212.3,212.21 1 0
github.com/convision/api/internal/bulkimport/importer_promotions.go:216.2,217.20 2 0
github.com/convision/api/internal/bulkimport/importer_promotions.go:217.20,221.3 3 0
github.com/convision/api/internal/bulkimport/importer_promotions.go:222.2,228.51 5 0
github.com/convision/api/internal/bulkimport/importer_promotions.go:228.51,230.20 2 0
github.com/convision/api/internal/bulkimport/importer_promotions.go:230.20,234.4 3 0
github.com/convision/api/internal/bulkimport/importer_promotions.go:235.3,238.49 4 0
github.com/convision/api/internal/bulkimport/importer_promotions.go:242.2,242.58 1 0
github.com/convision/api/internal/bulkimport/importer_promotions.go:242.58,244.15 2 0
github.com/convision/api/internal/bulkimport/importer_promotions.go:244.15,248.4 3 0
github.com/convision/api/internal/bulkimport/importer_promotions.go:249.3,249.22 1 0
github.com/convision/api/internal/bulkimport/importer_promotions.go:251.2,251.55 1 0
github.com/convision/api/internal/bulkimport/importer_promotions.go:251.55,253.15 2 0
github.com/convision/api/internal/bulkimport/importer_promotions.go:253.15,257.4 3 0
github.com/convision/api/internal/bulkimport/importer_promotions.go:258.3,259.23 2 0
github.com/convision/api/internal/bulkimport/importer_promotions.go:264.2,265.16 2 0
github.com/convision/api/internal/bulkimport/importer_promotions.go:265.16,269.3 3 0
github.com/convision/api/internal/bulkimport/importer_promotions.go:271.2,271.58 1 0
github.com/convision/api/internal/bulkimport/importer_promotions.go:271.58,280.3 4 0
github.com/convision/api/internal/bulkimport/importer_promotions.go:282.2,283.12 2 0
github.com/convision/api/internal/bulkimport/importer_promotions.go:296.152,300.15 3 0
github.com/convision/api/internal/bulkimport/importer_promotions.go:300.15,302.3 1 0
github.com/convision/api/internal/bulkimport/importer_promotions.go:303.2,304.9 2 0
github.com/convision/api/internal/bulkimport/importer_promotions.go:304.9,306.3 1 0
github.com/convision/api/internal/bulkimport/importer_promotions.go:307.2,309.15 2 0
github.com/convision/api/internal/bulkimport/importer_promotions.go:310.37,312.17 2 0
github.com/convision/api/internal/bulkimport/importer_promotions.go:312.17,314.4 1 0
github.com/convision/api/internal/bulkimport/importer_promotions.go:315.3,316.17 2 0
github.com/convision/api/internal/bulkimport/importer_promotions.go:316.17,318.4 1 0
github.com/convision/api/internal/bulkimport/importer_promotions.go:319.3,319.26 1 0
github.com/convision/api/internal/bulkimport/importer_promotions.go:319.26,320.58 1 0
github.com/convision/api/internal/bulkimport/importer_promotions.go:320.58,324.5 3 0
github.com/convision/api/internal/bulkimport/importer_promotions.go:326.3,326.64 1 0
github.com/convision/api/internal/bulkimport/importer_promotions.go:328.34,330.17 2 0
github.com/convision/api/internal/bulkimport/importer_promotions.go:330.17,332.4 1 0
github.com/convision/api/internal/bulkimport/importer_promotions.go:333.3,334.29 2 0
github.com/convision/api/internal/bulkimport/importer_promotions.go:334.29,336.4 1 0
github.com/convision/api/internal/bulkimport/importer_promotions.go:337.3,339.17 3 0
github.com/convision/api/internal/bulkimport/importer_promotions.go:341.40,343.16 2 0
github.com/convision/api/internal/bulkimport/importer_promotions.go:343.16,345.4 1 0
github.com/convision/api/internal/bulkimport/importer_promotions.go:346.3,347.10 2 0
github.com/convision/api/internal/bulkimport/importer_promotions.go:347.10,349.4 1 0
github.com/convision/api/internal/bulkimport/importer_promotions.go:350.3,351.17 2 0
github.com/convision/api/internal/bulkimport/importer_promotions.go:353.2,353.16 1 0
github.com/convision/api/internal/bulkimport/importer_scheduled_appointments.go:32.12,39.2 1 0
github.com/convision/api/internal/bulkimport/importer_scheduled_appointments.go:41.60,41.99 1 0
github.com/convision/api/internal/bulkimport/importer_scheduled_appointments.go:43.114,47.28 3 0
github.com/convision/api/internal/bulkimport/importer_scheduled_appointments.go:47.28,51.3 3 0
github.com/convision/api/internal/bulkimport/importer_scheduled_appointments.go:53.2,54.26 2 0
github.com/convision/api/internal/bulkimport/importer_scheduled_appointments.go:54.26,58.3 3 0
github.com/convision/api/internal/bulkimport/importer_scheduled_appointments.go:60.2,61.16 2 0
github.com/convision/api/internal/bulkimport/importer_scheduled_appointments.go:61.16,65.3 3 0
github.com/convision/api/internal/bulkimport/importer_scheduled_appointments.go:67.2,71.26 4 0
github.com/convision/api/internal/bulkimport/importer_scheduled_appointments.go:71.26,75.3 3 0
github.com/convision/api/internal/bulkimport/importer_scheduled_appointments.go:77.2,85.59 2 0
github.com/convision/api/internal/bulkimport/importer_scheduled_appointments.go:85.59,94.3 4 0
github.com/convision/api/internal/bulkimport/importer_scheduled_appointments.go:96.2,97.12 2 0
github.com/convision/api/internal/bulkimport/importer_scheduled_appointments.go:100.158,101.81 1 0
github.com/convision/api/internal/bulkimport/importer_scheduled_appointments.go:101.81,103.3 1 0
github.com/convision/api/internal/bulkimport/importer_scheduled_appointments.go:105.2,115.66 3 0
github.com/convision/api/internal/bulkimport/importer_scheduled_appointments.go:115.66,116.36 1 0
github.com/convision/api/internal/bulkimport/importer_scheduled_appointments.go:116.36,118.4 1 0
github.com/convision/api/internal/bulkimport/importer_scheduled_appointments.go:121.2,121.52 1 0
github.com/convision/api/internal/bulkimport/importer_scheduled_appointments.go:121.52,123.3 1 0
github.com/convision/api/internal/bulkimport/importer_scheduled_appointments.go:124.2,124.15 1 0
github.com/convision/api/internal/bulkimport/importer_scheduled_appointments.go:129.38,131.2 1 0
github.com/convision/api/internal/bulkimport/importer_scheduled_appointments.go:133.119,136.29 2 0
github.com/convision/api/internal/bulkimport/importer_scheduled_appointments.go:136.29,138.3 1 0
github.com/convision/api/internal/bulkimport/importer_scheduled_appointments.go:139.2,141.16 3 0
github.com/convision/api/internal/bulkimport/importer_scheduled_appointments.go:141.16,145.3 2 0
github.com/convision/api/internal/bulkimport/importer_scheduled_appointments.go:146.2,147.12 2 0
github.com/convision/api/internal/bulkimport/importer_scheduled_appointments.go:150.121,152.15 2 0
github.com/convision/api/internal/bulkimport/importer_scheduled_appointments.go:152.15,154.3 1 0
github.com/convision/api/internal/bulkimport/importer_scheduled_appointments.go:155.2,157.16 3 0
github.com/convision/api/internal/bulkimport/importer_scheduled_appointments.go:157.16,161.3 2 0
github.com/convision/api/internal/bulkimport/importer_scheduled_appointments.go:162.2,163.12 2 0
github.com/convision/api/internal/bulkimport/importer_scheduled_appointments.go:172.25,178.34 3 0
github.com/convision/api/internal/bulkimport/importer_scheduled_appointments.go:178.34,180.3 1 0
github.com/convision/api/internal/bulkimport/importer_scheduled_appointments.go:182.2,193.49 3 0
github.com/convision/api/internal/bulkimport/importer_scheduled_appointments.go:193.49,196.37 2 0
github.com/convision/api/internal/bulkimport/importer_scheduled_appointments.go:196.37,198.4 1 0
github.com/convision/api/internal/bulkimport/importer_scheduled_appointments.go:199.3,199.53 1 0
github.com/convision/api/internal/bulkimport/importer_scheduled_appointments.go:201.2,201.15 1 0
github.com/convision/api/internal/bulkimport/importer_staff_users.go:32.124,34.2 1 0
github.com/convision/api/internal/bulkimport/importer_staff_users.go:36.48,36.81 1 0
github.com/convision/api/internal/bulkimport/importer_staff_users.go:38.102,42.17 3 0
github.com/convision/api/internal/bulkimport/importer_staff_users.go:42.17,46.3 3 0
github.com/convision/api/internal/bulkimport/importer_staff_users.go:47.2,50.20 3 0
github.com/convision/api/internal/bulkimport/importer_staff_users.go:50.20,54.3 3 0
github.com/convision/api/internal/bulkimport/importer_staff_users.go:56.2,58.9 3 0
github.com/convision/api/internal/bulkimport/importer_staff_users.go:58.9,62.3 3 0
github.com/convision/api/internal/bulkimport/importer_staff_users.go:64.2,65.22 2 0
github.com/convision/api/internal/bulkimport/importer_staff_users.go:65.22,69.3 3 0
github.com/convision/api/internal/bulkimport/importer_staff_users.go:72.2,72.78 1 0
github.com/convision/api/internal/bulkimport/importer_staff_users.go:72.78,76.3 3 0
github.com/convision/api/internal/bulkimport/importer_staff_users.go:79.2,79.69 1 0
github.com/convision/api/internal/bulkimport/importer_staff_users.go:79.69,83.3 3 0
github.com/convision/api/internal/bulkimport/importer_staff_users.go:85.2,88.16 3 0
github.com/convision/api/internal/bulkimport/importer_staff_users.go:88.16,90.33 2 0
github.com/convision/api/internal/bulkimport/importer_staff_users.go:90.33,99.4 4 0
github.com/convision/api/internal/bulkimport/importer_staff_users.go:100.3,101.57 2 0
github.com/convision/api/internal/bulkimport/importer_staff_users.go:101.57,110.4 4 0
github.com/convision/api/internal/bulkimport/importer_staff_users.go:113.2,114.16 2 0
github.com/convision/api/internal/bulkimport/importer_staff_users.go:114.16,118.3 3 0
github.com/convision/api/internal/bulkimport/importer_staff_users.go:120.2,131.49 2 0
github.com/convision/api/internal/bulkimport/importer_staff_users.go:131.49,140.3 4 0
github.com/convision/api/internal/bulkimport/importer_staff_users.go:142.2,143.45 2 0
github.com/convision/api/internal/bulkimport/importer_staff_users.go:143.45,150.3 1 0
github.com/convision/api/internal/bulkimport/importer_staff_users.go:152.2,153.12 2 0
github.com/convision/api/internal/bulkimport/importer_staff_users.go:157.47,159.22 2 0
github.com/convision/api/internal/bulkimport/importer_staff_users.go:159.22,160.48 1 0
github.com/convision/api/internal/bulkimport/importer_staff_users.go:160.48,162.4 1 0
github.com/convision/api/internal/bulkimport/importer_staff_users.go:164.2,164.19 1 0
github.com/convision/api/internal/bulkimport/importer_staff_users.go:169.51,171.20 2 0
github.com/convision/api/internal/bulkimport/importer_staff_users.go:172.9,173.18 1 0
github.com/convision/api/internal/bulkimport/importer_staff_users.go:174.9,175.22 1 0
github.com/convision/api/internal/bulkimport/importer_staff_users.go:176.9,177.28 1 0
github.com/convision/api/internal/bulkimport/importer_staff_users.go:178.9,179.48 1 0
github.com/convision/api/internal/bulkimport/importer_staff_users.go:180.10,182.72 2 0
github.com/convision/api/internal/bulkimport/service.go:99.12,113.2 1 0
github.com/convision/api/internal/bulkimport/service.go:119.136,121.9 2 0
github.com/convision/api/internal/bulkimport/service.go:121.9,123.3 1 0
github.com/convision/api/internal/bulkimport/service.go:125.2,126.16 2 0
github.com/convision/api/internal/bulkimport/service.go:126.16,128.3 1 0
github.com/convision/api/internal/bulkimport/service.go:129.2,132.16 3 0
github.com/convision/api/internal/bulkimport/service.go:132.16,134.3 1 0
github.com/convision/api/internal/bulkimport/service.go:135.2,138.22 3 0
github.com/convision/api/internal/bulkimport/service.go:138.22,140.3 1 0
github.com/convision/api/internal/bulkimport/service.go:142.2,143.16 2 0
github.com/convision/api/internal/bulkimport/service.go:143.16,145.3 1 0
github.com/convision/api/internal/bulkimport/service.go:146.2,146.19 1 0
github.com/convision/api/internal/bulkimport/service.go:146.19,148.3 1 0
github.com/convision/api/internal/bulkimport/service.go:150.2,155.31 4 0
github.com/convision/api/internal/bulkimport/service.go:155.31,157.3 1 0
github.com/convision/api/internal/bulkimport/service.go:159.2,163.74 2 0
github.com/convision/api/internal/bulkimport/service.go:163.74,164.43 1 0
github.com/convision/api/internal/bulkimport/service.go:164.43,166.4 1 0
github.com/convision/api/internal/bulkimport/service.go:170.2,171.41 2 0
github.com/convision/api/internal/bulkimport/service.go:171.41,173.3 1 0
github.com/convision/api/internal/bulkimport/service.go:175.2,175.37 1 0
github.com/convision/api/internal/bulkimport/service.go:175.37,181.38 5 0
github.com/convision/api/internal/bulkimport/service.go:181.38,183.4 1 0
github.com/convision/api/internal/bulkimport/service.go:183.9,185.4 1 0
github.com/convision/api/internal/bulkimport/service.go:187.3,188.21 2 0
github.com/convision/api/internal/bulkimport/service.go:189.28,190.20 1 0
github.com/convision/api/internal/bulkimport/service.go:191.28,192.20 1 0
github.com/convision/api/internal/bulkimport/service.go:193.28,194.20 1 0
github.com/convision/api/internal/bulkimport/service.go:195.26,196.19 1 0
github.com/convision/api/internal/bulkimport/service.go:200.2,208.20 2 0
github.com/convision/api/internal/bulkimport/service.go:232.26,236.16 2 0
github.com/convision/api/internal/bulkimport/service.go:236.16,238.3 1 0
github.com/convision/api/internal/bulkimport/service.go:239.2,240.9 2 0
github.com/convision/api/internal/bulkimport/service.go:240.9,242.3 1 0
github.com/convision/api/internal/bulkimport/service.go:245.2,249.35 4 0
github.com/convision/api/internal/bulkimport/service.go:249.35,251.13 2 0
github.com/convision/api/internal/bulkimport/service.go:251.13,255.18 3 0
github.com/convision/api/internal/bulkimport/service.go:255.18,259.5 2 0
github.com/convision/api/internal/bulkimport/service.go:260.4,263.23 3 0
github.com/convision/api/internal/bulkimport/service.go:263.23,266.5 2 0
github.com/convision/api/internal/bulkimport/service.go:270.4,273.24 3 0
github.com/convision/api/internal/bulkimport/service.go:273.24,277.40 4 0
github.com/convision/api/internal/bulkimport/service.go:277.40,279.6 1 0
github.com/convision/api/internal/bulkimport/service.go:279.11,281.6 1 0
github.com/convision/api/internal/bulkimport/service.go:282.5,282.69 1 0
github.com/convision/api/internal/bulkimport/service.go:285.4,285.44 1 0
github.com/convision/api/internal/bulkimport/service.go:285.44,287.36 2 0
github.com/convision/api/internal/bulkimport/service.go:287.36,288.43 1 0
github.com/convision/api/internal/bulkimport/service.go:288.43,291.7 2 0
github.com/convision/api/internal/bulkimport/service.go:292.6,292.18 1 0
github.com/convision/api/internal/bulkimport/service.go:294.5,294.11 1 0
github.com/convision/api/internal/bulkimport/service.go:297.4,297.35 1 0
github.com/convision/api/internal/bulkimport/service.go:297.35,299.5 1 0
github.com/convision/api/internal/bulkimport/service.go:304.2,304.37 1 0
github.com/convision/api/internal/bulkimport/service.go:304.37,306.3 1 0
github.com/convision/api/internal/bulkimport/service.go:307.2,310.12 2 0
github.com/convision/api/internal/bulkimport/service.go:310.12,313.3 2 0
github.com/convision/api/internal/bulkimport/service.go:316.2,317.25 2 0
github.com/convision/api/internal/bulkimport/service.go:317.25,319.3 1 0
github.com/convision/api/internal/bulkimport/service.go:320.2,320.44 1 0
[...]
github.com/convision/api/internal/transport/http/v1/lab_order_pdf.go:261.47,262.16 1 0
github.com/convision/api/internal/transport/http/v1/lab_order_pdf.go:262.16,264.4 1 0
github.com/convision/api/internal/transport/http/v1/lab_order_pdf.go:265.3,270.4 1 0
github.com/convision/api/internal/transport/http/v1/lab_order_pdf.go:273.2,279.4 1 0
github.com/convision/api/internal/transport/http/v1/lab_order_pdf.go:279.4,281.16 2 0
github.com/convision/api/internal/transport/http/v1/lab_order_pdf.go:281.16,283.4 1 0
github.com/convision/api/internal/transport/http/v1/lab_order_pdf.go:284.3,294.29 11 0
github.com/convision/api/internal/transport/http/v1/lab_order_pdf.go:294.29,300.4 5 0
github.com/convision/api/internal/transport/http/v1/lab_order_pdf.go:301.3,301.14 1 0
github.com/convision/api/internal/transport/http/v1/lab_order_pdf.go:301.14,304.4 2 0
github.com/convision/api/internal/transport/http/v1/lab_order_pdf.go:305.3,305.11 1 0
github.com/convision/api/internal/transport/http/v1/lab_order_pdf.go:307.2,344.4 23 0
github.com/convision/api/internal/transport/http/v1/lab_order_pdf.go:344.4,353.3 8 0
github.com/convision/api/internal/transport/http/v1/lab_order_pdf.go:356.2,362.51 6 0
github.com/convision/api/internal/transport/http/v1/lab_order_pdf.go:362.51,364.3 1 0
github.com/convision/api/internal/transport/http/v1/lab_order_pdf.go:365.2,374.15 9 0
github.com/convision/api/internal/transport/http/v1/lab_order_pdf.go:374.15,382.3 1 0
github.com/convision/api/internal/transport/http/v1/lab_order_pdf.go:382.8,390.3 1 0
github.com/convision/api/internal/transport/http/v1/lab_order_pdf.go:392.2,407.33 12 0
github.com/convision/api/internal/transport/http/v1/lab_order_pdf.go:407.33,425.3 17 0
github.com/convision/api/internal/transport/http/v1/lab_order_pdf.go:426.2,438.21 10 0
github.com/convision/api/internal/transport/http/v1/lab_order_pdf.go:438.21,440.3 1 0
github.com/convision/api/internal/transport/http/v1/lab_order_pdf.go:441.2,441.21 1 0
github.com/convision/api/internal/transport/http/v1/lab_order_pdf.go:441.21,443.3 1 0
github.com/convision/api/internal/transport/http/v1/lab_order_pdf.go:444.2,469.4 19 0
github.com/convision/api/internal/transport/http/v1/lab_order_pdf.go:469.4,477.3 7 0
github.com/convision/api/internal/transport/http/v1/lab_order_pdf.go:478.2,489.77 7 0
github.com/convision/api/internal/transport/http/v1/lab_order_pdf.go:489.77,493.3 3 0
github.com/convision/api/internal/transport/http/v1/lab_order_pdf.go:496.2,509.62 12 0
github.com/convision/api/internal/transport/http/v1/lab_order_pdf.go:509.62,510.60 1 0
github.com/convision/api/internal/transport/http/v1/lab_order_pdf.go:510.60,512.41 2 0
github.com/convision/api/internal/transport/http/v1/lab_order_pdf.go:512.41,516.5 3 0
github.com/convision/api/internal/transport/http/v1/lab_order_pdf.go:519.2,531.41 10 0
github.com/convision/api/internal/transport/http/v1/lab_order_pdf.go:531.41,533.3 1 0
github.com/convision/api/internal/transport/http/v1/lab_order_pdf.go:534.2,534.25 1 0
github.com/convision/api/internal/transport/http/v1/routes.go:14.106,18.2 2 0
github.com/convision/api/internal/transport/http/v1/routes.go:18.2,20.3 1 0
github.com/convision/api/internal/transport/http/v1/routes.go:22.2,27.2 4 0
github.com/convision/api/internal/transport/http/v1/routes.go:27.2,29.3 1 0
github.com/convision/api/internal/transport/http/v1/routes.go:32.2,33.2 2 0
github.com/convision/api/internal/transport/http/v1/routes.go:33.2,40.3 6 0
github.com/convision/api/internal/transport/http/v1/routes.go:43.2,44.2 2 0
github.com/convision/api/internal/transport/http/v1/routes.go:44.2,50.3 5 0
github.com/convision/api/internal/transport/http/v1/routes.go:53.2,54.2 2 0
github.com/convision/api/internal/transport/http/v1/routes.go:54.2,59.3 4 0
github.com/convision/api/internal/transport/http/v1/routes.go:62.2,65.2 4 0
github.com/convision/api/internal/transport/http/v1/routes.go:65.2,81.3 14 0
github.com/convision/api/internal/transport/http/v1/routes.go:84.2,87.2 4 0
github.com/convision/api/internal/transport/http/v1/routes.go:87.2,90.3 2 0
github.com/convision/api/internal/transport/http/v1/routes.go:90.3,95.4 4 0
github.com/convision/api/internal/transport/http/v1/routes.go:100.3,101.3 2 0
github.com/convision/api/internal/transport/http/v1/routes.go:101.3,104.4 2 0
github.com/convision/api/internal/transport/http/v1/routes.go:106.3,108.3 3 0
github.com/convision/api/internal/transport/http/v1/routes.go:108.3,112.4 3 0
github.com/convision/api/internal/transport/http/v1/routes.go:115.3,121.3 5 0
github.com/convision/api/internal/transport/http/v1/routes.go:121.3,127.4 5 0
github.com/convision/api/internal/transport/http/v1/routes.go:130.3,132.3 3 0
github.com/convision/api/internal/transport/http/v1/routes.go:132.3,139.4 6 0
github.com/convision/api/internal/transport/http/v1/routes.go:141.3,148.3 4 0
github.com/convision/api/internal/transport/http/v1/routes.go:148.3,152.4 3 0
github.com/convision/api/internal/transport/http/v1/routes.go:154.3,164.3 4 0
github.com/convision/api/internal/transport/http/v1/routes.go:164.3,184.4 9 0
github.com/convision/api/internal/transport/http/v1/routes.go:187.3,188.3 2 0
github.com/convision/api/internal/transport/http/v1/routes.go:188.3,203.4 5 0
github.com/convision/api/internal/transport/http/v1/routes.go:206.3,207.3 2 0
github.com/convision/api/internal/transport/http/v1/routes.go:207.3,277.4 19 0
github.com/convision/api/internal/transport/http/v1/routes.go:281.3,282.3 2 0
github.com/convision/api/internal/transport/http/v1/routes.go:282.3,295.4 3 0
github.com/convision/api/internal/transport/http/v1/routes.go:298.3,299.3 2 0
github.com/convision/api/internal/transport/http/v1/routes.go:299.3,312.4 3 0
github.com/convision/api/internal/transport/http/v1/routes.go:315.3,316.3 2 0
github.com/convision/api/internal/transport/http/v1/routes.go:316.3,322.4 5 0
github.com/convision/api/internal/transport/http/v1/routes.go:324.3,325.3 2 0
github.com/convision/api/internal/transport/http/v1/routes.go:325.3,331.4 5 0
github.com/convision/api/internal/transport/http/v1/routes.go:333.3,334.3 2 0
github.com/convision/api/internal/transport/http/v1/routes.go:334.3,340.4 5 0
github.com/convision/api/internal/transport/http/v1/routes.go:342.3,343.3 2 0
github.com/convision/api/internal/transport/http/v1/routes.go:343.3,349.4 5 0
github.com/convision/api/internal/transport/http/v1/routes.go:351.3,352.3 2 0
github.com/convision/api/internal/transport/http/v1/routes.go:352.3,358.4 5 0
github.com/convision/api/internal/transport/http/v1/routes.go:360.3,361.3 2 0
github.com/convision/api/internal/transport/http/v1/routes.go:361.3,367.4 5 0
github.com/convision/api/internal/transport/http/v1/routes.go:369.3,370.3 2 0
github.com/convision/api/internal/transport/http/v1/routes.go:370.3,376.4 5 0
github.com/convision/api/internal/transport/http/v1/routes.go:379.3,380.3 2 0
github.com/convision/api/internal/transport/http/v1/routes.go:380.3,386.4 5 0
github.com/convision/api/internal/transport/http/v1/routes.go:390.3,391.3 2 0
github.com/convision/api/internal/transport/http/v1/routes.go:391.3,393.4 1 0
github.com/convision/api/internal/transport/http/v1/routes.go:396.3,397.3 2 0
github.com/convision/api/internal/transport/http/v1/routes.go:397.3,405.4 7 0
github.com/convision/api/internal/transport/http/v1/routes.go:408.3,409.3 2 0
github.com/convision/api/internal/transport/http/v1/routes.go:409.3,417.4 7 0
github.com/convision/api/internal/transport/http/v1/routes.go:420.3,421.3 2 0
github.com/convision/api/internal/transport/http/v1/routes.go:421.3,438.4 16 0
github.com/convision/api/internal/transport/http/v1/routes.go:441.3,442.3 2 0
github.com/convision/api/internal/transport/http/v1/routes.go:442.3,444.4 1 0
github.com/convision/api/internal/transport/http/v1/routes.go:447.3,448.3 2 0
github.com/convision/api/internal/transport/http/v1/routes.go:448.3,455.4 6 0
github.com/convision/api/internal/transport/http/v1/routes.go:458.3,459.3 2 0
github.com/convision/api/internal/transport/http/v1/routes.go:459.3,466.4 6 0
github.com/convision/api/internal/transport/http/v1/routes.go:469.3,470.3 2 0
github.com/convision/api/internal/transport/http/v1/routes.go:470.3,476.4 5 0
github.com/convision/api/internal/transport/http/v1/routes.go:479.3,480.3 2 0
github.com/convision/api/internal/transport/http/v1/routes.go:480.3,490.4 9 0
github.com/convision/api/internal/transport/http/v1/routes.go:493.3,494.3 2 0
github.com/convision/api/internal/transport/http/v1/routes.go:494.3,502.4 7 0
github.com/convision/api/internal/transport/http/v1/routes.go:505.3,506.3 2 0
github.com/convision/api/internal/transport/http/v1/routes.go:506.3,520.4 7 0
github.com/convision/api/internal/transport/http/v1/routes.go:523.3,524.3 2 0
github.com/convision/api/internal/transport/http/v1/routes.go:524.3,527.4 2 0
github.com/convision/api/internal/transport/http/v1/routes.go:530.3,537.3 5 0
github.com/convision/api/internal/transport/http/v1/routes.go:537.3,543.4 5 0
github.com/convision/api/internal/transport/http/v1/routes.go:546.3,547.3 2 0
github.com/convision/api/internal/transport/http/v1/routes.go:547.3,572.4 9 0
github.com/convision/api/internal/transport/http/v1/routes.go:575.3,576.3 2 0
github.com/convision/api/internal/transport/http/v1/routes.go:576.3,608.4 12 0
github.com/convision/api/internal/transport/http/v1/routes.go:610.3,622.3 5 0
github.com/convision/api/internal/transport/http/v1/routes.go:622.3,645.4 7 0
github.com/convision/api/internal/transport/http/v1/routes.go:648.3,649.3 2 0
github.com/convision/api/internal/transport/http/v1/routes.go:649.3,664.4 5 0
github.com/convision/api/internal/transport/http/v1/routes.go:667.3,668.3 2 0
github.com/convision/api/internal/transport/http/v1/routes.go:668.3,698.4 11 0
github.com/convision/api/internal/transport/http/v1/routes.go:701.3,702.3 2 0
github.com/convision/api/internal/transport/http/v1/routes.go:702.3,727.4 6 0
github.com/convision/api/internal/transport/http/v1/routes.go:730.3,731.3 2 0
github.com/convision/api/internal/transport/http/v1/routes.go:731.3,737.4 5 0
github.com/convision/api/internal/transport/http/v1/routes.go:740.3,741.3 2 0
github.com/convision/api/internal/transport/http/v1/routes.go:741.3,748.4 6 0
github.com/convision/api/internal/transport/http/v1/routes.go:751.3,752.3 2 0
github.com/convision/api/internal/transport/http/v1/routes.go:752.3,759.4 6 0
github.com/convision/api/internal/transport/http/v1/routes.go:762.3,763.3 2 0
github.com/convision/api/internal/transport/http/v1/routes.go:763.3,765.4 1 0
github.com/convision/api/internal/transport/http/v1/routes.go:768.3,769.3 2 0
github.com/convision/api/internal/transport/http/v1/routes.go:769.3,776.4 6 0
github.com/convision/api/internal/transport/http/v1/routes.go:779.3,780.3 2 0
github.com/convision/api/internal/transport/http/v1/routes.go:780.3,787.4 6 0
github.com/convision/api/internal/transport/http/v1/routes.go:790.3,791.3 2 0
github.com/convision/api/internal/transport/http/v1/routes.go:791.3,800.4 8 0
github.com/convision/api/internal/transport/http/v1/routes.go:803.3,804.3 2 0
github.com/convision/api/internal/transport/http/v1/routes.go:804.3,816.4 11 0
github.com/convision/api/internal/transport/http/v1/routes.go:820.3,829.3 7 0
github.com/convision/api/internal/transport/http/v1/routes.go:829.3,831.4 1 0
github.com/convision/api/internal/transport/http/v1/routes.go:834.3,835.3 2 0
github.com/convision/api/internal/transport/http/v1/routes.go:835.3,844.4 8 0
github.com/convision/api/internal/transport/http/v1/routes.go:849.3,850.3 2 0
github.com/convision/api/internal/transport/http/v1/routes.go:850.3,859.4 8 0
github.com/convision/api/internal/transport/http/v1/routes.go:862.3,863.3 2 0
github.com/convision/api/internal/transport/http/v1/routes.go:863.3,866.4 2 0
github.com/convision/api/internal/transport/http/v1/routes.go:871.3,873.3 3 0
github.com/convision/api/internal/transport/http/v1/routes.go:873.3,883.4 9 0
github.com/convision/api/internal/transport/http/v1/routes.go:886.3,887.3 2 0
github.com/convision/api/internal/transport/http/v1/routes.go:887.3,896.4 8 0
github.com/convision/api/internal/transport/http/v1/routes.go:898.3,899.3 2 0
github.com/convision/api/internal/transport/http/v1/routes.go:899.3,904.4 4 0
github.com/convision/api/internal/transport/http/v1/sale_pdf.go:22.34,24.9 2 0
github.com/convision/api/internal/transport/http/v1/sale_pdf.go:24.9,26.3 1 0
github.com/convision/api/internal/transport/http/v1/sale_pdf.go:27.2,33.13 6 0
github.com/convision/api/internal/transport/http/v1/sale_pdf.go:33.13,35.19 2 0
github.com/convision/api/internal/transport/http/v1/sale_pdf.go:35.19,37.4 1 0
github.com/convision/api/internal/transport/http/v1/sale_pdf.go:39.2,39.35 1 0
github.com/convision/api/internal/transport/http/v1/sale_pdf.go:39.35,41.19 2 0
github.com/convision/api/internal/transport/http/v1/sale_pdf.go:41.19,43.4 1 0
github.com/convision/api/internal/transport/http/v1/sale_pdf.go:45.2,46.16 2 0
github.com/convision/api/internal/transport/http/v1/sale_pdf.go:46.16,48.3 1 0
github.com/convision/api/internal/transport/http/v1/sale_pdf.go:49.2,49.9 1 0
github.com/convision/api/internal/transport/http/v1/sale_pdf.go:49.9,51.3 1 0
github.com/convision/api/internal/transport/http/v1/sale_pdf.go:52.2,52.12 1 0
github.com/convision/api/internal/transport/http/v1/sale_pdf.go:56.47,57.16 1 0
github.com/convision/api/internal/transport/http/v1/sale_pdf.go:58.14,59.18 1 0
github.com/convision/api/internal/transport/http/v1/sale_pdf.go:60.17,61.25 1 0
github.com/convision/api/internal/transport/http/v1/sale_pdf.go:62.10,63.21 1 0
github.com/convision/api/internal/transport/http/v1/sale_pdf.go:69.88,95.27 23 0
github.com/convision/api/internal/transport/http/v1/sale_pdf.go:95.27,95.65 1 0
github.com/convision/api/internal/transport/http/v1/sale_pdf.go:96.2,96.28 1 0
github.com/convision/api/internal/transport/http/v1/sale_pdf.go:96.28,96.66 1 0
github.com/convision/api/internal/transport/http/v1/sale_pdf.go:97.2,97.28 1 0
github.com/convision/api/internal/transport/http/v1/sale_pdf.go:97.28,97.66 1 0
github.com/convision/api/internal/transport/http/v1/sale_pdf.go:99.2,100.25 2 0
github.com/convision/api/internal/transport/http/v1/sale_pdf.go:100.25,104.3 3 0
github.com/convision/api/internal/transport/http/v1/sale_pdf.go:105.2,106.31 2 0
github.com/convision/api/internal/transport/http/v1/sale_pdf.go:106.31,108.3 1 0
github.com/convision/api/internal/transport/http/v1/sale_pdf.go:109.2,137.4 20 0
github.com/convision/api/internal/transport/http/v1/sale_pdf.go:137.4,147.3 9 0
github.com/convision/api/internal/transport/http/v1/sale_pdf.go:149.2,200.27 39 0
github.com/convision/api/internal/transport/http/v1/sale_pdf.go:200.27,210.3 9 0
github.com/convision/api/internal/transport/http/v1/sale_pdf.go:211.2,213.27 3 0
github.com/convision/api/internal/transport/http/v1/sale_pdf.go:213.27,223.3 9 0
github.com/convision/api/internal/transport/http/v1/sale_pdf.go:224.2,252.27 15 0
github.com/convision/api/internal/transport/http/v1/sale_pdf.go:252.27,258.3 5 0
github.com/convision/api/internal/transport/http/v1/sale_pdf.go:259.2,262.32 3 0
github.com/convision/api/internal/transport/http/v1/sale_pdf.go:262.32,264.15 2 0
github.com/convision/api/internal/transport/http/v1/sale_pdf.go:264.15,266.4 1 0
github.com/convision/api/internal/transport/http/v1/sale_pdf.go:267.3,273.17 4 0
github.com/convision/api/internal/transport/http/v1/sale_pdf.go:273.17,275.4 1 0
github.com/convision/api/internal/transport/http/v1/sale_pdf.go:276.3,276.38 1 0
github.com/convision/api/internal/transport/http/v1/sale_pdf.go:276.38,278.37 2 0
github.com/convision/api/internal/transport/http/v1/sale_pdf.go:278.37,280.5 1 0
github.com/convision/api/internal/transport/http/v1/sale_pdf.go:282.3,282.17 1 0
github.com/convision/api/internal/transport/http/v1/sale_pdf.go:282.17,284.4 1 0
github.com/convision/api/internal/transport/http/v1/sale_pdf.go:285.3,285.29 1 0
github.com/convision/api/internal/transport/http/v1/sale_pdf.go:285.29,287.4 1 0
github.com/convision/api/internal/transport/http/v1/sale_pdf.go:288.3,289.22 2 0
github.com/convision/api/internal/transport/http/v1/sale_pdf.go:289.22,291.4 1 0
github.com/convision/api/internal/transport/http/v1/sale_pdf.go:292.3,301.29 3 0
github.com/convision/api/internal/transport/http/v1/sale_pdf.go:301.29,305.15 4 0
github.com/convision/api/internal/transport/http/v1/sale_pdf.go:305.15,308.5 2 0
github.com/convision/api/internal/transport/http/v1/sale_pdf.go:309.4,309.34 1 0
github.com/convision/api/internal/transport/http/v1/sale_pdf.go:309.34,311.5 1 0
github.com/convision/api/internal/transport/http/v1/sale_pdf.go:312.4,315.15 4 0
github.com/convision/api/internal/transport/http/v1/sale_pdf.go:317.3,319.11 3 0
github.com/convision/api/internal/transport/http/v1/sale_pdf.go:321.2,336.23 8 0
github.com/convision/api/internal/transport/http/v1/sale_pdf.go:336.23,338.3 1 0
github.com/convision/api/internal/transport/http/v1/sale_pdf.go:339.2,339.32 1 0
github.com/convision/api/internal/transport/http/v1/sale_pdf.go:339.32,341.26 2 0
github.com/convision/api/internal/transport/http/v1/sale_pdf.go:341.26,343.4 1 0
github.com/convision/api/internal/transport/http/v1/sale_pdf.go:344.3,344.30 1 0
github.com/convision/api/internal/transport/http/v1/sale_pdf.go:344.30,346.4 1 0
github.com/convision/api/internal/transport/http/v1/sale_pdf.go:347.3,347.93 1 0
github.com/convision/api/internal/transport/http/v1/sale_pdf.go:349.2,356.25 7 0
github.com/convision/api/internal/transport/http/v1/sale_pdf.go:356.25,365.3 8 0
github.com/convision/api/internal/transport/http/v1/sale_pdf.go:366.2,384.29 17 0
github.com/convision/api/internal/transport/http/v1/sale_pdf.go:384.29,390.3 5 0
github.com/convision/api/internal/transport/http/v1/sale_pdf.go:391.2,391.34 1 0
github.com/convision/api/internal/transport/http/v1/sale_pdf.go:391.34,393.59 2 0
github.com/convision/api/internal/transport/http/v1/sale_pdf.go:393.59,395.4 1 0
github.com/convision/api/internal/transport/http/v1/sale_pdf.go:396.3,397.49 2 0
github.com/convision/api/internal/transport/http/v1/sale_pdf.go:397.49,399.4 1 0
github.com/convision/api/internal/transport/http/v1/sale_pdf.go:400.3,401.27 2 0
github.com/convision/api/internal/transport/http/v1/sale_pdf.go:401.27,403.4 1 0
github.com/convision/api/internal/transport/http/v1/sale_pdf.go:404.3,411.10 8 0
github.com/convision/api/internal/transport/http/v1/sale_pdf.go:413.2,430.22 18 0
github.com/convision/api/internal/transport/http/v1/sale_pdf.go:430.22,432.3 1 0
github.com/convision/api/internal/transport/http/v1/sale_pdf.go:432.8,434.3 1 0
github.com/convision/api/internal/transport/http/v1/sale_pdf.go:435.2,438.17 3 0
github.com/convision/api/internal/transport/http/v1/sale_pdf.go:438.17,440.3 1 0
github.com/convision/api/internal/transport/http/v1/sale_pdf.go:440.8,442.3 1 0
github.com/convision/api/internal/transport/http/v1/sale_pdf.go:445.2,445.41 1 0
github.com/convision/api/internal/transport/http/v1/sale_pdf.go:445.41,456.3 10 0
github.com/convision/api/internal/transport/http/v1/sale_pdf.go:459.2,459.13 1 0
github.com/convision/api/internal/transport/http/v1/sale_pdf.go:459.13,461.3 1 0
github.com/convision/api/internal/transport/http/v1/sale_pdf.go:462.2,469.77 6 0
github.com/convision/api/internal/transport/http/v1/sale_pdf.go:469.77,473.3 3 0
github.com/convision/api/internal/transport/http/v1/sale_pdf.go:475.2,487.60 12 0
github.com/convision/api/internal/transport/http/v1/sale_pdf.go:487.60,488.60 1 0
github.com/convision/api/internal/transport/http/v1/sale_pdf.go:488.60,494.39 4 0
github.com/convision/api/internal/transport/http/v1/sale_pdf.go:494.39,498.5 3 0
github.com/convision/api/internal/transport/http/v1/sale_pdf.go:501.2,512.41 10 0
github.com/convision/api/internal/transport/http/v1/sale_pdf.go:512.41,514.3 1 0
github.com/convision/api/internal/transport/http/v1/sale_pdf.go:515.2,515.25 1 0
